Starting model: lv_periodic
[ Info: Saved polynomial system to saved_systems/system_2025-07-28T15:49:37.113.jl
┌ Warning: Optimization did not converge. RetCode: MaxIters
└ @ ODEParameterEstimation ~/.julia/dev/ODEParameterEstimation/src/core/homotopy_continuation.jl:172
[ Info: Saved polynomial system to saved_systems/system_2025-07-28T15:49:38.117.jl
Optimization improved residual by 51.04441145364509 (from 51.044446342036146 to 3.4888391058122505e-5)
[ Info: Saved polynomial system to saved_systems/system_2025-07-28T15:49:39.589.jl
Optimization improved residual by 5.3682270251565045 (from 5.368871676055688 to 0.00064465089918389)
[ Info: Saved polynomial system to saved_systems/system_2025-07-28T15:49:40.846.jl
┌ Warning: Optimization did not converge. RetCode: MaxIters
└ @ ODEParameterEstimation ~/.julia/dev/ODEParameterEstimation/src/core/homotopy_continuation.jl:172
[ Info: Saved polynomial system to saved_systems/system_2025-07-28T15:49:41.545.jl
┌ Warning: Optimization did not converge. RetCode: MaxIters
└ @ ODEParameterEstimation ~/.julia/dev/ODEParameterEstimation/src/core/homotopy_continuation.jl:172
[ Info: Saved polynomial system to saved_systems/system_2025-07-28T15:49:42.416.jl
┌ Warning: Optimization did not converge. RetCode: MaxIters
└ @ ODEParameterEstimation ~/.julia/dev/ODEParameterEstimation/src/core/homotopy_continuation.jl:172
[ Info: Saved polynomial system to saved_systems/system_2025-07-28T15:49:43.346.jl
┌ Warning: Optimization did not converge. RetCode: MaxIters
└ @ ODEParameterEstimation ~/.julia/dev/ODEParameterEstimation/src/core/homotopy_continuation.jl:172
[ Info: Saved polynomial system to saved_systems/system_2025-07-28T15:49:44.088.jl
┌ Warning: Optimization did not converge. RetCode: MaxIters
└ @ ODEParameterEstimation ~/.julia/dev/ODEParameterEstimation/src/core/homotopy_continuation.jl:172
[ Info: Saved polynomial system to saved_systems/system_2025-07-28T15:49:44.756.jl
Optimization improved residual by 35.866062269582365 (from 35.86629158604677 to 0.00022931646440525036)
[ Info: Saved polynomial system to saved_systems/system_2025-07-28T15:49:45.807.jl
Optimization improved residual by 5.291179077638104 (from 5.291447736667512 to 0.0002686590294077658)
[ Info: Saved polynomial system to saved_systems/system_2025-07-28T15:49:46.841.jl
Optimization improved residual by 48.63913507521504 (from 48.639175688205604 to 4.061299056609904e-5)
[ Info: Saved polynomial system to saved_systems/system_2025-07-28T15:49:47.941.jl
Optimization improved residual by 5.649175558734931 (from 5.64934369401665 to 0.00016813528171913012)
[ Info: Saved polynomial system to saved_systems/system_2025-07-28T15:49:49.207.jl
Optimization improved residual by 50.59359047962945 (from 50.5936259725472 to 3.5492917755985315e-5)
[ Info: Saved polynomial system to saved_systems/system_2025-07-28T15:49:50.438.jl
┌ Warning: Optimization did not converge. RetCode: MaxIters
└ @ ODEParameterEstimation ~/.julia/dev/ODEParameterEstimation/src/core/homotopy_continuation.jl:172
[ Info: Saved polynomial system to saved_systems/system_2025-07-28T15:49:51.222.jl
Optimization improved residual by 7.813695227779784 (from 7.813736009990159 to 4.0782210375166774e-5)
[ Info: Saved polynomial system to saved_systems/system_2025-07-28T15:49:52.251.jl
Optimization improved residual by 51.12165174179662 (from 51.12169715121914 to 4.540942251973661e-5)
[ Info: Saved polynomial system to saved_systems/system_2025-07-28T15:49:53.354.jl
┌ Warning: Optimization did not converge. RetCode: MaxIters
└ @ ODEParameterEstimation ~/.julia/dev/ODEParameterEstimation/src/core/homotopy_continuation.jl:172
[ Info: Saved polynomial system to saved_systems/system_2025-07-28T15:49:54.171.jl
┌ Warning: Optimization did not converge. RetCode: MaxIters
└ @ ODEParameterEstimation ~/.julia/dev/ODEParameterEstimation/src/core/homotopy_continuation.jl:172
[ Info: Saved polynomial system to saved_systems/system_2025-07-28T15:49:55.024.jl
┌ Warning: Optimization did not converge. RetCode: MaxIters
└ @ ODEParameterEstimation ~/.julia/dev/ODEParameterEstimation/src/core/homotopy_continuation.jl:172
[ Info: Saved polynomial system to saved_systems/system_2025-07-28T15:49:55.906.jl
┌ Warning: Optimization did not converge. RetCode: MaxIters
└ @ ODEParameterEstimation ~/.julia/dev/ODEParameterEstimation/src/core/homotopy_continuation.jl:172
[ Info: Saved polynomial system to saved_systems/system_2025-07-28T15:49:56.780.jl
Optimization improved residual by 50.90039893017952 (from 50.90043014651844 to 3.121633892163625e-5)
[ Info: Saved polynomial system to saved_systems/system_2025-07-28T15:49:57.794.jl
Optimization improved residual by 6.6719526649587735 (from 6.672016799258679 to 6.413429990516646e-5)
[ Info: Saved polynomial system to saved_systems/system_2025-07-28T15:49:58.934.jl
┌ Warning: Optimization did not converge. RetCode: MaxIters
└ @ ODEParameterEstimation ~/.julia/dev/ODEParameterEstimation/src/core/homotopy_continuation.jl:172
[ Info: Saved polynomial system to saved_systems/system_2025-07-28T15:49:59.723.jl
Optimization improved residual by 34.81032216213964 (from 34.81034495536375 to 2.279322411130947e-5)
[ Info: Saved polynomial system to saved_systems/system_2025-07-28T15:50:00.662.jl
Optimization improved residual by 6.028832550500646 (from 6.028878948734261 to 4.639823361389994e-5)
[ Info: Saved polynomial system to saved_systems/system_2025-07-28T15:50:01.758.jl
Optimization improved residual by 49.021671548251824 (from 49.02192017778288 to 0.0002486295310566859)
[ Info: Saved polynomial system to saved_systems/system_2025-07-28T15:50:02.718.jl
┌ Warning: Optimization did not converge. RetCode: MaxIters
└ @ ODEParameterEstimation ~/.julia/dev/ODEParameterEstimation/src/core/homotopy_continuation.jl:172
[ Info: Saved polynomial system to saved_systems/system_2025-07-28T15:50:03.543.jl
┌ Warning: Optimization did not converge. RetCode: MaxIters
└ @ ODEParameterEstimation ~/.julia/dev/ODEParameterEstimation/src/core/homotopy_continuation.jl:172
[ Info: Saved polynomial system to saved_systems/system_2025-07-28T15:50:04.343.jl
Optimization improved residual by 6.104885532351703 (from 6.10496764097486 to 8.210862315743617e-5)
[ Info: Saved polynomial system to saved_systems/system_2025-07-28T15:50:05.292.jl
┌ Warning: Optimization did not converge. RetCode: MaxIters
└ @ ODEParameterEstimation ~/.julia/dev/ODEParameterEstimation/src/core/homotopy_continuation.jl:172
[ Info: Saved polynomial system to saved_systems/system_2025-07-28T15:50:06.121.jl
Optimization improved residual by 50.01811095570775 (from 50.01888355634775 to 0.0007726006400042581)
[ Info: Saved polynomial system to saved_systems/system_2025-07-28T15:50:09.779.jl
┌ Warning: Optimization did not converge. RetCode: MaxIters
└ @ ODEParameterEstimation ~/.julia/dev/ODEParameterEstimation/src/core/homotopy_continuation.jl:172
[ Info: Saved polynomial system to saved_systems/system_2025-07-28T15:50:10.554.jl
┌ Warning: Optimization did not converge. RetCode: MaxIters
└ @ ODEParameterEstimation ~/.julia/dev/ODEParameterEstimation/src/core/homotopy_continuation.jl:172
[ Info: Saved polynomial system to saved_systems/system_2025-07-28T15:50:11.474.jl
Optimization improved residual by 6.801463206241632 (from 6.801567004478892 to 0.00010379823726055155)
[ Info: Saved polynomial system to saved_systems/system_2025-07-28T15:50:12.614.jl
┌ Warning: Optimization did not converge. RetCode: MaxIters
└ @ ODEParameterEstimation ~/.julia/dev/ODEParameterEstimation/src/core/homotopy_continuation.jl:172
[ Info: Saved polynomial system to saved_systems/system_2025-07-28T15:50:13.586.jl
┌ Warning: Optimization did not converge. RetCode: MaxIters
└ @ ODEParameterEstimation ~/.julia/dev/ODEParameterEstimation/src/core/homotopy_continuation.jl:172
[ Info: Saved polynomial system to saved_systems/system_2025-07-28T15:50:14.410.jl
┌ Warning: Optimization did not converge. RetCode: MaxIters
└ @ ODEParameterEstimation ~/.julia/dev/ODEParameterEstimation/src/core/homotopy_continuation.jl:172
[ Info: Saved polynomial system to saved_systems/system_2025-07-28T15:50:15.341.jl
┌ Warning: Optimization did not converge. RetCode: MaxIters
└ @ ODEParameterEstimation ~/.julia/dev/ODEParameterEstimation/src/core/homotopy_continuation.jl:172
[ Info: Saved polynomial system to saved_systems/system_2025-07-28T15:50:16.167.jl
┌ Warning: Optimization did not converge. RetCode: MaxIters
└ @ ODEParameterEstimation ~/.julia/dev/ODEParameterEstimation/src/core/homotopy_continuation.jl:172
[ Info: Saved polynomial system to saved_systems/system_2025-07-28T15:50:17.040.jl
Optimization improved residual by 50.42492108315472 (from 50.425461883057324 to 0.0005407999026045564)
[ Info: Saved polynomial system to saved_systems/system_2025-07-28T15:50:18.486.jl
┌ Warning: Optimization did not converge. RetCode: MaxIters
└ @ ODEParameterEstimation ~/.julia/dev/ODEParameterEstimation/src/core/homotopy_continuation.jl:172
[ Info: Saved polynomial system to saved_systems/system_2025-07-28T15:50:19.857.jl
Optimization improved residual by 15.5487723290088 (from 15.54899516469404 to 0.00022283568523856584)
[ Info: Saved polynomial system to saved_systems/system_2025-07-28T15:50:21.255.jl
┌ Warning: Optimization did not converge. RetCode: MaxIters
└ @ ODEParameterEstimation ~/.julia/dev/ODEParameterEstimation/src/core/homotopy_continuation.jl:172
[ Info: Saved polynomial system to saved_systems/system_2025-07-28T15:50:22.285.jl
Optimization improved residual by 14.517344283753784 (from 14.517387284415387 to 4.300066160265971e-5)
[ Info: Saved polynomial system to saved_systems/system_2025-07-28T15:50:23.737.jl
Optimization improved residual by 15.945571643519635 (from 15.945614392493201 to 4.274897356706409e-5)
[ Info: Saved polynomial system to saved_systems/system_2025-07-28T15:50:25.093.jl
┌ Warning: Optimization did not converge. RetCode: MaxIters
└ @ ODEParameterEstimation ~/.julia/dev/ODEParameterEstimation/src/core/homotopy_continuation.jl:172
[ Info: Saved polynomial system to saved_systems/system_2025-07-28T15:50:26.314.jl
┌ Warning: Optimization did not converge. RetCode: MaxIters
└ @ ODEParameterEstimation ~/.julia/dev/ODEParameterEstimation/src/core/homotopy_continuation.jl:172
[ Info: Saved polynomial system to saved_systems/system_2025-07-28T15:50:27.360.jl
Optimization improved residual by 15.525705468708558 (from 15.525753839494696 to 4.837078613775039e-5)
[ Info: Saved polynomial system to saved_systems/system_2025-07-28T15:50:28.352.jl
Optimization improved residual by 17.224086336788357 (from 17.22433852962639 to 0.0002521928380328123)
[ Info: Saved polynomial system to saved_systems/system_2025-07-28T15:50:29.642.jl
┌ Warning: Optimization did not converge. RetCode: MaxIters
└ @ ODEParameterEstimation ~/.julia/dev/ODEParameterEstimation/src/core/homotopy_continuation.jl:172
[ Info: Saved polynomial system to saved_systems/system_2025-07-28T15:50:30.536.jl
┌ Warning: Optimization did not converge. RetCode: MaxIters
└ @ ODEParameterEstimation ~/.julia/dev/ODEParameterEstimation/src/core/homotopy_continuation.jl:172
[ Info: Saved polynomial system to saved_systems/system_2025-07-28T15:50:31.509.jl
Optimization improved residual by 14.182623719276082 (from 14.182860461237592 to 0.0002367419615097207)
[ Info: Saved polynomial system to saved_systems/system_2025-07-28T15:50:33.019.jl
Optimization improved residual by 19.001137214150944 (from 19.00141892007766 to 0.0002817059267165545)
[ Info: Saved polynomial system to saved_systems/system_2025-07-28T15:50:34.133.jl
Optimization improved residual by 12.8612362894472 (from 12.861339365662298 to 0.0001030762150969866)
[ Info: Saved polynomial system to saved_systems/system_2025-07-28T15:50:35.689.jl
Optimization improved residual by 15.453785447321941 (from 15.45392640617321 to 0.00014095885126811668)

Unidentifiability Analysis from multipoint_parameter_estimation:
All unidentifiable variables: Set{Any}()
Unidentifiable variables substitution dictionary: Dict{Any, Any}()
Trivially solvable variables: Dict{Any, Any}()

=== Model: lv_periodic ===

Found 27 distinct solution clusters:

Cluster 1: 1 similar solutions
Best solution (Error: 0.292729):
--------------------------------------------------
Variable     | True Value  | Estimated   | Rel. Error
-----------------------------------------------------
x1(t)        |   2.000000 |   1.523728 |   0.238136
x2(t)        |   0.500000 |  12.451116 |  23.902232
a            |   1.500000 |  -5.578560 |   4.719040
b            |   0.900000 |  -0.573761 |   1.637513
c            |   3.000000 |  -3.818766 |   2.272922
d            |   0.800000 |  -1.138380 |   2.422975


Cluster 2: 1 similar solutions
Best solution (Error: 0.115445):
--------------------------------------------------
Variable     | True Value  | Estimated   | Rel. Error
-----------------------------------------------------
x1(t)        |   2.000000 |   1.465543 |   0.267229
x2(t)        |   0.500000 |   1.834776 |   2.669553
a            |   1.500000 |   2.188229 |   0.458819
b            |   0.900000 |   1.042886 |   0.158762
c            |   3.000000 |   3.017259 |   0.005753
d            |   0.800000 |   0.804720 |   0.005900


Cluster 3: 1 similar solutions
Best solution (Error: 0.048262):
--------------------------------------------------
Variable     | True Value  | Estimated   | Rel. Error
-----------------------------------------------------
x1(t)        |   2.000000 |   3.310987 |   0.655493
x2(t)        |   0.500000 |   0.288344 |   0.423312
a            |   1.500000 |   1.407164 |   0.061891
b            |   0.900000 |   0.880237 |   0.021959
c            |   3.000000 |   3.003521 |   0.001174
d            |   0.800000 |   0.800780 |   0.000976


Cluster 4: 1 similar solutions
Best solution (Error: 0.009666):
--------------------------------------------------
Variable     | True Value  | Estimated   | Rel. Error
-----------------------------------------------------
x1(t)        |   2.000000 |   2.173256 |   0.086628
x2(t)        |   0.500000 |   0.443177 |   0.113646
a            |   1.500000 |   1.487370 |   0.008420
b            |   0.900000 |   0.897466 |   0.002815
c            |   3.000000 |   2.999833 |   0.000056
d            |   0.800000 |   0.800029 |   0.000037


Cluster 5: 1 similar solutions
Best solution (Error: 0.001201):
--------------------------------------------------
Variable     | True Value  | Estimated   | Rel. Error
-----------------------------------------------------
x1(t)        |   2.000000 |   2.020793 |   0.010396
x2(t)        |   0.500000 |   0.493167 |   0.013666
a            |   1.500000 |   1.499904 |   0.000064
b            |   0.900000 |   0.899596 |   0.000449
c            |   3.000000 |   2.996110 |   0.001297
d            |   0.800000 |   0.798700 |   0.001625


Cluster 6: 1 similar solutions
Best solution (Error: 0.001173):
--------------------------------------------------
Variable     | True Value  | Estimated   | Rel. Error
-----------------------------------------------------
x1(t)        |   2.000000 |   2.004944 |   0.002472
x2(t)        |   0.500000 |   0.498014 |   0.003973
a            |   1.500000 |   1.499266 |   0.000489
b            |   0.900000 |   0.899060 |   0.001044
c            |   3.000000 |   2.998888 |   0.000371
d            |   0.800000 |   0.798385 |   0.002019


Cluster 7: 1 similar solutions
Best solution (Error: 0.000959):
--------------------------------------------------
Variable     | True Value  | Estimated   | Rel. Error
-----------------------------------------------------
x1(t)        |   2.000000 |   1.981597 |   0.009202
x2(t)        |   0.500000 |   0.507194 |   0.014388
a            |   1.500000 |   1.502035 |   0.001356
b            |   0.900000 |   0.900583 |   0.000648
c            |   3.000000 |   2.999624 |   0.000125
d            |   0.800000 |   0.800031 |   0.000038


Cluster 8: 1 similar solutions
Best solution (Error: 0.000917):
--------------------------------------------------
Variable     | True Value  | Estimated   | Rel. Error
-----------------------------------------------------
x1(t)        |   2.000000 |   2.016819 |   0.008409
x2(t)        |   0.500000 |   0.494553 |   0.010893
a            |   1.500000 |   1.499988 |   0.000008
b            |   0.900000 |   0.899608 |   0.000436
c            |   3.000000 |   2.995493 |   0.001502
d            |   0.800000 |   0.798517 |   0.001854


Cluster 9: 1 similar solutions
Best solution (Error: 0.000414):
--------------------------------------------------
Variable     | True Value  | Estimated   | Rel. Error
-----------------------------------------------------
x1(t)        |   2.000000 |   2.007872 |   0.003936
x2(t)        |   0.500000 |   0.496874 |   0.006251
a            |   1.500000 |   1.499129 |   0.000580
b            |   0.900000 |   0.899812 |   0.000209
c            |   3.000000 |   3.000197 |   0.000066
d            |   0.800000 |   0.800039 |   0.000049


Cluster 10: 1 similar solutions
Best solution (Error: 0.000378):
--------------------------------------------------
Variable     | True Value  | Estimated   | Rel. Error
-----------------------------------------------------
x1(t)        |   2.000000 |   2.005369 |   0.002685
x2(t)        |   0.500000 |   0.497959 |   0.004082
a            |   1.500000 |   1.500148 |   0.000099
b            |   0.900000 |   0.900030 |   0.000033
c            |   3.000000 |   2.997559 |   0.000814
d            |   0.800000 |   0.799504 |   0.000620


Cluster 11: 1 similar solutions
Best solution (Error: 0.000321):
--------------------------------------------------
Variable     | True Value  | Estimated   | Rel. Error
-----------------------------------------------------
x1(t)        |   2.000000 |   2.004024 |   0.002012
x2(t)        |   0.500000 |   0.498824 |   0.002352
a            |   1.500000 |   1.500127 |   0.000085
b            |   0.900000 |   0.899873 |   0.000141
c            |   3.000000 |   2.998178 |   0.000607
d            |   0.800000 |   0.799186 |   0.001018


Cluster 12: 1 similar solutions
Best solution (Error: 0.00027):
--------------------------------------------------
Variable     | True Value  | Estimated   | Rel. Error
-----------------------------------------------------
x1(t)        |   2.000000 |   1.999481 |   0.000259
x2(t)        |   0.500000 |   0.499920 |   0.000160
a            |   1.500000 |   1.500239 |   0.000159
b            |   0.900000 |   0.900082 |   0.000091
c            |   3.000000 |   2.998720 |   0.000427
d            |   0.800000 |   0.799829 |   0.000214


Cluster 13: 1 similar solutions
Best solution (Error: 0.000197):
--------------------------------------------------
Variable     | True Value  | Estimated   | Rel. Error
-----------------------------------------------------
x1(t)        |   2.000000 |   2.003414 |   0.001707
x2(t)        |   0.500000 |   0.498952 |   0.002096
a            |   1.500000 |   1.499840 |   0.000107
b            |   0.900000 |   0.899330 |   0.000744
c            |   3.000000 |   2.999627 |   0.000124
d            |   0.800000 |   0.799804 |   0.000245


Cluster 14: 1 similar solutions
Best solution (Error: 0.000143):
--------------------------------------------------
Variable     | True Value  | Estimated   | Rel. Error
-----------------------------------------------------
x1(t)        |   2.000000 |   1.997636 |   0.001182
x2(t)        |   0.500000 |   0.500696 |   0.001391
a            |   1.500000 |   1.499922 |   0.000052
b            |   0.900000 |   0.900041 |   0.000046
c            |   3.000000 |   3.000729 |   0.000243
d            |   0.800000 |   0.800194 |   0.000242


Cluster 15: 1 similar solutions
Best solution (Error: 0.000113):
--------------------------------------------------
Variable     | True Value  | Estimated   | Rel. Error
-----------------------------------------------------
x1(t)        |   2.000000 |   2.000504 |   0.000252
x2(t)        |   0.500000 |   0.499854 |   0.000292
a            |   1.500000 |   1.499987 |   0.000009
b            |   0.900000 |   0.899907 |   0.000103
c            |   3.000000 |   2.999680 |   0.000107
d            |   0.800000 |   0.799820 |   0.000225


Cluster 16: 1 similar solutions
Best solution (Error: 7.0e-5):
--------------------------------------------------
Variable     | True Value  | Estimated   | Rel. Error
-----------------------------------------------------
x1(t)        |   2.000000 |   2.001259 |   0.000629
x2(t)        |   0.500000 |   0.499412 |   0.001175
a            |   1.500000 |   1.499748 |   0.000168
b            |   0.900000 |   0.899992 |   0.000009
c            |   3.000000 |   3.000192 |   0.000064
d            |   0.800000 |   0.800048 |   0.000060


Cluster 17: 1 similar solutions
Best solution (Error: 6.2e-5):
--------------------------------------------------
Variable     | True Value  | Estimated   | Rel. Error
-----------------------------------------------------
x1(t)        |   2.000000 |   1.998901 |   0.000550
x2(t)        |   0.500000 |   0.500291 |   0.000582
a            |   1.500000 |   1.499945 |   0.000037
b            |   0.900000 |   0.900045 |   0.000050
c            |   3.000000 |   3.000468 |   0.000156
d            |   0.800000 |   0.800127 |   0.000159


Cluster 18: 1 similar solutions
Best solution (Error: 5.5e-5):
--------------------------------------------------
Variable     | True Value  | Estimated   | Rel. Error
-----------------------------------------------------
x1(t)        |   2.000000 |   2.000939 |   0.000469
x2(t)        |   0.500000 |   0.499580 |   0.000840
a            |   1.500000 |   1.499851 |   0.000099
b            |   0.900000 |   0.899973 |   0.000030
c            |   3.000000 |   3.000046 |   0.000015
d            |   0.800000 |   0.800016 |   0.000020


Cluster 19: 1 similar solutions
Best solution (Error: 4.8e-5):
--------------------------------------------------
Variable     | True Value  | Estimated   | Rel. Error
-----------------------------------------------------
x1(t)        |   2.000000 |   2.000234 |   0.000117
x2(t)        |   0.500000 |   0.499889 |   0.000221
a            |   1.500000 |   1.500033 |   0.000022
b            |   0.900000 |   0.900004 |   0.000004
c            |   3.000000 |   2.999708 |   0.000097
d            |   0.800000 |   0.799950 |   0.000063


Cluster 20: 1 similar solutions
Best solution (Error: 4.7e-5):
--------------------------------------------------
Variable     | True Value  | Estimated   | Rel. Error
-----------------------------------------------------
x1(t)        |   2.000000 |   2.000646 |   0.000323
x2(t)        |   0.500000 |   0.499811 |   0.000378
a            |   1.500000 |   1.500034 |   0.000023
b            |   0.900000 |   0.900007 |   0.000008
c            |   3.000000 |   2.999605 |   0.000132
d            |   0.800000 |   0.799915 |   0.000107


Cluster 21: 1 similar solutions
Best solution (Error: 4.7e-5):
--------------------------------------------------
Variable     | True Value  | Estimated   | Rel. Error
-----------------------------------------------------
x1(t)        |   2.000000 |   2.000247 |   0.000124
x2(t)        |   0.500000 |   0.499943 |   0.000115
a            |   1.500000 |   1.500031 |   0.000021
b            |   0.900000 |   0.900009 |   0.000010
c            |   3.000000 |   2.999672 |   0.000109
d            |   0.800000 |   0.799936 |   0.000081


Cluster 22: 1 similar solutions
Best solution (Error: 3.5e-5):
--------------------------------------------------
Variable     | True Value  | Estimated   | Rel. Error
-----------------------------------------------------
x1(t)        |   2.000000 |   2.000503 |   0.000252
x2(t)        |   0.500000 |   0.499856 |   0.000288
a            |   1.500000 |   1.500091 |   0.000060
b            |   0.900000 |   0.900188 |   0.000209
c            |   3.000000 |   2.999603 |   0.000132
d            |   0.800000 |   0.799900 |   0.000125


Cluster 23: 1 similar solutions
Best solution (Error: 2.7e-5):
--------------------------------------------------
Variable     | True Value  | Estimated   | Rel. Error
-----------------------------------------------------
x1(t)        |   2.000000 |   2.000324 |   0.000162
x2(t)        |   0.500000 |   0.499803 |   0.000394
a            |   1.500000 |   1.499853 |   0.000098
b            |   0.900000 |   0.900009 |   0.000010
c            |   3.000000 |   3.000208 |   0.000069
d            |   0.800000 |   0.800047 |   0.000058


Cluster 24: 1 similar solutions
Best solution (Error: 2.1e-5):
--------------------------------------------------
Variable     | True Value  | Estimated   | Rel. Error
-----------------------------------------------------
x1(t)        |   2.000000 |   2.000181 |   0.000090
x2(t)        |   0.500000 |   0.499896 |   0.000208
a            |   1.500000 |   1.499949 |   0.000034
b            |   0.900000 |   0.899978 |   0.000024
c            |   3.000000 |   3.000105 |   0.000035
d            |   0.800000 |   0.799978 |   0.000027


Cluster 25: 1 similar solutions
Best solution (Error: 1.4e-5):
--------------------------------------------------
Variable     | True Value  | Estimated   | Rel. Error
-----------------------------------------------------
x1(t)        |   2.000000 |   2.000042 |   0.000021
x2(t)        |   0.500000 |   0.499987 |   0.000027
a            |   1.500000 |   1.499970 |   0.000020
b            |   0.900000 |   0.899999 |   0.000001
c            |   3.000000 |   3.000107 |   0.000036
d            |   0.800000 |   0.800018 |   0.000023


Cluster 26: 1 similar solutions
Best solution (Error: 1.0e-5):
--------------------------------------------------
Variable     | True Value  | Estimated   | Rel. Error
-----------------------------------------------------
x1(t)        |   2.000000 |   2.000005 |   0.000003
x2(t)        |   0.500000 |   0.500011 |   0.000022
a            |   1.500000 |   1.500003 |   0.000002
b            |   0.900000 |   0.899995 |   0.000005
c            |   3.000000 |   3.000024 |   0.000008
d            |   0.800000 |   0.800002 |   0.000003


Cluster 27: 1 similar solutions
Best solution (Error: 3.0e-6):
--------------------------------------------------
Variable     | True Value  | Estimated   | Rel. Error
-----------------------------------------------------
x1(t)        |   2.000000 |   2.000034 |   0.000017
x2(t)        |   0.500000 |   0.499977 |   0.000047
a            |   1.500000 |   1.499984 |   0.000011
b            |   0.900000 |   0.900001 |   0.000002
c            |   3.000000 |   3.000022 |   0.000007
d            |   0.800000 |   0.800006 |   0.000008


Best approximation error for lv_periodic: 3.0e-6

Best maximum relative error for lv_periodic (excluding ALL unidentifiable parameters): 2.2e-5
Best minimum relative error: 1.0e-6
Best mean relative error: 7.0e-6
Best median relative error: 4.0e-6
Best maximum relative error: 2.2e-5
Best RMS relative error: 1.0e-5
SUCCESS
