Starting model: onesp_cubed
[ Info: Saved polynomial system to saved_systems/system_2025-07-28T15:45:36.236.jl
┌ Warning: Optimization did not converge. RetCode: MaxIters
└ @ ODEParameterEstimation ~/.julia/dev/ODEParameterEstimation/src/core/homotopy_continuation.jl:172
[ Info: Saved polynomial system to saved_systems/system_2025-07-28T15:45:36.800.jl
Optimization improved residual by 12.212193099745212 (from 12.212320428449345 to 0.00012732870413365344)
[ Info: Saved polynomial system to saved_systems/system_2025-07-28T15:45:37.478.jl
Optimization improved residual by 5.493845058655299 (from 5.493881609283298 to 3.6550627999101615e-5)
[ Info: Saved polynomial system to saved_systems/system_2025-07-28T15:45:38.508.jl
Optimization improved residual by 3.769353766843865 (from 3.7695996193806076 to 0.00024585253674260974)
[ Info: Saved polynomial system to saved_systems/system_2025-07-28T15:45:39.254.jl
Optimization improved residual by 6.65460258331723 (from 6.654611754867972 to 9.171550741832082e-6)
[ Info: Saved polynomial system to saved_systems/system_2025-07-28T15:45:39.998.jl
Optimization improved residual by 4.407340259084466 (from 4.407421955496606 to 8.169641213904602e-5)
[ Info: Saved polynomial system to saved_systems/system_2025-07-28T15:45:41.013.jl
┌ Warning: Optimization did not converge. RetCode: MaxIters
└ @ ODEParameterEstimation ~/.julia/dev/ODEParameterEstimation/src/core/homotopy_continuation.jl:172
[ Info: Saved polynomial system to saved_systems/system_2025-07-28T15:45:41.406.jl
Optimization improved residual by 3.113174716469492 (from 3.1134259168689287 to 0.00025120039943652995)
[ Info: Saved polynomial system to saved_systems/system_2025-07-28T15:45:42.306.jl
Optimization improved residual by 3.493642064922715 (from 3.493654958517884 to 1.2893595169033317e-5)
[ Info: Saved polynomial system to saved_systems/system_2025-07-28T15:45:42.925.jl
┌ Warning: Optimization did not converge. RetCode: MaxIters
└ @ ODEParameterEstimation ~/.julia/dev/ODEParameterEstimation/src/core/homotopy_continuation.jl:172
[ Info: Saved polynomial system to saved_systems/system_2025-07-28T15:45:43.300.jl
┌ Warning: Optimization did not converge. RetCode: MaxIters
└ @ ODEParameterEstimation ~/.julia/dev/ODEParameterEstimation/src/core/homotopy_continuation.jl:172
[ Info: Saved polynomial system to saved_systems/system_2025-07-28T15:45:43.788.jl
┌ Warning: Optimization did not converge. RetCode: MaxIters
└ @ ODEParameterEstimation ~/.julia/dev/ODEParameterEstimation/src/core/homotopy_continuation.jl:172
[ Info: Saved polynomial system to saved_systems/system_2025-07-28T15:45:44.106.jl
Optimization improved residual by 2.5885656426585673 (from 2.589096531919929 to 0.0005308892613617278)
[ Info: Saved polynomial system to saved_systems/system_2025-07-28T15:45:44.693.jl
Optimization improved residual by 2.0321759032000415 (from 2.0330567868429013 to 0.0008808836428596169)
[ Info: Saved polynomial system to saved_systems/system_2025-07-28T15:45:45.051.jl
Optimization improved residual by 5.332684732919793 (from 5.332710441957312 to 2.570903751909771e-5)
[ Info: Saved polynomial system to saved_systems/system_2025-07-28T15:45:45.179.jl
┌ Warning: Optimization did not converge. RetCode: MaxIters
└ @ ODEParameterEstimation ~/.julia/dev/ODEParameterEstimation/src/core/homotopy_continuation.jl:172
[ Info: Saved polynomial system to saved_systems/system_2025-07-28T15:45:45.288.jl
Optimization improved residual by 6.3293647756220315 (from 6.329435772233298 to 7.099661126646298e-5)
[ Info: Saved polynomial system to saved_systems/system_2025-07-28T15:45:45.587.jl
Optimization improved residual by 4.987859286668774 (from 4.987909677188476 to 5.039051970212605e-5)
[ Info: Saved polynomial system to saved_systems/system_2025-07-28T15:45:45.884.jl
Optimization improved residual by 13.34167356306024 (from 13.341812264562428 to 0.00013870150218826986)
[ Info: Saved polynomial system to saved_systems/system_2025-07-28T15:45:46.158.jl
Optimization improved residual by 3.5142883505725973 (from 3.5143274192828184 to 3.9068710221215354e-5)
[ Info: Saved polynomial system to saved_systems/system_2025-07-28T15:45:46.424.jl
Optimization improved residual by 2.9142440917637025 (from 2.91480355161811 to 0.0005594598544073761)
[ Info: Saved polynomial system to saved_systems/system_2025-07-28T15:45:46.676.jl
┌ Warning: Optimization did not converge. RetCode: MaxIters
└ @ ODEParameterEstimation ~/.julia/dev/ODEParameterEstimation/src/core/homotopy_continuation.jl:172
[ Info: Saved polynomial system to saved_systems/system_2025-07-28T15:45:46.774.jl
Optimization improved residual by 2.605510400787711 (from 2.6057508065417285 to 0.00024040575401779196)
[ Info: Saved polynomial system to saved_systems/system_2025-07-28T15:45:47.026.jl
┌ Warning: Optimization did not converge. RetCode: MaxIters
└ @ ODEParameterEstimation ~/.julia/dev/ODEParameterEstimation/src/core/homotopy_continuation.jl:172
[ Info: Saved polynomial system to saved_systems/system_2025-07-28T15:45:47.065.jl
Optimization improved residual by 15.99119337762941 (from 15.991231443909305 to 3.806627989556242e-5)
[ Info: Saved polynomial system to saved_systems/system_2025-07-28T15:45:47.359.jl
┌ Warning: Optimization did not converge. RetCode: MaxIters
└ @ ODEParameterEstimation ~/.julia/dev/ODEParameterEstimation/src/core/homotopy_continuation.jl:172
[ Info: Saved polynomial system to saved_systems/system_2025-07-28T15:45:47.445.jl
┌ Warning: Optimization did not converge. RetCode: MaxIters
└ @ ODEParameterEstimation ~/.julia/dev/ODEParameterEstimation/src/core/homotopy_continuation.jl:172
[ Info: Saved polynomial system to saved_systems/system_2025-07-28T15:45:47.486.jl
┌ Warning: Optimization did not converge. RetCode: MaxIters
└ @ ODEParameterEstimation ~/.julia/dev/ODEParameterEstimation/src/core/homotopy_continuation.jl:172
[ Info: Saved polynomial system to saved_systems/system_2025-07-28T15:45:47.560.jl
┌ Warning: Optimization did not converge. RetCode: MaxIters
└ @ ODEParameterEstimation ~/.julia/dev/ODEParameterEstimation/src/core/homotopy_continuation.jl:172
[ Info: Saved polynomial system to saved_systems/system_2025-07-28T15:45:47.678.jl
┌ Warning: Optimization did not converge. RetCode: MaxIters
└ @ ODEParameterEstimation ~/.julia/dev/ODEParameterEstimation/src/core/homotopy_continuation.jl:172
[ Info: Saved polynomial system to saved_systems/system_2025-07-28T15:45:47.784.jl
┌ Warning: Optimization did not converge. RetCode: MaxIters
└ @ ODEParameterEstimation ~/.julia/dev/ODEParameterEstimation/src/core/homotopy_continuation.jl:172
[ Info: Saved polynomial system to saved_systems/system_2025-07-28T15:45:47.887.jl
Optimization improved residual by 2.0697125934044904 (from 2.0703002093102563 to 0.0005876159057659619)
[ Info: Saved polynomial system to saved_systems/system_2025-07-28T15:45:48.629.jl
┌ Warning: Optimization did not converge. RetCode: MaxIters
└ @ ODEParameterEstimation ~/.julia/dev/ODEParameterEstimation/src/core/homotopy_continuation.jl:172
[ Info: Saved polynomial system to saved_systems/system_2025-07-28T15:45:49.307.jl
Optimization improved residual by 6.30008735609158 (from 6.3001364289572 to 4.907286561969433e-5)
[ Info: Saved polynomial system to saved_systems/system_2025-07-28T15:45:49.902.jl
Optimization improved residual by 5.905208115030385 (from 5.90617462374103 to 0.0009665087106455795)
[ Info: Saved polynomial system to saved_systems/system_2025-07-28T15:45:50.796.jl
Optimization improved residual by 5.184174881484383 (from 5.184190830268223 to 1.5948783840513944e-5)
[ Info: Saved polynomial system to saved_systems/system_2025-07-28T15:45:51.319.jl
┌ Warning: Optimization did not converge. RetCode: MaxIters
└ @ ODEParameterEstimation ~/.julia/dev/ODEParameterEstimation/src/core/homotopy_continuation.jl:172
[ Info: Saved polynomial system to saved_systems/system_2025-07-28T15:45:51.951.jl
┌ Warning: Optimization did not converge. RetCode: MaxIters
└ @ ODEParameterEstimation ~/.julia/dev/ODEParameterEstimation/src/core/homotopy_continuation.jl:172
[ Info: Saved polynomial system to saved_systems/system_2025-07-28T15:45:52.347.jl
Optimization improved residual by 4.298590388505464 (from 4.2989228375662325 to 0.0003324490607682788)
[ Info: Saved polynomial system to saved_systems/system_2025-07-28T15:45:53.137.jl
┌ Warning: Optimization did not converge. RetCode: MaxIters
└ @ ODEParameterEstimation ~/.julia/dev/ODEParameterEstimation/src/core/homotopy_continuation.jl:172
[ Info: Saved polynomial system to saved_systems/system_2025-07-28T15:45:53.719.jl
┌ Warning: Optimization did not converge. RetCode: MaxIters
└ @ ODEParameterEstimation ~/.julia/dev/ODEParameterEstimation/src/core/homotopy_continuation.jl:172
[ Info: Saved polynomial system to saved_systems/system_2025-07-28T15:45:54.656.jl
┌ Warning: Optimization did not converge. RetCode: MaxIters
└ @ ODEParameterEstimation ~/.julia/dev/ODEParameterEstimation/src/core/homotopy_continuation.jl:172
[ Info: Saved polynomial system to saved_systems/system_2025-07-28T15:45:55.191.jl
Optimization improved residual by 5.081405297649149 (from 5.082095705532352 to 0.0006904078832036231)
[ Info: Saved polynomial system to saved_systems/system_2025-07-28T15:45:56.057.jl
┌ Warning: Optimization did not converge. RetCode: MaxIters
└ @ ODEParameterEstimation ~/.julia/dev/ODEParameterEstimation/src/core/homotopy_continuation.jl:172
[ Info: Saved polynomial system to saved_systems/system_2025-07-28T15:45:56.729.jl
┌ Warning: Optimization did not converge. RetCode: MaxIters
└ @ ODEParameterEstimation ~/.julia/dev/ODEParameterEstimation/src/core/homotopy_continuation.jl:172
[ Info: Saved polynomial system to saved_systems/system_2025-07-28T15:45:57.217.jl
┌ Warning: Optimization did not converge. RetCode: MaxIters
└ @ ODEParameterEstimation ~/.julia/dev/ODEParameterEstimation/src/core/homotopy_continuation.jl:172
[ Info: Saved polynomial system to saved_systems/system_2025-07-28T15:45:57.612.jl
┌ Warning: Optimization did not converge. RetCode: MaxIters
└ @ ODEParameterEstimation ~/.julia/dev/ODEParameterEstimation/src/core/homotopy_continuation.jl:172
[ Info: Saved polynomial system to saved_systems/system_2025-07-28T15:45:58.178.jl
Optimization improved residual by 3.1275772694461743 (from 3.1275906728862144 to 1.3403440040127185e-5)
[ Info: Saved polynomial system to saved_systems/system_2025-07-28T15:45:58.772.jl
┌ Warning: Optimization did not converge. RetCode: MaxIters
└ @ ODEParameterEstimation ~/.julia/dev/ODEParameterEstimation/src/core/homotopy_continuation.jl:172
[ Info: Saved polynomial system to saved_systems/system_2025-07-28T15:45:59.141.jl
Optimization improved residual by 2.239658004020189 (from 2.2398126589389906 to 0.000154654918801817)
[ Info: Saved polynomial system to saved_systems/system_2025-07-28T15:45:59.903.jl
┌ Warning: Optimization did not converge. RetCode: MaxIters
└ @ ODEParameterEstimation ~/.julia/dev/ODEParameterEstimation/src/core/homotopy_continuation.jl:172
[ Info: Saved polynomial system to saved_systems/system_2025-07-28T15:46:00.366.jl
Optimization improved residual by 2.209296186603003 (from 2.2096008544077694 to 0.0003046678047664401)
[ Info: Saved polynomial system to saved_systems/system_2025-07-28T15:46:01.129.jl
┌ Warning: Optimization did not converge. RetCode: MaxIters
└ @ ODEParameterEstimation ~/.julia/dev/ODEParameterEstimation/src/core/homotopy_continuation.jl:172
[ Info: Saved polynomial system to saved_systems/system_2025-07-28T15:46:01.747.jl
Optimization improved residual by 1.7992216853503704 (from 1.7992375293682719 to 1.5844017901335422e-5)

Unidentifiability Analysis from multipoint_parameter_estimation:
All unidentifiable variables: Set{Any}()
Unidentifiable variables substitution dictionary: Dict{Any, Any}()
Trivially solvable variables: Dict{Any, Any}()

=== Model: onesp_cubed ===

Found 14 distinct solution clusters:

Cluster 1: 1 similar solutions
Best solution (Error: 0.000631):
--------------------------------------------------
Variable     | True Value  | Estimated   | Rel. Error
-----------------------------------------------------
x1(t)        |   2.000000 |   2.003537 |   0.001769
a            |   0.100000 |   0.100377 |   0.003768


Cluster 2: 1 similar solutions
Best solution (Error: 0.000283):
--------------------------------------------------
Variable     | True Value  | Estimated   | Rel. Error
-----------------------------------------------------
x1(t)        |   2.000000 |   2.001642 |   0.000821
a            |   0.100000 |   0.100198 |   0.001983


Cluster 3: 1 similar solutions
Best solution (Error: 0.000148):
--------------------------------------------------
Variable     | True Value  | Estimated   | Rel. Error
-----------------------------------------------------
x1(t)        |   2.000000 |   2.000933 |   0.000467
a            |   0.100000 |   0.100155 |   0.001547


Cluster 4: 1 similar solutions
Best solution (Error: 9.8e-5):
--------------------------------------------------
Variable     | True Value  | Estimated   | Rel. Error
-----------------------------------------------------
x1(t)        |   2.000000 |   1.999519 |   0.000240
a            |   0.100000 |   0.099974 |   0.000264


Cluster 5: 1 similar solutions
Best solution (Error: 9.7e-5):
--------------------------------------------------
Variable     | True Value  | Estimated   | Rel. Error
-----------------------------------------------------
x1(t)        |   2.000000 |   1.999443 |   0.000278
a            |   0.100000 |   0.099936 |   0.000643


Cluster 6: 1 similar solutions
Best solution (Error: 7.2e-5):
--------------------------------------------------
Variable     | True Value  | Estimated   | Rel. Error
-----------------------------------------------------
x1(t)        |   2.000000 |   2.000453 |   0.000226
a            |   0.100000 |   0.100074 |   0.000744


Cluster 7: 1 similar solutions
Best solution (Error: 3.6e-5):
--------------------------------------------------
Variable     | True Value  | Estimated   | Rel. Error
-----------------------------------------------------
x1(t)        |   2.000000 |   2.000227 |   0.000113
a            |   0.100000 |   0.100036 |   0.000359


Cluster 8: 1 similar solutions
Best solution (Error: 2.7e-5):
--------------------------------------------------
Variable     | True Value  | Estimated   | Rel. Error
-----------------------------------------------------
x1(t)        |   2.000000 |   1.999831 |   0.000084
a            |   0.100000 |   0.099958 |   0.000415


Cluster 9: 1 similar solutions
Best solution (Error: 2.6e-5):
--------------------------------------------------
Variable     | True Value  | Estimated   | Rel. Error
-----------------------------------------------------
x1(t)        |   2.000000 |   1.999840 |   0.000080
a            |   0.100000 |   0.099978 |   0.000224


Cluster 10: 2 similar solutions
Best solution (Error: 2.1e-5):
--------------------------------------------------
Variable     | True Value  | Estimated   | Rel. Error
-----------------------------------------------------
x1(t)        |   2.000000 |   2.000116 |   0.000058
a            |   0.100000 |   0.100037 |   0.000367


Cluster 11: 1 similar solutions
Best solution (Error: 2.4e-5):
--------------------------------------------------
Variable     | True Value  | Estimated   | Rel. Error
-----------------------------------------------------
x1(t)        |   2.000000 |   2.000150 |   0.000075
a            |   0.100000 |   0.100025 |   0.000246


Cluster 12: 3 similar solutions
Best solution (Error: 6.0e-6):
--------------------------------------------------
Variable     | True Value  | Estimated   | Rel. Error
-----------------------------------------------------
x1(t)        |   2.000000 |   1.999963 |   0.000018
a            |   0.100000 |   0.099991 |   0.000092


Cluster 13: 9 similar solutions
Best solution (Error: 2.0e-6):
--------------------------------------------------
Variable     | True Value  | Estimated   | Rel. Error
-----------------------------------------------------
x1(t)        |   2.000000 |   2.000009 |   0.000004
a            |   0.100000 |   0.100003 |   0.000032


Cluster 14: 3 similar solutions
Best solution (Error: 0.0):
--------------------------------------------------
Variable     | True Value  | Estimated   | Rel. Error
-----------------------------------------------------
x1(t)        |   2.000000 |   2.000001 |   0.000001
a            |   0.100000 |   0.100001 |   0.000006


Best approximation error for onesp_cubed: 0.0

Best maximum relative error for onesp_cubed (excluding ALL unidentifiable parameters): 6.0e-6
Best minimum relative error: 1.0e-6
Best mean relative error: 3.0e-6
Best median relative error: 3.0e-6
Best maximum relative error: 6.0e-6
Best RMS relative error: 4.0e-6
SUCCESS
