Starting model: simple_linear_combination
[ Info: Saved polynomial system to saved_systems/system_2025-07-28T15:45:08.286.jl
Optimization improved residual by 8.288588879199844 (from 8.288620450762101 to 3.1571562257017196e-5)
[ Info: Saved polynomial system to saved_systems/system_2025-07-28T15:45:09.246.jl
Optimization improved residual by 6.464326268885631 (from 6.464698381404252 to 0.000372112518621002)
[ Info: Saved polynomial system to saved_systems/system_2025-07-28T15:45:10.194.jl
Optimization improved residual by 5.247691511872462 (from 5.247711680064703 to 2.0168192240920747e-5)
[ Info: Saved polynomial system to saved_systems/system_2025-07-28T15:45:11.496.jl
Optimization improved residual by 2.457898593383279 (from 2.458303477781799 to 0.0004048843985196428)
[ Info: Saved polynomial system to saved_systems/system_2025-07-28T15:45:12.520.jl
Optimization improved residual by 5.064342604082871 (from 5.064534667333009 to 0.0001920632501388488)
[ Info: Saved polynomial system to saved_systems/system_2025-07-28T15:45:13.462.jl
Optimization improved residual by 5.619403305282485 (from 5.619911788336447 to 0.000508483053962014)
[ Info: Saved polynomial system to saved_systems/system_2025-07-28T15:45:14.825.jl
Optimization improved residual by 8.000000006685955 (from 8.00075080269832 to 0.0007507960123652568)
[ Info: Saved polynomial system to saved_systems/system_2025-07-28T15:45:16.jl
Optimization improved residual by 10.40770670725984 (from 10.408000428557111 to 0.0002937212972714779)
[ Info: Saved polynomial system to saved_systems/system_2025-07-28T15:45:17.338.jl
Optimization improved residual by 12.295445483833406 (from 12.295510306107548 to 6.48222741427226e-5)
[ Info: Saved polynomial system to saved_systems/system_2025-07-28T15:45:17.612.jl
Optimization improved residual by 12.07850326110801 (from 12.078608317676679 to 0.00010505656866928856)
[ Info: Saved polynomial system to saved_systems/system_2025-07-28T15:45:17.936.jl
Optimization improved residual by 8.750819072763047 (from 8.75124075871076 to 0.00042168594771166233)
[ Info: Saved polynomial system to saved_systems/system_2025-07-28T15:45:18.365.jl
Optimization improved residual by 4.622085778728686 (from 4.622212820650192 to 0.00012704192150555154)
[ Info: Saved polynomial system to saved_systems/system_2025-07-28T15:45:18.636.jl
Optimization improved residual by 10.17390536900414 (from 10.173930254298043 to 2.488529390206123e-5)
[ Info: Saved polynomial system to saved_systems/system_2025-07-28T15:45:19.060.jl
Optimization improved residual by 5.467939000593034 (from 5.468152148769346 to 0.00021314817631185487)
[ Info: Saved polynomial system to saved_systems/system_2025-07-28T15:45:19.352.jl
Optimization improved residual by 6.7343383188723545 (from 6.734858744427083 to 0.0005204255547280129)
[ Info: Saved polynomial system to saved_systems/system_2025-07-28T15:45:19.787.jl
Optimization improved residual by 8.883006727175701 (from 8.883236552386348 to 0.0002298252106474621)
[ Info: Saved polynomial system to saved_systems/system_2025-07-28T15:45:20.180.jl
Optimization improved residual by 5.81523244257759 (from 5.816034660863971 to 0.0008022182863808941)
[ Info: Saved polynomial system to saved_systems/system_2025-07-28T15:45:20.447.jl
Optimization improved residual by 12.272181336315027 (from 12.272333897321463 to 0.0001525610064357009)
[ Info: Saved polynomial system to saved_systems/system_2025-07-28T15:45:21.714.jl
Optimization improved residual by 7.923128059480845 (from 7.9233131230821945 to 0.0001850636013493632)
[ Info: Saved polynomial system to saved_systems/system_2025-07-28T15:45:22.753.jl
Optimization improved residual by 9.404646810893569 (from 9.404698935752707 to 5.2124859137632365e-5)
[ Info: Saved polynomial system to saved_systems/system_2025-07-28T15:45:24.024.jl
┌ Warning: Optimization did not converge. RetCode: MaxIters
└ @ ODEParameterEstimation ~/.julia/dev/ODEParameterEstimation/src/core/homotopy_continuation.jl:172
[ Info: Saved polynomial system to saved_systems/system_2025-07-28T15:45:25.090.jl
Optimization improved residual by 8.105338947288349 (from 8.10540782549439 to 6.887820604111619e-5)
[ Info: Saved polynomial system to saved_systems/system_2025-07-28T15:45:26.725.jl
Optimization improved residual by 12.954124458859877 (from 12.954926631529117 to 0.0008021726692412992)
[ Info: Saved polynomial system to saved_systems/system_2025-07-28T15:45:28.139.jl
Optimization improved residual by 9.101117677824483 (from 9.101267733396778 to 0.00015005557229558902)
[ Info: Saved polynomial system to saved_systems/system_2025-07-28T15:45:29.523.jl
Optimization improved residual by 3.8224781539641253 (from 3.8225210941498355 to 4.2940185710357295e-5)
[ Info: Saved polynomial system to saved_systems/system_2025-07-28T15:45:32.658.jl
Optimization improved residual by 11.91882897632695 (from 11.919057829587079 to 0.00022885326012999418)
[ Info: Saved polynomial system to saved_systems/system_2025-07-28T15:45:33.509.jl
Optimization improved residual by 9.369537603548949 (from 9.370117370475736 to 0.0005797669267862465)
[ Info: Saved polynomial system to saved_systems/system_2025-07-28T15:45:35.013.jl
Optimization improved residual by 7.743371213948968 (from 7.743443561872974 to 7.234792400622278e-5)

Unidentifiability Analysis from multipoint_parameter_estimation:
All unidentifiable variables: Set{Any}()
Unidentifiable variables substitution dictionary: Dict{Any, Any}()
Trivially solvable variables: Dict{Any, Any}()

=== Model: simple_linear_combination ===

Found 27 distinct solution clusters:

Cluster 1: 1 similar solutions
Best solution (Error: 0.236448):
--------------------------------------------------
Variable     | True Value  | Estimated   | Rel. Error
-----------------------------------------------------
x1(t)        |   1.000000 |  -3.011712 |   4.011712
x2(t)        |   2.000000 |  -1.734368 |   1.867184
a            |   0.400000 |   0.205126 |   0.487184
b            |   0.800000 |  -0.024571 |   1.030714


Cluster 2: 1 similar solutions
Best solution (Error: 0.016536):
--------------------------------------------------
Variable     | True Value  | Estimated   | Rel. Error
-----------------------------------------------------
x1(t)        |   1.000000 |   0.729681 |   0.270319
x2(t)        |   2.000000 |   2.421268 |   0.210634
a            |   0.400000 |   0.336709 |   0.158228
b            |   0.800000 |   0.799980 |   0.000025


Cluster 3: 1 similar solutions
Best solution (Error: 0.007275):
--------------------------------------------------
Variable     | True Value  | Estimated   | Rel. Error
-----------------------------------------------------
x1(t)        |   1.000000 |   1.006042 |   0.006042
x2(t)        |   2.000000 |   2.040616 |   0.020308
a            |   0.400000 |   0.400004 |   0.000010
b            |   0.800000 |   0.725571 |   0.093036


Cluster 4: 1 similar solutions
Best solution (Error: 0.006407):
--------------------------------------------------
Variable     | True Value  | Estimated   | Rel. Error
-----------------------------------------------------
x1(t)        |   1.000000 |   1.005331 |   0.005331
x2(t)        |   2.000000 |   2.035828 |   0.017914
a            |   0.400000 |   0.400004 |   0.000009
b            |   0.800000 |   0.734322 |   0.082098


Cluster 5: 1 similar solutions
Best solution (Error: 0.005075):
--------------------------------------------------
Variable     | True Value  | Estimated   | Rel. Error
-----------------------------------------------------
x1(t)        |   1.000000 |   0.919586 |   0.080414
x2(t)        |   2.000000 |   2.130007 |   0.065004
a            |   0.400000 |   0.379875 |   0.050313
b            |   0.800000 |   0.799994 |   0.000007


Cluster 6: 1 similar solutions
Best solution (Error: 0.001052):
--------------------------------------------------
Variable     | True Value  | Estimated   | Rel. Error
-----------------------------------------------------
x1(t)        |   1.000000 |   0.985398 |   0.014602
x2(t)        |   2.000000 |   2.012567 |   0.006283
a            |   0.400000 |   0.398780 |   0.003051
b            |   0.800000 |   0.795957 |   0.005054


Cluster 7: 1 similar solutions
Best solution (Error: 0.000353):
--------------------------------------------------
Variable     | True Value  | Estimated   | Rel. Error
-----------------------------------------------------
x1(t)        |   1.000000 |   0.995039 |   0.004961
x2(t)        |   2.000000 |   2.005666 |   0.002833
a            |   0.400000 |   0.399323 |   0.001692
b            |   0.800000 |   0.799161 |   0.001049


Cluster 8: 1 similar solutions
Best solution (Error: 0.000195):
--------------------------------------------------
Variable     | True Value  | Estimated   | Rel. Error
-----------------------------------------------------
x1(t)        |   1.000000 |   1.000636 |   0.000636
x2(t)        |   2.000000 |   1.999265 |   0.000367
a            |   0.400000 |   0.400343 |   0.000858
b            |   0.800000 |   0.797510 |   0.003113


Cluster 9: 1 similar solutions
Best solution (Error: 0.000131):
--------------------------------------------------
Variable     | True Value  | Estimated   | Rel. Error
-----------------------------------------------------
x1(t)        |   1.000000 |   0.998040 |   0.001960
x2(t)        |   2.000000 |   2.001514 |   0.000757
a            |   0.400000 |   0.399821 |   0.000448
b            |   0.800000 |   0.799280 |   0.000900


Cluster 10: 1 similar solutions
Best solution (Error: 9.7e-5):
--------------------------------------------------
Variable     | True Value  | Estimated   | Rel. Error
-----------------------------------------------------
x1(t)        |   1.000000 |   1.001620 |   0.001620
x2(t)        |   2.000000 |   1.996836 |   0.001582
a            |   0.400000 |   0.400558 |   0.001396
b            |   0.800000 |   0.800029 |   0.000036


Cluster 11: 1 similar solutions
Best solution (Error: 7.5e-5):
--------------------------------------------------
Variable     | True Value  | Estimated   | Rel. Error
-----------------------------------------------------
x1(t)        |   1.000000 |   1.000033 |   0.000033
x2(t)        |   2.000000 |   2.000233 |   0.000117
a            |   0.400000 |   0.400019 |   0.000048
b            |   0.800000 |   0.799114 |   0.001107


Cluster 12: 1 similar solutions
Best solution (Error: 7.5e-5):
--------------------------------------------------
Variable     | True Value  | Estimated   | Rel. Error
-----------------------------------------------------
x1(t)        |   1.000000 |   0.999031 |   0.000969
x2(t)        |   2.000000 |   2.000650 |   0.000325
a            |   0.400000 |   0.399976 |   0.000060
b            |   0.800000 |   0.799641 |   0.000449


Cluster 13: 1 similar solutions
Best solution (Error: 6.5e-5):
--------------------------------------------------
Variable     | True Value  | Estimated   | Rel. Error
-----------------------------------------------------
x1(t)        |   1.000000 |   1.001106 |   0.001106
x2(t)        |   2.000000 |   1.997128 |   0.001436
a            |   0.400000 |   0.400522 |   0.001305
b            |   0.800000 |   0.799709 |   0.000364


Cluster 14: 1 similar solutions
Best solution (Error: 5.5e-5):
--------------------------------------------------
Variable     | True Value  | Estimated   | Rel. Error
-----------------------------------------------------
x1(t)        |   1.000000 |   0.999370 |   0.000630
x2(t)        |   2.000000 |   2.000518 |   0.000259
a            |   0.400000 |   0.399992 |   0.000020
b            |   0.800000 |   0.799780 |   0.000275


Cluster 15: 1 similar solutions
Best solution (Error: 3.5e-5):
--------------------------------------------------
Variable     | True Value  | Estimated   | Rel. Error
-----------------------------------------------------
x1(t)        |   1.000000 |   1.000014 |   0.000014
x2(t)        |   2.000000 |   2.000158 |   0.000079
a            |   0.400000 |   0.399997 |   0.000007
b            |   0.800000 |   0.799612 |   0.000485


Cluster 16: 1 similar solutions
Best solution (Error: 2.6e-5):
--------------------------------------------------
Variable     | True Value  | Estimated   | Rel. Error
-----------------------------------------------------
x1(t)        |   1.000000 |   1.000110 |   0.000110
x2(t)        |   2.000000 |   1.999146 |   0.000427
a            |   0.400000 |   0.400153 |   0.000383
b            |   0.800000 |   0.800013 |   0.000016


Cluster 17: 1 similar solutions
Best solution (Error: 2.5e-5):
--------------------------------------------------
Variable     | True Value  | Estimated   | Rel. Error
-----------------------------------------------------
x1(t)        |   1.000000 |   0.999918 |   0.000082
x2(t)        |   2.000000 |   1.999967 |   0.000016
a            |   0.400000 |   0.399971 |   0.000071
b            |   0.800000 |   0.800264 |   0.000329


Cluster 18: 1 similar solutions
Best solution (Error: 2.3e-5):
--------------------------------------------------
Variable     | True Value  | Estimated   | Rel. Error
-----------------------------------------------------
x1(t)        |   1.000000 |   0.999870 |   0.000130
x2(t)        |   2.000000 |   1.999911 |   0.000044
a            |   0.400000 |   0.400027 |   0.000068
b            |   0.800000 |   0.799618 |   0.000477


Cluster 19: 1 similar solutions
Best solution (Error: 2.3e-5):
--------------------------------------------------
Variable     | True Value  | Estimated   | Rel. Error
-----------------------------------------------------
x1(t)        |   1.000000 |   1.000257 |   0.000257
x2(t)        |   2.000000 |   1.999799 |   0.000101
a            |   0.400000 |   0.400000 |   0.000000
b            |   0.800000 |   0.800096 |   0.000120


Cluster 20: 1 similar solutions
Best solution (Error: 2.2e-5):
--------------------------------------------------
Variable     | True Value  | Estimated   | Rel. Error
-----------------------------------------------------
x1(t)        |   1.000000 |   1.000045 |   0.000045
x2(t)        |   2.000000 |   2.000086 |   0.000043
a            |   0.400000 |   0.400015 |   0.000039
b            |   0.800000 |   0.799769 |   0.000289


Cluster 21: 1 similar solutions
Best solution (Error: 2.0e-5):
--------------------------------------------------
Variable     | True Value  | Estimated   | Rel. Error
-----------------------------------------------------
x1(t)        |   1.000000 |   0.999794 |   0.000206
x2(t)        |   2.000000 |   2.000006 |   0.000003
a            |   0.400000 |   0.400008 |   0.000021
b            |   0.800000 |   0.799691 |   0.000387


Cluster 22: 1 similar solutions
Best solution (Error: 1.8e-5):
--------------------------------------------------
Variable     | True Value  | Estimated   | Rel. Error
-----------------------------------------------------
x1(t)        |   1.000000 |   0.999812 |   0.000188
x2(t)        |   2.000000 |   2.000015 |   0.000007
a            |   0.400000 |   0.400006 |   0.000014
b            |   0.800000 |   0.799724 |   0.000345


Cluster 23: 1 similar solutions
Best solution (Error: 1.1e-5):
--------------------------------------------------
Variable     | True Value  | Estimated   | Rel. Error
-----------------------------------------------------
x1(t)        |   1.000000 |   1.000005 |   0.000005
x2(t)        |   2.000000 |   2.000047 |   0.000024
a            |   0.400000 |   0.400000 |   0.000001
b            |   0.800000 |   0.799880 |   0.000150


Cluster 24: 1 similar solutions
Best solution (Error: 1.1e-5):
--------------------------------------------------
Variable     | True Value  | Estimated   | Rel. Error
-----------------------------------------------------
x1(t)        |   1.000000 |   0.999842 |   0.000158
x2(t)        |   2.000000 |   2.000073 |   0.000037
a            |   0.400000 |   0.399991 |   0.000022
b            |   0.800000 |   0.799889 |   0.000138


Cluster 25: 1 similar solutions
Best solution (Error: 8.0e-6):
--------------------------------------------------
Variable     | True Value  | Estimated   | Rel. Error
-----------------------------------------------------
x1(t)        |   1.000000 |   1.000012 |   0.000012
x2(t)        |   2.000000 |   1.999756 |   0.000122
a            |   0.400000 |   0.400042 |   0.000105
b            |   0.800000 |   0.800002 |   0.000002


Cluster 26: 1 similar solutions
Best solution (Error: 7.0e-6):
--------------------------------------------------
Variable     | True Value  | Estimated   | Rel. Error
-----------------------------------------------------
x1(t)        |   1.000000 |   1.000001 |   0.000001
x2(t)        |   2.000000 |   2.000032 |   0.000016
a            |   0.400000 |   0.400000 |   0.000001
b            |   0.800000 |   0.799925 |   0.000093


Cluster 27: 1 similar solutions
Best solution (Error: 4.0e-6):
--------------------------------------------------
Variable     | True Value  | Estimated   | Rel. Error
-----------------------------------------------------
x1(t)        |   1.000000 |   0.999988 |   0.000012
x2(t)        |   2.000000 |   2.000012 |   0.000006
a            |   0.400000 |   0.400000 |   0.000001
b            |   0.800000 |   0.799950 |   0.000063


Best approximation error for simple_linear_combination: 4.0e-6

Best maximum relative error for simple_linear_combination (excluding ALL unidentifiable parameters): 6.3e-5
Best minimum relative error: 0.0
Best mean relative error: 2.0e-5
Best median relative error: 9.0e-6
Best maximum relative error: 6.3e-5
Best RMS relative error: 3.2e-5
SUCCESS
