Starting model: simple
[ Info: Saved polynomial system to saved_systems/system_2025-07-28T15:44:33.991.jl
Optimization improved residual by 2.6741677506661636 (from 2.6748410752726577 to 0.0006733246064940687)
[ Info: Saved polynomial system to saved_systems/system_2025-07-28T15:44:35.008.jl
Optimization improved residual by 3.3131441089336224 (from 3.31404157809069 to 0.0008974691570677194)
[ Info: Saved polynomial system to saved_systems/system_2025-07-28T15:44:36.034.jl
┌ Warning: Optimization did not converge. RetCode: MaxIters
└ @ ODEParameterEstimation ~/.julia/dev/ODEParameterEstimation/src/core/homotopy_continuation.jl:172
[ Info: Saved polynomial system to saved_systems/system_2025-07-28T15:44:37.316.jl
Optimization improved residual by 6.339059286201771 (from 6.339670028787445 to 0.0006107425856735043)
[ Info: Saved polynomial system to saved_systems/system_2025-07-28T15:44:38.438.jl
Optimization improved residual by 1.8275312429100936 (from 1.8277556955942027 to 0.00022445268410909095)
[ Info: Saved polynomial system to saved_systems/system_2025-07-28T15:44:40.665.jl
Optimization improved residual by 1.9228163742466347 (from 1.9229179580145195 to 0.00010158376788480345)
[ Info: Saved polynomial system to saved_systems/system_2025-07-28T15:44:42.278.jl
Optimization improved residual by 2.8021662724842678 (from 2.8021987922814904 to 3.251979722262173e-5)
[ Info: Saved polynomial system to saved_systems/system_2025-07-28T15:44:44.151.jl
Optimization improved residual by 2.833166513651767 (from 2.8339958657829785 to 0.000829352131211253)
[ Info: Saved polynomial system to saved_systems/system_2025-07-28T15:44:45.458.jl
Optimization improved residual by 2.757992911999598 (from 2.758277636442524 to 0.000284724442926403)
[ Info: Saved polynomial system to saved_systems/system_2025-07-28T15:44:46.363.jl
Optimization improved residual by 1.121206363547182 (from 1.121492411403575 to 0.00028604785639291193)
[ Info: Saved polynomial system to saved_systems/system_2025-07-28T15:44:46.796.jl
Optimization improved residual by 3.5604694354308832 (from 3.560560173166434 to 9.073773555036527e-5)
[ Info: Saved polynomial system to saved_systems/system_2025-07-28T15:44:47.340.jl
Optimization improved residual by 2.2692861611989574 (from 2.2694705700703706 to 0.0001844088714131487)
[ Info: Saved polynomial system to saved_systems/system_2025-07-28T15:44:47.789.jl
Optimization improved residual by 7.036915867805565 (from 7.037448827344588 to 0.0005329595390235276)
[ Info: Saved polynomial system to saved_systems/system_2025-07-28T15:44:48.268.jl
Optimization improved residual by 1.3318072376523673 (from 1.331884101539355 to 7.68638869876443e-5)
[ Info: Saved polynomial system to saved_systems/system_2025-07-28T15:44:48.649.jl
Optimization improved residual by 4.0601884552798575 (from 4.060280302366015 to 9.184708615723649e-5)
[ Info: Saved polynomial system to saved_systems/system_2025-07-28T15:44:49.095.jl
Optimization improved residual by 3.3201094803109603 (from 3.320473019774823 to 0.0003635394638626812)
[ Info: Saved polynomial system to saved_systems/system_2025-07-28T15:44:49.572.jl
Optimization improved residual by 2.2269998314361956 (from 2.2277756369596946 to 0.0007758055234990136)
[ Info: Saved polynomial system to saved_systems/system_2025-07-28T15:44:50.006.jl
Optimization improved residual by 1.2286106761099977 (from 1.2295778060939435 to 0.000967129983945694)
[ Info: Saved polynomial system to saved_systems/system_2025-07-28T15:44:50.454.jl
Optimization improved residual by 2.0943019101861235 (from 2.094849091189587 to 0.000547181003463519)
[ Info: Saved polynomial system to saved_systems/system_2025-07-28T15:44:52.161.jl
Optimization improved residual by 1.6414947387807564 (from 1.6423508972572645 to 0.0008561584765081899)
[ Info: Saved polynomial system to saved_systems/system_2025-07-28T15:44:53.374.jl
Optimization improved residual by 2.273848561090031 (from 2.274062736785428 to 0.00021417569539701348)
[ Info: Saved polynomial system to saved_systems/system_2025-07-28T15:44:54.998.jl
┌ Warning: Optimization did not converge. RetCode: MaxIters
└ @ ODEParameterEstimation ~/.julia/dev/ODEParameterEstimation/src/core/homotopy_continuation.jl:172
[ Info: Saved polynomial system to saved_systems/system_2025-07-28T15:44:56.065.jl
Optimization improved residual by 2.367450100554222 (from 2.368028338332773 to 0.0005782377785511091)
[ Info: Saved polynomial system to saved_systems/system_2025-07-28T15:44:59.156.jl
Optimization improved residual by 2.434069152866986 (from 2.4341308858982984 to 6.173303131205576e-5)
[ Info: Saved polynomial system to saved_systems/system_2025-07-28T15:45:00.348.jl
Optimization improved residual by 1.3987067777825093 (from 1.3995427790097161 to 0.0008360012272067759)
[ Info: Saved polynomial system to saved_systems/system_2025-07-28T15:45:01.558.jl
┌ Warning: Optimization did not converge. RetCode: MaxIters
└ @ ODEParameterEstimation ~/.julia/dev/ODEParameterEstimation/src/core/homotopy_continuation.jl:172
[ Info: Saved polynomial system to saved_systems/system_2025-07-28T15:45:02.536.jl
Optimization improved residual by 2.625602415206305 (from 2.6262588054479235 to 0.0006563902416181503)
[ Info: Saved polynomial system to saved_systems/system_2025-07-28T15:45:03.945.jl
Optimization improved residual by 1.1284905788269264 (from 1.1293622976016036 to 0.000871718774677201)
[ Info: Saved polynomial system to saved_systems/system_2025-07-28T15:45:05.748.jl
Optimization improved residual by 2.302146105743533 (from 2.3022156963111406 to 6.959056760743598e-5)
[ Info: Saved polynomial system to saved_systems/system_2025-07-28T15:45:07.022.jl
Optimization improved residual by 5.608232336129554 (from 5.608645940519074 to 0.0004136043895205032)

Unidentifiability Analysis from multipoint_parameter_estimation:
All unidentifiable variables: Set{Any}()
Unidentifiable variables substitution dictionary: Dict{Any, Any}()
Trivially solvable variables: Dict{Any, Any}()

=== Model: simple ===

Found 27 distinct solution clusters:

Cluster 1: 1 similar solutions
Best solution (Error: 0.009572):
--------------------------------------------------
Variable     | True Value  | Estimated   | Rel. Error
-----------------------------------------------------
x1(t)        |   0.333000 |  -0.076409 |   1.229457
x2(t)        |   0.667000 |   1.230072 |   0.844186
a            |   0.400000 |   0.173150 |   0.567125
b            |   0.800000 |   0.800000 |   0.000000


Cluster 2: 1 similar solutions
Best solution (Error: 0.009319):
--------------------------------------------------
Variable     | True Value  | Estimated   | Rel. Error
-----------------------------------------------------
x1(t)        |   0.333000 |  -0.064070 |   1.192403
x2(t)        |   0.667000 |   1.215055 |   0.821671
a            |   0.400000 |   0.178396 |   0.554010
b            |   0.800000 |   0.800000 |   0.000000


Cluster 3: 1 similar solutions
Best solution (Error: 0.008672):
--------------------------------------------------
Variable     | True Value  | Estimated   | Rel. Error
-----------------------------------------------------
x1(t)        |   0.333000 |  -0.032829 |   1.098586
x2(t)        |   0.667000 |   1.176825 |   0.764356
a            |   0.400000 |   0.191924 |   0.520190
b            |   0.800000 |   0.800000 |   0.000000


Cluster 4: 1 similar solutions
Best solution (Error: 0.00637):
--------------------------------------------------
Variable     | True Value  | Estimated   | Rel. Error
-----------------------------------------------------
x1(t)        |   0.333000 |   0.323422 |   0.028763
x2(t)        |   0.667000 |   0.598890 |   0.102115
a            |   0.400000 |   0.400000 |   0.000000
b            |   0.800000 |   1.177802 |   0.472252


Cluster 5: 1 similar solutions
Best solution (Error: 0.001534):
--------------------------------------------------
Variable     | True Value  | Estimated   | Rel. Error
-----------------------------------------------------
x1(t)        |   0.333000 |   0.335028 |   0.006091
x2(t)        |   0.667000 |   0.681013 |   0.021009
a            |   0.400000 |   0.400000 |   0.000000
b            |   0.800000 |   0.723016 |   0.096230


Cluster 6: 1 similar solutions
Best solution (Error: 0.001244):
--------------------------------------------------
Variable     | True Value  | Estimated   | Rel. Error
-----------------------------------------------------
x1(t)        |   0.333000 |   0.334721 |   0.005169
x2(t)        |   0.667000 |   0.678406 |   0.017100
a            |   0.400000 |   0.400127 |   0.000317
b            |   0.800000 |   0.737115 |   0.078606


Cluster 7: 1 similar solutions
Best solution (Error: 0.000148):
--------------------------------------------------
Variable     | True Value  | Estimated   | Rel. Error
-----------------------------------------------------
x1(t)        |   0.333000 |   0.333712 |   0.002138
x2(t)        |   0.667000 |   0.667502 |   0.000752
a            |   0.400000 |   0.400124 |   0.000310
b            |   0.800000 |   0.792968 |   0.008790


Cluster 8: 1 similar solutions
Best solution (Error: 0.000126):
--------------------------------------------------
Variable     | True Value  | Estimated   | Rel. Error
-----------------------------------------------------
x1(t)        |   0.333000 |   0.332581 |   0.001258
x2(t)        |   0.667000 |   0.666335 |   0.000997
a            |   0.400000 |   0.400000 |   0.000000
b            |   0.800000 |   0.806070 |   0.007588


Cluster 9: 1 similar solutions
Best solution (Error: 0.000103):
--------------------------------------------------
Variable     | True Value  | Estimated   | Rel. Error
-----------------------------------------------------
x1(t)        |   0.333000 |   0.329235 |   0.011307
x2(t)        |   0.667000 |   0.672940 |   0.008905
a            |   0.400000 |   0.396494 |   0.008765
b            |   0.800000 |   0.801890 |   0.002362


Cluster 10: 1 similar solutions
Best solution (Error: 9.5e-5):
--------------------------------------------------
Variable     | True Value  | Estimated   | Rel. Error
-----------------------------------------------------
x1(t)        |   0.333000 |   0.333056 |   0.000167
x2(t)        |   0.667000 |   0.665954 |   0.001568
a            |   0.400000 |   0.399878 |   0.000305
b            |   0.800000 |   0.805463 |   0.006829


Cluster 11: 1 similar solutions
Best solution (Error: 8.9e-5):
--------------------------------------------------
Variable     | True Value  | Estimated   | Rel. Error
-----------------------------------------------------
x1(t)        |   0.333000 |   0.333137 |   0.000413
x2(t)        |   0.667000 |   0.665768 |   0.001848
a            |   0.400000 |   0.400076 |   0.000191
b            |   0.800000 |   0.804815 |   0.006019


Cluster 12: 1 similar solutions
Best solution (Error: 8.6e-5):
--------------------------------------------------
Variable     | True Value  | Estimated   | Rel. Error
-----------------------------------------------------
x1(t)        |   0.333000 |   0.332856 |   0.000433
x2(t)        |   0.667000 |   0.667974 |   0.001460
a            |   0.400000 |   0.400000 |   0.000000
b            |   0.800000 |   0.795222 |   0.005972


Cluster 13: 1 similar solutions
Best solution (Error: 7.6e-5):
--------------------------------------------------
Variable     | True Value  | Estimated   | Rel. Error
-----------------------------------------------------
x1(t)        |   0.333000 |   0.329746 |   0.009773
x2(t)        |   0.667000 |   0.671238 |   0.006354
a            |   0.400000 |   0.397786 |   0.005536
b            |   0.800000 |   0.798606 |   0.001743


Cluster 14: 1 similar solutions
Best solution (Error: 7.5e-5):
--------------------------------------------------
Variable     | True Value  | Estimated   | Rel. Error
-----------------------------------------------------
x1(t)        |   0.333000 |   0.330185 |   0.008452
x2(t)        |   0.667000 |   0.671414 |   0.006617
a            |   0.400000 |   0.397820 |   0.005450
b            |   0.800000 |   0.800000 |   0.000000


Cluster 15: 1 similar solutions
Best solution (Error: 5.3e-5):
--------------------------------------------------
Variable     | True Value  | Estimated   | Rel. Error
-----------------------------------------------------
x1(t)        |   0.333000 |   0.330785 |   0.006652
x2(t)        |   0.667000 |   0.669718 |   0.004074
a            |   0.400000 |   0.398861 |   0.002847
b            |   0.800000 |   0.799424 |   0.000720


Cluster 16: 1 similar solutions
Best solution (Error: 2.9e-5):
--------------------------------------------------
Variable     | True Value  | Estimated   | Rel. Error
-----------------------------------------------------
x1(t)        |   0.333000 |   0.332107 |   0.002681
x2(t)        |   0.667000 |   0.667777 |   0.001165
a            |   0.400000 |   0.399910 |   0.000225
b            |   0.800000 |   0.798069 |   0.002414


Cluster 17: 1 similar solutions
Best solution (Error: 2.8e-5):
--------------------------------------------------
Variable     | True Value  | Estimated   | Rel. Error
-----------------------------------------------------
x1(t)        |   0.333000 |   0.333822 |   0.002469
x2(t)        |   0.667000 |   0.665600 |   0.002099
a            |   0.400000 |   0.400459 |   0.001147
b            |   0.800000 |   0.800000 |   0.000000


Cluster 18: 1 similar solutions
Best solution (Error: 2.0e-5):
--------------------------------------------------
Variable     | True Value  | Estimated   | Rel. Error
-----------------------------------------------------
x1(t)        |   0.333000 |   0.332566 |   0.001303
x2(t)        |   0.667000 |   0.667316 |   0.000474
a            |   0.400000 |   0.400188 |   0.000470
b            |   0.800000 |   0.799084 |   0.001145


Cluster 19: 1 similar solutions
Best solution (Error: 1.7e-5):
--------------------------------------------------
Variable     | True Value  | Estimated   | Rel. Error
-----------------------------------------------------
x1(t)        |   0.333000 |   0.332493 |   0.001524
x2(t)        |   0.667000 |   0.667402 |   0.000602
a            |   0.400000 |   0.400047 |   0.000118
b            |   0.800000 |   0.799156 |   0.001055


Cluster 20: 1 similar solutions
Best solution (Error: 1.7e-5):
--------------------------------------------------
Variable     | True Value  | Estimated   | Rel. Error
-----------------------------------------------------
x1(t)        |   0.333000 |   0.332847 |   0.000460
x2(t)        |   0.667000 |   0.667258 |   0.000387
a            |   0.400000 |   0.399983 |   0.000044
b            |   0.800000 |   0.798932 |   0.001335


Cluster 21: 1 similar solutions
Best solution (Error: 1.7e-5):
--------------------------------------------------
Variable     | True Value  | Estimated   | Rel. Error
-----------------------------------------------------
x1(t)        |   0.333000 |   0.333054 |   0.000161
x2(t)        |   0.667000 |   0.667091 |   0.000136
a            |   0.400000 |   0.400000 |   0.000000
b            |   0.800000 |   0.799183 |   0.001021


Cluster 22: 1 similar solutions
Best solution (Error: 1.3e-5):
--------------------------------------------------
Variable     | True Value  | Estimated   | Rel. Error
-----------------------------------------------------
x1(t)        |   0.333000 |   0.332488 |   0.001538
x2(t)        |   0.667000 |   0.667739 |   0.001108
a            |   0.400000 |   0.399678 |   0.000806
b            |   0.800000 |   0.799891 |   0.000137


Cluster 23: 1 similar solutions
Best solution (Error: 9.0e-6):
--------------------------------------------------
Variable     | True Value  | Estimated   | Rel. Error
-----------------------------------------------------
x1(t)        |   0.333000 |   0.332634 |   0.001100
x2(t)        |   0.667000 |   0.667502 |   0.000753
a            |   0.400000 |   0.399714 |   0.000714
b            |   0.800000 |   0.799999 |   0.000001


Cluster 24: 1 similar solutions
Best solution (Error: 5.0e-6):
--------------------------------------------------
Variable     | True Value  | Estimated   | Rel. Error
-----------------------------------------------------
x1(t)        |   0.333000 |   0.332908 |   0.000276
x2(t)        |   0.667000 |   0.667091 |   0.000136
a            |   0.400000 |   0.399998 |   0.000006
b            |   0.800000 |   0.799651 |   0.000437


Cluster 25: 1 similar solutions
Best solution (Error: 5.0e-6):
--------------------------------------------------
Variable     | True Value  | Estimated   | Rel. Error
-----------------------------------------------------
x1(t)        |   0.333000 |   0.333209 |   0.000628
x2(t)        |   0.667000 |   0.666761 |   0.000358
a            |   0.400000 |   0.400170 |   0.000426
b            |   0.800000 |   0.800025 |   0.000032


Cluster 26: 1 similar solutions
Best solution (Error: 4.0e-6):
--------------------------------------------------
Variable     | True Value  | Estimated   | Rel. Error
-----------------------------------------------------
x1(t)        |   0.333000 |   0.332974 |   0.000077
x2(t)        |   0.667000 |   0.667026 |   0.000038
a            |   0.400000 |   0.400020 |   0.000049
b            |   0.800000 |   0.799737 |   0.000329


Cluster 27: 1 similar solutions
Best solution (Error: 3.0e-6):
--------------------------------------------------
Variable     | True Value  | Estimated   | Rel. Error
-----------------------------------------------------
x1(t)        |   0.333000 |   0.333088 |   0.000264
x2(t)        |   0.667000 |   0.666830 |   0.000255
a            |   0.400000 |   0.400097 |   0.000243
b            |   0.800000 |   0.799928 |   0.000090


Best approximation error for simple: 3.0e-6

Best maximum relative error for simple (excluding ALL unidentifiable parameters): 0.000264
Best minimum relative error: 0.0
Best mean relative error: 0.000123
Best median relative error: 6.3e-5
Best maximum relative error: 0.000264
Best RMS relative error: 0.000172
SUCCESS
