Starting model: threesp_cubed
[ Info: Saved polynomial system to saved_systems/system_2025-07-28T15:46:03.284.jl
┌ Warning: Optimization did not converge. RetCode: MaxIters
└ @ ODEParameterEstimation ~/.julia/dev/ODEParameterEstimation/src/core/homotopy_continuation.jl:172
[ Info: Saved polynomial system to saved_systems/system_2025-07-28T15:46:06.938.jl
┌ Warning: Optimization did not converge. RetCode: MaxIters
└ @ ODEParameterEstimation ~/.julia/dev/ODEParameterEstimation/src/core/homotopy_continuation.jl:172
[ Info: Saved polynomial system to saved_systems/system_2025-07-28T15:46:07.887.jl
┌ Warning: Optimization did not converge. RetCode: MaxIters
└ @ ODEParameterEstimation ~/.julia/dev/ODEParameterEstimation/src/core/homotopy_continuation.jl:172
[ Info: Saved polynomial system to saved_systems/system_2025-07-28T15:46:08.965.jl
┌ Warning: Optimization did not converge. RetCode: MaxIters
└ @ ODEParameterEstimation ~/.julia/dev/ODEParameterEstimation/src/core/homotopy_continuation.jl:172
[ Info: Saved polynomial system to saved_systems/system_2025-07-28T15:46:10.679.jl
┌ Warning: Optimization did not converge. RetCode: MaxIters
└ @ ODEParameterEstimation ~/.julia/dev/ODEParameterEstimation/src/core/homotopy_continuation.jl:172
[ Info: Saved polynomial system to saved_systems/system_2025-07-28T15:46:11.947.jl
┌ Warning: Optimization did not converge. RetCode: MaxIters
└ @ ODEParameterEstimation ~/.julia/dev/ODEParameterEstimation/src/core/homotopy_continuation.jl:172
[ Info: Saved polynomial system to saved_systems/system_2025-07-28T15:46:13.316.jl
┌ Warning: Optimization did not converge. RetCode: MaxIters
└ @ ODEParameterEstimation ~/.julia/dev/ODEParameterEstimation/src/core/homotopy_continuation.jl:172
[ Info: Saved polynomial system to saved_systems/system_2025-07-28T15:46:14.592.jl
┌ Warning: Optimization did not converge. RetCode: MaxIters
└ @ ODEParameterEstimation ~/.julia/dev/ODEParameterEstimation/src/core/homotopy_continuation.jl:172
[ Info: Saved polynomial system to saved_systems/system_2025-07-28T15:46:16.060.jl
┌ Warning: Optimization did not converge. RetCode: MaxIters
└ @ ODEParameterEstimation ~/.julia/dev/ODEParameterEstimation/src/core/homotopy_continuation.jl:172
[ Info: Saved polynomial system to saved_systems/system_2025-07-28T15:46:17.445.jl
┌ Warning: Optimization did not converge. RetCode: MaxIters
└ @ ODEParameterEstimation ~/.julia/dev/ODEParameterEstimation/src/core/homotopy_continuation.jl:172
┌ Warning: No solutions found after 10 attempts
└ @ ODEParameterEstimation ~/.julia/dev/ODEParameterEstimation/src/core/multipoint_estimation.jl:88
[ Info: Saved polynomial system to saved_systems/system_2025-07-28T15:46:18.941.jl
┌ Warning: Optimization did not converge. RetCode: MaxIters
└ @ ODEParameterEstimation ~/.julia/dev/ODEParameterEstimation/src/core/homotopy_continuation.jl:172
[ Info: Saved polynomial system to saved_systems/system_2025-07-28T15:46:20.497.jl
┌ Warning: Optimization did not converge. RetCode: MaxIters
└ @ ODEParameterEstimation ~/.julia/dev/ODEParameterEstimation/src/core/homotopy_continuation.jl:172
[ Info: Saved polynomial system to saved_systems/system_2025-07-28T15:46:21.669.jl
┌ Warning: Optimization did not converge. RetCode: MaxIters
└ @ ODEParameterEstimation ~/.julia/dev/ODEParameterEstimation/src/core/homotopy_continuation.jl:172
[ Info: Saved polynomial system to saved_systems/system_2025-07-28T15:46:23.368.jl
┌ Warning: Optimization did not converge. RetCode: MaxIters
└ @ ODEParameterEstimation ~/.julia/dev/ODEParameterEstimation/src/core/homotopy_continuation.jl:172
[ Info: Saved polynomial system to saved_systems/system_2025-07-28T15:46:24.735.jl
┌ Warning: Optimization did not converge. RetCode: MaxIters
└ @ ODEParameterEstimation ~/.julia/dev/ODEParameterEstimation/src/core/homotopy_continuation.jl:172
[ Info: Saved polynomial system to saved_systems/system_2025-07-28T15:46:26.016.jl
Optimization improved residual by 46.531225611616414 (from 46.531260483032554 to 3.487141613786902e-5)
[ Info: Saved polynomial system to saved_systems/system_2025-07-28T15:46:28.008.jl
┌ Warning: Optimization did not converge. RetCode: MaxIters
└ @ ODEParameterEstimation ~/.julia/dev/ODEParameterEstimation/src/core/homotopy_continuation.jl:172
[ Info: Saved polynomial system to saved_systems/system_2025-07-28T15:46:29.319.jl
┌ Warning: Optimization did not converge. RetCode: MaxIters
└ @ ODEParameterEstimation ~/.julia/dev/ODEParameterEstimation/src/core/homotopy_continuation.jl:172
[ Info: Saved polynomial system to saved_systems/system_2025-07-28T15:46:30.554.jl
┌ Warning: Optimization did not converge. RetCode: MaxIters
└ @ ODEParameterEstimation ~/.julia/dev/ODEParameterEstimation/src/core/homotopy_continuation.jl:172
[ Info: Saved polynomial system to saved_systems/system_2025-07-28T15:46:31.470.jl
┌ Warning: Optimization did not converge. RetCode: MaxIters
└ @ ODEParameterEstimation ~/.julia/dev/ODEParameterEstimation/src/core/homotopy_continuation.jl:172
[ Info: Saved polynomial system to saved_systems/system_2025-07-28T15:46:33.152.jl
┌ Warning: Optimization did not converge. RetCode: MaxIters
└ @ ODEParameterEstimation ~/.julia/dev/ODEParameterEstimation/src/core/homotopy_continuation.jl:172
[ Info: Saved polynomial system to saved_systems/system_2025-07-28T15:46:34.588.jl
┌ Warning: Optimization did not converge. RetCode: MaxIters
└ @ ODEParameterEstimation ~/.julia/dev/ODEParameterEstimation/src/core/homotopy_continuation.jl:172
[ Info: Saved polynomial system to saved_systems/system_2025-07-28T15:46:35.827.jl
┌ Warning: Optimization did not converge. RetCode: MaxIters
└ @ ODEParameterEstimation ~/.julia/dev/ODEParameterEstimation/src/core/homotopy_continuation.jl:172
[ Info: Saved polynomial system to saved_systems/system_2025-07-28T15:46:37.521.jl
┌ Warning: Optimization did not converge. RetCode: MaxIters
└ @ ODEParameterEstimation ~/.julia/dev/ODEParameterEstimation/src/core/homotopy_continuation.jl:172
[ Info: Saved polynomial system to saved_systems/system_2025-07-28T15:46:41.260.jl
┌ Warning: Optimization did not converge. RetCode: MaxIters
└ @ ODEParameterEstimation ~/.julia/dev/ODEParameterEstimation/src/core/homotopy_continuation.jl:172
[ Info: Saved polynomial system to saved_systems/system_2025-07-28T15:46:42.524.jl
Optimization improved residual by 33.48320085250835 (from 33.48341621016658 to 0.00021535765823171263)
[ Info: Saved polynomial system to saved_systems/system_2025-07-28T15:46:43.830.jl
Optimization improved residual by 28.82623174206411 (from 28.826242224109347 to 1.048204523857533e-5)
[ Info: Saved polynomial system to saved_systems/system_2025-07-28T15:46:45.537.jl
Optimization improved residual by 22.1381441448299 (from 22.13830264352615 to 0.00015849869624760148)
[ Info: Saved polynomial system to saved_systems/system_2025-07-28T15:46:47.275.jl
┌ Warning: Optimization did not converge. RetCode: MaxIters
└ @ ODEParameterEstimation ~/.julia/dev/ODEParameterEstimation/src/core/homotopy_continuation.jl:172
[ Info: Saved polynomial system to saved_systems/system_2025-07-28T15:46:48.596.jl
┌ Warning: Optimization did not converge. RetCode: MaxIters
└ @ ODEParameterEstimation ~/.julia/dev/ODEParameterEstimation/src/core/homotopy_continuation.jl:172
[ Info: Saved polynomial system to saved_systems/system_2025-07-28T15:46:50.310.jl
Optimization improved residual by 18.14872861646793 (from 18.148766215302793 to 3.759883486318156e-5)
[ Info: Saved polynomial system to saved_systems/system_2025-07-28T15:46:52.274.jl
┌ Warning: Optimization did not converge. RetCode: MaxIters
└ @ ODEParameterEstimation ~/.julia/dev/ODEParameterEstimation/src/core/homotopy_continuation.jl:172
[ Info: Saved polynomial system to saved_systems/system_2025-07-28T15:46:54.350.jl
┌ Warning: Optimization did not converge. RetCode: MaxIters
└ @ ODEParameterEstimation ~/.julia/dev/ODEParameterEstimation/src/core/homotopy_continuation.jl:172
[ Info: Saved polynomial system to saved_systems/system_2025-07-28T15:46:56.630.jl
Optimization improved residual by 13.735329348695167 (from 13.735343967794503 to 1.4619099335711808e-5)
[ Info: Saved polynomial system to saved_systems/system_2025-07-28T15:46:58.259.jl
┌ Warning: Optimization did not converge. RetCode: MaxIters
└ @ ODEParameterEstimation ~/.julia/dev/ODEParameterEstimation/src/core/homotopy_continuation.jl:172
[ Info: Saved polynomial system to saved_systems/system_2025-07-28T15:46:59.833.jl
┌ Warning: Optimization did not converge. RetCode: MaxIters
└ @ ODEParameterEstimation ~/.julia/dev/ODEParameterEstimation/src/core/homotopy_continuation.jl:172
[ Info: Saved polynomial system to saved_systems/system_2025-07-28T15:47:01.208.jl
┌ Warning: Optimization did not converge. RetCode: MaxIters
└ @ ODEParameterEstimation ~/.julia/dev/ODEParameterEstimation/src/core/homotopy_continuation.jl:172
[ Info: Saved polynomial system to saved_systems/system_2025-07-28T15:47:02.956.jl
┌ Warning: Optimization did not converge. RetCode: MaxIters
└ @ ODEParameterEstimation ~/.julia/dev/ODEParameterEstimation/src/core/homotopy_continuation.jl:172
[ Info: Saved polynomial system to saved_systems/system_2025-07-28T15:47:04.797.jl
┌ Warning: Optimization did not converge. RetCode: MaxIters
└ @ ODEParameterEstimation ~/.julia/dev/ODEParameterEstimation/src/core/homotopy_continuation.jl:172
[ Info: Saved polynomial system to saved_systems/system_2025-07-28T15:47:06.513.jl
Optimization improved residual by 9.76821056203676 (from 9.76863376668868 to 0.0004232046519201332)
[ Info: Saved polynomial system to saved_systems/system_2025-07-28T15:47:08.109.jl
┌ Warning: Optimization did not converge. RetCode: MaxIters
└ @ ODEParameterEstimation ~/.julia/dev/ODEParameterEstimation/src/core/homotopy_continuation.jl:172
[ Info: Saved polynomial system to saved_systems/system_2025-07-28T15:47:09.886.jl
┌ Warning: Optimization did not converge. RetCode: MaxIters
└ @ ODEParameterEstimation ~/.julia/dev/ODEParameterEstimation/src/core/homotopy_continuation.jl:172
[ Info: Saved polynomial system to saved_systems/system_2025-07-28T15:47:11.293.jl
┌ Warning: Optimization did not converge. RetCode: MaxIters
└ @ ODEParameterEstimation ~/.julia/dev/ODEParameterEstimation/src/core/homotopy_continuation.jl:172
[ Info: Saved polynomial system to saved_systems/system_2025-07-28T15:47:12.608.jl
┌ Warning: Optimization did not converge. RetCode: MaxIters
└ @ ODEParameterEstimation ~/.julia/dev/ODEParameterEstimation/src/core/homotopy_continuation.jl:172
[ Info: Saved polynomial system to saved_systems/system_2025-07-28T15:47:16.302.jl
┌ Warning: Optimization did not converge. RetCode: MaxIters
└ @ ODEParameterEstimation ~/.julia/dev/ODEParameterEstimation/src/core/homotopy_continuation.jl:172
[ Info: Saved polynomial system to saved_systems/system_2025-07-28T15:47:17.474.jl
┌ Warning: Optimization did not converge. RetCode: MaxIters
└ @ ODEParameterEstimation ~/.julia/dev/ODEParameterEstimation/src/core/homotopy_continuation.jl:172
[ Info: Saved polynomial system to saved_systems/system_2025-07-28T15:47:18.644.jl
┌ Warning: Optimization did not converge. RetCode: MaxIters
└ @ ODEParameterEstimation ~/.julia/dev/ODEParameterEstimation/src/core/homotopy_continuation.jl:172
[ Info: Saved polynomial system to saved_systems/system_2025-07-28T15:47:19.831.jl
┌ Warning: Optimization did not converge. RetCode: MaxIters
└ @ ODEParameterEstimation ~/.julia/dev/ODEParameterEstimation/src/core/homotopy_continuation.jl:172
[ Info: Saved polynomial system to saved_systems/system_2025-07-28T15:47:21.245.jl
┌ Warning: Optimization did not converge. RetCode: MaxIters
└ @ ODEParameterEstimation ~/.julia/dev/ODEParameterEstimation/src/core/homotopy_continuation.jl:172
[ Info: Saved polynomial system to saved_systems/system_2025-07-28T15:47:22.778.jl
┌ Warning: Optimization did not converge. RetCode: MaxIters
└ @ ODEParameterEstimation ~/.julia/dev/ODEParameterEstimation/src/core/homotopy_continuation.jl:172
┌ Warning: No solutions found after 10 attempts
└ @ ODEParameterEstimation ~/.julia/dev/ODEParameterEstimation/src/core/multipoint_estimation.jl:88
[ Info: Saved polynomial system to saved_systems/system_2025-07-28T15:47:22.971.jl
┌ Warning: Optimization did not converge. RetCode: MaxIters
└ @ ODEParameterEstimation ~/.julia/dev/ODEParameterEstimation/src/core/homotopy_continuation.jl:172
[ Info: Saved polynomial system to saved_systems/system_2025-07-28T15:47:23.153.jl
┌ Warning: Optimization did not converge. RetCode: MaxIters
└ @ ODEParameterEstimation ~/.julia/dev/ODEParameterEstimation/src/core/homotopy_continuation.jl:172
[ Info: Saved polynomial system to saved_systems/system_2025-07-28T15:47:23.365.jl
┌ Warning: Optimization did not converge. RetCode: MaxIters
└ @ ODEParameterEstimation ~/.julia/dev/ODEParameterEstimation/src/core/homotopy_continuation.jl:172
[ Info: Saved polynomial system to saved_systems/system_2025-07-28T15:47:23.632.jl
┌ Warning: Optimization did not converge. RetCode: MaxIters
└ @ ODEParameterEstimation ~/.julia/dev/ODEParameterEstimation/src/core/homotopy_continuation.jl:172
[ Info: Saved polynomial system to saved_systems/system_2025-07-28T15:47:23.853.jl
Optimization improved residual by 60.75578221604295 (from 60.75581818719857 to 3.597115562010779e-5)
[ Info: Saved polynomial system to saved_systems/system_2025-07-28T15:47:24.411.jl
┌ Warning: Optimization did not converge. RetCode: MaxIters
└ @ ODEParameterEstimation ~/.julia/dev/ODEParameterEstimation/src/core/homotopy_continuation.jl:172
[ Info: Saved polynomial system to saved_systems/system_2025-07-28T15:47:24.660.jl
┌ Warning: Optimization did not converge. RetCode: MaxIters
└ @ ODEParameterEstimation ~/.julia/dev/ODEParameterEstimation/src/core/homotopy_continuation.jl:172
[ Info: Saved polynomial system to saved_systems/system_2025-07-28T15:47:24.946.jl
┌ Warning: Optimization did not converge. RetCode: MaxIters
└ @ ODEParameterEstimation ~/.julia/dev/ODEParameterEstimation/src/core/homotopy_continuation.jl:172
[ Info: Saved polynomial system to saved_systems/system_2025-07-28T15:47:25.188.jl
Optimization improved residual by 46.59939194652826 (from 46.60037485132193 to 0.0009829047936704978)
[ Info: Saved polynomial system to saved_systems/system_2025-07-28T15:47:25.870.jl
┌ Warning: Optimization did not converge. RetCode: MaxIters
└ @ ODEParameterEstimation ~/.julia/dev/ODEParameterEstimation/src/core/homotopy_continuation.jl:172
[ Info: Saved polynomial system to saved_systems/system_2025-07-28T15:47:26.118.jl
┌ Warning: Optimization did not converge. RetCode: MaxIters
└ @ ODEParameterEstimation ~/.julia/dev/ODEParameterEstimation/src/core/homotopy_continuation.jl:172
[ Info: Saved polynomial system to saved_systems/system_2025-07-28T15:47:26.376.jl
┌ Warning: Optimization did not converge. RetCode: MaxIters
└ @ ODEParameterEstimation ~/.julia/dev/ODEParameterEstimation/src/core/homotopy_continuation.jl:172
[ Info: Saved polynomial system to saved_systems/system_2025-07-28T15:47:26.556.jl
┌ Warning: Optimization did not converge. RetCode: MaxIters
└ @ ODEParameterEstimation ~/.julia/dev/ODEParameterEstimation/src/core/homotopy_continuation.jl:172
[ Info: Saved polynomial system to saved_systems/system_2025-07-28T15:47:26.753.jl
Optimization improved residual by 35.44011289738892 (from 35.44056485143582 to 0.0004519540469025967)
[ Info: Saved polynomial system to saved_systems/system_2025-07-28T15:47:27.252.jl
┌ Warning: Optimization did not converge. RetCode: MaxIters
└ @ ODEParameterEstimation ~/.julia/dev/ODEParameterEstimation/src/core/homotopy_continuation.jl:172
[ Info: Saved polynomial system to saved_systems/system_2025-07-28T15:47:27.395.jl
┌ Warning: Optimization did not converge. RetCode: MaxIters
└ @ ODEParameterEstimation ~/.julia/dev/ODEParameterEstimation/src/core/homotopy_continuation.jl:172
[ Info: Saved polynomial system to saved_systems/system_2025-07-28T15:47:27.547.jl
Optimization improved residual by 31.162456171305884 (from 31.162502574833784 to 4.64035278999348e-5)
[ Info: Saved polynomial system to saved_systems/system_2025-07-28T15:47:28.096.jl
┌ Warning: Optimization did not converge. RetCode: MaxIters
└ @ ODEParameterEstimation ~/.julia/dev/ODEParameterEstimation/src/core/homotopy_continuation.jl:172
[ Info: Saved polynomial system to saved_systems/system_2025-07-28T15:47:28.342.jl
┌ Warning: Optimization did not converge. RetCode: MaxIters
└ @ ODEParameterEstimation ~/.julia/dev/ODEParameterEstimation/src/core/homotopy_continuation.jl:172
[ Info: Saved polynomial system to saved_systems/system_2025-07-28T15:47:28.525.jl
┌ Warning: Optimization did not converge. RetCode: MaxIters
└ @ ODEParameterEstimation ~/.julia/dev/ODEParameterEstimation/src/core/homotopy_continuation.jl:172
[ Info: Saved polynomial system to saved_systems/system_2025-07-28T15:47:28.774.jl
┌ Warning: Optimization did not converge. RetCode: MaxIters
└ @ ODEParameterEstimation ~/.julia/dev/ODEParameterEstimation/src/core/homotopy_continuation.jl:172
[ Info: Saved polynomial system to saved_systems/system_2025-07-28T15:47:29.011.jl
Optimization improved residual by 22.416768427349897 (from 22.41689629373724 to 0.0001278663873413591)
[ Info: Saved polynomial system to saved_systems/system_2025-07-28T15:47:29.583.jl
┌ Warning: Optimization did not converge. RetCode: MaxIters
└ @ ODEParameterEstimation ~/.julia/dev/ODEParameterEstimation/src/core/homotopy_continuation.jl:172
[ Info: Saved polynomial system to saved_systems/system_2025-07-28T15:47:29.708.jl
┌ Warning: Optimization did not converge. RetCode: MaxIters
└ @ ODEParameterEstimation ~/.julia/dev/ODEParameterEstimation/src/core/homotopy_continuation.jl:172
[ Info: Saved polynomial system to saved_systems/system_2025-07-28T15:47:29.921.jl
Optimization improved residual by 18.091254893100608 (from 18.091435762833896 to 0.00018086973328738072)
[ Info: Saved polynomial system to saved_systems/system_2025-07-28T15:47:30.347.jl
┌ Warning: Optimization did not converge. RetCode: MaxIters
└ @ ODEParameterEstimation ~/.julia/dev/ODEParameterEstimation/src/core/homotopy_continuation.jl:172
[ Info: Saved polynomial system to saved_systems/system_2025-07-28T15:47:30.598.jl
┌ Warning: Optimization did not converge. RetCode: MaxIters
└ @ ODEParameterEstimation ~/.julia/dev/ODEParameterEstimation/src/core/homotopy_continuation.jl:172
[ Info: Saved polynomial system to saved_systems/system_2025-07-28T15:47:30.785.jl
┌ Warning: Optimization did not converge. RetCode: MaxIters
└ @ ODEParameterEstimation ~/.julia/dev/ODEParameterEstimation/src/core/homotopy_continuation.jl:172
[ Info: Saved polynomial system to saved_systems/system_2025-07-28T15:47:30.990.jl
Optimization improved residual by 13.694640812031917 (from 13.695450769948273 to 0.0008099579163568238)
[ Info: Saved polynomial system to saved_systems/system_2025-07-28T15:47:31.497.jl
┌ Warning: Optimization did not converge. RetCode: MaxIters
└ @ ODEParameterEstimation ~/.julia/dev/ODEParameterEstimation/src/core/homotopy_continuation.jl:172
[ Info: Saved polynomial system to saved_systems/system_2025-07-28T15:47:31.674.jl
┌ Warning: Optimization did not converge. RetCode: MaxIters
└ @ ODEParameterEstimation ~/.julia/dev/ODEParameterEstimation/src/core/homotopy_continuation.jl:172
[ Info: Saved polynomial system to saved_systems/system_2025-07-28T15:47:31.869.jl
┌ Warning: Optimization did not converge. RetCode: MaxIters
└ @ ODEParameterEstimation ~/.julia/dev/ODEParameterEstimation/src/core/homotopy_continuation.jl:172
[ Info: Saved polynomial system to saved_systems/system_2025-07-28T15:47:32.064.jl
Optimization improved residual by 11.030481792665547 (from 11.030987287034781 to 0.000505494369234516)
[ Info: Saved polynomial system to saved_systems/system_2025-07-28T15:47:32.559.jl
┌ Warning: Optimization did not converge. RetCode: MaxIters
└ @ ODEParameterEstimation ~/.julia/dev/ODEParameterEstimation/src/core/homotopy_continuation.jl:172
[ Info: Saved polynomial system to saved_systems/system_2025-07-28T15:47:32.766.jl
┌ Warning: Optimization did not converge. RetCode: MaxIters
└ @ ODEParameterEstimation ~/.julia/dev/ODEParameterEstimation/src/core/homotopy_continuation.jl:172
[ Info: Saved polynomial system to saved_systems/system_2025-07-28T15:47:32.958.jl
┌ Warning: Optimization did not converge. RetCode: MaxIters
└ @ ODEParameterEstimation ~/.julia/dev/ODEParameterEstimation/src/core/homotopy_continuation.jl:172
[ Info: Saved polynomial system to saved_systems/system_2025-07-28T15:47:33.218.jl
┌ Warning: Optimization did not converge. RetCode: MaxIters
└ @ ODEParameterEstimation ~/.julia/dev/ODEParameterEstimation/src/core/homotopy_continuation.jl:172
[ Info: Saved polynomial system to saved_systems/system_2025-07-28T15:47:33.500.jl
Optimization improved residual by 38.26911327518151 (from 38.269611339347115 to 0.0004980641656072274)
[ Info: Saved polynomial system to saved_systems/system_2025-07-28T15:47:35.307.jl
┌ Warning: Optimization did not converge. RetCode: MaxIters
└ @ ODEParameterEstimation ~/.julia/dev/ODEParameterEstimation/src/core/homotopy_continuation.jl:172
[ Info: Saved polynomial system to saved_systems/system_2025-07-28T15:47:36.930.jl
┌ Warning: Optimization did not converge. RetCode: MaxIters
└ @ ODEParameterEstimation ~/.julia/dev/ODEParameterEstimation/src/core/homotopy_continuation.jl:172
[ Info: Saved polynomial system to saved_systems/system_2025-07-28T15:47:38.918.jl
┌ Warning: Optimization did not converge. RetCode: MaxIters
└ @ ODEParameterEstimation ~/.julia/dev/ODEParameterEstimation/src/core/homotopy_continuation.jl:172
[ Info: Saved polynomial system to saved_systems/system_2025-07-28T15:47:40.667.jl
┌ Warning: Optimization did not converge. RetCode: MaxIters
└ @ ODEParameterEstimation ~/.julia/dev/ODEParameterEstimation/src/core/homotopy_continuation.jl:172
[ Info: Saved polynomial system to saved_systems/system_2025-07-28T15:47:42.668.jl
┌ Warning: Optimization did not converge. RetCode: MaxIters
└ @ ODEParameterEstimation ~/.julia/dev/ODEParameterEstimation/src/core/homotopy_continuation.jl:172
[ Info: Saved polynomial system to saved_systems/system_2025-07-28T15:47:44.833.jl
┌ Warning: Optimization did not converge. RetCode: MaxIters
└ @ ODEParameterEstimation ~/.julia/dev/ODEParameterEstimation/src/core/homotopy_continuation.jl:172
[ Info: Saved polynomial system to saved_systems/system_2025-07-28T15:47:46.766.jl
Optimization improved residual by 58.950962342494115 (from 58.95121200407401 to 0.00024966157989437154)
[ Info: Saved polynomial system to saved_systems/system_2025-07-28T15:47:51.856.jl
┌ Warning: Optimization did not converge. RetCode: MaxIters
└ @ ODEParameterEstimation ~/.julia/dev/ODEParameterEstimation/src/core/homotopy_continuation.jl:172
[ Info: Saved polynomial system to saved_systems/system_2025-07-28T15:47:53.426.jl
┌ Warning: Optimization did not converge. RetCode: MaxIters
└ @ ODEParameterEstimation ~/.julia/dev/ODEParameterEstimation/src/core/homotopy_continuation.jl:172
[ Info: Saved polynomial system to saved_systems/system_2025-07-28T15:47:55.452.jl
┌ Warning: Optimization did not converge. RetCode: MaxIters
└ @ ODEParameterEstimation ~/.julia/dev/ODEParameterEstimation/src/core/homotopy_continuation.jl:172
[ Info: Saved polynomial system to saved_systems/system_2025-07-28T15:47:57.341.jl
┌ Warning: Optimization did not converge. RetCode: MaxIters
└ @ ODEParameterEstimation ~/.julia/dev/ODEParameterEstimation/src/core/homotopy_continuation.jl:172
[ Info: Saved polynomial system to saved_systems/system_2025-07-28T15:47:58.654.jl
┌ Warning: Optimization did not converge. RetCode: MaxIters
└ @ ODEParameterEstimation ~/.julia/dev/ODEParameterEstimation/src/core/homotopy_continuation.jl:172
[ Info: Saved polynomial system to saved_systems/system_2025-07-28T15:48:01.020.jl
┌ Warning: Optimization did not converge. RetCode: MaxIters
└ @ ODEParameterEstimation ~/.julia/dev/ODEParameterEstimation/src/core/homotopy_continuation.jl:172
[ Info: Saved polynomial system to saved_systems/system_2025-07-28T15:48:02.599.jl
┌ Warning: Optimization did not converge. RetCode: MaxIters
└ @ ODEParameterEstimation ~/.julia/dev/ODEParameterEstimation/src/core/homotopy_continuation.jl:172
[ Info: Saved polynomial system to saved_systems/system_2025-07-28T15:48:04.600.jl
┌ Warning: Optimization did not converge. RetCode: MaxIters
└ @ ODEParameterEstimation ~/.julia/dev/ODEParameterEstimation/src/core/homotopy_continuation.jl:172
[ Info: Saved polynomial system to saved_systems/system_2025-07-28T15:48:07.132.jl
┌ Warning: Optimization did not converge. RetCode: MaxIters
└ @ ODEParameterEstimation ~/.julia/dev/ODEParameterEstimation/src/core/homotopy_continuation.jl:172
[ Info: Saved polynomial system to saved_systems/system_2025-07-28T15:48:09.748.jl
┌ Warning: Optimization did not converge. RetCode: MaxIters
└ @ ODEParameterEstimation ~/.julia/dev/ODEParameterEstimation/src/core/homotopy_continuation.jl:172
┌ Warning: No solutions found after 10 attempts
└ @ ODEParameterEstimation ~/.julia/dev/ODEParameterEstimation/src/core/multipoint_estimation.jl:88
[ Info: Saved polynomial system to saved_systems/system_2025-07-28T15:48:11.947.jl
┌ Warning: Optimization did not converge. RetCode: MaxIters
└ @ ODEParameterEstimation ~/.julia/dev/ODEParameterEstimation/src/core/homotopy_continuation.jl:172
[ Info: Saved polynomial system to saved_systems/system_2025-07-28T15:48:15.734.jl
┌ Warning: Optimization did not converge. RetCode: MaxIters
└ @ ODEParameterEstimation ~/.julia/dev/ODEParameterEstimation/src/core/homotopy_continuation.jl:172
[ Info: Saved polynomial system to saved_systems/system_2025-07-28T15:48:18.643.jl
┌ Warning: Optimization did not converge. RetCode: MaxIters
└ @ ODEParameterEstimation ~/.julia/dev/ODEParameterEstimation/src/core/homotopy_continuation.jl:172
[ Info: Saved polynomial system to saved_systems/system_2025-07-28T15:48:20.886.jl
┌ Warning: Optimization did not converge. RetCode: MaxIters
└ @ ODEParameterEstimation ~/.julia/dev/ODEParameterEstimation/src/core/homotopy_continuation.jl:172
[ Info: Saved polynomial system to saved_systems/system_2025-07-28T15:48:22.754.jl
Optimization improved residual by 44.81376725072449 (from 44.81379899944172 to 3.174871723639586e-5)
[ Info: Saved polynomial system to saved_systems/system_2025-07-28T15:48:27.578.jl
┌ Warning: Optimization did not converge. RetCode: MaxIters
└ @ ODEParameterEstimation ~/.julia/dev/ODEParameterEstimation/src/core/homotopy_continuation.jl:172
[ Info: Saved polynomial system to saved_systems/system_2025-07-28T15:48:29.747.jl
┌ Warning: Optimization did not converge. RetCode: MaxIters
└ @ ODEParameterEstimation ~/.julia/dev/ODEParameterEstimation/src/core/homotopy_continuation.jl:172
[ Info: Saved polynomial system to saved_systems/system_2025-07-28T15:48:31.860.jl
┌ Warning: Optimization did not converge. RetCode: MaxIters
└ @ ODEParameterEstimation ~/.julia/dev/ODEParameterEstimation/src/core/homotopy_continuation.jl:172
[ Info: Saved polynomial system to saved_systems/system_2025-07-28T15:48:33.617.jl
┌ Warning: Optimization did not converge. RetCode: MaxIters
└ @ ODEParameterEstimation ~/.julia/dev/ODEParameterEstimation/src/core/homotopy_continuation.jl:172
[ Info: Saved polynomial system to saved_systems/system_2025-07-28T15:48:35.900.jl
┌ Warning: Optimization did not converge. RetCode: MaxIters
└ @ ODEParameterEstimation ~/.julia/dev/ODEParameterEstimation/src/core/homotopy_continuation.jl:172
[ Info: Saved polynomial system to saved_systems/system_2025-07-28T15:48:38.185.jl
┌ Warning: Optimization did not converge. RetCode: MaxIters
└ @ ODEParameterEstimation ~/.julia/dev/ODEParameterEstimation/src/core/homotopy_continuation.jl:172
[ Info: Saved polynomial system to saved_systems/system_2025-07-28T15:48:39.996.jl
┌ Warning: Optimization did not converge. RetCode: MaxIters
└ @ ODEParameterEstimation ~/.julia/dev/ODEParameterEstimation/src/core/homotopy_continuation.jl:172
[ Info: Saved polynomial system to saved_systems/system_2025-07-28T15:48:42.056.jl
┌ Warning: Optimization did not converge. RetCode: MaxIters
└ @ ODEParameterEstimation ~/.julia/dev/ODEParameterEstimation/src/core/homotopy_continuation.jl:172
[ Info: Saved polynomial system to saved_systems/system_2025-07-28T15:48:44.152.jl
┌ Warning: Optimization did not converge. RetCode: MaxIters
└ @ ODEParameterEstimation ~/.julia/dev/ODEParameterEstimation/src/core/homotopy_continuation.jl:172
[ Info: Saved polynomial system to saved_systems/system_2025-07-28T15:48:46.128.jl
Optimization improved residual by 26.25880313008105 (from 26.25897761894965 to 0.00017448886860125745)
[ Info: Saved polynomial system to saved_systems/system_2025-07-28T15:48:48.549.jl
┌ Warning: Optimization did not converge. RetCode: MaxIters
└ @ ODEParameterEstimation ~/.julia/dev/ODEParameterEstimation/src/core/homotopy_continuation.jl:172
[ Info: Saved polynomial system to saved_systems/system_2025-07-28T15:48:50.975.jl
┌ Warning: Optimization did not converge. RetCode: MaxIters
└ @ ODEParameterEstimation ~/.julia/dev/ODEParameterEstimation/src/core/homotopy_continuation.jl:172
[ Info: Saved polynomial system to saved_systems/system_2025-07-28T15:48:52.987.jl
┌ Warning: Optimization did not converge. RetCode: MaxIters
└ @ ODEParameterEstimation ~/.julia/dev/ODEParameterEstimation/src/core/homotopy_continuation.jl:172
[ Info: Saved polynomial system to saved_systems/system_2025-07-28T15:48:54.995.jl
┌ Warning: Optimization did not converge. RetCode: MaxIters
└ @ ODEParameterEstimation ~/.julia/dev/ODEParameterEstimation/src/core/homotopy_continuation.jl:172
[ Info: Saved polynomial system to saved_systems/system_2025-07-28T15:48:56.686.jl
┌ Warning: Optimization did not converge. RetCode: MaxIters
└ @ ODEParameterEstimation ~/.julia/dev/ODEParameterEstimation/src/core/homotopy_continuation.jl:172
[ Info: Saved polynomial system to saved_systems/system_2025-07-28T15:49:01.723.jl
┌ Warning: Optimization did not converge. RetCode: MaxIters
└ @ ODEParameterEstimation ~/.julia/dev/ODEParameterEstimation/src/core/homotopy_continuation.jl:172
[ Info: Saved polynomial system to saved_systems/system_2025-07-28T15:49:04.163.jl
┌ Warning: Optimization did not converge. RetCode: MaxIters
└ @ ODEParameterEstimation ~/.julia/dev/ODEParameterEstimation/src/core/homotopy_continuation.jl:172
[ Info: Saved polynomial system to saved_systems/system_2025-07-28T15:49:06.424.jl
┌ Warning: Optimization did not converge. RetCode: MaxIters
└ @ ODEParameterEstimation ~/.julia/dev/ODEParameterEstimation/src/core/homotopy_continuation.jl:172
[ Info: Saved polynomial system to saved_systems/system_2025-07-28T15:49:08.680.jl
┌ Warning: Optimization did not converge. RetCode: MaxIters
└ @ ODEParameterEstimation ~/.julia/dev/ODEParameterEstimation/src/core/homotopy_continuation.jl:172
[ Info: Saved polynomial system to saved_systems/system_2025-07-28T15:49:10.622.jl
┌ Warning: Optimization did not converge. RetCode: MaxIters
└ @ ODEParameterEstimation ~/.julia/dev/ODEParameterEstimation/src/core/homotopy_continuation.jl:172
┌ Warning: No solutions found after 10 attempts
└ @ ODEParameterEstimation ~/.julia/dev/ODEParameterEstimation/src/core/multipoint_estimation.jl:88
[ Info: Saved polynomial system to saved_systems/system_2025-07-28T15:49:13.345.jl
┌ Warning: Optimization did not converge. RetCode: MaxIters
└ @ ODEParameterEstimation ~/.julia/dev/ODEParameterEstimation/src/core/homotopy_continuation.jl:172
[ Info: Saved polynomial system to saved_systems/system_2025-07-28T15:49:15.163.jl
┌ Warning: Optimization did not converge. RetCode: MaxIters
└ @ ODEParameterEstimation ~/.julia/dev/ODEParameterEstimation/src/core/homotopy_continuation.jl:172
[ Info: Saved polynomial system to saved_systems/system_2025-07-28T15:49:17.365.jl
┌ Warning: Optimization did not converge. RetCode: MaxIters
└ @ ODEParameterEstimation ~/.julia/dev/ODEParameterEstimation/src/core/homotopy_continuation.jl:172
[ Info: Saved polynomial system to saved_systems/system_2025-07-28T15:49:19.507.jl
Optimization improved residual by 20.136849433647825 (from 20.13720980432615 to 0.00036037067832552785)
[ Info: Saved polynomial system to saved_systems/system_2025-07-28T15:49:21.575.jl
┌ Warning: Optimization did not converge. RetCode: MaxIters
└ @ ODEParameterEstimation ~/.julia/dev/ODEParameterEstimation/src/core/homotopy_continuation.jl:172
[ Info: Saved polynomial system to saved_systems/system_2025-07-28T15:49:24.290.jl
┌ Warning: Optimization did not converge. RetCode: MaxIters
└ @ ODEParameterEstimation ~/.julia/dev/ODEParameterEstimation/src/core/homotopy_continuation.jl:172
[ Info: Saved polynomial system to saved_systems/system_2025-07-28T15:49:26.980.jl
Optimization improved residual by 15.047124503208867 (from 15.047228037017577 to 0.00010353380871098158)
[ Info: Saved polynomial system to saved_systems/system_2025-07-28T15:49:30.680.jl
Optimization improved residual by 22.386747522004796 (from 22.38681405558892 to 6.653358412654249e-5)
[ Info: Saved polynomial system to saved_systems/system_2025-07-28T15:49:35.802.jl
Optimization improved residual by 9.976964276275615 (from 9.976982926990782 to 1.865071516796471e-5)

Unidentifiability Analysis from multipoint_parameter_estimation:
All unidentifiable variables: Set{Any}()
Unidentifiable variables substitution dictionary: Dict{Any, Any}()
Trivially solvable variables: Dict{Any, Any}()

=== Model: threesp_cubed ===

Found 14 distinct solution clusters:

Cluster 1: 1 similar solutions
Best solution (Error: 0.000362):
--------------------------------------------------
Variable     | True Value  | Estimated   | Rel. Error
-----------------------------------------------------
x1(t)        |   2.000000 |   1.999337 |   0.000331
x2(t)        |   3.000000 |   2.999498 |   0.000167
x3(t)        |   4.000000 |   3.999248 |   0.000188
a            |   0.100000 |   0.099929 |   0.000712
b            |   0.200000 |   0.199952 |   0.000240
c            |   0.300000 |   0.299928 |   0.000240


Cluster 2: 1 similar solutions
Best solution (Error: 0.000214):
--------------------------------------------------
Variable     | True Value  | Estimated   | Rel. Error
-----------------------------------------------------
x1(t)        |   2.000000 |   2.000049 |   0.000024
x2(t)        |   3.000000 |   2.999921 |   0.000026
x3(t)        |   4.000000 |   4.000579 |   0.000145
a            |   0.100000 |   0.099997 |   0.000026
b            |   0.200000 |   0.199978 |   0.000111
c            |   0.300000 |   0.300078 |   0.000260


Cluster 3: 1 similar solutions
Best solution (Error: 0.000205):
--------------------------------------------------
Variable     | True Value  | Estimated   | Rel. Error
-----------------------------------------------------
x1(t)        |   2.000000 |   2.000037 |   0.000019
x2(t)        |   3.000000 |   3.000027 |   0.000009
x3(t)        |   4.000000 |   4.000611 |   0.000153
a            |   0.100000 |   0.100004 |   0.000040
b            |   0.200000 |   0.200002 |   0.000012
c            |   0.300000 |   0.300098 |   0.000325


Cluster 4: 1 similar solutions
Best solution (Error: 0.000167):
--------------------------------------------------
Variable     | True Value  | Estimated   | Rel. Error
-----------------------------------------------------
x1(t)        |   2.000000 |   1.999719 |   0.000141
x2(t)        |   3.000000 |   3.000719 |   0.000240
x3(t)        |   4.000000 |   3.999956 |   0.000011
a            |   0.100000 |   0.099957 |   0.000427
b            |   0.200000 |   0.200155 |   0.000775
c            |   0.300000 |   0.300025 |   0.000082


Cluster 5: 1 similar solutions
Best solution (Error: 6.9e-5):
--------------------------------------------------
Variable     | True Value  | Estimated   | Rel. Error
-----------------------------------------------------
x1(t)        |   2.000000 |   2.000223 |   0.000111
x2(t)        |   3.000000 |   3.000132 |   0.000044
x3(t)        |   4.000000 |   4.000112 |   0.000028
a            |   0.100000 |   0.100025 |   0.000246
b            |   0.200000 |   0.200012 |   0.000058
c            |   0.300000 |   0.300002 |   0.000006


Cluster 6: 1 similar solutions
Best solution (Error: 6.8e-5):
--------------------------------------------------
Variable     | True Value  | Estimated   | Rel. Error
-----------------------------------------------------
x1(t)        |   2.000000 |   2.000163 |   0.000081
x2(t)        |   3.000000 |   3.000096 |   0.000032
x3(t)        |   4.000000 |   4.000156 |   0.000039
a            |   0.100000 |   0.100025 |   0.000254
b            |   0.200000 |   0.200014 |   0.000068
c            |   0.300000 |   0.300023 |   0.000078


Cluster 7: 1 similar solutions
Best solution (Error: 6.5e-5):
--------------------------------------------------
Variable     | True Value  | Estimated   | Rel. Error
-----------------------------------------------------
x1(t)        |   2.000000 |   2.000129 |   0.000064
x2(t)        |   3.000000 |   3.000061 |   0.000020
x3(t)        |   4.000000 |   4.000130 |   0.000032
a            |   0.100000 |   0.100063 |   0.000626
b            |   0.200000 |   0.200028 |   0.000142
c            |   0.300000 |   0.300067 |   0.000225


Cluster 8: 1 similar solutions
Best solution (Error: 5.6e-5):
--------------------------------------------------
Variable     | True Value  | Estimated   | Rel. Error
-----------------------------------------------------
x1(t)        |   2.000000 |   2.000179 |   0.000089
x2(t)        |   3.000000 |   3.000078 |   0.000026
x3(t)        |   4.000000 |   4.000131 |   0.000033
a            |   0.100000 |   0.100050 |   0.000497
b            |   0.200000 |   0.200020 |   0.000100
c            |   0.300000 |   0.300036 |   0.000119


Cluster 9: 1 similar solutions
Best solution (Error: 5.0e-5):
--------------------------------------------------
Variable     | True Value  | Estimated   | Rel. Error
-----------------------------------------------------
x1(t)        |   2.000000 |   1.999910 |   0.000045
x2(t)        |   3.000000 |   2.999916 |   0.000028
x3(t)        |   4.000000 |   3.999886 |   0.000029
a            |   0.100000 |   0.099980 |   0.000203
b            |   0.200000 |   0.199983 |   0.000084
c            |   0.300000 |   0.299977 |   0.000076


Cluster 10: 1 similar solutions
Best solution (Error: 3.7e-5):
--------------------------------------------------
Variable     | True Value  | Estimated   | Rel. Error
-----------------------------------------------------
x1(t)        |   2.000000 |   1.999915 |   0.000042
x2(t)        |   3.000000 |   2.999948 |   0.000017
x3(t)        |   4.000000 |   3.999923 |   0.000019
a            |   0.100000 |   0.099990 |   0.000097
b            |   0.200000 |   0.199995 |   0.000023
c            |   0.300000 |   0.299993 |   0.000022


Cluster 11: 3 similar solutions
Best solution (Error: 1.0e-5):
--------------------------------------------------
Variable     | True Value  | Estimated   | Rel. Error
-----------------------------------------------------
x1(t)        |   2.000000 |   2.000021 |   0.000010
x2(t)        |   3.000000 |   3.000015 |   0.000005
x3(t)        |   4.000000 |   4.000023 |   0.000006
a            |   0.100000 |   0.100003 |   0.000034
b            |   0.200000 |   0.200002 |   0.000011
c            |   0.300000 |   0.300004 |   0.000012


Cluster 12: 1 similar solutions
Best solution (Error: 2.4e-5):
--------------------------------------------------
Variable     | True Value  | Estimated   | Rel. Error
-----------------------------------------------------
x1(t)        |   2.000000 |   2.000044 |   0.000022
x2(t)        |   3.000000 |   3.000069 |   0.000023
x3(t)        |   4.000000 |   4.000039 |   0.000010
a            |   0.100000 |   0.100008 |   0.000076
b            |   0.200000 |   0.200019 |   0.000094
c            |   0.300000 |   0.300008 |   0.000027


Cluster 13: 2 similar solutions
Best solution (Error: 1.3e-5):
--------------------------------------------------
Variable     | True Value  | Estimated   | Rel. Error
-----------------------------------------------------
x1(t)        |   2.000000 |   2.000002 |   0.000001
x2(t)        |   3.000000 |   3.000004 |   0.000001
x3(t)        |   4.000000 |   4.000003 |   0.000001
a            |   0.100000 |   0.100004 |   0.000039
b            |   0.200000 |   0.200007 |   0.000037
c            |   0.300000 |   0.300008 |   0.000025


Cluster 14: 7 similar solutions
Best solution (Error: 1.0e-6):
--------------------------------------------------
Variable     | True Value  | Estimated   | Rel. Error
-----------------------------------------------------
x1(t)        |   2.000000 |   2.000000 |   0.000000
x2(t)        |   3.000000 |   3.000001 |   0.000000
x3(t)        |   4.000000 |   4.000000 |   0.000000
a            |   0.100000 |   0.100000 |   0.000001
b            |   0.200000 |   0.200001 |   0.000004
c            |   0.300000 |   0.300000 |   0.000000


Best approximation error for threesp_cubed: 1.0e-6

Best maximum relative error for threesp_cubed (excluding ALL unidentifiable parameters): 4.0e-6
Best minimum relative error: 0.0
Best mean relative error: 1.0e-6
Best median relative error: 0.0
Best maximum relative error: 4.0e-6
Best RMS relative error: 2.0e-6
SUCCESS
