Starting model: brusselator
[ Info: Saved polynomial system to saved_systems/system_2025-07-28T15:28:08.056.jl
Optimization improved residual by 2.6526351453607138 (from 2.652698553146164 to 6.340778545035903e-5)
[ Info: Saved polynomial system to saved_systems/system_2025-07-28T15:28:32.865.jl
Optimization improved residual by 12.561991553431271 (from 12.562259566631564 to 0.0002680132002925389)
[ Info: Saved polynomial system to saved_systems/system_2025-07-28T15:28:34.471.jl
┌ Warning: Optimization did not converge. RetCode: MaxIters
└ @ ODEParameterEstimation ~/.julia/dev/ODEParameterEstimation/src/core/homotopy_continuation.jl:172
[ Info: Saved polynomial system to saved_systems/system_2025-07-28T15:28:35.898.jl
┌ Warning: Optimization did not converge. RetCode: MaxIters
└ @ ODEParameterEstimation ~/.julia/dev/ODEParameterEstimation/src/core/homotopy_continuation.jl:172
[ Info: Saved polynomial system to saved_systems/system_2025-07-28T15:28:37.210.jl
┌ Warning: Optimization did not converge. RetCode: MaxIters
└ @ ODEParameterEstimation ~/.julia/dev/ODEParameterEstimation/src/core/homotopy_continuation.jl:172
[ Info: Saved polynomial system to saved_systems/system_2025-07-28T15:28:38.686.jl
┌ Warning: Optimization did not converge. RetCode: MaxIters
└ @ ODEParameterEstimation ~/.julia/dev/ODEParameterEstimation/src/core/homotopy_continuation.jl:172
[ Info: Saved polynomial system to saved_systems/system_2025-07-28T15:28:40.220.jl
┌ Warning: Optimization did not converge. RetCode: MaxIters
└ @ ODEParameterEstimation ~/.julia/dev/ODEParameterEstimation/src/core/homotopy_continuation.jl:172
[ Info: Saved polynomial system to saved_systems/system_2025-07-28T15:28:41.886.jl
┌ Warning: Optimization did not converge. RetCode: MaxIters
└ @ ODEParameterEstimation ~/.julia/dev/ODEParameterEstimation/src/core/homotopy_continuation.jl:172
[ Info: Saved polynomial system to saved_systems/system_2025-07-28T15:28:45.532.jl
┌ Warning: Optimization did not converge. RetCode: MaxIters
└ @ ODEParameterEstimation ~/.julia/dev/ODEParameterEstimation/src/core/homotopy_continuation.jl:172
[ Info: Saved polynomial system to saved_systems/system_2025-07-28T15:28:47.556.jl
┌ Warning: Optimization did not converge. RetCode: MaxIters
└ @ ODEParameterEstimation ~/.julia/dev/ODEParameterEstimation/src/core/homotopy_continuation.jl:172
[ Info: Saved polynomial system to saved_systems/system_2025-07-28T15:28:49.200.jl
Optimization improved residual by 10.236782210828897 (from 10.23690873492569 to 0.0001265240967926883)
┌ Warning: At t=0.04086736107792799, dt was forced below floating point epsilon -6.135926358677067e-18, and step error estimate = 1.2543532921389877. Aborting. There is either an error in your model specification or the true solution is unstable (or the true solution can not be represented in the precision of Float64).
└ @ SciMLBase ~/.julia/packages/SciMLBase/DbVzk/src/integrator_interface.jl:623
[ Info: Saved polynomial system to saved_systems/system_2025-07-28T15:28:50.580.jl
┌ Warning: Optimization did not converge. RetCode: MaxIters
└ @ ODEParameterEstimation ~/.julia/dev/ODEParameterEstimation/src/core/homotopy_continuation.jl:172
[ Info: Saved polynomial system to saved_systems/system_2025-07-28T15:28:52.133.jl
Optimization improved residual by 7.4023977387263 (from 7.402652819551978 to 0.0002550808256776352)
┌ Warning: At t=3.3108729475994534, dt was forced below floating point epsilon -3.8212678082456844e-16, and step error estimate = 1.7815443285626569. Aborting. There is either an error in your model specification or the true solution is unstable (or the true solution can not be represented in the precision of Float64).
└ @ SciMLBase ~/.julia/packages/SciMLBase/DbVzk/src/integrator_interface.jl:623
[ Info: Saved polynomial system to saved_systems/system_2025-07-28T15:28:53.600.jl
Optimization improved residual by 5.754195465151131 (from 5.754404408412934 to 0.00020894326180247028)
┌ Warning: At t=6.662598021070185, dt was forced below floating point epsilon -7.826241036245973e-16, and step error estimate = 1.3127582433350045. Aborting. There is either an error in your model specification or the true solution is unstable (or the true solution can not be represented in the precision of Float64).
└ @ SciMLBase ~/.julia/packages/SciMLBase/DbVzk/src/integrator_interface.jl:623
[ Info: Saved polynomial system to saved_systems/system_2025-07-28T15:28:54.890.jl
Optimization improved residual by 5.30811770689826 (from 5.308764220182939 to 0.0006465132846781404)
[ Info: Saved polynomial system to saved_systems/system_2025-07-28T15:28:56.117.jl
┌ Warning: Optimization did not converge. RetCode: MaxIters
└ @ ODEParameterEstimation ~/.julia/dev/ODEParameterEstimation/src/core/homotopy_continuation.jl:172
[ Info: Saved polynomial system to saved_systems/system_2025-07-28T15:28:57.539.jl
Optimization improved residual by 2.7102135012424298 (from 2.710903607879557 to 0.0006901066371273227)
┌ Warning: At t=9.19173403067196, dt was forced below floating point epsilon -1.58680584126965e-15, and step error estimate = 1.1009677567149463. Aborting. There is either an error in your model specification or the true solution is unstable (or the true solution can not be represented in the precision of Float64).
└ @ SciMLBase ~/.julia/packages/SciMLBase/DbVzk/src/integrator_interface.jl:623
[ Info: Saved polynomial system to saved_systems/system_2025-07-28T15:28:58.804.jl
Optimization improved residual by 3.90667423603552 (from 3.9074730700455533 to 0.000798834010033224)
┌ Warning: At t=14.023831673419318, dt was forced below floating point epsilon -1.5060103856605398e-15, and step error estimate = 2.155638351433812. Aborting. There is either an error in your model specification or the true solution is unstable (or the true solution can not be represented in the precision of Float64).
└ @ SciMLBase ~/.julia/packages/SciMLBase/DbVzk/src/integrator_interface.jl:623
[ Info: Saved polynomial system to saved_systems/system_2025-07-28T15:29:00.095.jl
┌ Warning: Optimization did not converge. RetCode: MaxIters
└ @ ODEParameterEstimation ~/.julia/dev/ODEParameterEstimation/src/core/homotopy_continuation.jl:172
[ Info: Saved polynomial system to saved_systems/system_2025-07-28T15:29:01.207.jl
Optimization improved residual by 5.682723138856533 (from 5.6829159199840245 to 0.00019278112749138336)
[ Info: Saved polynomial system to saved_systems/system_2025-07-28T15:29:02.750.jl
Optimization improved residual by 3.602892349733097 (from 3.603679806798679 to 0.0007874570655822896)
[ Info: Saved polynomial system to saved_systems/system_2025-07-28T15:29:04.223.jl
Optimization improved residual by 4.863515602333914 (from 4.864243076743747 to 0.0007274744098325525)
┌ Warning: At t=0.1411212913612435, dt was forced below floating point epsilon -2.36099387203167e-17, and step error estimate = 2.0652459405861157. Aborting. There is either an error in your model specification or the true solution is unstable (or the true solution can not be represented in the precision of Float64).
└ @ SciMLBase ~/.julia/packages/SciMLBase/DbVzk/src/integrator_interface.jl:623
[ Info: Saved polynomial system to saved_systems/system_2025-07-28T15:29:05.810.jl
┌ Warning: Optimization did not converge. RetCode: MaxIters
└ @ ODEParameterEstimation ~/.julia/dev/ODEParameterEstimation/src/core/homotopy_continuation.jl:172
[ Info: Saved polynomial system to saved_systems/system_2025-07-28T15:29:07.126.jl
┌ Warning: Optimization did not converge. RetCode: MaxIters
└ @ ODEParameterEstimation ~/.julia/dev/ODEParameterEstimation/src/core/homotopy_continuation.jl:172
[ Info: Saved polynomial system to saved_systems/system_2025-07-28T15:29:08.549.jl
┌ Warning: Optimization did not converge. RetCode: MaxIters
└ @ ODEParameterEstimation ~/.julia/dev/ODEParameterEstimation/src/core/homotopy_continuation.jl:172
[ Info: Saved polynomial system to saved_systems/system_2025-07-28T15:29:09.973.jl
┌ Warning: Optimization did not converge. RetCode: MaxIters
└ @ ODEParameterEstimation ~/.julia/dev/ODEParameterEstimation/src/core/homotopy_continuation.jl:172
[ Info: Saved polynomial system to saved_systems/system_2025-07-28T15:29:11.302.jl
┌ Warning: Optimization did not converge. RetCode: MaxIters
└ @ ODEParameterEstimation ~/.julia/dev/ODEParameterEstimation/src/core/homotopy_continuation.jl:172
[ Info: Saved polynomial system to saved_systems/system_2025-07-28T15:29:12.978.jl
┌ Warning: Optimization did not converge. RetCode: MaxIters
└ @ ODEParameterEstimation ~/.julia/dev/ODEParameterEstimation/src/core/homotopy_continuation.jl:172
[ Info: Saved polynomial system to saved_systems/system_2025-07-28T15:29:14.493.jl
Optimization improved residual by 14.318197170920932 (from 14.318953690610753 to 0.0007565196898201113)
┌ Warning: At t=1.645129453194695, dt was forced below floating point epsilon -1.9138960968785362e-16, and step error estimate = 1.7429022666773832. Aborting. There is either an error in your model specification or the true solution is unstable (or the true solution can not be represented in the precision of Float64).
└ @ SciMLBase ~/.julia/packages/SciMLBase/DbVzk/src/integrator_interface.jl:623
[ Info: Saved polynomial system to saved_systems/system_2025-07-28T15:29:16.044.jl
Optimization improved residual by 8.640769334471218 (from 8.641244858052499 to 0.0004755235812809232)
┌ Warning: At t=6.688164981282487, dt was forced below floating point epsilon -7.680728506124168e-16, and step error estimate = 1.6709506899593938. Aborting. There is either an error in your model specification or the true solution is unstable (or the true solution can not be represented in the precision of Float64).
└ @ SciMLBase ~/.julia/packages/SciMLBase/DbVzk/src/integrator_interface.jl:623
[ Info: Saved polynomial system to saved_systems/system_2025-07-28T15:29:19.753.jl
Optimization improved residual by 12.210383150619247 (from 12.21053404503223 to 0.0001508944129823307)
┌ Warning: At t=6.696948932899514, dt was forced below floating point epsilon -7.798381478992235e-16, and step error estimate = 1.3743323868381685. Aborting. There is either an error in your model specification or the true solution is unstable (or the true solution can not be represented in the precision of Float64).
└ @ SciMLBase ~/.julia/packages/SciMLBase/DbVzk/src/integrator_interface.jl:623
[ Info: Saved polynomial system to saved_systems/system_2025-07-28T15:29:21.182.jl
┌ Warning: Optimization did not converge. RetCode: MaxIters
└ @ ODEParameterEstimation ~/.julia/dev/ODEParameterEstimation/src/core/homotopy_continuation.jl:172
[ Info: Saved polynomial system to saved_systems/system_2025-07-28T15:29:22.454.jl
┌ Warning: Optimization did not converge. RetCode: MaxIters
└ @ ODEParameterEstimation ~/.julia/dev/ODEParameterEstimation/src/core/homotopy_continuation.jl:172
[ Info: Saved polynomial system to saved_systems/system_2025-07-28T15:29:23.776.jl
Optimization improved residual by 7.647697368417866 (from 7.648638276277385 to 0.0009409078595187128)
┌ Warning: At t=7.2058588215259425, dt was forced below floating point epsilon -7.512828555298115e-16, and step error estimate = 2.220064781079411. Aborting. There is either an error in your model specification or the true solution is unstable (or the true solution can not be represented in the precision of Float64).
└ @ SciMLBase ~/.julia/packages/SciMLBase/DbVzk/src/integrator_interface.jl:623
[ Info: Saved polynomial system to saved_systems/system_2025-07-28T15:29:25.060.jl
┌ Warning: Optimization did not converge. RetCode: MaxIters
└ @ ODEParameterEstimation ~/.julia/dev/ODEParameterEstimation/src/core/homotopy_continuation.jl:172
[ Info: Saved polynomial system to saved_systems/system_2025-07-28T15:29:26.330.jl
Optimization improved residual by 4.018996635460373 (from 4.019942378784731 to 0.0009457433243578684)
┌ Warning: At t=9.293239918857608, dt was forced below floating point epsilon -1.4975531346462115e-15, and step error estimate = 2.3175682535532243. Aborting. There is either an error in your model specification or the true solution is unstable (or the true solution can not be represented in the precision of Float64).
└ @ SciMLBase ~/.julia/packages/SciMLBase/DbVzk/src/integrator_interface.jl:623
[ Info: Saved polynomial system to saved_systems/system_2025-07-28T15:29:27.767.jl
Optimization improved residual by 5.051984682709116 (from 5.052942004253906 to 0.0009573215447905258)
┌ Warning: At t=14.053284597338768, dt was forced below floating point epsilon -1.50643939451729e-15, and step error estimate = 2.147755488125332. Aborting. There is either an error in your model specification or the true solution is unstable (or the true solution can not be represented in the precision of Float64).
└ @ SciMLBase ~/.julia/packages/SciMLBase/DbVzk/src/integrator_interface.jl:623
[ Info: Saved polynomial system to saved_systems/system_2025-07-28T15:29:29.167.jl
Optimization improved residual by 6.506185960127627 (from 6.507068087558366 to 0.0008821274307393519)
┌ Warning: At t=14.366893785476032, dt was forced below floating point epsilon -1.5026716085280657e-15, and step error estimate = 2.2180535487298814. Aborting. There is either an error in your model specification or the true solution is unstable (or the true solution can not be represented in the precision of Float64).
└ @ SciMLBase ~/.julia/packages/SciMLBase/DbVzk/src/integrator_interface.jl:623
[ Info: Saved polynomial system to saved_systems/system_2025-07-28T15:29:30.410.jl
┌ Warning: Optimization did not converge. RetCode: MaxIters
└ @ ODEParameterEstimation ~/.julia/dev/ODEParameterEstimation/src/core/homotopy_continuation.jl:172
[ Info: Saved polynomial system to saved_systems/system_2025-07-28T15:29:32.091.jl
Optimization improved residual by 7.008355555322072 (from 7.008386893145688 to 3.133782361626866e-5)
[ Info: Saved polynomial system to saved_systems/system_2025-07-28T15:29:33.576.jl
Optimization improved residual by 6.273707964310067 (from 6.273778888380164 to 7.092407009723058e-5)
[ Info: Saved polynomial system to saved_systems/system_2025-07-28T15:29:34.861.jl
Optimization improved residual by 10.460602216146603 (from 10.460742616746062 to 0.00014040059945991953)
┌ Warning: At t=0.8106395825895746, dt was forced below floating point epsilon -9.764135702714054e-17, and step error estimate = 1.3453877082577401. Aborting. There is either an error in your model specification or the true solution is unstable (or the true solution can not be represented in the precision of Float64).
└ @ SciMLBase ~/.julia/packages/SciMLBase/DbVzk/src/integrator_interface.jl:623
[ Info: Saved polynomial system to saved_systems/system_2025-07-28T15:29:36.110.jl
┌ Warning: Optimization did not converge. RetCode: MaxIters
└ @ ODEParameterEstimation ~/.julia/dev/ODEParameterEstimation/src/core/homotopy_continuation.jl:172
[ Info: Saved polynomial system to saved_systems/system_2025-07-28T15:29:37.328.jl
┌ Warning: Optimization did not converge. RetCode: MaxIters
└ @ ODEParameterEstimation ~/.julia/dev/ODEParameterEstimation/src/core/homotopy_continuation.jl:172
[ Info: Saved polynomial system to saved_systems/system_2025-07-28T15:29:38.579.jl
┌ Warning: Optimization did not converge. RetCode: MaxIters
└ @ ODEParameterEstimation ~/.julia/dev/ODEParameterEstimation/src/core/homotopy_continuation.jl:172
[ Info: Saved polynomial system to saved_systems/system_2025-07-28T15:29:40.048.jl
Optimization improved residual by 5.087479811503843 (from 5.087591400330571 to 0.00011158882672806284)
┌ Warning: At t=2.4279342636537455, dt was forced below floating point epsilon -3.8444895513319735e-16, and step error estimate = 1.6480357190102513. Aborting. There is either an error in your model specification or the true solution is unstable (or the true solution can not be represented in the precision of Float64).
└ @ SciMLBase ~/.julia/packages/SciMLBase/DbVzk/src/integrator_interface.jl:623
[ Info: Saved polynomial system to saved_systems/system_2025-07-28T15:29:41.645.jl
Optimization improved residual by 7.660026272395453 (from 7.660094294073674 to 6.802167822112347e-5)
┌ Warning: At t=6.830776895472844, dt was forced below floating point epsilon -7.845894234391597e-16, and step error estimate = 1.2710941969098275. Aborting. There is either an error in your model specification or the true solution is unstable (or the true solution can not be represented in the precision of Float64).
└ @ SciMLBase ~/.julia/packages/SciMLBase/DbVzk/src/integrator_interface.jl:623
[ Info: Saved polynomial system to saved_systems/system_2025-07-28T15:29:43.352.jl
Optimization improved residual by 8.903543016601361 (from 8.904112849709389 to 0.000569833108027261)
┌ Warning: At t=7.0893973051756305, dt was forced below floating point epsilon -7.798593707637567e-16, and step error estimate = 1.3738524373879333. Aborting. There is either an error in your model specification or the true solution is unstable (or the true solution can not be represented in the precision of Float64).
└ @ SciMLBase ~/.julia/packages/SciMLBase/DbVzk/src/integrator_interface.jl:623
[ Info: Saved polynomial system to saved_systems/system_2025-07-28T15:29:44.540.jl
┌ Warning: Optimization did not converge. RetCode: MaxIters
└ @ ODEParameterEstimation ~/.julia/dev/ODEParameterEstimation/src/core/homotopy_continuation.jl:172
[ Info: Saved polynomial system to saved_systems/system_2025-07-28T15:29:45.934.jl
┌ Warning: Optimization did not converge. RetCode: MaxIters
└ @ ODEParameterEstimation ~/.julia/dev/ODEParameterEstimation/src/core/homotopy_continuation.jl:172
[ Info: Saved polynomial system to saved_systems/system_2025-07-28T15:29:47.527.jl
┌ Warning: Optimization did not converge. RetCode: MaxIters
└ @ ODEParameterEstimation ~/.julia/dev/ODEParameterEstimation/src/core/homotopy_continuation.jl:172
[ Info: Saved polynomial system to saved_systems/system_2025-07-28T15:29:49.320.jl
┌ Warning: Optimization did not converge. RetCode: MaxIters
└ @ ODEParameterEstimation ~/.julia/dev/ODEParameterEstimation/src/core/homotopy_continuation.jl:172
[ Info: Saved polynomial system to saved_systems/system_2025-07-28T15:29:50.976.jl
┌ Warning: Optimization did not converge. RetCode: MaxIters
└ @ ODEParameterEstimation ~/.julia/dev/ODEParameterEstimation/src/core/homotopy_continuation.jl:172
[ Info: Saved polynomial system to saved_systems/system_2025-07-28T15:29:54.446.jl
┌ Warning: Optimization did not converge. RetCode: MaxIters
└ @ ODEParameterEstimation ~/.julia/dev/ODEParameterEstimation/src/core/homotopy_continuation.jl:172
[ Info: Saved polynomial system to saved_systems/system_2025-07-28T15:29:55.736.jl
┌ Warning: Optimization did not converge. RetCode: MaxIters
└ @ ODEParameterEstimation ~/.julia/dev/ODEParameterEstimation/src/core/homotopy_continuation.jl:172
[ Info: Saved polynomial system to saved_systems/system_2025-07-28T15:29:57.457.jl
Optimization improved residual by 6.115987229118212 (from 6.116183750603781 to 0.00019652148556938392)
┌ Warning: At t=7.196611130794949, dt was forced below floating point epsilon -7.936061205083613e-16, and step error estimate = 1.097347160462907. Aborting. There is either an error in your model specification or the true solution is unstable (or the true solution can not be represented in the precision of Float64).
└ @ SciMLBase ~/.julia/packages/SciMLBase/DbVzk/src/integrator_interface.jl:623
[ Info: Saved polynomial system to saved_systems/system_2025-07-28T15:29:58.800.jl
Optimization improved residual by 9.125121936652258 (from 9.12518819025779 to 6.625360553142611e-5)
┌ Warning: At t=9.533311309626848, dt was forced below floating point epsilon -1.5732634419034618e-15, and step error estimate = 1.229293678212745. Aborting. There is either an error in your model specification or the true solution is unstable (or the true solution can not be represented in the precision of Float64).
└ @ SciMLBase ~/.julia/packages/SciMLBase/DbVzk/src/integrator_interface.jl:623
[ Info: Saved polynomial system to saved_systems/system_2025-07-28T15:30:00.010.jl
Optimization improved residual by 9.038790981275802 (from 9.039116018886538 to 0.00032503761073656497)
┌ Warning: At t=18.0092768955024, dt was forced below floating point epsilon -3.0409060863976066e-15, and step error estimate = 1.9067212764074035. Aborting. There is either an error in your model specification or the true solution is unstable (or the true solution can not be represented in the precision of Float64).
└ @ SciMLBase ~/.julia/packages/SciMLBase/DbVzk/src/integrator_interface.jl:623

Unidentifiability Analysis from multipoint_parameter_estimation:
All unidentifiable variables: Set{Any}()
Unidentifiable variables substitution dictionary: Dict{Any, Any}()
Trivially solvable variables: Dict{Any, Any}()

=== Model: brusselator ===

Found 7 distinct solution clusters:

Cluster 1: 1 similar solutions
Best solution (Error: 0.027034):
--------------------------------------------------
Variable     | True Value  | Estimated   | Rel. Error
-----------------------------------------------------
X(t)         |   1.000000 |   1.000107 |   0.000107
Y(t)         |   1.000000 |   2.995968 |   1.995968
a            |   1.000000 |   1.043320 |   0.043320
b            |   3.000000 |   3.125913 |   0.041971


Cluster 2: 1 similar solutions
Best solution (Error: 0.013962):
--------------------------------------------------
Variable     | True Value  | Estimated   | Rel. Error
-----------------------------------------------------
X(t)         |   1.000000 |   1.029946 |   0.029946
Y(t)         |   1.000000 |   2.963295 |   1.963295
a            |   1.000000 |   1.001353 |   0.001353
b            |   3.000000 |   3.005092 |   0.001697


Cluster 3: 1 similar solutions
Best solution (Error: 0.007546):
--------------------------------------------------
Variable     | True Value  | Estimated   | Rel. Error
-----------------------------------------------------
X(t)         |   1.000000 |   0.991935 |   0.008065
Y(t)         |   1.000000 |   1.005890 |   0.005890
a            |   1.000000 |   0.976823 |   0.023177
b            |   3.000000 |   2.978451 |   0.007183


Cluster 4: 1 similar solutions
Best solution (Error: 0.002939):
--------------------------------------------------
Variable     | True Value  | Estimated   | Rel. Error
-----------------------------------------------------
X(t)         |   1.000000 |  -0.234997 |   1.234997
Y(t)         |   1.000000 |   1.823322 |   0.823322
a            |   1.000000 |   0.998111 |   0.001889
b            |   3.000000 |   2.996789 |   0.001070


Cluster 5: 1 similar solutions
Best solution (Error: 0.001781):
--------------------------------------------------
Variable     | True Value  | Estimated   | Rel. Error
-----------------------------------------------------
X(t)         |   1.000000 |   0.292149 |   0.707851
Y(t)         |   1.000000 |   1.450479 |   0.450479
a            |   1.000000 |   0.997782 |   0.002218
b            |   3.000000 |   2.996002 |   0.001333


Cluster 6: 1 similar solutions
Best solution (Error: 0.00062):
--------------------------------------------------
Variable     | True Value  | Estimated   | Rel. Error
-----------------------------------------------------
X(t)         |   1.000000 |   0.999289 |   0.000711
Y(t)         |   1.000000 |   1.000534 |   0.000534
a            |   1.000000 |   0.998087 |   0.001913
b            |   3.000000 |   2.998178 |   0.000607


Cluster 7: 1 similar solutions
Best solution (Error: 0.000133):
--------------------------------------------------
Variable     | True Value  | Estimated   | Rel. Error
-----------------------------------------------------
X(t)         |   1.000000 |   0.996383 |   0.003617
Y(t)         |   1.000000 |   1.002312 |   0.002312
a            |   1.000000 |   0.999475 |   0.000525
b            |   3.000000 |   2.999267 |   0.000244


Best approximation error for brusselator: 0.000133

Best maximum relative error for brusselator (excluding ALL unidentifiable parameters): 0.001913
Best minimum relative error: 5.2e-5
Best mean relative error: 0.000941
Best median relative error: 0.000659
Best maximum relative error: 0.001913
Best RMS relative error: 0.001098
SUCCESS
