Starting model: fitzhugh_nagumo
[ Info: Saved polynomial system to saved_systems/system_2025-07-28T15:21:08.114.jl
┌ Warning: Optimization did not converge. RetCode: MaxIters
└ @ ODEParameterEstimation ~/.julia/dev/ODEParameterEstimation/src/core/homotopy_continuation.jl:172
[ Info: Saved polynomial system to saved_systems/system_2025-07-28T15:21:09.799.jl
Optimization improved residual by 86.52660938688834 (from 86.52681940840436 to 0.00021002151602516483)
[ Info: Saved polynomial system to saved_systems/system_2025-07-28T15:21:34.927.jl
┌ Warning: Optimization did not converge. RetCode: MaxIters
└ @ ODEParameterEstimation ~/.julia/dev/ODEParameterEstimation/src/core/homotopy_continuation.jl:172
[ Info: Saved polynomial system to saved_systems/system_2025-07-28T15:21:35.955.jl
┌ Warning: Optimization did not converge. RetCode: MaxIters
└ @ ODEParameterEstimation ~/.julia/dev/ODEParameterEstimation/src/core/homotopy_continuation.jl:172
[ Info: Saved polynomial system to saved_systems/system_2025-07-28T15:21:38.338.jl
┌ Warning: Optimization did not converge. RetCode: MaxIters
└ @ ODEParameterEstimation ~/.julia/dev/ODEParameterEstimation/src/core/homotopy_continuation.jl:172
[ Info: Saved polynomial system to saved_systems/system_2025-07-28T15:21:39.261.jl
┌ Warning: Optimization did not converge. RetCode: MaxIters
└ @ ODEParameterEstimation ~/.julia/dev/ODEParameterEstimation/src/core/homotopy_continuation.jl:172
[ Info: Saved polynomial system to saved_systems/system_2025-07-28T15:21:40.065.jl
┌ Warning: Optimization did not converge. RetCode: MaxIters
└ @ ODEParameterEstimation ~/.julia/dev/ODEParameterEstimation/src/core/homotopy_continuation.jl:172
[ Info: Saved polynomial system to saved_systems/system_2025-07-28T15:21:41.708.jl
Optimization improved residual by 59.71929738097883 (from 59.72017246836882 to 0.0008750873899920978)
[ Info: Saved polynomial system to saved_systems/system_2025-07-28T15:21:43.147.jl
┌ Warning: Optimization did not converge. RetCode: MaxIters
└ @ ODEParameterEstimation ~/.julia/dev/ODEParameterEstimation/src/core/homotopy_continuation.jl:172
[ Info: Saved polynomial system to saved_systems/system_2025-07-28T15:21:43.969.jl
┌ Warning: Optimization did not converge. RetCode: MaxIters
└ @ ODEParameterEstimation ~/.julia/dev/ODEParameterEstimation/src/core/homotopy_continuation.jl:172
[ Info: Saved polynomial system to saved_systems/system_2025-07-28T15:21:46.760.jl
┌ Warning: Optimization did not converge. RetCode: MaxIters
└ @ ODEParameterEstimation ~/.julia/dev/ODEParameterEstimation/src/core/homotopy_continuation.jl:172
[ Info: Saved polynomial system to saved_systems/system_2025-07-28T15:21:48.544.jl
Optimization improved residual by 81.44421389965227 (from 81.44455160232725 to 0.00033770267497841057)
[ Info: Saved polynomial system to saved_systems/system_2025-07-28T15:21:49.133.jl
Optimization improved residual by 56.89774283951684 (from 56.89800519066772 to 0.000262351150880333)
[ Info: Saved polynomial system to saved_systems/system_2025-07-28T15:21:49.963.jl
┌ Warning: Optimization did not converge. RetCode: MaxIters
└ @ ODEParameterEstimation ~/.julia/dev/ODEParameterEstimation/src/core/homotopy_continuation.jl:172
[ Info: Saved polynomial system to saved_systems/system_2025-07-28T15:21:51.656.jl
┌ Warning: Optimization did not converge. RetCode: MaxIters
└ @ ODEParameterEstimation ~/.julia/dev/ODEParameterEstimation/src/core/homotopy_continuation.jl:172
[ Info: Saved polynomial system to saved_systems/system_2025-07-28T15:21:54.916.jl
┌ Warning: Optimization did not converge. RetCode: MaxIters
└ @ ODEParameterEstimation ~/.julia/dev/ODEParameterEstimation/src/core/homotopy_continuation.jl:172
[ Info: Saved polynomial system to saved_systems/system_2025-07-28T15:21:56.240.jl
┌ Warning: Optimization did not converge. RetCode: MaxIters
└ @ ODEParameterEstimation ~/.julia/dev/ODEParameterEstimation/src/core/homotopy_continuation.jl:172
[ Info: Saved polynomial system to saved_systems/system_2025-07-28T15:21:57.871.jl
┌ Warning: Optimization did not converge. RetCode: MaxIters
└ @ ODEParameterEstimation ~/.julia/dev/ODEParameterEstimation/src/core/homotopy_continuation.jl:172
[ Info: Saved polynomial system to saved_systems/system_2025-07-28T15:21:58.710.jl
┌ Warning: Optimization did not converge. RetCode: MaxIters
└ @ ODEParameterEstimation ~/.julia/dev/ODEParameterEstimation/src/core/homotopy_continuation.jl:172
[ Info: Saved polynomial system to saved_systems/system_2025-07-28T15:21:59.689.jl
┌ Warning: Optimization did not converge. RetCode: MaxIters
└ @ ODEParameterEstimation ~/.julia/dev/ODEParameterEstimation/src/core/homotopy_continuation.jl:172
[ Info: Saved polynomial system to saved_systems/system_2025-07-28T15:22:00.755.jl
┌ Warning: Optimization did not converge. RetCode: MaxIters
└ @ ODEParameterEstimation ~/.julia/dev/ODEParameterEstimation/src/core/homotopy_continuation.jl:172
[ Info: Saved polynomial system to saved_systems/system_2025-07-28T15:22:02.063.jl
┌ Warning: Optimization did not converge. RetCode: MaxIters
└ @ ODEParameterEstimation ~/.julia/dev/ODEParameterEstimation/src/core/homotopy_continuation.jl:172
[ Info: Saved polynomial system to saved_systems/system_2025-07-28T15:22:02.976.jl
┌ Warning: Optimization did not converge. RetCode: MaxIters
└ @ ODEParameterEstimation ~/.julia/dev/ODEParameterEstimation/src/core/homotopy_continuation.jl:172
┌ Warning: No solutions found after 10 attempts
└ @ ODEParameterEstimation ~/.julia/dev/ODEParameterEstimation/src/core/multipoint_estimation.jl:88
[ Info: Saved polynomial system to saved_systems/system_2025-07-28T15:22:03.758.jl
Optimization improved residual by 53.5388533351792 (from 53.539596797148114 to 0.0007434619689137595)
[ Info: Saved polynomial system to saved_systems/system_2025-07-28T15:22:04.548.jl
┌ Warning: Optimization did not converge. RetCode: MaxIters
└ @ ODEParameterEstimation ~/.julia/dev/ODEParameterEstimation/src/core/homotopy_continuation.jl:172
[ Info: Saved polynomial system to saved_systems/system_2025-07-28T15:22:07.486.jl
┌ Warning: Optimization did not converge. RetCode: MaxIters
└ @ ODEParameterEstimation ~/.julia/dev/ODEParameterEstimation/src/core/homotopy_continuation.jl:172
[ Info: Saved polynomial system to saved_systems/system_2025-07-28T15:22:09.400.jl
┌ Warning: Optimization did not converge. RetCode: MaxIters
└ @ ODEParameterEstimation ~/.julia/dev/ODEParameterEstimation/src/core/homotopy_continuation.jl:172
[ Info: Saved polynomial system to saved_systems/system_2025-07-28T15:22:10.848.jl
┌ Warning: Optimization did not converge. RetCode: MaxIters
└ @ ODEParameterEstimation ~/.julia/dev/ODEParameterEstimation/src/core/homotopy_continuation.jl:172
[ Info: Saved polynomial system to saved_systems/system_2025-07-28T15:22:12.111.jl
┌ Warning: Optimization did not converge. RetCode: MaxIters
└ @ ODEParameterEstimation ~/.julia/dev/ODEParameterEstimation/src/core/homotopy_continuation.jl:172
[ Info: Saved polynomial system to saved_systems/system_2025-07-28T15:22:13.630.jl
┌ Warning: Optimization did not converge. RetCode: MaxIters
└ @ ODEParameterEstimation ~/.julia/dev/ODEParameterEstimation/src/core/homotopy_continuation.jl:172
[ Info: Saved polynomial system to saved_systems/system_2025-07-28T15:22:14.759.jl
┌ Warning: Optimization did not converge. RetCode: MaxIters
└ @ ODEParameterEstimation ~/.julia/dev/ODEParameterEstimation/src/core/homotopy_continuation.jl:172
[ Info: Saved polynomial system to saved_systems/system_2025-07-28T15:22:15.676.jl
┌ Warning: Optimization did not converge. RetCode: MaxIters
└ @ ODEParameterEstimation ~/.julia/dev/ODEParameterEstimation/src/core/homotopy_continuation.jl:172
[ Info: Saved polynomial system to saved_systems/system_2025-07-28T15:22:16.372.jl
┌ Warning: Optimization did not converge. RetCode: MaxIters
└ @ ODEParameterEstimation ~/.julia/dev/ODEParameterEstimation/src/core/homotopy_continuation.jl:172
[ Info: Saved polynomial system to saved_systems/system_2025-07-28T15:22:18.420.jl
┌ Warning: Optimization did not converge. RetCode: MaxIters
└ @ ODEParameterEstimation ~/.julia/dev/ODEParameterEstimation/src/core/homotopy_continuation.jl:172
┌ Warning: No solutions found after 10 attempts
└ @ ODEParameterEstimation ~/.julia/dev/ODEParameterEstimation/src/core/multipoint_estimation.jl:88
[ Info: Saved polynomial system to saved_systems/system_2025-07-28T15:22:20.775.jl
┌ Warning: Optimization did not converge. RetCode: MaxIters
└ @ ODEParameterEstimation ~/.julia/dev/ODEParameterEstimation/src/core/homotopy_continuation.jl:172
[ Info: Saved polynomial system to saved_systems/system_2025-07-28T15:22:21.950.jl
┌ Warning: Optimization did not converge. RetCode: MaxIters
└ @ ODEParameterEstimation ~/.julia/dev/ODEParameterEstimation/src/core/homotopy_continuation.jl:172
[ Info: Saved polynomial system to saved_systems/system_2025-07-28T15:22:23.655.jl
┌ Warning: Optimization did not converge. RetCode: MaxIters
└ @ ODEParameterEstimation ~/.julia/dev/ODEParameterEstimation/src/core/homotopy_continuation.jl:172
[ Info: Saved polynomial system to saved_systems/system_2025-07-28T15:22:25.074.jl
┌ Warning: Optimization did not converge. RetCode: MaxIters
└ @ ODEParameterEstimation ~/.julia/dev/ODEParameterEstimation/src/core/homotopy_continuation.jl:172
[ Info: Saved polynomial system to saved_systems/system_2025-07-28T15:22:29.625.jl
┌ Warning: Optimization did not converge. RetCode: MaxIters
└ @ ODEParameterEstimation ~/.julia/dev/ODEParameterEstimation/src/core/homotopy_continuation.jl:172
[ Info: Saved polynomial system to saved_systems/system_2025-07-28T15:22:30.367.jl
┌ Warning: Optimization did not converge. RetCode: MaxIters
└ @ ODEParameterEstimation ~/.julia/dev/ODEParameterEstimation/src/core/homotopy_continuation.jl:172
[ Info: Saved polynomial system to saved_systems/system_2025-07-28T15:22:31.834.jl
┌ Warning: Optimization did not converge. RetCode: MaxIters
└ @ ODEParameterEstimation ~/.julia/dev/ODEParameterEstimation/src/core/homotopy_continuation.jl:172
[ Info: Saved polynomial system to saved_systems/system_2025-07-28T15:22:32.729.jl
┌ Warning: Optimization did not converge. RetCode: MaxIters
└ @ ODEParameterEstimation ~/.julia/dev/ODEParameterEstimation/src/core/homotopy_continuation.jl:172
[ Info: Saved polynomial system to saved_systems/system_2025-07-28T15:22:33.481.jl
Optimization improved residual by 159.95660128166006 (from 159.95661944192236 to 1.816026230871781e-5)
[ Info: Saved polynomial system to saved_systems/system_2025-07-28T15:22:34.610.jl
┌ Warning: Optimization did not converge. RetCode: MaxIters
└ @ ODEParameterEstimation ~/.julia/dev/ODEParameterEstimation/src/core/homotopy_continuation.jl:172
[ Info: Saved polynomial system to saved_systems/system_2025-07-28T15:22:35.950.jl
┌ Warning: Optimization did not converge. RetCode: MaxIters
└ @ ODEParameterEstimation ~/.julia/dev/ODEParameterEstimation/src/core/homotopy_continuation.jl:172
[ Info: Saved polynomial system to saved_systems/system_2025-07-28T15:22:36.713.jl
┌ Warning: Optimization did not converge. RetCode: MaxIters
└ @ ODEParameterEstimation ~/.julia/dev/ODEParameterEstimation/src/core/homotopy_continuation.jl:172
[ Info: Saved polynomial system to saved_systems/system_2025-07-28T15:22:37.521.jl
┌ Warning: Optimization did not converge. RetCode: MaxIters
└ @ ODEParameterEstimation ~/.julia/dev/ODEParameterEstimation/src/core/homotopy_continuation.jl:172
[ Info: Saved polynomial system to saved_systems/system_2025-07-28T15:22:40.717.jl
┌ Warning: Optimization did not converge. RetCode: MaxIters
└ @ ODEParameterEstimation ~/.julia/dev/ODEParameterEstimation/src/core/homotopy_continuation.jl:172
[ Info: Saved polynomial system to saved_systems/system_2025-07-28T15:22:41.653.jl
┌ Warning: Optimization did not converge. RetCode: MaxIters
└ @ ODEParameterEstimation ~/.julia/dev/ODEParameterEstimation/src/core/homotopy_continuation.jl:172
[ Info: Saved polynomial system to saved_systems/system_2025-07-28T15:22:42.590.jl
┌ Warning: Optimization did not converge. RetCode: MaxIters
└ @ ODEParameterEstimation ~/.julia/dev/ODEParameterEstimation/src/core/homotopy_continuation.jl:172
[ Info: Saved polynomial system to saved_systems/system_2025-07-28T15:22:43.427.jl
┌ Warning: Optimization did not converge. RetCode: MaxIters
└ @ ODEParameterEstimation ~/.julia/dev/ODEParameterEstimation/src/core/homotopy_continuation.jl:172
[ Info: Saved polynomial system to saved_systems/system_2025-07-28T15:22:45.377.jl
┌ Warning: Optimization did not converge. RetCode: MaxIters
└ @ ODEParameterEstimation ~/.julia/dev/ODEParameterEstimation/src/core/homotopy_continuation.jl:172
[ Info: Saved polynomial system to saved_systems/system_2025-07-28T15:22:46.962.jl
┌ Warning: Optimization did not converge. RetCode: MaxIters
└ @ ODEParameterEstimation ~/.julia/dev/ODEParameterEstimation/src/core/homotopy_continuation.jl:172
┌ Warning: No solutions found after 10 attempts
└ @ ODEParameterEstimation ~/.julia/dev/ODEParameterEstimation/src/core/multipoint_estimation.jl:88
[ Info: Saved polynomial system to saved_systems/system_2025-07-28T15:22:47.046.jl
┌ Warning: Optimization did not converge. RetCode: MaxIters
└ @ ODEParameterEstimation ~/.julia/dev/ODEParameterEstimation/src/core/homotopy_continuation.jl:172
[ Info: Saved polynomial system to saved_systems/system_2025-07-28T15:22:47.124.jl
┌ Warning: Optimization did not converge. RetCode: MaxIters
└ @ ODEParameterEstimation ~/.julia/dev/ODEParameterEstimation/src/core/homotopy_continuation.jl:172
[ Info: Saved polynomial system to saved_systems/system_2025-07-28T15:22:47.208.jl
Optimization improved residual by 90.27491239331417 (from 90.27552281752317 to 0.0006104242089945155)
[ Info: Saved polynomial system to saved_systems/system_2025-07-28T15:22:47.320.jl
┌ Warning: Optimization did not converge. RetCode: MaxIters
└ @ ODEParameterEstimation ~/.julia/dev/ODEParameterEstimation/src/core/homotopy_continuation.jl:172
[ Info: Saved polynomial system to saved_systems/system_2025-07-28T15:22:47.388.jl
┌ Warning: Optimization did not converge. RetCode: MaxIters
└ @ ODEParameterEstimation ~/.julia/dev/ODEParameterEstimation/src/core/homotopy_continuation.jl:172
[ Info: Saved polynomial system to saved_systems/system_2025-07-28T15:22:47.457.jl
┌ Warning: Optimization did not converge. RetCode: MaxIters
└ @ ODEParameterEstimation ~/.julia/dev/ODEParameterEstimation/src/core/homotopy_continuation.jl:172
[ Info: Saved polynomial system to saved_systems/system_2025-07-28T15:22:47.526.jl
┌ Warning: Optimization did not converge. RetCode: MaxIters
└ @ ODEParameterEstimation ~/.julia/dev/ODEParameterEstimation/src/core/homotopy_continuation.jl:172
[ Info: Saved polynomial system to saved_systems/system_2025-07-28T15:22:47.596.jl
Optimization improved residual by 89.07528917242756 (from 89.07541092649646 to 0.00012175406890372912)
[ Info: Saved polynomial system to saved_systems/system_2025-07-28T15:22:47.689.jl
Optimization improved residual by 84.4833115274095 (from 84.48351312788962 to 0.0002016004801297528)
[ Info: Saved polynomial system to saved_systems/system_2025-07-28T15:22:47.782.jl
┌ Warning: Optimization did not converge. RetCode: MaxIters
└ @ ODEParameterEstimation ~/.julia/dev/ODEParameterEstimation/src/core/homotopy_continuation.jl:172
[ Info: Saved polynomial system to saved_systems/system_2025-07-28T15:22:47.896.jl
Optimization improved residual by 82.96078390444474 (from 82.96095968077238 to 0.00017577632764439967)
[ Info: Saved polynomial system to saved_systems/system_2025-07-28T15:22:47.998.jl
┌ Warning: Optimization did not converge. RetCode: MaxIters
└ @ ODEParameterEstimation ~/.julia/dev/ODEParameterEstimation/src/core/homotopy_continuation.jl:172
[ Info: Saved polynomial system to saved_systems/system_2025-07-28T15:22:48.065.jl
Optimization improved residual by 77.00112507453379 (from 77.00113524289233 to 1.0168358540377104e-5)
[ Info: Saved polynomial system to saved_systems/system_2025-07-28T15:22:48.149.jl
┌ Warning: Optimization did not converge. RetCode: MaxIters
└ @ ODEParameterEstimation ~/.julia/dev/ODEParameterEstimation/src/core/homotopy_continuation.jl:172
[ Info: Saved polynomial system to saved_systems/system_2025-07-28T15:22:48.213.jl
┌ Warning: Optimization did not converge. RetCode: MaxIters
└ @ ODEParameterEstimation ~/.julia/dev/ODEParameterEstimation/src/core/homotopy_continuation.jl:172
[ Info: Saved polynomial system to saved_systems/system_2025-07-28T15:22:48.287.jl
Optimization improved residual by 75.27146257898575 (from 75.27152785454558 to 6.527555983079996e-5)
[ Info: Saved polynomial system to saved_systems/system_2025-07-28T15:22:48.401.jl
┌ Warning: Optimization did not converge. RetCode: MaxIters
└ @ ODEParameterEstimation ~/.julia/dev/ODEParameterEstimation/src/core/homotopy_continuation.jl:172
[ Info: Saved polynomial system to saved_systems/system_2025-07-28T15:22:48.473.jl
Optimization improved residual by 71.89480710974429 (from 71.89580652422042 to 0.000999414476127395)
[ Info: Saved polynomial system to saved_systems/system_2025-07-28T15:22:48.571.jl
Optimization improved residual by 69.90502466363913 (from 69.90504146954684 to 1.68059077193669e-5)
[ Info: Saved polynomial system to saved_systems/system_2025-07-28T15:22:48.717.jl
┌ Warning: Optimization did not converge. RetCode: MaxIters
└ @ ODEParameterEstimation ~/.julia/dev/ODEParameterEstimation/src/core/homotopy_continuation.jl:172
[ Info: Saved polynomial system to saved_systems/system_2025-07-28T15:22:48.781.jl
┌ Warning: Optimization did not converge. RetCode: MaxIters
└ @ ODEParameterEstimation ~/.julia/dev/ODEParameterEstimation/src/core/homotopy_continuation.jl:172
[ Info: Saved polynomial system to saved_systems/system_2025-07-28T15:22:48.869.jl
Optimization improved residual by 63.88869100577693 (from 63.88879344059577 to 0.00010243481884175196)
[ Info: Saved polynomial system to saved_systems/system_2025-07-28T15:22:49.907.jl
┌ Warning: Optimization did not converge. RetCode: MaxIters
└ @ ODEParameterEstimation ~/.julia/dev/ODEParameterEstimation/src/core/homotopy_continuation.jl:172
[ Info: Saved polynomial system to saved_systems/system_2025-07-28T15:22:50.799.jl
┌ Warning: Optimization did not converge. RetCode: MaxIters
└ @ ODEParameterEstimation ~/.julia/dev/ODEParameterEstimation/src/core/homotopy_continuation.jl:172
[ Info: Saved polynomial system to saved_systems/system_2025-07-28T15:22:51.680.jl
┌ Warning: Optimization did not converge. RetCode: MaxIters
└ @ ODEParameterEstimation ~/.julia/dev/ODEParameterEstimation/src/core/homotopy_continuation.jl:172
[ Info: Saved polynomial system to saved_systems/system_2025-07-28T15:22:52.412.jl
┌ Warning: Optimization did not converge. RetCode: MaxIters
└ @ ODEParameterEstimation ~/.julia/dev/ODEParameterEstimation/src/core/homotopy_continuation.jl:172
[ Info: Saved polynomial system to saved_systems/system_2025-07-28T15:22:53.699.jl
┌ Warning: Optimization did not converge. RetCode: MaxIters
└ @ ODEParameterEstimation ~/.julia/dev/ODEParameterEstimation/src/core/homotopy_continuation.jl:172
[ Info: Saved polynomial system to saved_systems/system_2025-07-28T15:22:54.588.jl
┌ Warning: Optimization did not converge. RetCode: MaxIters
└ @ ODEParameterEstimation ~/.julia/dev/ODEParameterEstimation/src/core/homotopy_continuation.jl:172
[ Info: Saved polynomial system to saved_systems/system_2025-07-28T15:22:56.068.jl
┌ Warning: Optimization did not converge. RetCode: MaxIters
└ @ ODEParameterEstimation ~/.julia/dev/ODEParameterEstimation/src/core/homotopy_continuation.jl:172
[ Info: Saved polynomial system to saved_systems/system_2025-07-28T15:22:57.604.jl
┌ Warning: Optimization did not converge. RetCode: MaxIters
└ @ ODEParameterEstimation ~/.julia/dev/ODEParameterEstimation/src/core/homotopy_continuation.jl:172
[ Info: Saved polynomial system to saved_systems/system_2025-07-28T15:22:59.698.jl
┌ Warning: Optimization did not converge. RetCode: MaxIters
└ @ ODEParameterEstimation ~/.julia/dev/ODEParameterEstimation/src/core/homotopy_continuation.jl:172
[ Info: Saved polynomial system to saved_systems/system_2025-07-28T15:23:03.005.jl
┌ Warning: Optimization did not converge. RetCode: MaxIters
└ @ ODEParameterEstimation ~/.julia/dev/ODEParameterEstimation/src/core/homotopy_continuation.jl:172
┌ Warning: No solutions found after 10 attempts
└ @ ODEParameterEstimation ~/.julia/dev/ODEParameterEstimation/src/core/multipoint_estimation.jl:88
[ Info: Saved polynomial system to saved_systems/system_2025-07-28T15:23:04.663.jl
Optimization improved residual by 33.90568186765734 (from 33.90664668940808 to 0.0009648217507365101)
[ Info: Saved polynomial system to saved_systems/system_2025-07-28T15:23:05.852.jl
┌ Warning: Optimization did not converge. RetCode: MaxIters
└ @ ODEParameterEstimation ~/.julia/dev/ODEParameterEstimation/src/core/homotopy_continuation.jl:172
[ Info: Saved polynomial system to saved_systems/system_2025-07-28T15:23:06.798.jl
┌ Warning: Optimization did not converge. RetCode: MaxIters
└ @ ODEParameterEstimation ~/.julia/dev/ODEParameterEstimation/src/core/homotopy_continuation.jl:172
[ Info: Saved polynomial system to saved_systems/system_2025-07-28T15:23:09.107.jl
┌ Warning: Optimization did not converge. RetCode: MaxIters
└ @ ODEParameterEstimation ~/.julia/dev/ODEParameterEstimation/src/core/homotopy_continuation.jl:172
[ Info: Saved polynomial system to saved_systems/system_2025-07-28T15:23:10.297.jl
┌ Warning: Optimization did not converge. RetCode: MaxIters
└ @ ODEParameterEstimation ~/.julia/dev/ODEParameterEstimation/src/core/homotopy_continuation.jl:172
[ Info: Saved polynomial system to saved_systems/system_2025-07-28T15:23:11.314.jl
┌ Warning: Optimization did not converge. RetCode: MaxIters
└ @ ODEParameterEstimation ~/.julia/dev/ODEParameterEstimation/src/core/homotopy_continuation.jl:172
[ Info: Saved polynomial system to saved_systems/system_2025-07-28T15:23:12.372.jl
┌ Warning: Optimization did not converge. RetCode: MaxIters
└ @ ODEParameterEstimation ~/.julia/dev/ODEParameterEstimation/src/core/homotopy_continuation.jl:172
[ Info: Saved polynomial system to saved_systems/system_2025-07-28T15:23:13.206.jl
┌ Warning: Optimization did not converge. RetCode: MaxIters
└ @ ODEParameterEstimation ~/.julia/dev/ODEParameterEstimation/src/core/homotopy_continuation.jl:172
[ Info: Saved polynomial system to saved_systems/system_2025-07-28T15:23:15.475.jl
┌ Warning: Optimization did not converge. RetCode: MaxIters
└ @ ODEParameterEstimation ~/.julia/dev/ODEParameterEstimation/src/core/homotopy_continuation.jl:172
[ Info: Saved polynomial system to saved_systems/system_2025-07-28T15:23:16.429.jl
┌ Warning: Optimization did not converge. RetCode: MaxIters
└ @ ODEParameterEstimation ~/.julia/dev/ODEParameterEstimation/src/core/homotopy_continuation.jl:172
[ Info: Saved polynomial system to saved_systems/system_2025-07-28T15:23:18.740.jl
┌ Warning: Optimization did not converge. RetCode: MaxIters
└ @ ODEParameterEstimation ~/.julia/dev/ODEParameterEstimation/src/core/homotopy_continuation.jl:172
┌ Warning: No solutions found after 10 attempts
└ @ ODEParameterEstimation ~/.julia/dev/ODEParameterEstimation/src/core/multipoint_estimation.jl:88
[ Info: Saved polynomial system to saved_systems/system_2025-07-28T15:23:20.223.jl
┌ Warning: Optimization did not converge. RetCode: MaxIters
└ @ ODEParameterEstimation ~/.julia/dev/ODEParameterEstimation/src/core/homotopy_continuation.jl:172
[ Info: Saved polynomial system to saved_systems/system_2025-07-28T15:23:21.321.jl
┌ Warning: Optimization did not converge. RetCode: MaxIters
└ @ ODEParameterEstimation ~/.julia/dev/ODEParameterEstimation/src/core/homotopy_continuation.jl:172
[ Info: Saved polynomial system to saved_systems/system_2025-07-28T15:23:22.173.jl
┌ Warning: Optimization did not converge. RetCode: MaxIters
└ @ ODEParameterEstimation ~/.julia/dev/ODEParameterEstimation/src/core/homotopy_continuation.jl:172
[ Info: Saved polynomial system to saved_systems/system_2025-07-28T15:23:23.250.jl
┌ Warning: Optimization did not converge. RetCode: MaxIters
└ @ ODEParameterEstimation ~/.julia/dev/ODEParameterEstimation/src/core/homotopy_continuation.jl:172
[ Info: Saved polynomial system to saved_systems/system_2025-07-28T15:23:24.334.jl
┌ Warning: Optimization did not converge. RetCode: MaxIters
└ @ ODEParameterEstimation ~/.julia/dev/ODEParameterEstimation/src/core/homotopy_continuation.jl:172
[ Info: Saved polynomial system to saved_systems/system_2025-07-28T15:23:25.086.jl
┌ Warning: Optimization did not converge. RetCode: MaxIters
└ @ ODEParameterEstimation ~/.julia/dev/ODEParameterEstimation/src/core/homotopy_continuation.jl:172
[ Info: Saved polynomial system to saved_systems/system_2025-07-28T15:23:25.758.jl
┌ Warning: Optimization did not converge. RetCode: MaxIters
└ @ ODEParameterEstimation ~/.julia/dev/ODEParameterEstimation/src/core/homotopy_continuation.jl:172
[ Info: Saved polynomial system to saved_systems/system_2025-07-28T15:23:27.323.jl
Optimization improved residual by 32.769077492806154 (from 32.769738488917916 to 0.0006609961117627506)
[ Info: Saved polynomial system to saved_systems/system_2025-07-28T15:23:28.951.jl
┌ Warning: Optimization did not converge. RetCode: MaxIters
└ @ ODEParameterEstimation ~/.julia/dev/ODEParameterEstimation/src/core/homotopy_continuation.jl:172
[ Info: Saved polynomial system to saved_systems/system_2025-07-28T15:23:30.341.jl
Optimization improved residual by 32.42206504836583 (from 32.422119939897925 to 5.489153209451781e-5)
[ Info: Saved polynomial system to saved_systems/system_2025-07-28T15:23:32.345.jl
┌ Warning: Optimization did not converge. RetCode: MaxIters
└ @ ODEParameterEstimation ~/.julia/dev/ODEParameterEstimation/src/core/homotopy_continuation.jl:172
[ Info: Saved polynomial system to saved_systems/system_2025-07-28T15:23:33.715.jl
┌ Warning: Optimization did not converge. RetCode: MaxIters
└ @ ODEParameterEstimation ~/.julia/dev/ODEParameterEstimation/src/core/homotopy_continuation.jl:172
[ Info: Saved polynomial system to saved_systems/system_2025-07-28T15:23:34.928.jl
┌ Warning: Optimization did not converge. RetCode: MaxIters
└ @ ODEParameterEstimation ~/.julia/dev/ODEParameterEstimation/src/core/homotopy_continuation.jl:172
[ Info: Saved polynomial system to saved_systems/system_2025-07-28T15:23:38.660.jl
┌ Warning: Optimization did not converge. RetCode: MaxIters
└ @ ODEParameterEstimation ~/.julia/dev/ODEParameterEstimation/src/core/homotopy_continuation.jl:172
[ Info: Saved polynomial system to saved_systems/system_2025-07-28T15:23:39.305.jl
┌ Warning: Optimization did not converge. RetCode: MaxIters
└ @ ODEParameterEstimation ~/.julia/dev/ODEParameterEstimation/src/core/homotopy_continuation.jl:172
[ Info: Saved polynomial system to saved_systems/system_2025-07-28T15:23:40.914.jl
┌ Warning: Optimization did not converge. RetCode: MaxIters
└ @ ODEParameterEstimation ~/.julia/dev/ODEParameterEstimation/src/core/homotopy_continuation.jl:172
[ Info: Saved polynomial system to saved_systems/system_2025-07-28T15:23:42.174.jl
┌ Warning: Optimization did not converge. RetCode: MaxIters
└ @ ODEParameterEstimation ~/.julia/dev/ODEParameterEstimation/src/core/homotopy_continuation.jl:172
[ Info: Saved polynomial system to saved_systems/system_2025-07-28T15:23:43.428.jl
┌ Warning: Optimization did not converge. RetCode: MaxIters
└ @ ODEParameterEstimation ~/.julia/dev/ODEParameterEstimation/src/core/homotopy_continuation.jl:172
[ Info: Saved polynomial system to saved_systems/system_2025-07-28T15:23:44.237.jl
┌ Warning: Optimization did not converge. RetCode: MaxIters
└ @ ODEParameterEstimation ~/.julia/dev/ODEParameterEstimation/src/core/homotopy_continuation.jl:172
[ Info: Saved polynomial system to saved_systems/system_2025-07-28T15:23:45.285.jl
┌ Warning: Optimization did not converge. RetCode: MaxIters
└ @ ODEParameterEstimation ~/.julia/dev/ODEParameterEstimation/src/core/homotopy_continuation.jl:172
┌ Warning: No solutions found after 10 attempts
└ @ ODEParameterEstimation ~/.julia/dev/ODEParameterEstimation/src/core/multipoint_estimation.jl:88
[ Info: Saved polynomial system to saved_systems/system_2025-07-28T15:23:47.007.jl
┌ Warning: Optimization did not converge. RetCode: MaxIters
└ @ ODEParameterEstimation ~/.julia/dev/ODEParameterEstimation/src/core/homotopy_continuation.jl:172
[ Info: Saved polynomial system to saved_systems/system_2025-07-28T15:23:48.958.jl
┌ Warning: Optimization did not converge. RetCode: MaxIters
└ @ ODEParameterEstimation ~/.julia/dev/ODEParameterEstimation/src/core/homotopy_continuation.jl:172
[ Info: Saved polynomial system to saved_systems/system_2025-07-28T15:23:50.716.jl
┌ Warning: Optimization did not converge. RetCode: MaxIters
└ @ ODEParameterEstimation ~/.julia/dev/ODEParameterEstimation/src/core/homotopy_continuation.jl:172
[ Info: Saved polynomial system to saved_systems/system_2025-07-28T15:23:52.101.jl
┌ Warning: Optimization did not converge. RetCode: MaxIters
└ @ ODEParameterEstimation ~/.julia/dev/ODEParameterEstimation/src/core/homotopy_continuation.jl:172
[ Info: Saved polynomial system to saved_systems/system_2025-07-28T15:23:53.487.jl
┌ Warning: Optimization did not converge. RetCode: MaxIters
└ @ ODEParameterEstimation ~/.julia/dev/ODEParameterEstimation/src/core/homotopy_continuation.jl:172
[ Info: Saved polynomial system to saved_systems/system_2025-07-28T15:23:54.325.jl
┌ Warning: Optimization did not converge. RetCode: MaxIters
└ @ ODEParameterEstimation ~/.julia/dev/ODEParameterEstimation/src/core/homotopy_continuation.jl:172
[ Info: Saved polynomial system to saved_systems/system_2025-07-28T15:23:55.181.jl
┌ Warning: Optimization did not converge. RetCode: MaxIters
└ @ ODEParameterEstimation ~/.julia/dev/ODEParameterEstimation/src/core/homotopy_continuation.jl:172
[ Info: Saved polynomial system to saved_systems/system_2025-07-28T15:23:57.022.jl
┌ Warning: Optimization did not converge. RetCode: MaxIters
└ @ ODEParameterEstimation ~/.julia/dev/ODEParameterEstimation/src/core/homotopy_continuation.jl:172
[ Info: Saved polynomial system to saved_systems/system_2025-07-28T15:23:57.943.jl
┌ Warning: Optimization did not converge. RetCode: MaxIters
└ @ ODEParameterEstimation ~/.julia/dev/ODEParameterEstimation/src/core/homotopy_continuation.jl:172
[ Info: Saved polynomial system to saved_systems/system_2025-07-28T15:23:59.845.jl
┌ Warning: Optimization did not converge. RetCode: MaxIters
└ @ ODEParameterEstimation ~/.julia/dev/ODEParameterEstimation/src/core/homotopy_continuation.jl:172
┌ Warning: No solutions found after 10 attempts
└ @ ODEParameterEstimation ~/.julia/dev/ODEParameterEstimation/src/core/multipoint_estimation.jl:88
[ Info: Saved polynomial system to saved_systems/system_2025-07-28T15:24:00.725.jl
┌ Warning: Optimization did not converge. RetCode: MaxIters
└ @ ODEParameterEstimation ~/.julia/dev/ODEParameterEstimation/src/core/homotopy_continuation.jl:172
[ Info: Saved polynomial system to saved_systems/system_2025-07-28T15:24:02.247.jl
┌ Warning: Optimization did not converge. RetCode: MaxIters
└ @ ODEParameterEstimation ~/.julia/dev/ODEParameterEstimation/src/core/homotopy_continuation.jl:172
[ Info: Saved polynomial system to saved_systems/system_2025-07-28T15:24:03.635.jl
┌ Warning: Optimization did not converge. RetCode: MaxIters
└ @ ODEParameterEstimation ~/.julia/dev/ODEParameterEstimation/src/core/homotopy_continuation.jl:172
[ Info: Saved polynomial system to saved_systems/system_2025-07-28T15:24:04.995.jl
┌ Warning: Optimization did not converge. RetCode: MaxIters
└ @ ODEParameterEstimation ~/.julia/dev/ODEParameterEstimation/src/core/homotopy_continuation.jl:172
[ Info: Saved polynomial system to saved_systems/system_2025-07-28T15:24:07.130.jl
┌ Warning: Optimization did not converge. RetCode: MaxIters
└ @ ODEParameterEstimation ~/.julia/dev/ODEParameterEstimation/src/core/homotopy_continuation.jl:172
[ Info: Saved polynomial system to saved_systems/system_2025-07-28T15:24:08.835.jl
┌ Warning: Optimization did not converge. RetCode: MaxIters
└ @ ODEParameterEstimation ~/.julia/dev/ODEParameterEstimation/src/core/homotopy_continuation.jl:172
[ Info: Saved polynomial system to saved_systems/system_2025-07-28T15:24:12.085.jl
┌ Warning: Optimization did not converge. RetCode: MaxIters
└ @ ODEParameterEstimation ~/.julia/dev/ODEParameterEstimation/src/core/homotopy_continuation.jl:172
[ Info: Saved polynomial system to saved_systems/system_2025-07-28T15:24:13.455.jl
┌ Warning: Optimization did not converge. RetCode: MaxIters
└ @ ODEParameterEstimation ~/.julia/dev/ODEParameterEstimation/src/core/homotopy_continuation.jl:172
[ Info: Saved polynomial system to saved_systems/system_2025-07-28T15:24:15.020.jl
┌ Warning: Optimization did not converge. RetCode: MaxIters
└ @ ODEParameterEstimation ~/.julia/dev/ODEParameterEstimation/src/core/homotopy_continuation.jl:172
[ Info: Saved polynomial system to saved_systems/system_2025-07-28T15:24:15.819.jl
┌ Warning: Optimization did not converge. RetCode: MaxIters
└ @ ODEParameterEstimation ~/.julia/dev/ODEParameterEstimation/src/core/homotopy_continuation.jl:172
┌ Warning: No solutions found after 10 attempts
└ @ ODEParameterEstimation ~/.julia/dev/ODEParameterEstimation/src/core/multipoint_estimation.jl:88
[ Info: Saved polynomial system to saved_systems/system_2025-07-28T15:24:16.580.jl
Optimization improved residual by 46.88718455260419 (from 46.88722076029111 to 3.620768691804893e-5)

Unidentifiability Analysis from multipoint_parameter_estimation:
All unidentifiable variables: Set{Any}()
Unidentifiable variables substitution dictionary: Dict{Any, Any}()
Trivially solvable variables: Dict{Any, Any}()

=== Model: fitzhugh_nagumo ===

Found 19 distinct solution clusters:

Cluster 1: 1 similar solutions
Best solution (Error: 1.0e-5):
--------------------------------------------------
Variable     | True Value  | Estimated   | Rel. Error
-----------------------------------------------------
V(t)         |  -1.000000 |  -1.000455 |   0.000455
R(t)         |   0.000000 |  -0.599979 |   0.599979
g            |   3.000000 |   1.579021 |   0.473660
a            |   0.200000 |   9.865976 |  48.329879
b            |   0.200000 | -16.100313 |  81.501563


Cluster 2: 1 similar solutions
Best solution (Error: 9.0e-6):
--------------------------------------------------
Variable     | True Value  | Estimated   | Rel. Error
-----------------------------------------------------
V(t)         |  -1.000000 |  -1.000409 |   0.000409
R(t)         |   0.000000 |  -0.474396 |   0.474396
g            |   3.000000 |   1.752650 |   0.415783
a            |   0.200000 |   8.709570 |  42.547849
b            |   0.200000 | -17.878279 |  90.391393


Cluster 3: 1 similar solutions
Best solution (Error: 7.0e-6):
--------------------------------------------------
Variable     | True Value  | Estimated   | Rel. Error
-----------------------------------------------------
V(t)         |  -1.000000 |  -0.999685 |   0.000315
R(t)         |   0.000000 |   0.083850 |   0.083850
g            |   3.000000 |   3.431598 |   0.143866
a            |   0.200000 |   1.043928 |   4.219641
b            |   0.200000 |  10.114535 |  49.572677


Cluster 4: 1 similar solutions
Best solution (Error: 5.0e-6):
--------------------------------------------------
Variable     | True Value  | Estimated   | Rel. Error
-----------------------------------------------------
V(t)         |  -1.000000 |  -1.000219 |   0.000219
R(t)         |   0.000000 |   0.143094 |   0.143094
g            |   3.000000 |   3.819918 |   0.273306
a            |   0.200000 |   3.086789 |  14.433947
b            |   0.200000 |  20.138172 |  99.690860


Cluster 5: 1 similar solutions
Best solution (Error: 5.0e-6):
--------------------------------------------------
Variable     | True Value  | Estimated   | Rel. Error
-----------------------------------------------------
V(t)         |  -1.000000 |  -0.999789 |   0.000211
R(t)         |   0.000000 |   0.057025 |   0.057025
g            |   3.000000 |   3.280606 |   0.093535
a            |   0.200000 |   0.559622 |   1.798112
b            |   0.200000 |   6.351687 |  30.758436


Cluster 6: 1 similar solutions
Best solution (Error: 4.0e-6):
--------------------------------------------------
Variable     | True Value  | Estimated   | Rel. Error
-----------------------------------------------------
V(t)         |  -1.000000 |  -0.999813 |   0.000187
R(t)         |   0.000000 |   0.069398 |   0.069398
g            |   3.000000 |   3.348566 |   0.116189
a            |   0.200000 |   0.800646 |   3.003229
b            |   0.200000 |   8.702378 |  42.511891


Cluster 7: 1 similar solutions
Best solution (Error: 3.0e-6):
--------------------------------------------------
Variable     | True Value  | Estimated   | Rel. Error
-----------------------------------------------------
V(t)         |  -1.000000 |  -0.999864 |   0.000136
R(t)         |   0.000000 |  -0.000769 |   0.000769
g            |   3.000000 |   2.996568 |   0.001144
a            |   0.200000 |   0.198355 |   0.008227
b            |   0.200000 |   0.120757 |   0.396216


Cluster 8: 1 similar solutions
Best solution (Error: 2.0e-6):
--------------------------------------------------
Variable     | True Value  | Estimated   | Rel. Error
-----------------------------------------------------
V(t)         |  -1.000000 |  -0.999912 |   0.000088
R(t)         |   0.000000 |  -0.000262 |   0.000262
g            |   3.000000 |   2.998834 |   0.000389
a            |   0.200000 |   0.198987 |   0.005063
b            |   0.200000 |   0.170385 |   0.148074


Cluster 9: 1 similar solutions
Best solution (Error: 2.0e-6):
--------------------------------------------------
Variable     | True Value  | Estimated   | Rel. Error
-----------------------------------------------------
V(t)         |  -1.000000 |  -0.999921 |   0.000079
R(t)         |   0.000000 |   0.044488 |   0.044488
g            |   3.000000 |   3.214514 |   0.071505
a            |   0.200000 |   0.413697 |   1.068486
b            |   0.200000 |   4.825167 |  23.125835


Cluster 10: 1 similar solutions
Best solution (Error: 1.0e-6):
--------------------------------------------------
Variable     | True Value  | Estimated   | Rel. Error
-----------------------------------------------------
V(t)         |  -1.000000 |  -0.999934 |   0.000066
R(t)         |   0.000000 |  -0.064427 |   0.064427
g            |   3.000000 |   2.735651 |   0.088116
a            |   0.200000 |   0.515809 |   1.579043
b            |   0.200000 |  -4.904490 |  25.522448


Cluster 11: 1 similar solutions
Best solution (Error: 1.0e-6):
--------------------------------------------------
Variable     | True Value  | Estimated   | Rel. Error
-----------------------------------------------------
V(t)         |  -1.000000 |  -0.999938 |   0.000062
R(t)         |   0.000000 |   0.052438 |   0.052438
g            |   3.000000 |   3.256115 |   0.085372
a            |   0.200000 |   0.502362 |   1.511810
b            |   0.200000 |   5.780302 |  27.901509


Cluster 12: 1 similar solutions
Best solution (Error: 1.0e-6):
--------------------------------------------------
Variable     | True Value  | Estimated   | Rel. Error
-----------------------------------------------------
V(t)         |  -1.000000 |  -0.999965 |   0.000035
R(t)         |   0.000000 |   0.136866 |   0.136866
g            |   3.000000 |   3.775020 |   0.258340
a            |   0.200000 |   2.758528 |  12.792641
b            |   0.200000 |  18.675148 |  92.375741


Cluster 13: 1 similar solutions
Best solution (Error: 0.0):
--------------------------------------------------
Variable     | True Value  | Estimated   | Rel. Error
-----------------------------------------------------
V(t)         |  -1.000000 |  -0.999978 |   0.000022
R(t)         |   0.000000 |   0.033927 |   0.033927
g            |   3.000000 |   3.160860 |   0.053620
a            |   0.200000 |   0.322852 |   0.614261
b            |   0.200000 |   3.631015 |  17.155074


Cluster 14: 1 similar solutions
Best solution (Error: 0.0):
--------------------------------------------------
Variable     | True Value  | Estimated   | Rel. Error
-----------------------------------------------------
V(t)         |  -1.000000 |  -1.000021 |   0.000021
R(t)         |   0.000000 |  -0.522978 |   0.522978
g            |   3.000000 |   1.676788 |   0.441071
a            |   0.200000 |  18.683089 |  92.415443
b            |   0.200000 | -34.520332 | 173.601661


Cluster 15: 1 similar solutions
Best solution (Error: 0.0):
--------------------------------------------------
Variable     | True Value  | Estimated   | Rel. Error
-----------------------------------------------------
V(t)         |  -1.000000 |  -0.999983 |   0.000017
R(t)         |   0.000000 |   0.019290 |   0.019290
g            |   3.000000 |   3.089397 |   0.029799
a            |   0.200000 |   0.239869 |   0.199345
b            |   0.200000 |   2.085210 |   9.426050


Cluster 16: 1 similar solutions
Best solution (Error: 0.0):
--------------------------------------------------
Variable     | True Value  | Estimated   | Rel. Error
-----------------------------------------------------
V(t)         |  -1.000000 |  -0.999988 |   0.000012
R(t)         |   0.000000 |   0.295772 |   0.295772
g            |   3.000000 |   5.390947 |   0.796982
a            |   0.200000 |  19.090178 |  94.450890
b            |   0.200000 |  63.665479 | 317.327394


Cluster 17: 1 similar solutions
Best solution (Error: 0.0):
--------------------------------------------------
Variable     | True Value  | Estimated   | Rel. Error
-----------------------------------------------------
V(t)         |  -1.000000 |  -0.999993 |   0.000007
R(t)         |   0.000000 |   0.024087 |   0.024087
g            |   3.000000 |   3.112455 |   0.037485
a            |   0.200000 |   0.261913 |   0.309565
b            |   0.200000 |   2.579587 |  11.897935


Cluster 18: 1 similar solutions
Best solution (Error: 0.0):
--------------------------------------------------
Variable     | True Value  | Estimated   | Rel. Error
-----------------------------------------------------
V(t)         |  -1.000000 |  -1.000007 |   0.000007
R(t)         |   0.000000 |  -0.005769 |   0.005769
g            |   3.000000 |   2.974207 |   0.008598
a            |   0.200000 |   0.202075 |   0.010376
b            |   0.200000 |  -0.361282 |   2.806410


Cluster 19: 1 similar solutions
Best solution (Error: 0.0):
--------------------------------------------------
Variable     | True Value  | Estimated   | Rel. Error
-----------------------------------------------------
V(t)         |  -1.000000 |  -0.999994 |   0.000006
R(t)         |   0.000000 |  -0.000018 |   0.000018
g            |   3.000000 |   2.999919 |   0.000027
a            |   0.200000 |   0.199926 |   0.000370
b            |   0.200000 |   0.197919 |   0.010407


Best approximation error for fitzhugh_nagumo: 0.0

Best maximum relative error for fitzhugh_nagumo (excluding ALL unidentifiable parameters): 0.010407
Best minimum relative error: 6.0e-6
Best mean relative error: 0.002166
Best median relative error: 2.7e-5
Best maximum relative error: 0.010407
Best RMS relative error: 0.004657
SUCCESS
