Starting model: harmonic
[ Info: Saved polynomial system to saved_systems/system_2025-07-28T15:26:55.221.jl
Optimization improved residual by 1.6163830068488314 (from 1.616416508389348 to 3.3501540516512635e-5)
[ Info: Saved polynomial system to saved_systems/system_2025-07-28T15:27:17.376.jl
Optimization improved residual by 4.04797114605878 (from 4.0479970297924925 to 2.5883733712889266e-5)
[ Info: Saved polynomial system to saved_systems/system_2025-07-28T15:27:19.325.jl
Optimization improved residual by 3.3162384502599167 (from 3.316301566367335 to 6.311610741822282e-5)
[ Info: Saved polynomial system to saved_systems/system_2025-07-28T15:27:20.745.jl
Optimization improved residual by 2.2661191144278283 (from 2.266308157284395 to 0.00018904285656664302)
[ Info: Saved polynomial system to saved_systems/system_2025-07-28T15:27:22.578.jl
Optimization improved residual by 3.3486040777200614 (from 3.348852133499121 to 0.0002480557790595069)
[ Info: Saved polynomial system to saved_systems/system_2025-07-28T15:27:24.527.jl
Optimization improved residual by 2.2754900004625376 (from 2.2758858025898574 to 0.0003958021273197944)
[ Info: Saved polynomial system to saved_systems/system_2025-07-28T15:27:26.539.jl
Optimization improved residual by 2.7116699116220047 (from 2.7120398398417565 to 0.0003699282197516952)
[ Info: Saved polynomial system to saved_systems/system_2025-07-28T15:27:28.813.jl
Optimization improved residual by 2.2925543271712856 (from 2.2928322741366354 to 0.0002779469653498976)
[ Info: Saved polynomial system to saved_systems/system_2025-07-28T15:27:29.916.jl
Optimization improved residual by 2.4260289914059934 (from 2.4264189692318334 to 0.00038997782583990027)
[ Info: Saved polynomial system to saved_systems/system_2025-07-28T15:27:31.881.jl
┌ Warning: Optimization did not converge. RetCode: MaxIters
└ @ ODEParameterEstimation ~/.julia/dev/ODEParameterEstimation/src/core/homotopy_continuation.jl:172
[ Info: Saved polynomial system to saved_systems/system_2025-07-28T15:27:33.866.jl
Optimization improved residual by 4.091145610923908 (from 4.091302048407499 to 0.0001564374835908607)
[ Info: Saved polynomial system to saved_systems/system_2025-07-28T15:27:38.099.jl
Optimization improved residual by 5.120538103914604 (from 5.120565675445293 to 2.7571530688742043e-5)
[ Info: Saved polynomial system to saved_systems/system_2025-07-28T15:27:39.931.jl
Optimization improved residual by 1.5551328700649871 (from 1.5560291836319597 to 0.0008963135669727149)
[ Info: Saved polynomial system to saved_systems/system_2025-07-28T15:27:41.778.jl
Optimization improved residual by 2.581169701163146 (from 2.5821541676228 to 0.0009844664596544198)
[ Info: Saved polynomial system to saved_systems/system_2025-07-28T15:27:43.560.jl
Optimization improved residual by 2.4571186559564313 (from 2.457200891247775 to 8.223529134378841e-5)
[ Info: Saved polynomial system to saved_systems/system_2025-07-28T15:27:45.257.jl
Optimization improved residual by 3.141082548118998 (from 3.1412826195875274 to 0.00020007146852941564)
[ Info: Saved polynomial system to saved_systems/system_2025-07-28T15:27:46.892.jl
Optimization improved residual by 2.7985691375079704 (from 2.798874566016055 to 0.0003054285080847071)
[ Info: Saved polynomial system to saved_systems/system_2025-07-28T15:27:48.796.jl
Optimization improved residual by 5.28899791134226 (from 5.289305202088819 to 0.0003072907465598007)
[ Info: Saved polynomial system to saved_systems/system_2025-07-28T15:27:50.688.jl
Optimization improved residual by 1.135439970722769 (from 1.1354666219925817 to 2.665126981289728e-5)
[ Info: Saved polynomial system to saved_systems/system_2025-07-28T15:27:52.374.jl
Optimization improved residual by 2.8831071031091935 (from 2.8832531398253645 to 0.0001460367161710257)
[ Info: Saved polynomial system to saved_systems/system_2025-07-28T15:27:53.834.jl
Optimization improved residual by 3.9634157855387224 (from 3.963452035098439 to 3.624955971664172e-5)
[ Info: Saved polynomial system to saved_systems/system_2025-07-28T15:27:55.606.jl
Optimization improved residual by 5.200566958709537 (from 5.200692990085731 to 0.0001260313761943718)
[ Info: Saved polynomial system to saved_systems/system_2025-07-28T15:27:56.955.jl
Optimization improved residual by 1.4646555389052553 (from 1.4646975513954288 to 4.201249017337777e-5)
[ Info: Saved polynomial system to saved_systems/system_2025-07-28T15:27:58.822.jl
Optimization improved residual by 3.1324861631402228 (from 3.132510750490416 to 2.4587350193260753e-5)
[ Info: Saved polynomial system to saved_systems/system_2025-07-28T15:28:00.030.jl
Optimization improved residual by 2.7864754047500973 (from 2.786549892544713 to 7.448779461577148e-5)
[ Info: Saved polynomial system to saved_systems/system_2025-07-28T15:28:02.016.jl
Optimization improved residual by 2.6012382040913566 (from 2.6017857623143485 to 0.0005475582229917759)
[ Info: Saved polynomial system to saved_systems/system_2025-07-28T15:28:03.823.jl
Optimization improved residual by 4.354039724340582 (from 4.354162091196374 to 0.0001223668557915229)
[ Info: Saved polynomial system to saved_systems/system_2025-07-28T15:28:06.689.jl
Optimization improved residual by 5.953002596222162 (from 5.953700967250758 to 0.0006983710285963559)

Unidentifiability Analysis from multipoint_parameter_estimation:
All unidentifiable variables: Set{Any}()
Unidentifiable variables substitution dictionary: Dict{Any, Any}()
Trivially solvable variables: Dict{Any, Any}()

=== Model: harmonic ===

Found 26 distinct solution clusters:

Cluster 1: 1 similar solutions
Best solution (Error: 0.000547):
--------------------------------------------------
Variable     | True Value  | Estimated   | Rel. Error
-----------------------------------------------------
x1(t)        |   1.000000 |   0.992355 |   0.007645
x2(t)        |   0.000000 |  -0.050245 |   0.050245
a            |   1.000000 |   1.000000 |   0.000000
b            |   1.000000 |   0.987239 |   0.012761


Cluster 2: 1 similar solutions
Best solution (Error: 0.00037):
--------------------------------------------------
Variable     | True Value  | Estimated   | Rel. Error
-----------------------------------------------------
x1(t)        |   1.000000 |   0.995106 |   0.004894
x2(t)        |   0.000000 |  -0.033912 |   0.033912
a            |   1.000000 |   1.000000 |   0.000000
b            |   1.000000 |   0.991362 |   0.008638


Cluster 3: 1 similar solutions
Best solution (Error: 0.000305):
--------------------------------------------------
Variable     | True Value  | Estimated   | Rel. Error
-----------------------------------------------------
x1(t)        |   1.000000 |   0.996041 |   0.003959
x2(t)        |   0.000000 |  -0.027993 |   0.027993
a            |   1.000000 |   1.000000 |   0.000000
b            |   1.000000 |   0.992863 |   0.007137


Cluster 4: 1 similar solutions
Best solution (Error: 0.000185):
--------------------------------------------------
Variable     | True Value  | Estimated   | Rel. Error
-----------------------------------------------------
x1(t)        |   1.000000 |   1.002896 |   0.002896
x2(t)        |   0.000000 |   0.013456 |   0.013456
a            |   1.000000 |   1.000257 |   0.000257
b            |   1.000000 |   1.006236 |   0.006236


Cluster 5: 1 similar solutions
Best solution (Error: 0.000134):
--------------------------------------------------
Variable     | True Value  | Estimated   | Rel. Error
-----------------------------------------------------
x1(t)        |   1.000000 |   0.999838 |   0.000162
x2(t)        |   0.000000 |   0.010978 |   0.010978
a            |   1.000000 |   0.997778 |   0.002222
b            |   1.000000 |   1.000002 |   0.000002


Cluster 6: 1 similar solutions
Best solution (Error: 7.4e-5):
--------------------------------------------------
Variable     | True Value  | Estimated   | Rel. Error
-----------------------------------------------------
x1(t)        |   1.000000 |   0.999918 |   0.000082
x2(t)        |   0.000000 |   0.006078 |   0.006078
a            |   1.000000 |   0.998760 |   0.001240
b            |   1.000000 |   0.999993 |   0.000007


Cluster 7: 1 similar solutions
Best solution (Error: 6.0e-5):
--------------------------------------------------
Variable     | True Value  | Estimated   | Rel. Error
-----------------------------------------------------
x1(t)        |   1.000000 |   1.000009 |   0.000009
x2(t)        |   0.000000 |   0.005591 |   0.005591
a            |   1.000000 |   0.998702 |   0.001298
b            |   1.000000 |   1.000382 |   0.000382


Cluster 8: 1 similar solutions
Best solution (Error: 5.4e-5):
--------------------------------------------------
Variable     | True Value  | Estimated   | Rel. Error
-----------------------------------------------------
x1(t)        |   1.000000 |   0.999942 |   0.000058
x2(t)        |   0.000000 |   0.004610 |   0.004610
a            |   1.000000 |   0.998974 |   0.001026
b            |   1.000000 |   0.999995 |   0.000005


Cluster 9: 1 similar solutions
Best solution (Error: 4.5e-5):
--------------------------------------------------
Variable     | True Value  | Estimated   | Rel. Error
-----------------------------------------------------
x1(t)        |   1.000000 |   0.999992 |   0.000008
x2(t)        |   0.000000 |   0.002007 |   0.002007
a            |   1.000000 |   0.998771 |   0.001229
b            |   1.000000 |   1.000000 |   0.000000


Cluster 10: 1 similar solutions
Best solution (Error: 3.7e-5):
--------------------------------------------------
Variable     | True Value  | Estimated   | Rel. Error
-----------------------------------------------------
x1(t)        |   1.000000 |   0.999882 |   0.000118
x2(t)        |   0.000000 |   0.003116 |   0.003116
a            |   1.000000 |   0.999127 |   0.000873
b            |   1.000000 |   0.999812 |   0.000188


Cluster 11: 1 similar solutions
Best solution (Error: 3.6e-5):
--------------------------------------------------
Variable     | True Value  | Estimated   | Rel. Error
-----------------------------------------------------
x1(t)        |   1.000000 |   0.999951 |   0.000049
x2(t)        |   0.000000 |  -0.003317 |   0.003317
a            |   1.000000 |   1.000854 |   0.000854
b            |   1.000000 |   0.999845 |   0.000155


Cluster 12: 1 similar solutions
Best solution (Error: 3.2e-5):
--------------------------------------------------
Variable     | True Value  | Estimated   | Rel. Error
-----------------------------------------------------
x1(t)        |   1.000000 |   1.000026 |   0.000026
x2(t)        |   0.000000 |   0.001638 |   0.001638
a            |   1.000000 |   1.000000 |   0.000000
b            |   1.000000 |   1.000939 |   0.000939


Cluster 13: 1 similar solutions
Best solution (Error: 2.7e-5):
--------------------------------------------------
Variable     | True Value  | Estimated   | Rel. Error
-----------------------------------------------------
x1(t)        |   1.000000 |   0.999733 |   0.000267
x2(t)        |   0.000000 |  -0.000307 |   0.000307
a            |   1.000000 |   1.000001 |   0.000001
b            |   1.000000 |   0.999463 |   0.000537


Cluster 14: 1 similar solutions
Best solution (Error: 2.2e-5):
--------------------------------------------------
Variable     | True Value  | Estimated   | Rel. Error
-----------------------------------------------------
x1(t)        |   1.000000 |   0.999996 |   0.000004
x2(t)        |   0.000000 |   0.001005 |   0.001005
a            |   1.000000 |   0.999384 |   0.000616
b            |   1.000000 |   1.000000 |   0.000000


Cluster 15: 1 similar solutions
Best solution (Error: 2.2e-5):
--------------------------------------------------
Variable     | True Value  | Estimated   | Rel. Error
-----------------------------------------------------
x1(t)        |   1.000000 |   1.000332 |   0.000332
x2(t)        |   0.000000 |   0.001684 |   0.001684
a            |   1.000000 |   1.000000 |   0.000000
b            |   1.000000 |   1.000718 |   0.000718


Cluster 16: 1 similar solutions
Best solution (Error: 2.2e-5):
--------------------------------------------------
Variable     | True Value  | Estimated   | Rel. Error
-----------------------------------------------------
x1(t)        |   1.000000 |   1.000016 |   0.000016
x2(t)        |   0.000000 |  -0.001845 |   0.001845
a            |   1.000000 |   1.000409 |   0.000409
b            |   1.000000 |   1.000000 |   0.000000


Cluster 17: 1 similar solutions
Best solution (Error: 1.7e-5):
--------------------------------------------------
Variable     | True Value  | Estimated   | Rel. Error
-----------------------------------------------------
x1(t)        |   1.000000 |   1.000003 |   0.000003
x2(t)        |   0.000000 |  -0.000171 |   0.000171
a            |   1.000000 |   1.000297 |   0.000297
b            |   1.000000 |   0.999972 |   0.000028


Cluster 18: 1 similar solutions
Best solution (Error: 1.5e-5):
--------------------------------------------------
Variable     | True Value  | Estimated   | Rel. Error
-----------------------------------------------------
x1(t)        |   1.000000 |   0.999744 |   0.000256
x2(t)        |   0.000000 |  -0.001344 |   0.001344
a            |   1.000000 |   0.999927 |   0.000073
b            |   1.000000 |   0.999427 |   0.000573


Cluster 19: 1 similar solutions
Best solution (Error: 1.3e-5):
--------------------------------------------------
Variable     | True Value  | Estimated   | Rel. Error
-----------------------------------------------------
x1(t)        |   1.000000 |   0.999991 |   0.000009
x2(t)        |   0.000000 |   0.001148 |   0.001148
a            |   1.000000 |   0.999649 |   0.000351
b            |   1.000000 |   1.000000 |   0.000000


Cluster 20: 1 similar solutions
Best solution (Error: 8.0e-6):
--------------------------------------------------
Variable     | True Value  | Estimated   | Rel. Error
-----------------------------------------------------
x1(t)        |   1.000000 |   0.999869 |   0.000131
x2(t)        |   0.000000 |  -0.000550 |   0.000550
a            |   1.000000 |   0.999983 |   0.000017
b            |   1.000000 |   0.999739 |   0.000261


Cluster 21: 1 similar solutions
Best solution (Error: 6.0e-6):
--------------------------------------------------
Variable     | True Value  | Estimated   | Rel. Error
-----------------------------------------------------
x1(t)        |   1.000000 |   0.999940 |   0.000060
x2(t)        |   0.000000 |  -0.000078 |   0.000078
a            |   1.000000 |   1.000000 |   0.000000
b            |   1.000000 |   0.999872 |   0.000128


Cluster 22: 1 similar solutions
Best solution (Error: 5.0e-6):
--------------------------------------------------
Variable     | True Value  | Estimated   | Rel. Error
-----------------------------------------------------
x1(t)        |   1.000000 |   0.999977 |   0.000023
x2(t)        |   0.000000 |  -0.000116 |   0.000116
a            |   1.000000 |   1.000064 |   0.000064
b            |   1.000000 |   0.999956 |   0.000044


Cluster 23: 1 similar solutions
Best solution (Error: 4.0e-6):
--------------------------------------------------
Variable     | True Value  | Estimated   | Rel. Error
-----------------------------------------------------
x1(t)        |   1.000000 |   0.999993 |   0.000007
x2(t)        |   0.000000 |   0.000363 |   0.000363
a            |   1.000000 |   0.999918 |   0.000082
b            |   1.000000 |   0.999991 |   0.000009


Cluster 24: 1 similar solutions
Best solution (Error: 4.0e-6):
--------------------------------------------------
Variable     | True Value  | Estimated   | Rel. Error
-----------------------------------------------------
x1(t)        |   1.000000 |   0.999906 |   0.000094
x2(t)        |   0.000000 |  -0.000337 |   0.000337
a            |   1.000000 |   0.999951 |   0.000049
b            |   1.000000 |   0.999829 |   0.000171


Cluster 25: 2 similar solutions
Best solution (Error: 2.0e-6):
--------------------------------------------------
Variable     | True Value  | Estimated   | Rel. Error
-----------------------------------------------------
x1(t)        |   1.000000 |   0.999994 |   0.000006
x2(t)        |   0.000000 |   0.000065 |   0.000065
a            |   1.000000 |   0.999945 |   0.000055
b            |   1.000000 |   1.000000 |   0.000000


Cluster 26: 1 similar solutions
Best solution (Error: 2.0e-6):
--------------------------------------------------
Variable     | True Value  | Estimated   | Rel. Error
-----------------------------------------------------
x1(t)        |   1.000000 |   0.999991 |   0.000009
x2(t)        |   0.000000 |  -0.000175 |   0.000175
a            |   1.000000 |   1.000051 |   0.000051
b            |   1.000000 |   0.999986 |   0.000014


Best approximation error for harmonic: 2.0e-6

Best maximum relative error for harmonic (excluding ALL unidentifiable parameters): 6.5e-5
Best minimum relative error: 0.0
Best mean relative error: 3.2e-5
Best median relative error: 3.1e-5
Best maximum relative error: 6.5e-5
Best RMS relative error: 4.3e-5
SUCCESS
