Starting model: lotka_volterra
[ Info: Saved polynomial system to saved_systems/system_2025-07-28T15:14:16.250.jl
┌ Warning: Optimization did not converge. RetCode: MaxIters
└ @ ODEParameterEstimation ~/.julia/dev/ODEParameterEstimation/src/core/homotopy_continuation.jl:172
[ Info: Saved polynomial system to saved_systems/system_2025-07-28T15:14:19.739.jl
Optimization improved residual by 8.250375254143371 (from 8.250917084961682 to 0.0005418308183097304)
[ Info: Saved polynomial system to saved_systems/system_2025-07-28T15:14:41.125.jl
┌ Warning: Optimization did not converge. RetCode: MaxIters
└ @ ODEParameterEstimation ~/.julia/dev/ODEParameterEstimation/src/core/homotopy_continuation.jl:172
[ Info: Saved polynomial system to saved_systems/system_2025-07-28T15:14:42.339.jl
┌ Warning: Optimization did not converge. RetCode: MaxIters
└ @ ODEParameterEstimation ~/.julia/dev/ODEParameterEstimation/src/core/homotopy_continuation.jl:172
[ Info: Saved polynomial system to saved_systems/system_2025-07-28T15:14:43.250.jl
Optimization improved residual by 2.33806442447298 (from 2.338905842074162 to 0.0008414176011817589)
[ Info: Saved polynomial system to saved_systems/system_2025-07-28T15:14:47.397.jl
┌ Warning: Optimization did not converge. RetCode: MaxIters
└ @ ODEParameterEstimation ~/.julia/dev/ODEParameterEstimation/src/core/homotopy_continuation.jl:172
[ Info: Saved polynomial system to saved_systems/system_2025-07-28T15:14:49.394.jl
Optimization improved residual by 3.5017648246279145 (from 3.5025004693708035 to 0.0007356447428891447)
[ Info: Saved polynomial system to saved_systems/system_2025-07-28T15:14:50.218.jl
Optimization improved residual by 3.097150977973549 (from 3.09800105377791 to 0.0008500758043612283)
┌ Warning: At t=0.9365894202274831, dt was forced below floating point epsilon -9.805330211398795e-17, and step error estimate = 1.2744945489573023. Aborting. There is either an error in your model specification or the true solution is unstable (or the true solution can not be represented in the precision of Float64).
└ @ SciMLBase ~/.julia/packages/SciMLBase/DbVzk/src/integrator_interface.jl:623
[ Info: Saved polynomial system to saved_systems/system_2025-07-28T15:14:51.674.jl
┌ Warning: Optimization did not converge. RetCode: MaxIters
└ @ ODEParameterEstimation ~/.julia/dev/ODEParameterEstimation/src/core/homotopy_continuation.jl:172
[ Info: Saved polynomial system to saved_systems/system_2025-07-28T15:14:52.353.jl
Optimization improved residual by 16.033265751504988 (from 16.033418136897925 to 0.000152385392938595)
[ Info: Saved polynomial system to saved_systems/system_2025-07-28T15:14:53.128.jl
Optimization improved residual by 8.799773869540019 (from 8.800313768522598 to 0.0005398989825781573)
[ Info: Saved polynomial system to saved_systems/system_2025-07-28T15:14:54.122.jl
Optimization improved residual by 13.428285698839861 (from 13.428554842417292 to 0.0002691435774309303)
[ Info: Saved polynomial system to saved_systems/system_2025-07-28T15:14:55.531.jl
Optimization improved residual by 3.8731060346597053 (from 3.8731312631506136 to 2.5228490908210363e-5)
[ Info: Saved polynomial system to saved_systems/system_2025-07-28T15:14:56.362.jl
┌ Warning: Optimization did not converge. RetCode: MaxIters
└ @ ODEParameterEstimation ~/.julia/dev/ODEParameterEstimation/src/core/homotopy_continuation.jl:172
[ Info: Saved polynomial system to saved_systems/system_2025-07-28T15:14:57.518.jl
┌ Warning: Optimization did not converge. RetCode: MaxIters
└ @ ODEParameterEstimation ~/.julia/dev/ODEParameterEstimation/src/core/homotopy_continuation.jl:172
[ Info: Saved polynomial system to saved_systems/system_2025-07-28T15:14:58.684.jl
┌ Warning: Optimization did not converge. RetCode: MaxIters
└ @ ODEParameterEstimation ~/.julia/dev/ODEParameterEstimation/src/core/homotopy_continuation.jl:172
[ Info: Saved polynomial system to saved_systems/system_2025-07-28T15:14:59.457.jl
┌ Warning: Optimization did not converge. RetCode: MaxIters
└ @ ODEParameterEstimation ~/.julia/dev/ODEParameterEstimation/src/core/homotopy_continuation.jl:172
[ Info: Saved polynomial system to saved_systems/system_2025-07-28T15:15:00.642.jl
Optimization improved residual by 3.206455232637379 (from 3.2066381396897206 to 0.0001829070523414483)
[ Info: Saved polynomial system to saved_systems/system_2025-07-28T15:15:02.732.jl
┌ Warning: Optimization did not converge. RetCode: MaxIters
└ @ ODEParameterEstimation ~/.julia/dev/ODEParameterEstimation/src/core/homotopy_continuation.jl:172
[ Info: Saved polynomial system to saved_systems/system_2025-07-28T15:15:03.660.jl
Optimization improved residual by 13.009325382159137 (from 13.009389062364068 to 6.368020493056133e-5)
┌ Warning: At t=0.32769773178164713, dt was forced below floating point epsilon 5.551115123125783e-17, and step error estimate = 1.7549184137125822. Aborting. There is either an error in your model specification or the true solution is unstable (or the true solution can not be represented in the precision of Float64).
└ @ SciMLBase ~/.julia/packages/SciMLBase/DbVzk/src/integrator_interface.jl:623
[ Info: Saved polynomial system to saved_systems/system_2025-07-28T15:15:04.611.jl
Optimization improved residual by 4.66688924874245 (from 4.667623471269321 to 0.0007342225268709111)
[ Info: Saved polynomial system to saved_systems/system_2025-07-28T15:15:05.508.jl
Optimization improved residual by 3.627207012587686 (from 3.6273809701091695 to 0.00017395752148358478)
┌ Warning: At t=1.8057955603357214, dt was forced below floating point epsilon -1.9330473791279224e-16, and step error estimate = 1.5333512095759083. Aborting. There is either an error in your model specification or the true solution is unstable (or the true solution can not be represented in the precision of Float64).
└ @ SciMLBase ~/.julia/packages/SciMLBase/DbVzk/src/integrator_interface.jl:623
[ Info: Saved polynomial system to saved_systems/system_2025-07-28T15:15:06.464.jl
┌ Warning: Optimization did not converge. RetCode: MaxIters
└ @ ODEParameterEstimation ~/.julia/dev/ODEParameterEstimation/src/core/homotopy_continuation.jl:172
[ Info: Saved polynomial system to saved_systems/system_2025-07-28T15:15:07.508.jl
┌ Warning: Optimization did not converge. RetCode: MaxIters
└ @ ODEParameterEstimation ~/.julia/dev/ODEParameterEstimation/src/core/homotopy_continuation.jl:172
[ Info: Saved polynomial system to saved_systems/system_2025-07-28T15:15:08.422.jl
┌ Warning: Optimization did not converge. RetCode: MaxIters
└ @ ODEParameterEstimation ~/.julia/dev/ODEParameterEstimation/src/core/homotopy_continuation.jl:172
[ Info: Saved polynomial system to saved_systems/system_2025-07-28T15:15:09.347.jl
┌ Warning: Optimization did not converge. RetCode: MaxIters
└ @ ODEParameterEstimation ~/.julia/dev/ODEParameterEstimation/src/core/homotopy_continuation.jl:172
[ Info: Saved polynomial system to saved_systems/system_2025-07-28T15:15:10.244.jl
┌ Warning: Optimization did not converge. RetCode: MaxIters
└ @ ODEParameterEstimation ~/.julia/dev/ODEParameterEstimation/src/core/homotopy_continuation.jl:172
[ Info: Saved polynomial system to saved_systems/system_2025-07-28T15:15:11.139.jl
┌ Warning: Optimization did not converge. RetCode: MaxIters
└ @ ODEParameterEstimation ~/.julia/dev/ODEParameterEstimation/src/core/homotopy_continuation.jl:172
[ Info: Saved polynomial system to saved_systems/system_2025-07-28T15:15:12.026.jl
Optimization improved residual by 3.6681734514914495 (from 3.669116668851137 to 0.0009432173596873465)
┌ Warning: At t=2.9267646367216136, dt was forced below floating point epsilon -3.80060735674014e-16, and step error estimate = 1.9101117460062895. Aborting. There is either an error in your model specification or the true solution is unstable (or the true solution can not be represented in the precision of Float64).
└ @ SciMLBase ~/.julia/packages/SciMLBase/DbVzk/src/integrator_interface.jl:623
[ Info: Saved polynomial system to saved_systems/system_2025-07-28T15:15:12.947.jl
┌ Warning: Optimization did not converge. RetCode: MaxIters
└ @ ODEParameterEstimation ~/.julia/dev/ODEParameterEstimation/src/core/homotopy_continuation.jl:172
[ Info: Saved polynomial system to saved_systems/system_2025-07-28T15:15:13.863.jl
┌ Warning: Optimization did not converge. RetCode: MaxIters
└ @ ODEParameterEstimation ~/.julia/dev/ODEParameterEstimation/src/core/homotopy_continuation.jl:172
[ Info: Saved polynomial system to saved_systems/system_2025-07-28T15:15:14.815.jl
Optimization improved residual by 4.376542149990807 (from 4.376981513415882 to 0.0004393634250753148)
[ Info: Saved polynomial system to saved_systems/system_2025-07-28T15:15:15.783.jl
┌ Warning: Optimization did not converge. RetCode: MaxIters
└ @ ODEParameterEstimation ~/.julia/dev/ODEParameterEstimation/src/core/homotopy_continuation.jl:172
[ Info: Saved polynomial system to saved_systems/system_2025-07-28T15:15:16.755.jl
Optimization improved residual by 5.3368278075113835 (from 5.337234825972197 to 0.0004070184608133999)
[ Info: Saved polynomial system to saved_systems/system_2025-07-28T15:15:17.735.jl
┌ Warning: Optimization did not converge. RetCode: MaxIters
└ @ ODEParameterEstimation ~/.julia/dev/ODEParameterEstimation/src/core/homotopy_continuation.jl:172
[ Info: Saved polynomial system to saved_systems/system_2025-07-28T15:15:18.704.jl
┌ Warning: Optimization did not converge. RetCode: MaxIters
└ @ ODEParameterEstimation ~/.julia/dev/ODEParameterEstimation/src/core/homotopy_continuation.jl:172
[ Info: Saved polynomial system to saved_systems/system_2025-07-28T15:15:22.386.jl
┌ Warning: Optimization did not converge. RetCode: MaxIters
└ @ ODEParameterEstimation ~/.julia/dev/ODEParameterEstimation/src/core/homotopy_continuation.jl:172
[ Info: Saved polynomial system to saved_systems/system_2025-07-28T15:15:23.517.jl
Optimization improved residual by 12.305618176214983 (from 12.305780800071197 to 0.0001626238562135303)
[ Info: Saved polynomial system to saved_systems/system_2025-07-28T15:15:24.821.jl
┌ Warning: Optimization did not converge. RetCode: MaxIters
└ @ ODEParameterEstimation ~/.julia/dev/ODEParameterEstimation/src/core/homotopy_continuation.jl:172
[ Info: Saved polynomial system to saved_systems/system_2025-07-28T15:15:25.770.jl
Optimization improved residual by 3.8867257525048475 (from 3.8873494886594995 to 0.0006237361546517961)
[ Info: Saved polynomial system to saved_systems/system_2025-07-28T15:15:26.783.jl
Optimization improved residual by 6.644722614489178 (from 6.644980346458888 to 0.00025773196971051325)
[ Info: Saved polynomial system to saved_systems/system_2025-07-28T15:15:27.881.jl
Optimization improved residual by 5.333396370170604 (from 5.333516170227313 to 0.00011980005670852672)
[ Info: Saved polynomial system to saved_systems/system_2025-07-28T15:15:29.125.jl
┌ Warning: Optimization did not converge. RetCode: MaxIters
└ @ ODEParameterEstimation ~/.julia/dev/ODEParameterEstimation/src/core/homotopy_continuation.jl:172
[ Info: Saved polynomial system to saved_systems/system_2025-07-28T15:15:29.836.jl
Optimization improved residual by 7.111607811307493 (from 7.11204902971061 to 0.0004412184031163177)
[ Info: Saved polynomial system to saved_systems/system_2025-07-28T15:15:31.401.jl
Optimization improved residual by 9.36979194193696 (from 9.370311985598029 to 0.0005200436610699372)
[ Info: Saved polynomial system to saved_systems/system_2025-07-28T15:15:32.015.jl
Optimization improved residual by 5.8000139324069675 (from 5.800913895883087 to 0.0008999634761200643)
[ Info: Saved polynomial system to saved_systems/system_2025-07-28T15:15:33.203.jl
Optimization improved residual by 9.126447022972943 (from 9.126453894936388 to 6.871963444544068e-6)
[ Info: Saved polynomial system to saved_systems/system_2025-07-28T15:15:34.337.jl
┌ Warning: Optimization did not converge. RetCode: MaxIters
└ @ ODEParameterEstimation ~/.julia/dev/ODEParameterEstimation/src/core/homotopy_continuation.jl:172
[ Info: Saved polynomial system to saved_systems/system_2025-07-28T15:15:35.272.jl
Optimization improved residual by 9.40167647529001 (from 9.40230567538368 to 0.0006292000936694793)
[ Info: Saved polynomial system to saved_systems/system_2025-07-28T15:15:36.192.jl
┌ Warning: Optimization did not converge. RetCode: MaxIters
└ @ ODEParameterEstimation ~/.julia/dev/ODEParameterEstimation/src/core/homotopy_continuation.jl:172
[ Info: Saved polynomial system to saved_systems/system_2025-07-28T15:15:37.296.jl
┌ Warning: Optimization did not converge. RetCode: MaxIters
└ @ ODEParameterEstimation ~/.julia/dev/ODEParameterEstimation/src/core/homotopy_continuation.jl:172
[ Info: Saved polynomial system to saved_systems/system_2025-07-28T15:15:38.761.jl
┌ Warning: Optimization did not converge. RetCode: MaxIters
└ @ ODEParameterEstimation ~/.julia/dev/ODEParameterEstimation/src/core/homotopy_continuation.jl:172
[ Info: Saved polynomial system to saved_systems/system_2025-07-28T15:15:39.693.jl
┌ Warning: Optimization did not converge. RetCode: MaxIters
└ @ ODEParameterEstimation ~/.julia/dev/ODEParameterEstimation/src/core/homotopy_continuation.jl:172
[ Info: Saved polynomial system to saved_systems/system_2025-07-28T15:15:40.629.jl
┌ Warning: Optimization did not converge. RetCode: MaxIters
└ @ ODEParameterEstimation ~/.julia/dev/ODEParameterEstimation/src/core/homotopy_continuation.jl:172
[ Info: Saved polynomial system to saved_systems/system_2025-07-28T15:15:41.656.jl
┌ Warning: Optimization did not converge. RetCode: MaxIters
└ @ ODEParameterEstimation ~/.julia/dev/ODEParameterEstimation/src/core/homotopy_continuation.jl:172
[ Info: Saved polynomial system to saved_systems/system_2025-07-28T15:15:42.600.jl
┌ Warning: Optimization did not converge. RetCode: MaxIters
└ @ ODEParameterEstimation ~/.julia/dev/ODEParameterEstimation/src/core/homotopy_continuation.jl:172
[ Info: Saved polynomial system to saved_systems/system_2025-07-28T15:15:43.954.jl
┌ Warning: Optimization did not converge. RetCode: MaxIters
└ @ ODEParameterEstimation ~/.julia/dev/ODEParameterEstimation/src/core/homotopy_continuation.jl:172
[ Info: Saved polynomial system to saved_systems/system_2025-07-28T15:15:45.653.jl
┌ Warning: Optimization did not converge. RetCode: MaxIters
└ @ ODEParameterEstimation ~/.julia/dev/ODEParameterEstimation/src/core/homotopy_continuation.jl:172
[ Info: Saved polynomial system to saved_systems/system_2025-07-28T15:15:47.024.jl
┌ Warning: Optimization did not converge. RetCode: MaxIters
└ @ ODEParameterEstimation ~/.julia/dev/ODEParameterEstimation/src/core/homotopy_continuation.jl:172
┌ Warning: No solutions found after 10 attempts
└ @ ODEParameterEstimation ~/.julia/dev/ODEParameterEstimation/src/core/multipoint_estimation.jl:88
[ Info: Saved polynomial system to saved_systems/system_2025-07-28T15:15:48.193.jl
Optimization improved residual by 12.304408216816398 (from 12.305200504383663 to 0.0007922875672649151)
[ Info: Saved polynomial system to saved_systems/system_2025-07-28T15:15:49.660.jl
Optimization improved residual by 3.71658602366185 (from 3.717238378638593 to 0.0006523549767425558)

Unidentifiability Analysis from multipoint_parameter_estimation:
All unidentifiable variables: Set{Any}()
Unidentifiable variables substitution dictionary: Dict{Any, Any}()
Trivially solvable variables: Dict{Any, Any}()

=== Model: lotka_volterra ===

Found 20 distinct solution clusters:

Cluster 1: 1 similar solutions
Best solution (Error: 0.022755):
--------------------------------------------------
Variable     | True Value  | Estimated   | Rel. Error
-----------------------------------------------------
r(t)         |   2.000000 |   0.118339 |   0.940831
w(t)         |   1.000000 |   4.977694 |   3.977694
k1           |   1.000000 |   5.982821 |   4.982821
k2           |   0.500000 |   1.261481 |   1.522962
k3           |   0.300000 |   0.097733 |   0.674223


Cluster 2: 1 similar solutions
Best solution (Error: 0.020375):
--------------------------------------------------
Variable     | True Value  | Estimated   | Rel. Error
-----------------------------------------------------
r(t)         |   2.000000 |   2.538051 |   0.269026
w(t)         |   1.000000 |   0.595282 |   0.404718
k1           |   1.000000 |   0.668166 |   0.331834
k2           |   0.500000 |   0.528859 |   0.057717
k3           |   0.300000 |   0.348014 |   0.160045


Cluster 3: 1 similar solutions
Best solution (Error: 0.019868):
--------------------------------------------------
Variable     | True Value  | Estimated   | Rel. Error
-----------------------------------------------------
r(t)         |   2.000000 |   0.273224 |   0.863388
w(t)         |   1.000000 |  20.008953 |  19.008953
k1           |   1.000000 |  -4.660359 |   5.660359
k2           |   0.500000 |  -0.205106 |   1.410213
k3           |   0.300000 |  -0.041666 |   1.138885


Cluster 4: 1 similar solutions
Best solution (Error: 0.018463):
--------------------------------------------------
Variable     | True Value  | Estimated   | Rel. Error
-----------------------------------------------------
r(t)         |   2.000000 |   3.384547 |   0.692274
w(t)         |   1.000000 |   1.070403 |   0.070403
k1           |   1.000000 |   0.900572 |   0.099428
k2           |   0.500000 |   0.359031 |   0.281938
k3           |   0.300000 |   0.327103 |   0.090345


Cluster 5: 1 similar solutions
Best solution (Error: 0.015992):
--------------------------------------------------
Variable     | True Value  | Estimated   | Rel. Error
-----------------------------------------------------
r(t)         |   2.000000 |   0.000096 |   0.999952
w(t)         |   1.000000 |  -0.000000 |   1.000000
k1           |   1.000000 |   0.733707 |   0.266293
k2           |   0.500000 |  -0.145470 |   1.290940
k3           |   0.300000 |  -1.786299 |   6.954330


Cluster 6: 1 similar solutions
Best solution (Error: 0.015845):
--------------------------------------------------
Variable     | True Value  | Estimated   | Rel. Error
-----------------------------------------------------
r(t)         |   2.000000 |   0.349504 |   0.825248
w(t)         |   1.000000 |   0.239133 |   0.760867
k1           |   1.000000 |   0.896336 |   0.103664
k2           |   0.500000 |   1.210321 |   1.420643
k3           |   0.300000 |   0.360490 |   0.201635


Cluster 7: 1 similar solutions
Best solution (Error: 0.01578):
--------------------------------------------------
Variable     | True Value  | Estimated   | Rel. Error
-----------------------------------------------------
r(t)         |   2.000000 |   1.535747 |   0.232127
w(t)         |   1.000000 |   0.247147 |   0.752853
k1           |   1.000000 |   0.573703 |   0.426297
k2           |   0.500000 |   0.877257 |   0.754514
k3           |   0.300000 |   0.410360 |   0.367865


Cluster 8: 1 similar solutions
Best solution (Error: 0.011667):
--------------------------------------------------
Variable     | True Value  | Estimated   | Rel. Error
-----------------------------------------------------
r(t)         |   2.000000 |   0.937162 |   0.531419
w(t)         |   1.000000 |   1.852361 |   0.852361
k1           |   1.000000 |   1.493073 |   0.493073
k2           |   0.500000 |   0.341788 |   0.316425
k3           |   0.300000 |   0.233029 |   0.223236


Cluster 9: 1 similar solutions
Best solution (Error: 0.011486):
--------------------------------------------------
Variable     | True Value  | Estimated   | Rel. Error
-----------------------------------------------------
r(t)         |   2.000000 |   0.738860 |   0.630570
w(t)         |   1.000000 |   0.331630 |   0.668370
k1           |   1.000000 |   0.932293 |   0.067707
k2           |   0.500000 |   0.673592 |   0.347183
k3           |   0.300000 |   0.404912 |   0.349705


Cluster 10: 1 similar solutions
Best solution (Error: 0.008416):
--------------------------------------------------
Variable     | True Value  | Estimated   | Rel. Error
-----------------------------------------------------
r(t)         |   2.000000 |   1.179334 |   0.410333
w(t)         |   1.000000 |   0.327050 |   0.672950
k1           |   1.000000 |   0.764455 |   0.235545
k2           |   0.500000 |   0.909974 |   0.819948
k3           |   0.300000 |   0.384418 |   0.281393


Cluster 11: 1 similar solutions
Best solution (Error: 0.003045):
--------------------------------------------------
Variable     | True Value  | Estimated   | Rel. Error
-----------------------------------------------------
r(t)         |   2.000000 |   2.318548 |   0.159274
w(t)         |   1.000000 |   1.296271 |   0.296271
k1           |   1.000000 |   0.993822 |   0.006178
k2           |   0.500000 |   0.500532 |   0.001063
k3           |   0.300000 |   0.291866 |   0.027112


Cluster 12: 1 similar solutions
Best solution (Error: 0.002692):
--------------------------------------------------
Variable     | True Value  | Estimated   | Rel. Error
-----------------------------------------------------
r(t)         |   2.000000 |   2.270476 |   0.135238
w(t)         |   1.000000 |   1.184833 |   0.184833
k1           |   1.000000 |   0.983155 |   0.016845
k2           |   0.500000 |   0.512473 |   0.024947
k3           |   0.300000 |   0.298365 |   0.005450


Cluster 13: 1 similar solutions
Best solution (Error: 0.001323):
--------------------------------------------------
Variable     | True Value  | Estimated   | Rel. Error
-----------------------------------------------------
r(t)         |   2.000000 |   1.940779 |   0.029610
w(t)         |   1.000000 |   1.052165 |   0.052165
k1           |   1.000000 |   1.047539 |   0.047539
k2           |   0.500000 |   0.471981 |   0.056037
k3           |   0.300000 |   0.290887 |   0.030378


Cluster 14: 1 similar solutions
Best solution (Error: 0.001166):
--------------------------------------------------
Variable     | True Value  | Estimated   | Rel. Error
-----------------------------------------------------
r(t)         |   2.000000 |   2.000493 |   0.000247
w(t)         |   1.000000 |   1.018368 |   0.018368
k1           |   1.000000 |   0.984356 |   0.015644
k2           |   0.500000 |   0.511344 |   0.022688
k3           |   0.300000 |   0.298053 |   0.006489


Cluster 15: 1 similar solutions
Best solution (Error: 0.000789):
--------------------------------------------------
Variable     | True Value  | Estimated   | Rel. Error
-----------------------------------------------------
r(t)         |   2.000000 |   2.010949 |   0.005475
w(t)         |   1.000000 |   0.964897 |   0.035103
k1           |   1.000000 |   0.979951 |   0.020049
k2           |   0.500000 |   0.504893 |   0.009787
k3           |   0.300000 |   0.303329 |   0.011098


Cluster 16: 1 similar solutions
Best solution (Error: 0.000294):
--------------------------------------------------
Variable     | True Value  | Estimated   | Rel. Error
-----------------------------------------------------
r(t)         |   2.000000 |   2.003877 |   0.001939
w(t)         |   1.000000 |   0.987989 |   0.012011
k1           |   1.000000 |   0.993097 |   0.006903
k2           |   0.500000 |   0.501611 |   0.003221
k3           |   0.300000 |   0.301056 |   0.003521


Cluster 17: 1 similar solutions
Best solution (Error: 0.00026):
--------------------------------------------------
Variable     | True Value  | Estimated   | Rel. Error
-----------------------------------------------------
r(t)         |   2.000000 |   1.975561 |   0.012220
w(t)         |   1.000000 |   0.960762 |   0.039238
k1           |   1.000000 |   0.991501 |   0.008499
k2           |   0.500000 |   0.508531 |   0.017061
k3           |   0.300000 |   0.303862 |   0.012873


Cluster 18: 1 similar solutions
Best solution (Error: 0.00015):
--------------------------------------------------
Variable     | True Value  | Estimated   | Rel. Error
-----------------------------------------------------
r(t)         |   2.000000 |   1.984594 |   0.007703
w(t)         |   1.000000 |   0.981942 |   0.018058
k1           |   1.000000 |   0.996941 |   0.003059
k2           |   0.500000 |   0.501247 |   0.002494
k3           |   0.300000 |   0.301429 |   0.004763


Cluster 19: 1 similar solutions
Best solution (Error: 7.4e-5):
--------------------------------------------------
Variable     | True Value  | Estimated   | Rel. Error
-----------------------------------------------------
r(t)         |   2.000000 |   1.990511 |   0.004745
w(t)         |   1.000000 |   0.998320 |   0.001680
k1           |   1.000000 |   1.001336 |   0.001336
k2           |   0.500000 |   0.500426 |   0.000851
k3           |   0.300000 |   0.299792 |   0.000694


Cluster 20: 1 similar solutions
Best solution (Error: 1.8e-5):
--------------------------------------------------
Variable     | True Value  | Estimated   | Rel. Error
-----------------------------------------------------
r(t)         |   2.000000 |   1.998182 |   0.000909
w(t)         |   1.000000 |   0.999471 |   0.000529
k1           |   1.000000 |   1.000123 |   0.000123
k2           |   0.500000 |   0.500241 |   0.000482
k3           |   0.300000 |   0.299989 |   0.000035


Best approximation error for lotka_volterra: 1.8e-5

Best maximum relative error for lotka_volterra (excluding ALL unidentifiable parameters): 0.000909
Best minimum relative error: 3.5e-5
Best mean relative error: 0.000416
Best median relative error: 0.000482
Best maximum relative error: 0.000909
Best RMS relative error: 0.000521
SUCCESS
