Starting model: lv_periodic
[ Info: Saved polynomial system to saved_systems/system_2025-07-28T15:24:28.600.jl
┌ Warning: Optimization did not converge. RetCode: MaxIters
└ @ ODEParameterEstimation ~/.julia/dev/ODEParameterEstimation/src/core/homotopy_continuation.jl:172
[ Info: Saved polynomial system to saved_systems/system_2025-07-28T15:24:30.542.jl
┌ Warning: Optimization did not converge. RetCode: MaxIters
└ @ ODEParameterEstimation ~/.julia/dev/ODEParameterEstimation/src/core/homotopy_continuation.jl:172
[ Info: Saved polynomial system to saved_systems/system_2025-07-28T15:24:32.104.jl
┌ Warning: Optimization did not converge. RetCode: MaxIters
└ @ ODEParameterEstimation ~/.julia/dev/ODEParameterEstimation/src/core/homotopy_continuation.jl:172
[ Info: Saved polynomial system to saved_systems/system_2025-07-28T15:24:33.408.jl
┌ Warning: Optimization did not converge. RetCode: MaxIters
└ @ ODEParameterEstimation ~/.julia/dev/ODEParameterEstimation/src/core/homotopy_continuation.jl:172
[ Info: Saved polynomial system to saved_systems/system_2025-07-28T15:24:35.125.jl
┌ Warning: Optimization did not converge. RetCode: MaxIters
└ @ ODEParameterEstimation ~/.julia/dev/ODEParameterEstimation/src/core/homotopy_continuation.jl:172
[ Info: Saved polynomial system to saved_systems/system_2025-07-28T15:24:37.134.jl
┌ Warning: Optimization did not converge. RetCode: MaxIters
└ @ ODEParameterEstimation ~/.julia/dev/ODEParameterEstimation/src/core/homotopy_continuation.jl:172
[ Info: Saved polynomial system to saved_systems/system_2025-07-28T15:24:38.365.jl
┌ Warning: Optimization did not converge. RetCode: MaxIters
└ @ ODEParameterEstimation ~/.julia/dev/ODEParameterEstimation/src/core/homotopy_continuation.jl:172
[ Info: Saved polynomial system to saved_systems/system_2025-07-28T15:24:39.484.jl
┌ Warning: Optimization did not converge. RetCode: MaxIters
└ @ ODEParameterEstimation ~/.julia/dev/ODEParameterEstimation/src/core/homotopy_continuation.jl:172
[ Info: Saved polynomial system to saved_systems/system_2025-07-28T15:24:41.718.jl
┌ Warning: Optimization did not converge. RetCode: MaxIters
└ @ ODEParameterEstimation ~/.julia/dev/ODEParameterEstimation/src/core/homotopy_continuation.jl:172
[ Info: Saved polynomial system to saved_systems/system_2025-07-28T15:24:45.935.jl
Optimization improved residual by 36.65570204862511 (from 36.65577860566843 to 7.655704332103645e-5)
[ Info: Saved polynomial system to saved_systems/system_2025-07-28T15:25:08.732.jl
Optimization improved residual by 8.750124863232172 (from 8.750833586478082 to 0.0007087232459101906)
[ Info: Saved polynomial system to saved_systems/system_2025-07-28T15:25:10.027.jl
┌ Warning: Optimization did not converge. RetCode: MaxIters
└ @ ODEParameterEstimation ~/.julia/dev/ODEParameterEstimation/src/core/homotopy_continuation.jl:172
[ Info: Saved polynomial system to saved_systems/system_2025-07-28T15:25:11.685.jl
Optimization improved residual by 38.02916386905352 (from 38.02994299159634 to 0.0007791225428261561)
[ Info: Saved polynomial system to saved_systems/system_2025-07-28T15:25:14.036.jl
Optimization improved residual by 5.427931304418936 (from 5.428875995107159 to 0.0009446906882225153)
[ Info: Saved polynomial system to saved_systems/system_2025-07-28T15:25:15.769.jl
Optimization improved residual by 44.76686637236893 (from 44.76692300469591 to 5.6632326978462185e-5)
[ Info: Saved polynomial system to saved_systems/system_2025-07-28T15:25:17.716.jl
Optimization improved residual by 7.88866320489342 (from 7.888896061730901 to 0.00023285683748107348)
[ Info: Saved polynomial system to saved_systems/system_2025-07-28T15:25:23.107.jl
Optimization improved residual by 51.48031750625196 (from 51.480352992111996 to 3.548586004011334e-5)
[ Info: Saved polynomial system to saved_systems/system_2025-07-28T15:25:25.208.jl
Optimization improved residual by 9.21091656110042 (from 9.211094637880832 to 0.00017807678041146683)
[ Info: Saved polynomial system to saved_systems/system_2025-07-28T15:25:26.566.jl
┌ Warning: Optimization did not converge. RetCode: MaxIters
└ @ ODEParameterEstimation ~/.julia/dev/ODEParameterEstimation/src/core/homotopy_continuation.jl:172
[ Info: Saved polynomial system to saved_systems/system_2025-07-28T15:25:29.576.jl
┌ Warning: Optimization did not converge. RetCode: MaxIters
└ @ ODEParameterEstimation ~/.julia/dev/ODEParameterEstimation/src/core/homotopy_continuation.jl:172
[ Info: Saved polynomial system to saved_systems/system_2025-07-28T15:25:31.593.jl
┌ Warning: Optimization did not converge. RetCode: MaxIters
└ @ ODEParameterEstimation ~/.julia/dev/ODEParameterEstimation/src/core/homotopy_continuation.jl:172
[ Info: Saved polynomial system to saved_systems/system_2025-07-28T15:25:33.132.jl
┌ Warning: Optimization did not converge. RetCode: MaxIters
└ @ ODEParameterEstimation ~/.julia/dev/ODEParameterEstimation/src/core/homotopy_continuation.jl:172
[ Info: Saved polynomial system to saved_systems/system_2025-07-28T15:25:34.113.jl
┌ Warning: Optimization did not converge. RetCode: MaxIters
└ @ ODEParameterEstimation ~/.julia/dev/ODEParameterEstimation/src/core/homotopy_continuation.jl:172
[ Info: Saved polynomial system to saved_systems/system_2025-07-28T15:25:35.787.jl
┌ Warning: Optimization did not converge. RetCode: MaxIters
└ @ ODEParameterEstimation ~/.julia/dev/ODEParameterEstimation/src/core/homotopy_continuation.jl:172
[ Info: Saved polynomial system to saved_systems/system_2025-07-28T15:25:37.085.jl
Optimization improved residual by 50.00094676724077 (from 50.00190785887752 to 0.0009610916367535754)
[ Info: Saved polynomial system to saved_systems/system_2025-07-28T15:25:39.208.jl
┌ Warning: Optimization did not converge. RetCode: MaxIters
└ @ ODEParameterEstimation ~/.julia/dev/ODEParameterEstimation/src/core/homotopy_continuation.jl:172
[ Info: Saved polynomial system to saved_systems/system_2025-07-28T15:25:41.663.jl
┌ Warning: Optimization did not converge. RetCode: MaxIters
└ @ ODEParameterEstimation ~/.julia/dev/ODEParameterEstimation/src/core/homotopy_continuation.jl:172
[ Info: Saved polynomial system to saved_systems/system_2025-07-28T15:25:43.618.jl
┌ Warning: Optimization did not converge. RetCode: MaxIters
└ @ ODEParameterEstimation ~/.julia/dev/ODEParameterEstimation/src/core/homotopy_continuation.jl:172
[ Info: Saved polynomial system to saved_systems/system_2025-07-28T15:25:45.539.jl
┌ Warning: Optimization did not converge. RetCode: MaxIters
└ @ ODEParameterEstimation ~/.julia/dev/ODEParameterEstimation/src/core/homotopy_continuation.jl:172
[ Info: Saved polynomial system to saved_systems/system_2025-07-28T15:25:47.490.jl
┌ Warning: Optimization did not converge. RetCode: MaxIters
└ @ ODEParameterEstimation ~/.julia/dev/ODEParameterEstimation/src/core/homotopy_continuation.jl:172
[ Info: Saved polynomial system to saved_systems/system_2025-07-28T15:25:49.617.jl
┌ Warning: Optimization did not converge. RetCode: MaxIters
└ @ ODEParameterEstimation ~/.julia/dev/ODEParameterEstimation/src/core/homotopy_continuation.jl:172
[ Info: Saved polynomial system to saved_systems/system_2025-07-28T15:25:51.639.jl
Optimization improved residual by 37.52170620801654 (from 37.52227637933489 to 0.0005701713183481851)
[ Info: Saved polynomial system to saved_systems/system_2025-07-28T15:25:55.770.jl
Optimization improved residual by 7.934529743270357 (from 7.934789669721845 to 0.00025992645148821574)
[ Info: Saved polynomial system to saved_systems/system_2025-07-28T15:25:58.070.jl
┌ Warning: Optimization did not converge. RetCode: MaxIters
└ @ ODEParameterEstimation ~/.julia/dev/ODEParameterEstimation/src/core/homotopy_continuation.jl:172
[ Info: Saved polynomial system to saved_systems/system_2025-07-28T15:26:00.471.jl
Optimization improved residual by 35.70871322651921 (from 35.70873703605244 to 2.3809533235129966e-5)
[ Info: Saved polynomial system to saved_systems/system_2025-07-28T15:26:02.769.jl
Optimization improved residual by 6.884228963353531 (from 6.88486637258054 to 0.0006374092270086334)
[ Info: Saved polynomial system to saved_systems/system_2025-07-28T15:26:04.883.jl
┌ Warning: Optimization did not converge. RetCode: MaxIters
└ @ ODEParameterEstimation ~/.julia/dev/ODEParameterEstimation/src/core/homotopy_continuation.jl:172
[ Info: Saved polynomial system to saved_systems/system_2025-07-28T15:26:06.760.jl
┌ Warning: Optimization did not converge. RetCode: MaxIters
└ @ ODEParameterEstimation ~/.julia/dev/ODEParameterEstimation/src/core/homotopy_continuation.jl:172
[ Info: Saved polynomial system to saved_systems/system_2025-07-28T15:26:08.776.jl
Optimization improved residual by 47.334859473952584 (from 47.33497051224208 to 0.00011103828949292143)
[ Info: Saved polynomial system to saved_systems/system_2025-07-28T15:26:10.915.jl
┌ Warning: Optimization did not converge. RetCode: MaxIters
└ @ ODEParameterEstimation ~/.julia/dev/ODEParameterEstimation/src/core/homotopy_continuation.jl:172
[ Info: Saved polynomial system to saved_systems/system_2025-07-28T15:26:13.016.jl
┌ Warning: Optimization did not converge. RetCode: MaxIters
└ @ ODEParameterEstimation ~/.julia/dev/ODEParameterEstimation/src/core/homotopy_continuation.jl:172
[ Info: Saved polynomial system to saved_systems/system_2025-07-28T15:26:15.163.jl
Optimization improved residual by 7.360326193936815 (from 7.361271752364734 to 0.0009455584279198562)
[ Info: Saved polynomial system to saved_systems/system_2025-07-28T15:26:17.268.jl
Optimization improved residual by 53.363700940788135 (from 53.3643109884294 to 0.0006100476412674997)
[ Info: Saved polynomial system to saved_systems/system_2025-07-28T15:26:19.218.jl
┌ Warning: Optimization did not converge. RetCode: MaxIters
└ @ ODEParameterEstimation ~/.julia/dev/ODEParameterEstimation/src/core/homotopy_continuation.jl:172
[ Info: Saved polynomial system to saved_systems/system_2025-07-28T15:26:21.217.jl
Optimization improved residual by 7.404557636859392 (from 7.404677806096454 to 0.00012016923706138869)
[ Info: Saved polynomial system to saved_systems/system_2025-07-28T15:26:23.570.jl
┌ Warning: Optimization did not converge. RetCode: MaxIters
└ @ ODEParameterEstimation ~/.julia/dev/ODEParameterEstimation/src/core/homotopy_continuation.jl:172
[ Info: Saved polynomial system to saved_systems/system_2025-07-28T15:26:25.767.jl
Optimization improved residual by 52.488966738533044 (from 52.489517641500214 to 0.0005509029671697097)
[ Info: Saved polynomial system to saved_systems/system_2025-07-28T15:26:29.441.jl
Optimization improved residual by 16.2359099001918 (from 16.23600301585934 to 9.311566754084349e-5)
[ Info: Saved polynomial system to saved_systems/system_2025-07-28T15:26:31.162.jl
Optimization improved residual by 16.12803938371704 (from 16.12810882221335 to 6.94384963092677e-5)
[ Info: Saved polynomial system to saved_systems/system_2025-07-28T15:26:33.125.jl
┌ Warning: Optimization did not converge. RetCode: MaxIters
└ @ ODEParameterEstimation ~/.julia/dev/ODEParameterEstimation/src/core/homotopy_continuation.jl:172
[ Info: Saved polynomial system to saved_systems/system_2025-07-28T15:26:35.870.jl
Optimization improved residual by 19.013972054802895 (from 19.014500218768426 to 0.0005281639655287764)
[ Info: Saved polynomial system to saved_systems/system_2025-07-28T15:26:38.865.jl
┌ Warning: Optimization did not converge. RetCode: MaxIters
└ @ ODEParameterEstimation ~/.julia/dev/ODEParameterEstimation/src/core/homotopy_continuation.jl:172
[ Info: Saved polynomial system to saved_systems/system_2025-07-28T15:26:40.715.jl
Optimization improved residual by 12.877582136881477 (from 12.877917711651715 to 0.00033557477023839005)
[ Info: Saved polynomial system to saved_systems/system_2025-07-28T15:26:43.360.jl
Optimization improved residual by 14.967396217223369 (from 14.967587817100318 to 0.00019159987694975026)
[ Info: Saved polynomial system to saved_systems/system_2025-07-28T15:26:45.757.jl
Optimization improved residual by 12.393266769144061 (from 12.393844448946936 to 0.0005776798028750993)
[ Info: Saved polynomial system to saved_systems/system_2025-07-28T15:26:48.470.jl
Optimization improved residual by 18.39106434319126 (from 18.391672407181954 to 0.0006080639906935446)
[ Info: Saved polynomial system to saved_systems/system_2025-07-28T15:26:50.341.jl
┌ Warning: Optimization did not converge. RetCode: MaxIters
└ @ ODEParameterEstimation ~/.julia/dev/ODEParameterEstimation/src/core/homotopy_continuation.jl:172
[ Info: Saved polynomial system to saved_systems/system_2025-07-28T15:26:51.791.jl
Optimization improved residual by 13.30436629493931 (from 13.304647080346511 to 0.0002807854072013905)
[ Info: Saved polynomial system to saved_systems/system_2025-07-28T15:26:52.898.jl
Optimization improved residual by 14.814893911419084 (from 14.814938595951762 to 4.468453267873824e-5)

Unidentifiability Analysis from multipoint_parameter_estimation:
All unidentifiable variables: Set{Any}()
Unidentifiable variables substitution dictionary: Dict{Any, Any}()
Trivially solvable variables: Dict{Any, Any}()

=== Model: lv_periodic ===

Found 26 distinct solution clusters:

Cluster 1: 1 similar solutions
Best solution (Error: 0.074357):
--------------------------------------------------
Variable     | True Value  | Estimated   | Rel. Error
-----------------------------------------------------
x1(t)        |   2.000000 |   7.296334 |   2.648167
x2(t)        |   0.500000 |   3.249151 |   5.498303
a            |   1.500000 |   1.180887 |   0.212742
b            |   0.900000 |   0.833489 |   0.073901
c            |   3.000000 |   2.999427 |   0.000191
d            |   0.800000 |   0.799851 |   0.000186


Cluster 2: 1 similar solutions
Best solution (Error: 0.015367):
--------------------------------------------------
Variable     | True Value  | Estimated   | Rel. Error
-----------------------------------------------------
x1(t)        |   2.000000 |   1.648635 |   0.175682
x2(t)        |   0.500000 |   0.707859 |   0.415719
a            |   1.500000 |   1.532646 |   0.021764
b            |   0.900000 |   0.906626 |   0.007362
c            |   3.000000 |   3.000981 |   0.000327
d            |   0.800000 |   0.800141 |   0.000176


Cluster 3: 1 similar solutions
Best solution (Error: 0.004437):
--------------------------------------------------
Variable     | True Value  | Estimated   | Rel. Error
-----------------------------------------------------
x1(t)        |   2.000000 |   2.123105 |   0.061553
x2(t)        |   0.500000 |   0.457768 |   0.084465
a            |   1.500000 |   1.490963 |   0.006024
b            |   0.900000 |   0.898215 |   0.001984
c            |   3.000000 |   2.999645 |   0.000118
d            |   0.800000 |   0.799979 |   0.000026


Cluster 4: 1 similar solutions
Best solution (Error: 0.000908):
--------------------------------------------------
Variable     | True Value  | Estimated   | Rel. Error
-----------------------------------------------------
x1(t)        |   2.000000 |   2.006287 |   0.003143
x2(t)        |   0.500000 |   0.497922 |   0.004156
a            |   1.500000 |   1.499527 |   0.000316
b            |   0.900000 |   0.898811 |   0.001321
c            |   3.000000 |   2.997061 |   0.000980
d            |   0.800000 |   0.797833 |   0.002709


Cluster 5: 1 similar solutions
Best solution (Error: 0.000888):
--------------------------------------------------
Variable     | True Value  | Estimated   | Rel. Error
-----------------------------------------------------
x1(t)        |   2.000000 |   2.025398 |   0.012699
x2(t)        |   0.500000 |   0.491900 |   0.016199
a            |   1.500000 |   1.500377 |   0.000251
b            |   0.900000 |   0.900062 |   0.000069
c            |   3.000000 |   2.991914 |   0.002695
d            |   0.800000 |   0.797679 |   0.002901


Cluster 6: 1 similar solutions
Best solution (Error: 0.000745):
--------------------------------------------------
Variable     | True Value  | Estimated   | Rel. Error
-----------------------------------------------------
x1(t)        |   2.000000 |   2.019915 |   0.009958
x2(t)        |   0.500000 |   0.493505 |   0.012991
a            |   1.500000 |   1.500168 |   0.000112
b            |   0.900000 |   0.900025 |   0.000027
c            |   3.000000 |   2.995405 |   0.001532
d            |   0.800000 |   0.798686 |   0.001643


Cluster 7: 1 similar solutions
Best solution (Error: 0.000625):
--------------------------------------------------
Variable     | True Value  | Estimated   | Rel. Error
-----------------------------------------------------
x1(t)        |   2.000000 |   2.012164 |   0.006082
x2(t)        |   0.500000 |   0.495904 |   0.008192
a            |   1.500000 |   1.499203 |   0.000531
b            |   0.900000 |   0.897139 |   0.003178
c            |   3.000000 |   2.998228 |   0.000591
d            |   0.800000 |   0.798769 |   0.001539


Cluster 8: 1 similar solutions
Best solution (Error: 0.000595):
--------------------------------------------------
Variable     | True Value  | Estimated   | Rel. Error
-----------------------------------------------------
x1(t)        |   2.000000 |   2.017894 |   0.008947
x2(t)        |   0.500000 |   0.492898 |   0.014204
a            |   1.500000 |   1.498009 |   0.001327
b            |   0.900000 |   0.899673 |   0.000364
c            |   3.000000 |   3.000482 |   0.000161
d            |   0.800000 |   0.800105 |   0.000131


Cluster 9: 1 similar solutions
Best solution (Error: 0.000446):
--------------------------------------------------
Variable     | True Value  | Estimated   | Rel. Error
-----------------------------------------------------
x1(t)        |   2.000000 |   1.996270 |   0.001865
x2(t)        |   0.500000 |   0.501789 |   0.003577
a            |   1.500000 |   1.499706 |   0.000196
b            |   0.900000 |   0.899966 |   0.000037
c            |   3.000000 |   3.003850 |   0.001283
d            |   0.800000 |   0.800676 |   0.000845


Cluster 10: 1 similar solutions
Best solution (Error: 0.000385):
--------------------------------------------------
Variable     | True Value  | Estimated   | Rel. Error
-----------------------------------------------------
x1(t)        |   2.000000 |   2.010315 |   0.005157
x2(t)        |   0.500000 |   0.495998 |   0.008004
a            |   1.500000 |   1.498687 |   0.000875
b            |   0.900000 |   0.897941 |   0.002288
c            |   3.000000 |   3.001855 |   0.000618
d            |   0.800000 |   0.799422 |   0.000723


Cluster 11: 1 similar solutions
Best solution (Error: 0.000336):
--------------------------------------------------
Variable     | True Value  | Estimated   | Rel. Error
-----------------------------------------------------
x1(t)        |   2.000000 |   2.002314 |   0.001157
x2(t)        |   0.500000 |   0.499213 |   0.001574
a            |   1.500000 |   1.499797 |   0.000135
b            |   0.900000 |   0.899546 |   0.000504
c            |   3.000000 |   2.999009 |   0.000330
d            |   0.800000 |   0.799212 |   0.000985


Cluster 12: 1 similar solutions
Best solution (Error: 0.000273):
--------------------------------------------------
Variable     | True Value  | Estimated   | Rel. Error
-----------------------------------------------------
x1(t)        |   2.000000 |   2.005895 |   0.002948
x2(t)        |   0.500000 |   0.498187 |   0.003627
a            |   1.500000 |   1.500238 |   0.000159
b            |   0.900000 |   0.900042 |   0.000047
c            |   3.000000 |   2.996758 |   0.001081
d            |   0.800000 |   0.799200 |   0.001001


Cluster 13: 1 similar solutions
Best solution (Error: 0.000199):
--------------------------------------------------
Variable     | True Value  | Estimated   | Rel. Error
-----------------------------------------------------
x1(t)        |   2.000000 |   2.005714 |   0.002857
x2(t)        |   0.500000 |   0.498237 |   0.003527
a            |   1.500000 |   1.499933 |   0.000045
b            |   0.900000 |   0.899431 |   0.000632
c            |   3.000000 |   2.998783 |   0.000406
d            |   0.800000 |   0.799469 |   0.000664


Cluster 14: 1 similar solutions
Best solution (Error: 0.000177):
--------------------------------------------------
Variable     | True Value  | Estimated   | Rel. Error
-----------------------------------------------------
x1(t)        |   2.000000 |   1.995320 |   0.002340
x2(t)        |   0.500000 |   0.501418 |   0.002836
a            |   1.500000 |   1.499913 |   0.000058
b            |   0.900000 |   0.900176 |   0.000196
c            |   3.000000 |   3.001211 |   0.000404
d            |   0.800000 |   0.800358 |   0.000448


Cluster 15: 1 similar solutions
Best solution (Error: 0.000164):
--------------------------------------------------
Variable     | True Value  | Estimated   | Rel. Error
-----------------------------------------------------
x1(t)        |   2.000000 |   2.003614 |   0.001807
x2(t)        |   0.500000 |   0.498613 |   0.002774
a            |   1.500000 |   1.500120 |   0.000080
b            |   0.900000 |   0.900023 |   0.000025
c            |   3.000000 |   2.998290 |   0.000570
d            |   0.800000 |   0.799664 |   0.000420


Cluster 16: 1 similar solutions
Best solution (Error: 0.000159):
--------------------------------------------------
Variable     | True Value  | Estimated   | Rel. Error
-----------------------------------------------------
x1(t)        |   2.000000 |   2.004292 |   0.002146
x2(t)        |   0.500000 |   0.498648 |   0.002704
a            |   1.500000 |   1.499964 |   0.000024
b            |   0.900000 |   0.899659 |   0.000379
c            |   3.000000 |   2.999297 |   0.000234
d            |   0.800000 |   0.799728 |   0.000340


Cluster 17: 1 similar solutions
Best solution (Error: 0.000116):
--------------------------------------------------
Variable     | True Value  | Estimated   | Rel. Error
-----------------------------------------------------
x1(t)        |   2.000000 |   1.997590 |   0.001205
x2(t)        |   0.500000 |   0.500172 |   0.000343
a            |   1.500000 |   1.499461 |   0.000359
b            |   0.900000 |   0.900096 |   0.000106
c            |   3.000000 |   3.002771 |   0.000924
d            |   0.800000 |   0.800504 |   0.000630


Cluster 18: 1 similar solutions
Best solution (Error: 8.5e-5):
--------------------------------------------------
Variable     | True Value  | Estimated   | Rel. Error
-----------------------------------------------------
x1(t)        |   2.000000 |   1.999836 |   0.000082
x2(t)        |   0.500000 |   0.499959 |   0.000082
a            |   1.500000 |   1.500086 |   0.000057
b            |   0.900000 |   0.900026 |   0.000028
c            |   3.000000 |   2.999406 |   0.000198
d            |   0.800000 |   0.799910 |   0.000112


Cluster 19: 1 similar solutions
Best solution (Error: 7.5e-5):
--------------------------------------------------
Variable     | True Value  | Estimated   | Rel. Error
-----------------------------------------------------
x1(t)        |   2.000000 |   2.002232 |   0.001116
x2(t)        |   0.500000 |   0.499122 |   0.001756
a            |   1.500000 |   1.499765 |   0.000157
b            |   0.900000 |   0.899946 |   0.000060
c            |   3.000000 |   3.000023 |   0.000008
d            |   0.800000 |   0.800001 |   0.000001


Cluster 20: 1 similar solutions
Best solution (Error: 5.9e-5):
--------------------------------------------------
Variable     | True Value  | Estimated   | Rel. Error
-----------------------------------------------------
x1(t)        |   2.000000 |   2.000786 |   0.000393
x2(t)        |   0.500000 |   0.499353 |   0.001295
a            |   1.500000 |   1.499626 |   0.000249
b            |   0.900000 |   0.900094 |   0.000105
c            |   3.000000 |   3.000476 |   0.000159
d            |   0.800000 |   0.800169 |   0.000211


Cluster 21: 1 similar solutions
Best solution (Error: 4.0e-5):
--------------------------------------------------
Variable     | True Value  | Estimated   | Rel. Error
-----------------------------------------------------
x1(t)        |   2.000000 |   2.000201 |   0.000101
x2(t)        |   0.500000 |   0.499662 |   0.000677
a            |   1.500000 |   1.499707 |   0.000196
b            |   0.900000 |   0.900060 |   0.000067
c            |   3.000000 |   3.000497 |   0.000166
d            |   0.800000 |   0.800157 |   0.000196


Cluster 22: 1 similar solutions
Best solution (Error: 4.0e-5):
--------------------------------------------------
Variable     | True Value  | Estimated   | Rel. Error
-----------------------------------------------------
x1(t)        |   2.000000 |   2.000334 |   0.000167
x2(t)        |   0.500000 |   0.499929 |   0.000141
a            |   1.500000 |   1.500056 |   0.000037
b            |   0.900000 |   0.900011 |   0.000012
c            |   3.000000 |   2.999522 |   0.000159
d            |   0.800000 |   0.799906 |   0.000118


Cluster 23: 1 similar solutions
Best solution (Error: 3.0e-5):
--------------------------------------------------
Variable     | True Value  | Estimated   | Rel. Error
-----------------------------------------------------
x1(t)        |   2.000000 |   2.000860 |   0.000430
x2(t)        |   0.500000 |   0.499621 |   0.000757
a            |   1.500000 |   1.499836 |   0.000109
b            |   0.900000 |   0.899980 |   0.000022
c            |   3.000000 |   3.000110 |   0.000037
d            |   0.800000 |   0.800022 |   0.000028


Cluster 24: 1 similar solutions
Best solution (Error: 1.7e-5):
--------------------------------------------------
Variable     | True Value  | Estimated   | Rel. Error
-----------------------------------------------------
x1(t)        |   2.000000 |   2.000139 |   0.000069
x2(t)        |   0.500000 |   0.499908 |   0.000185
a            |   1.500000 |   1.499896 |   0.000069
b            |   0.900000 |   0.899989 |   0.000013
c            |   3.000000 |   3.000139 |   0.000046
d            |   0.800000 |   0.800027 |   0.000034


Cluster 25: 1 similar solutions
Best solution (Error: 1.6e-5):
--------------------------------------------------
Variable     | True Value  | Estimated   | Rel. Error
-----------------------------------------------------
x1(t)        |   2.000000 |   2.000477 |   0.000238
x2(t)        |   0.500000 |   0.499789 |   0.000421
a            |   1.500000 |   1.499911 |   0.000060
b            |   0.900000 |   0.899989 |   0.000012
c            |   3.000000 |   3.000058 |   0.000019
d            |   0.800000 |   0.800012 |   0.000015


Cluster 26: 1 similar solutions
Best solution (Error: 4.0e-6):
--------------------------------------------------
Variable     | True Value  | Estimated   | Rel. Error
-----------------------------------------------------
x1(t)        |   2.000000 |   2.000067 |   0.000034
x2(t)        |   0.500000 |   0.499963 |   0.000073
a            |   1.500000 |   1.499975 |   0.000017
b            |   0.900000 |   0.899999 |   0.000001
c            |   3.000000 |   3.000027 |   0.000009
d            |   0.800000 |   0.800006 |   0.000007


Best approximation error for lv_periodic: 4.0e-6

Best maximum relative error for lv_periodic (excluding ALL unidentifiable parameters): 7.3e-5
Best minimum relative error: 1.0e-6
Best mean relative error: 2.4e-5
Best median relative error: 1.3e-5
Best maximum relative error: 7.3e-5
Best RMS relative error: 3.4e-5
SUCCESS
