Starting model: onesp_cubed
[ Info: Saved polynomial system to saved_systems/system_2025-07-28T15:18:35.761.jl
Optimization improved residual by 8.207220594000011 (from 8.207809723220949 to 0.0005891292209371015)
[ Info: Saved polynomial system to saved_systems/system_2025-07-28T15:18:56.600.jl
Optimization improved residual by 6.173905307821796 (from 6.17405783362598 to 0.00015252580418422668)
[ Info: Saved polynomial system to saved_systems/system_2025-07-28T15:18:56.967.jl
Optimization improved residual by 5.182111705121567 (from 5.182170087491264 to 5.8382369696902334e-5)
[ Info: Saved polynomial system to saved_systems/system_2025-07-28T15:18:57.654.jl
Optimization improved residual by 4.29274461804189 (from 4.292871227851797 to 0.0001266098099069595)
[ Info: Saved polynomial system to saved_systems/system_2025-07-28T15:18:58.302.jl
Optimization improved residual by 3.683886951631466 (from 3.6846875244778667 to 0.0008005728464009022)
[ Info: Saved polynomial system to saved_systems/system_2025-07-28T15:18:58.877.jl
┌ Warning: Optimization did not converge. RetCode: MaxIters
└ @ ODEParameterEstimation ~/.julia/dev/ODEParameterEstimation/src/core/homotopy_continuation.jl:172
[ Info: Saved polynomial system to saved_systems/system_2025-07-28T15:19:00.007.jl
Optimization improved residual by 9.485260400760458 (from 9.485343904293456 to 8.350353299785935e-5)
[ Info: Saved polynomial system to saved_systems/system_2025-07-28T15:19:01.084.jl
Optimization improved residual by 2.6057965979316418 (from 2.606127602125989 to 0.0003310041943470824)
[ Info: Saved polynomial system to saved_systems/system_2025-07-28T15:19:04.439.jl
Optimization improved residual by 3.9736838679593713 (from 3.973804306998376 to 0.00012043903900474123)
[ Info: Saved polynomial system to saved_systems/system_2025-07-28T15:19:05.659.jl
┌ Warning: Optimization did not converge. RetCode: MaxIters
└ @ ODEParameterEstimation ~/.julia/dev/ODEParameterEstimation/src/core/homotopy_continuation.jl:172
[ Info: Saved polynomial system to saved_systems/system_2025-07-28T15:19:06.409.jl
┌ Warning: Optimization did not converge. RetCode: MaxIters
└ @ ODEParameterEstimation ~/.julia/dev/ODEParameterEstimation/src/core/homotopy_continuation.jl:172
[ Info: Saved polynomial system to saved_systems/system_2025-07-28T15:19:07.761.jl
Optimization improved residual by 4.070626135208613 (from 4.070951800737126 to 0.00032566552851369455)
[ Info: Saved polynomial system to saved_systems/system_2025-07-28T15:19:07.816.jl
┌ Warning: Optimization did not converge. RetCode: MaxIters
└ @ ODEParameterEstimation ~/.julia/dev/ODEParameterEstimation/src/core/homotopy_continuation.jl:172
[ Info: Saved polynomial system to saved_systems/system_2025-07-28T15:19:07.836.jl
Optimization improved residual by 7.2832904913772865 (from 7.283483822601254 to 0.00019333122396734715)
[ Info: Saved polynomial system to saved_systems/system_2025-07-28T15:19:07.879.jl
┌ Warning: Optimization did not converge. RetCode: MaxIters
└ @ ODEParameterEstimation ~/.julia/dev/ODEParameterEstimation/src/core/homotopy_continuation.jl:172
[ Info: Saved polynomial system to saved_systems/system_2025-07-28T15:19:07.899.jl
Optimization improved residual by 8.394706016594995 (from 8.39483078708832 to 0.00012477049332586344)
[ Info: Saved polynomial system to saved_systems/system_2025-07-28T15:19:07.963.jl
Optimization improved residual by 5.092451582241546 (from 5.092476680806708 to 2.50985651619892e-5)
[ Info: Saved polynomial system to saved_systems/system_2025-07-28T15:19:08.006.jl
Optimization improved residual by 4.184218789770216 (from 4.184363182099598 to 0.00014439232938241207)
[ Info: Saved polynomial system to saved_systems/system_2025-07-28T15:19:08.046.jl
Optimization improved residual by 3.6442490398493605 (from 3.644272520994414 to 2.348114505322047e-5)
[ Info: Saved polynomial system to saved_systems/system_2025-07-28T15:19:08.086.jl
Optimization improved residual by 11.603324679419465 (from 11.603363106421593 to 3.8427002127518535e-5)
[ Info: Saved polynomial system to saved_systems/system_2025-07-28T15:19:08.128.jl
┌ Warning: Optimization did not converge. RetCode: MaxIters
└ @ ODEParameterEstimation ~/.julia/dev/ODEParameterEstimation/src/core/homotopy_continuation.jl:172
[ Info: Saved polynomial system to saved_systems/system_2025-07-28T15:19:08.162.jl
┌ Warning: Optimization did not converge. RetCode: MaxIters
└ @ ODEParameterEstimation ~/.julia/dev/ODEParameterEstimation/src/core/homotopy_continuation.jl:172
[ Info: Saved polynomial system to saved_systems/system_2025-07-28T15:19:08.182.jl
Optimization improved residual by 2.7999762822719427 (from 2.8007369136940263 to 0.0007606314220835727)
[ Info: Saved polynomial system to saved_systems/system_2025-07-28T15:19:08.228.jl
Optimization improved residual by 2.2193855365050204 (from 2.2194154444510397 to 2.9907946019406227e-5)
[ Info: Saved polynomial system to saved_systems/system_2025-07-28T15:19:08.273.jl
┌ Warning: Optimization did not converge. RetCode: MaxIters
└ @ ODEParameterEstimation ~/.julia/dev/ODEParameterEstimation/src/core/homotopy_continuation.jl:172
[ Info: Saved polynomial system to saved_systems/system_2025-07-28T15:19:08.292.jl
┌ Warning: Optimization did not converge. RetCode: MaxIters
└ @ ODEParameterEstimation ~/.julia/dev/ODEParameterEstimation/src/core/homotopy_continuation.jl:172
[ Info: Saved polynomial system to saved_systems/system_2025-07-28T15:19:08.311.jl
Optimization improved residual by 1.8757988453184224 (from 1.8763186908584424 to 0.0005198455400199639)
[ Info: Saved polynomial system to saved_systems/system_2025-07-28T15:19:08.837.jl
Optimization improved residual by 7.3050590437341505 (from 7.30510445228969 to 4.540855553927189e-5)
[ Info: Saved polynomial system to saved_systems/system_2025-07-28T15:19:09.872.jl
Optimization improved residual by 6.096534236628491 (from 6.096593545830581 to 5.930920209010059e-5)
[ Info: Saved polynomial system to saved_systems/system_2025-07-28T15:19:11.322.jl
┌ Warning: Optimization did not converge. RetCode: MaxIters
└ @ ODEParameterEstimation ~/.julia/dev/ODEParameterEstimation/src/core/homotopy_continuation.jl:172
[ Info: Saved polynomial system to saved_systems/system_2025-07-28T15:19:12.271.jl
Optimization improved residual by 4.99680372428493 (from 4.996978019113476 to 0.0001742948285455157)
[ Info: Saved polynomial system to saved_systems/system_2025-07-28T15:19:12.888.jl
Optimization improved residual by 4.298545235394376 (from 4.2985824751175805 to 3.7239723204887144e-5)
[ Info: Saved polynomial system to saved_systems/system_2025-07-28T15:19:14.059.jl
┌ Warning: Optimization did not converge. RetCode: MaxIters
└ @ ODEParameterEstimation ~/.julia/dev/ODEParameterEstimation/src/core/homotopy_continuation.jl:172
[ Info: Saved polynomial system to saved_systems/system_2025-07-28T15:19:14.960.jl
Optimization improved residual by 3.9688921463983116 (from 3.969766213692634 to 0.0008740672943225483)
[ Info: Saved polynomial system to saved_systems/system_2025-07-28T15:19:15.740.jl
┌ Warning: Optimization did not converge. RetCode: MaxIters
└ @ ODEParameterEstimation ~/.julia/dev/ODEParameterEstimation/src/core/homotopy_continuation.jl:172
[ Info: Saved polynomial system to saved_systems/system_2025-07-28T15:19:16.256.jl
┌ Warning: Optimization did not converge. RetCode: MaxIters
└ @ ODEParameterEstimation ~/.julia/dev/ODEParameterEstimation/src/core/homotopy_continuation.jl:172
[ Info: Saved polynomial system to saved_systems/system_2025-07-28T15:19:16.757.jl
Optimization improved residual by 2.1254896556306275 (from 2.126319318938235 to 0.0008296633076075846)
[ Info: Saved polynomial system to saved_systems/system_2025-07-28T15:19:17.165.jl
Optimization improved residual by 2.9081790526025517 (from 2.908951550279277 to 0.0007724976767253184)
[ Info: Saved polynomial system to saved_systems/system_2025-07-28T15:19:17.787.jl
┌ Warning: Optimization did not converge. RetCode: MaxIters
└ @ ODEParameterEstimation ~/.julia/dev/ODEParameterEstimation/src/core/homotopy_continuation.jl:172
[ Info: Saved polynomial system to saved_systems/system_2025-07-28T15:19:18.205.jl
Optimization improved residual by 14.196899004546047 (from 14.197780634026985 to 0.0008816294809381469)
[ Info: Saved polynomial system to saved_systems/system_2025-07-28T15:19:19.035.jl
┌ Warning: Optimization did not converge. RetCode: MaxIters
└ @ ODEParameterEstimation ~/.julia/dev/ODEParameterEstimation/src/core/homotopy_continuation.jl:172
[ Info: Saved polynomial system to saved_systems/system_2025-07-28T15:19:21.249.jl
Optimization improved residual by 2.4174800672902563 (from 2.417790140816387 to 0.00031007352613084496)

Unidentifiability Analysis from multipoint_parameter_estimation:
All unidentifiable variables: Set{Any}()
Unidentifiable variables substitution dictionary: Dict{Any, Any}()
Trivially solvable variables: Dict{Any, Any}()

=== Model: onesp_cubed ===

Found 16 distinct solution clusters:

Cluster 1: 1 similar solutions
Best solution (Error: 0.000221):
--------------------------------------------------
Variable     | True Value  | Estimated   | Rel. Error
-----------------------------------------------------
x1(t)        |   2.000000 |   1.998113 |   0.000944
a            |   0.100000 |   0.099828 |   0.001724


Cluster 2: 1 similar solutions
Best solution (Error: 0.000183):
--------------------------------------------------
Variable     | True Value  | Estimated   | Rel. Error
-----------------------------------------------------
x1(t)        |   2.000000 |   2.001745 |   0.000873
a            |   0.100000 |   0.100244 |   0.002438


Cluster 3: 1 similar solutions
Best solution (Error: 0.000148):
--------------------------------------------------
Variable     | True Value  | Estimated   | Rel. Error
-----------------------------------------------------
x1(t)        |   2.000000 |   1.998569 |   0.000715
a            |   0.100000 |   0.099793 |   0.002070


Cluster 4: 1 similar solutions
Best solution (Error: 0.000145):
--------------------------------------------------
Variable     | True Value  | Estimated   | Rel. Error
-----------------------------------------------------
x1(t)        |   2.000000 |   2.001291 |   0.000645
a            |   0.100000 |   0.100137 |   0.001370


Cluster 5: 1 similar solutions
Best solution (Error: 0.000142):
--------------------------------------------------
Variable     | True Value  | Estimated   | Rel. Error
-----------------------------------------------------
x1(t)        |   2.000000 |   2.001368 |   0.000684
a            |   0.100000 |   0.100198 |   0.001979


Cluster 6: 1 similar solutions
Best solution (Error: 0.000107):
--------------------------------------------------
Variable     | True Value  | Estimated   | Rel. Error
-----------------------------------------------------
x1(t)        |   2.000000 |   2.001100 |   0.000550
a            |   0.100000 |   0.100221 |   0.002215


Cluster 7: 1 similar solutions
Best solution (Error: 8.0e-5):
--------------------------------------------------
Variable     | True Value  | Estimated   | Rel. Error
-----------------------------------------------------
x1(t)        |   2.000000 |   2.000822 |   0.000411
a            |   0.100000 |   0.100173 |   0.001733


Cluster 8: 1 similar solutions
Best solution (Error: 3.4e-5):
--------------------------------------------------
Variable     | True Value  | Estimated   | Rel. Error
-----------------------------------------------------
x1(t)        |   2.000000 |   2.000026 |   0.000013
a            |   0.100000 |   0.100067 |   0.000668


Cluster 9: 2 similar solutions
Best solution (Error: 1.5e-5):
--------------------------------------------------
Variable     | True Value  | Estimated   | Rel. Error
-----------------------------------------------------
x1(t)        |   2.000000 |   2.000154 |   0.000077
a            |   0.100000 |   0.100028 |   0.000275


Cluster 10: 1 similar solutions
Best solution (Error: 1.5e-5):
--------------------------------------------------
Variable     | True Value  | Estimated   | Rel. Error
-----------------------------------------------------
x1(t)        |   2.000000 |   1.999908 |   0.000046
a            |   0.100000 |   0.099958 |   0.000417


Cluster 11: 2 similar solutions
Best solution (Error: 1.0e-5):
--------------------------------------------------
Variable     | True Value  | Estimated   | Rel. Error
-----------------------------------------------------
x1(t)        |   2.000000 |   2.000040 |   0.000020
a            |   0.100000 |   0.100024 |   0.000244


Cluster 12: 1 similar solutions
Best solution (Error: 1.0e-5):
--------------------------------------------------
Variable     | True Value  | Estimated   | Rel. Error
-----------------------------------------------------
x1(t)        |   2.000000 |   2.000092 |   0.000046
a            |   0.100000 |   0.100011 |   0.000112


Cluster 13: 1 similar solutions
Best solution (Error: 9.0e-6):
--------------------------------------------------
Variable     | True Value  | Estimated   | Rel. Error
-----------------------------------------------------
x1(t)        |   2.000000 |   1.999904 |   0.000048
a            |   0.100000 |   0.099978 |   0.000221


Cluster 14: 1 similar solutions
Best solution (Error: 9.0e-6):
--------------------------------------------------
Variable     | True Value  | Estimated   | Rel. Error
-----------------------------------------------------
x1(t)        |   2.000000 |   2.000089 |   0.000044
a            |   0.100000 |   0.100024 |   0.000243


Cluster 15: 9 similar solutions
Best solution (Error: 1.0e-6):
--------------------------------------------------
Variable     | True Value  | Estimated   | Rel. Error
-----------------------------------------------------
x1(t)        |   2.000000 |   1.999991 |   0.000004
a            |   0.100000 |   0.099999 |   0.000008


Cluster 16: 2 similar solutions
Best solution (Error: 3.0e-6):
--------------------------------------------------
Variable     | True Value  | Estimated   | Rel. Error
-----------------------------------------------------
x1(t)        |   2.000000 |   2.000033 |   0.000016
a            |   0.100000 |   0.100008 |   0.000085


Best approximation error for onesp_cubed: 1.0e-6

Best maximum relative error for onesp_cubed (excluding ALL unidentifiable parameters): 8.0e-6
Best minimum relative error: 1.0e-6
Best mean relative error: 6.0e-6
Best median relative error: 6.0e-6
Best maximum relative error: 8.0e-6
Best RMS relative error: 6.0e-6
SUCCESS
