Starting model: simple_linear_combination
[ Info: Saved polynomial system to saved_systems/system_2025-07-28T15:17:34.339.jl
Optimization improved residual by 5.369783549310498 (from 5.370173883131752 to 0.0003903338212538022)
[ Info: Saved polynomial system to saved_systems/system_2025-07-28T15:17:57.690.jl
Optimization improved residual by 6.606393245923623 (from 6.606834156952999 to 0.00044091102937543665)
[ Info: Saved polynomial system to saved_systems/system_2025-07-28T15:17:59.199.jl
Optimization improved residual by 5.2728155887864245 (from 5.273035889602136 to 0.0002203008157113593)
[ Info: Saved polynomial system to saved_systems/system_2025-07-28T15:18:00.440.jl
Optimization improved residual by 4.686119282120858 (from 4.687100732259674 to 0.0009814501388160945)
[ Info: Saved polynomial system to saved_systems/system_2025-07-28T15:18:01.682.jl
┌ Warning: Optimization did not converge. RetCode: MaxIters
└ @ ODEParameterEstimation ~/.julia/dev/ODEParameterEstimation/src/core/homotopy_continuation.jl:172
[ Info: Saved polynomial system to saved_systems/system_2025-07-28T15:18:02.415.jl
Optimization improved residual by 3.182155431056437 (from 3.1821797036563093 to 2.4272599872270273e-5)
[ Info: Saved polynomial system to saved_systems/system_2025-07-28T15:18:03.053.jl
Optimization improved residual by 9.205378481537501 (from 9.205590476961302 to 0.00021199542380067918)
[ Info: Saved polynomial system to saved_systems/system_2025-07-28T15:18:04.053.jl
Optimization improved residual by 5.923736957924329 (from 5.923970162888671 to 0.00023320496434165158)
[ Info: Saved polynomial system to saved_systems/system_2025-07-28T15:18:05.072.jl
Optimization improved residual by 8.591138556201656 (from 8.591193282116361 to 5.4725914705017596e-5)
[ Info: Saved polynomial system to saved_systems/system_2025-07-28T15:18:06.067.jl
┌ Warning: Optimization did not converge. RetCode: MaxIters
└ @ ODEParameterEstimation ~/.julia/dev/ODEParameterEstimation/src/core/homotopy_continuation.jl:172
[ Info: Saved polynomial system to saved_systems/system_2025-07-28T15:18:06.700.jl
Optimization improved residual by 8.044950834013823 (from 8.04553664317825 to 0.0005858091644268647)
[ Info: Saved polynomial system to saved_systems/system_2025-07-28T15:18:08.641.jl
Optimization improved residual by 3.5642768524439474 (from 3.56438335046704 to 0.00010649802309284534)
[ Info: Saved polynomial system to saved_systems/system_2025-07-28T15:18:10.022.jl
Optimization improved residual by 8.711159378667931 (from 8.711972093147466 to 0.0008127144795348664)
[ Info: Saved polynomial system to saved_systems/system_2025-07-28T15:18:11.439.jl
Optimization improved residual by 2.987696402044406 (from 2.9877405906389742 to 4.418859456850489e-5)
[ Info: Saved polynomial system to saved_systems/system_2025-07-28T15:18:12.849.jl
Optimization improved residual by 7.426373545845119 (from 7.426413067079125 to 3.9521234005186745e-5)
[ Info: Saved polynomial system to saved_systems/system_2025-07-28T15:18:14.193.jl
Optimization improved residual by 4.450629511900938 (from 4.450733850320284 to 0.0001043384193458197)
[ Info: Saved polynomial system to saved_systems/system_2025-07-28T15:18:15.661.jl
Optimization improved residual by 4.99249020581019 (from 4.992597398884154 to 0.00010719307396382588)
[ Info: Saved polynomial system to saved_systems/system_2025-07-28T15:18:17.090.jl
Optimization improved residual by 4.44948788277984 (from 4.449819203503389 to 0.00033132072354878417)
[ Info: Saved polynomial system to saved_systems/system_2025-07-28T15:18:18.448.jl
Optimization improved residual by 7.92812963811585 (from 7.928358579773528 to 0.00022894165767760295)
[ Info: Saved polynomial system to saved_systems/system_2025-07-28T15:18:19.871.jl
Optimization improved residual by 5.773034969923087 (from 5.773953199746895 to 0.0009182298238086646)
[ Info: Saved polynomial system to saved_systems/system_2025-07-28T15:18:20.891.jl
Optimization improved residual by 7.232151767668214 (from 7.232344930983722 to 0.00019316331550854298)
[ Info: Saved polynomial system to saved_systems/system_2025-07-28T15:18:22.175.jl
┌ Warning: Optimization did not converge. RetCode: MaxIters
└ @ ODEParameterEstimation ~/.julia/dev/ODEParameterEstimation/src/core/homotopy_continuation.jl:172
[ Info: Saved polynomial system to saved_systems/system_2025-07-28T15:18:23.315.jl
Optimization improved residual by 6.858155519373836 (from 6.858190278960321 to 3.4759586484542026e-5)
[ Info: Saved polynomial system to saved_systems/system_2025-07-28T15:18:24.673.jl
Optimization improved residual by 5.495787558252588 (from 5.495909266229495 to 0.00012170797690606572)
[ Info: Saved polynomial system to saved_systems/system_2025-07-28T15:18:25.732.jl
Optimization improved residual by 10.315145549034844 (from 10.315209200539973 to 6.365150513025872e-5)
[ Info: Saved polynomial system to saved_systems/system_2025-07-28T15:18:26.665.jl
Optimization improved residual by 11.20766351215012 (from 11.207836095871263 to 0.0001725837211442395)
[ Info: Saved polynomial system to saved_systems/system_2025-07-28T15:18:29.959.jl
┌ Warning: Optimization did not converge. RetCode: MaxIters
└ @ ODEParameterEstimation ~/.julia/dev/ODEParameterEstimation/src/core/homotopy_continuation.jl:172
[ Info: Saved polynomial system to saved_systems/system_2025-07-28T15:18:30.913.jl
Optimization improved residual by 11.408723434979146 (from 11.408796178845147 to 7.274386600045176e-5)
[ Info: Saved polynomial system to saved_systems/system_2025-07-28T15:18:31.931.jl
Optimization improved residual by 9.84716576287487 (from 9.847741548819132 to 0.0005757859442621066)
[ Info: Saved polynomial system to saved_systems/system_2025-07-28T15:18:32.931.jl
Optimization improved residual by 8.196053321458304 (from 8.196129417928214 to 7.609646990949708e-5)
[ Info: Saved polynomial system to saved_systems/system_2025-07-28T15:18:34.847.jl
Optimization improved residual by 13.816364647524503 (from 13.816809619909732 to 0.00044497238522753213)

Unidentifiability Analysis from multipoint_parameter_estimation:
All unidentifiable variables: Set{Any}()
Unidentifiable variables substitution dictionary: Dict{Any, Any}()
Trivially solvable variables: Dict{Any, Any}()

=== Model: simple_linear_combination ===

Found 27 distinct solution clusters:

Cluster 1: 1 similar solutions
Best solution (Error: 0.087238):
--------------------------------------------------
Variable     | True Value  | Estimated   | Rel. Error
-----------------------------------------------------
x1(t)        |   1.000000 |  -1.179977 |   2.179977
x2(t)        |   2.000000 |   1.677636 |   0.161182
a            |   0.400000 |   0.298425 |   0.253938
b            |   0.800000 |   0.371335 |   0.535832


Cluster 2: 1 similar solutions
Best solution (Error: 0.00897):
--------------------------------------------------
Variable     | True Value  | Estimated   | Rel. Error
-----------------------------------------------------
x1(t)        |   1.000000 |   1.011645 |   0.011645
x2(t)        |   2.000000 |   2.078301 |   0.039150
a            |   0.400000 |   0.400009 |   0.000023
b            |   0.800000 |   0.656885 |   0.178894


Cluster 3: 1 similar solutions
Best solution (Error: 0.004639):
--------------------------------------------------
Variable     | True Value  | Estimated   | Rel. Error
-----------------------------------------------------
x1(t)        |   1.000000 |   0.993700 |   0.006300
x2(t)        |   2.000000 |   1.957693 |   0.021153
a            |   0.400000 |   0.399997 |   0.000008
b            |   0.800000 |   0.877980 |   0.097475


Cluster 4: 1 similar solutions
Best solution (Error: 0.001891):
--------------------------------------------------
Variable     | True Value  | Estimated   | Rel. Error
-----------------------------------------------------
x1(t)        |   1.000000 |   0.952994 |   0.047006
x2(t)        |   2.000000 |   2.076441 |   0.038220
a            |   0.400000 |   0.388116 |   0.029710
b            |   0.800000 |   0.799993 |   0.000009


Cluster 5: 1 similar solutions
Best solution (Error: 0.001331):
--------------------------------------------------
Variable     | True Value  | Estimated   | Rel. Error
-----------------------------------------------------
x1(t)        |   1.000000 |   0.967001 |   0.032999
x2(t)        |   2.000000 |   2.053830 |   0.026915
a            |   0.400000 |   0.391611 |   0.020972
b            |   0.800000 |   0.799995 |   0.000006


Cluster 6: 1 similar solutions
Best solution (Error: 0.000214):
--------------------------------------------------
Variable     | True Value  | Estimated   | Rel. Error
-----------------------------------------------------
x1(t)        |   1.000000 |   0.994950 |   0.005050
x2(t)        |   2.000000 |   2.003907 |   0.001953
a            |   0.400000 |   0.399538 |   0.001155
b            |   0.800000 |   0.798166 |   0.002292


Cluster 7: 1 similar solutions
Best solution (Error: 0.000207):
--------------------------------------------------
Variable     | True Value  | Estimated   | Rel. Error
-----------------------------------------------------
x1(t)        |   1.000000 |   0.996226 |   0.003774
x2(t)        |   2.000000 |   2.003079 |   0.001539
a            |   0.400000 |   0.399957 |   0.000106
b            |   0.800000 |   0.798675 |   0.001656


Cluster 8: 1 similar solutions
Best solution (Error: 0.000151):
--------------------------------------------------
Variable     | True Value  | Estimated   | Rel. Error
-----------------------------------------------------
x1(t)        |   1.000000 |   0.997153 |   0.002847
x2(t)        |   2.000000 |   2.002729 |   0.001364
a            |   0.400000 |   0.399858 |   0.000356
b            |   0.800000 |   0.799218 |   0.000977


Cluster 9: 1 similar solutions
Best solution (Error: 8.8e-5):
--------------------------------------------------
Variable     | True Value  | Estimated   | Rel. Error
-----------------------------------------------------
x1(t)        |   1.000000 |   0.999936 |   0.000064
x2(t)        |   2.000000 |   1.999350 |   0.000325
a            |   0.400000 |   0.400009 |   0.000023
b            |   0.800000 |   0.801548 |   0.001935


Cluster 10: 1 similar solutions
Best solution (Error: 8.5e-5):
--------------------------------------------------
Variable     | True Value  | Estimated   | Rel. Error
-----------------------------------------------------
x1(t)        |   1.000000 |   0.998129 |   0.001871
x2(t)        |   2.000000 |   2.001629 |   0.000814
a            |   0.400000 |   0.399842 |   0.000395
b            |   0.800000 |   0.799479 |   0.000651


Cluster 11: 1 similar solutions
Best solution (Error: 5.0e-5):
--------------------------------------------------
Variable     | True Value  | Estimated   | Rel. Error
-----------------------------------------------------
x1(t)        |   1.000000 |   0.999961 |   0.000039
x2(t)        |   2.000000 |   1.999746 |   0.000127
a            |   0.400000 |   0.399978 |   0.000054
b            |   0.800000 |   0.800925 |   0.001156


Cluster 12: 1 similar solutions
Best solution (Error: 4.6e-5):
--------------------------------------------------
Variable     | True Value  | Estimated   | Rel. Error
-----------------------------------------------------
x1(t)        |   1.000000 |   1.000001 |   0.000001
x2(t)        |   2.000000 |   1.999613 |   0.000193
a            |   0.400000 |   0.400003 |   0.000007
b            |   0.800000 |   0.800820 |   0.001025


Cluster 13: 1 similar solutions
Best solution (Error: 4.6e-5):
--------------------------------------------------
Variable     | True Value  | Estimated   | Rel. Error
-----------------------------------------------------
x1(t)        |   1.000000 |   0.999020 |   0.000980
x2(t)        |   2.000000 |   2.000866 |   0.000433
a            |   0.400000 |   0.399926 |   0.000184
b            |   0.800000 |   0.799725 |   0.000344


Cluster 14: 1 similar solutions
Best solution (Error: 2.8e-5):
--------------------------------------------------
Variable     | True Value  | Estimated   | Rel. Error
-----------------------------------------------------
x1(t)        |   1.000000 |   1.000148 |   0.000148
x2(t)        |   2.000000 |   2.000054 |   0.000027
a            |   0.400000 |   0.400051 |   0.000128
b            |   0.800000 |   0.799534 |   0.000582


Cluster 15: 1 similar solutions
Best solution (Error: 2.5e-5):
--------------------------------------------------
Variable     | True Value  | Estimated   | Rel. Error
-----------------------------------------------------
x1(t)        |   1.000000 |   1.000276 |   0.000276
x2(t)        |   2.000000 |   1.998136 |   0.000932
a            |   0.400000 |   0.400399 |   0.000997
b            |   0.800000 |   0.799085 |   0.001144


Cluster 16: 1 similar solutions
Best solution (Error: 2.3e-5):
--------------------------------------------------
Variable     | True Value  | Estimated   | Rel. Error
-----------------------------------------------------
x1(t)        |   1.000000 |   1.000016 |   0.000016
x2(t)        |   2.000000 |   2.000170 |   0.000085
a            |   0.400000 |   0.399998 |   0.000005
b            |   0.800000 |   0.799589 |   0.000514


Cluster 17: 1 similar solutions
Best solution (Error: 1.8e-5):
--------------------------------------------------
Variable     | True Value  | Estimated   | Rel. Error
-----------------------------------------------------
x1(t)        |   1.000000 |   0.999585 |   0.000415
x2(t)        |   2.000000 |   2.000563 |   0.000282
a            |   0.400000 |   0.399923 |   0.000193
b            |   0.800000 |   0.799967 |   0.000041


Cluster 18: 1 similar solutions
Best solution (Error: 1.7e-5):
--------------------------------------------------
Variable     | True Value  | Estimated   | Rel. Error
-----------------------------------------------------
x1(t)        |   1.000000 |   0.999858 |   0.000142
x2(t)        |   2.000000 |   1.999891 |   0.000054
a            |   0.400000 |   0.400033 |   0.000082
b            |   0.800000 |   0.799560 |   0.000550


Cluster 19: 1 similar solutions
Best solution (Error: 1.1e-5):
--------------------------------------------------
Variable     | True Value  | Estimated   | Rel. Error
-----------------------------------------------------
x1(t)        |   1.000000 |   0.999734 |   0.000266
x2(t)        |   2.000000 |   2.000126 |   0.000063
a            |   0.400000 |   0.399985 |   0.000039
b            |   0.800000 |   0.799814 |   0.000233


Cluster 20: 1 similar solutions
Best solution (Error: 1.1e-5):
--------------------------------------------------
Variable     | True Value  | Estimated   | Rel. Error
-----------------------------------------------------
x1(t)        |   1.000000 |   0.999760 |   0.000240
x2(t)        |   2.000000 |   1.999889 |   0.000055
a            |   0.400000 |   0.400032 |   0.000079
b            |   0.800000 |   0.799744 |   0.000320


Cluster 21: 1 similar solutions
Best solution (Error: 1.0e-5):
--------------------------------------------------
Variable     | True Value  | Estimated   | Rel. Error
-----------------------------------------------------
x1(t)        |   1.000000 |   1.000047 |   0.000047
x2(t)        |   2.000000 |   1.999942 |   0.000029
a            |   0.400000 |   0.400026 |   0.000066
b            |   0.800000 |   0.799804 |   0.000245


Cluster 22: 1 similar solutions
Best solution (Error: 9.0e-6):
--------------------------------------------------
Variable     | True Value  | Estimated   | Rel. Error
-----------------------------------------------------
x1(t)        |   1.000000 |   1.000030 |   0.000030
x2(t)        |   2.000000 |   2.000057 |   0.000029
a            |   0.400000 |   0.400010 |   0.000026
b            |   0.800000 |   0.799845 |   0.000193


Cluster 23: 1 similar solutions
Best solution (Error: 6.0e-6):
--------------------------------------------------
Variable     | True Value  | Estimated   | Rel. Error
-----------------------------------------------------
x1(t)        |   1.000000 |   0.999880 |   0.000120
x2(t)        |   2.000000 |   1.999943 |   0.000028
a            |   0.400000 |   0.400016 |   0.000040
b            |   0.800000 |   0.799870 |   0.000162


Cluster 24: 1 similar solutions
Best solution (Error: 5.0e-6):
--------------------------------------------------
Variable     | True Value  | Estimated   | Rel. Error
-----------------------------------------------------
x1(t)        |   1.000000 |   1.000090 |   0.000090
x2(t)        |   2.000000 |   1.999705 |   0.000148
a            |   0.400000 |   0.400055 |   0.000137
b            |   0.800000 |   0.800002 |   0.000003


Cluster 25: 1 similar solutions
Best solution (Error: 4.0e-6):
--------------------------------------------------
Variable     | True Value  | Estimated   | Rel. Error
-----------------------------------------------------
x1(t)        |   1.000000 |   0.999980 |   0.000020
x2(t)        |   2.000000 |   2.000018 |   0.000009
a            |   0.400000 |   0.400001 |   0.000001
b            |   0.800000 |   0.799921 |   0.000098


Cluster 26: 1 similar solutions
Best solution (Error: 1.0e-6):
--------------------------------------------------
Variable     | True Value  | Estimated   | Rel. Error
-----------------------------------------------------
x1(t)        |   1.000000 |   1.000029 |   0.000029
x2(t)        |   2.000000 |   1.999927 |   0.000036
a            |   0.400000 |   0.400013 |   0.000033
b            |   0.800000 |   0.800007 |   0.000009


Cluster 27: 1 similar solutions
Best solution (Error: 1.0e-6):
--------------------------------------------------
Variable     | True Value  | Estimated   | Rel. Error
-----------------------------------------------------
x1(t)        |   1.000000 |   1.000027 |   0.000027
x2(t)        |   2.000000 |   1.999914 |   0.000043
a            |   0.400000 |   0.400018 |   0.000046
b            |   0.800000 |   0.799989 |   0.000013


Best approximation error for simple_linear_combination: 1.0e-6

Best maximum relative error for simple_linear_combination (excluding ALL unidentifiable parameters): 3.6e-5
Best minimum relative error: 1.0e-6
Best mean relative error: 2.7e-5
Best median relative error: 1.5e-5
Best maximum relative error: 3.6e-5
Best RMS relative error: 2.9e-5
SUCCESS
