Starting model: simple
[ Info: Saved polynomial system to saved_systems/system_2025-07-28T15:20:26.435.jl
Optimization improved residual by 2.394061430849308 (from 2.3944761484695847 to 0.00041471762027658335)
[ Info: Saved polynomial system to saved_systems/system_2025-07-28T15:20:27.475.jl
Optimization improved residual by 1.6846348343674384 (from 1.6850513804905471 to 0.00041654612310862183)
[ Info: Saved polynomial system to saved_systems/system_2025-07-28T15:20:28.541.jl
Optimization improved residual by 5.202933754158552 (from 5.203444303328384 to 0.0005105491698316486)
[ Info: Saved polynomial system to saved_systems/system_2025-07-28T15:20:30.172.jl
Optimization improved residual by 1.8746966185450087 (from 1.8750896759309372 to 0.000393057385928516)
[ Info: Saved polynomial system to saved_systems/system_2025-07-28T15:20:31.282.jl
┌ Warning: Optimization did not converge. RetCode: MaxIters
└ @ ODEParameterEstimation ~/.julia/dev/ODEParameterEstimation/src/core/homotopy_continuation.jl:172
[ Info: Saved polynomial system to saved_systems/system_2025-07-28T15:20:32.510.jl
Optimization improved residual by 1.7559322638567225 (from 1.7566054178215156 to 0.0006731539647929915)
[ Info: Saved polynomial system to saved_systems/system_2025-07-28T15:20:34.452.jl
Optimization improved residual by 6.693077519065301 (from 6.693491377667852 to 0.00041385860255212334)
[ Info: Saved polynomial system to saved_systems/system_2025-07-28T15:20:36.025.jl
Optimization improved residual by 2.146142369269192 (from 2.1463652885569315 to 0.00022291928773968342)
[ Info: Saved polynomial system to saved_systems/system_2025-07-28T15:20:36.911.jl
Optimization improved residual by 2.012279249409757 (from 2.012565226316844 to 0.0002859769070866219)
[ Info: Saved polynomial system to saved_systems/system_2025-07-28T15:20:38.003.jl
Optimization improved residual by 2.3271991556451237 (from 2.3273285334475475 to 0.0001293778024236886)
[ Info: Saved polynomial system to saved_systems/system_2025-07-28T15:20:39.830.jl
┌ Warning: Optimization did not converge. RetCode: MaxIters
└ @ ODEParameterEstimation ~/.julia/dev/ODEParameterEstimation/src/core/homotopy_continuation.jl:172
[ Info: Saved polynomial system to saved_systems/system_2025-07-28T15:20:41.632.jl
Optimization improved residual by 5.63299063659396 (from 5.633795560039584 to 0.0008049234456237434)
[ Info: Saved polynomial system to saved_systems/system_2025-07-28T15:20:43.452.jl
Optimization improved residual by 2.8589264305126147 (from 2.8595547323280446 to 0.0006283018154297149)
[ Info: Saved polynomial system to saved_systems/system_2025-07-28T15:20:47.236.jl
Optimization improved residual by 5.191193297962013 (from 5.19126836255925 to 7.506459723777947e-5)
[ Info: Saved polynomial system to saved_systems/system_2025-07-28T15:20:48.813.jl
Optimization improved residual by 2.0705502039760155 (from 2.0707432130768746 to 0.00019300910085909458)
[ Info: Saved polynomial system to saved_systems/system_2025-07-28T15:20:50.445.jl
Optimization improved residual by 3.2845548700733063 (from 3.2849486194742337 to 0.0003937494009276009)
[ Info: Saved polynomial system to saved_systems/system_2025-07-28T15:20:52.144.jl
Optimization improved residual by 2.0240410170805743 (from 2.0241035823273275 to 6.256524675323401e-5)
[ Info: Saved polynomial system to saved_systems/system_2025-07-28T15:20:53.939.jl
Optimization improved residual by 2.186938909892196 (from 2.1872735305949993 to 0.00033462070280321275)
[ Info: Saved polynomial system to saved_systems/system_2025-07-28T15:20:55.642.jl
Optimization improved residual by 3.8244565095556746 (from 3.824688595135023 to 0.0002320855793486766)
[ Info: Saved polynomial system to saved_systems/system_2025-07-28T15:20:57.054.jl
Optimization improved residual by 1.188832248868409 (from 1.1892465194596316 to 0.00041427059122241125)
[ Info: Saved polynomial system to saved_systems/system_2025-07-28T15:20:58.049.jl
Optimization improved residual by 2.699565911178762 (from 2.6996445256390516 to 7.861446028964195e-5)
[ Info: Saved polynomial system to saved_systems/system_2025-07-28T15:20:58.845.jl
Optimization improved residual by 3.1852606415493034 (from 3.1862530008483194 to 0.0009923592990161558)
[ Info: Saved polynomial system to saved_systems/system_2025-07-28T15:20:59.995.jl
┌ Warning: Optimization did not converge. RetCode: MaxIters
└ @ ODEParameterEstimation ~/.julia/dev/ODEParameterEstimation/src/core/homotopy_continuation.jl:172
[ Info: Saved polynomial system to saved_systems/system_2025-07-28T15:21:01.514.jl
Optimization improved residual by 2.4876247031358947 (from 2.4877937169596853 to 0.00016901382379053923)
[ Info: Saved polynomial system to saved_systems/system_2025-07-28T15:21:02.414.jl
Optimization improved residual by 3.5957266368565866 (from 3.5957703490600648 to 4.3712203478108214e-5)
[ Info: Saved polynomial system to saved_systems/system_2025-07-28T15:21:03.070.jl
Optimization improved residual by 1.8908022539157696 (from 1.8909418333527503 to 0.00013957943698064245)
[ Info: Saved polynomial system to saved_systems/system_2025-07-28T15:21:04.383.jl
Optimization improved residual by 3.3072455953733058 (from 3.308102644972112 to 0.0008570495988062182)
[ Info: Saved polynomial system to saved_systems/system_2025-07-28T15:21:05.386.jl
Optimization improved residual by 1.4088747739031062 (from 1.4095061305009409 to 0.0006313565978346561)
[ Info: Saved polynomial system to saved_systems/system_2025-07-28T15:21:06.381.jl
Optimization improved residual by 2.790750942659526 (from 2.7908728769704823 to 0.00012193431095608463)
[ Info: Saved polynomial system to saved_systems/system_2025-07-28T15:21:07.103.jl
Optimization improved residual by 1.7020001131893023 (from 1.7022645968590497 to 0.00026448366974739744)

Unidentifiability Analysis from multipoint_parameter_estimation:
All unidentifiable variables: Set{Any}()
Unidentifiable variables substitution dictionary: Dict{Any, Any}()
Trivially solvable variables: Dict{Any, Any}()

=== Model: simple ===

Found 27 distinct solution clusters:

Cluster 1: 1 similar solutions
Best solution (Error: 0.004472):
--------------------------------------------------
Variable     | True Value  | Estimated   | Rel. Error
-----------------------------------------------------
x1(t)        |   0.333000 |   0.341788 |   0.026391
x2(t)        |   0.667000 |   0.726427 |   0.089096
a            |   0.400000 |   0.400000 |   0.000000
b            |   0.800000 |   0.475796 |   0.405255


Cluster 2: 1 similar solutions
Best solution (Error: 0.00282):
--------------------------------------------------
Variable     | True Value  | Estimated   | Rel. Error
-----------------------------------------------------
x1(t)        |   0.333000 |   0.326516 |   0.019471
x2(t)        |   0.667000 |   0.621456 |   0.068283
a            |   0.400000 |   0.400063 |   0.000158
b            |   0.800000 |   1.052361 |   0.315451


Cluster 3: 1 similar solutions
Best solution (Error: 0.001916):
--------------------------------------------------
Variable     | True Value  | Estimated   | Rel. Error
-----------------------------------------------------
x1(t)        |   0.333000 |   0.336906 |   0.011728
x2(t)        |   0.667000 |   0.694045 |   0.040548
a            |   0.400000 |   0.400000 |   0.000000
b            |   0.800000 |   0.651821 |   0.185224


Cluster 4: 1 similar solutions
Best solution (Error: 0.001686):
--------------------------------------------------
Variable     | True Value  | Estimated   | Rel. Error
-----------------------------------------------------
x1(t)        |   0.333000 |   0.420718 |   0.263416
x2(t)        |   0.667000 |   0.512014 |   0.232363
a            |   0.400000 |   0.477082 |   0.192705
b            |   0.800000 |   0.800010 |   0.000013


Cluster 5: 1 similar solutions
Best solution (Error: 0.000942):
--------------------------------------------------
Variable     | True Value  | Estimated   | Rel. Error
-----------------------------------------------------
x1(t)        |   0.333000 |   0.278145 |   0.164730
x2(t)        |   0.667000 |   0.754145 |   0.130652
a            |   0.400000 |   0.360044 |   0.099889
b            |   0.800000 |   0.800000 |   0.000000


Cluster 6: 1 similar solutions
Best solution (Error: 0.000608):
--------------------------------------------------
Variable     | True Value  | Estimated   | Rel. Error
-----------------------------------------------------
x1(t)        |   0.333000 |   0.366271 |   0.099914
x2(t)        |   0.667000 |   0.610936 |   0.084054
a            |   0.400000 |   0.426923 |   0.067308
b            |   0.800000 |   0.800000 |   0.000000


Cluster 7: 1 similar solutions
Best solution (Error: 0.000114):
--------------------------------------------------
Variable     | True Value  | Estimated   | Rel. Error
-----------------------------------------------------
x1(t)        |   0.333000 |   0.326263 |   0.020230
x2(t)        |   0.667000 |   0.677514 |   0.015764
a            |   0.400000 |   0.394829 |   0.012927
b            |   0.800000 |   0.799988 |   0.000015


Cluster 8: 1 similar solutions
Best solution (Error: 9.8e-5):
--------------------------------------------------
Variable     | True Value  | Estimated   | Rel. Error
-----------------------------------------------------
x1(t)        |   0.333000 |   0.333449 |   0.001347
x2(t)        |   0.667000 |   0.667889 |   0.001333
a            |   0.400000 |   0.400000 |   0.000000
b            |   0.800000 |   0.792448 |   0.009439


Cluster 9: 1 similar solutions
Best solution (Error: 5.5e-5):
--------------------------------------------------
Variable     | True Value  | Estimated   | Rel. Error
-----------------------------------------------------
x1(t)        |   0.333000 |   0.329765 |   0.009714
x2(t)        |   0.667000 |   0.672075 |   0.007609
a            |   0.400000 |   0.397496 |   0.006260
b            |   0.800000 |   0.800000 |   0.000000


Cluster 10: 1 similar solutions
Best solution (Error: 5.1e-5):
--------------------------------------------------
Variable     | True Value  | Estimated   | Rel. Error
-----------------------------------------------------
x1(t)        |   0.333000 |   0.332855 |   0.000437
x2(t)        |   0.667000 |   0.667925 |   0.001387
a            |   0.400000 |   0.400000 |   0.000000
b            |   0.800000 |   0.795498 |   0.005627


Cluster 11: 1 similar solutions
Best solution (Error: 5.1e-5):
--------------------------------------------------
Variable     | True Value  | Estimated   | Rel. Error
-----------------------------------------------------
x1(t)        |   0.333000 |   0.333239 |   0.000718
x2(t)        |   0.667000 |   0.667455 |   0.000682
a            |   0.400000 |   0.400000 |   0.000000
b            |   0.800000 |   0.796102 |   0.004872


Cluster 12: 1 similar solutions
Best solution (Error: 3.3e-5):
--------------------------------------------------
Variable     | True Value  | Estimated   | Rel. Error
-----------------------------------------------------
x1(t)        |   0.333000 |   0.330902 |   0.006301
x2(t)        |   0.667000 |   0.669600 |   0.003899
a            |   0.400000 |   0.398692 |   0.003269
b            |   0.800000 |   0.798336 |   0.002080


Cluster 13: 1 similar solutions
Best solution (Error: 3.0e-5):
--------------------------------------------------
Variable     | True Value  | Estimated   | Rel. Error
-----------------------------------------------------
x1(t)        |   0.333000 |   0.334778 |   0.005339
x2(t)        |   0.667000 |   0.664277 |   0.004082
a            |   0.400000 |   0.401304 |   0.003261
b            |   0.800000 |   0.800000 |   0.000000


Cluster 14: 1 similar solutions
Best solution (Error: 1.8e-5):
--------------------------------------------------
Variable     | True Value  | Estimated   | Rel. Error
-----------------------------------------------------
x1(t)        |   0.333000 |   0.332764 |   0.000708
x2(t)        |   0.667000 |   0.667408 |   0.000612
a            |   0.400000 |   0.400000 |   0.000000
b            |   0.800000 |   0.798162 |   0.002297


Cluster 15: 1 similar solutions
Best solution (Error: 1.7e-5):
--------------------------------------------------
Variable     | True Value  | Estimated   | Rel. Error
-----------------------------------------------------
x1(t)        |   0.333000 |   0.332949 |   0.000152
x2(t)        |   0.667000 |   0.667312 |   0.000468
a            |   0.400000 |   0.400001 |   0.000003
b            |   0.800000 |   0.798508 |   0.001865


Cluster 16: 1 similar solutions
Best solution (Error: 1.6e-5):
--------------------------------------------------
Variable     | True Value  | Estimated   | Rel. Error
-----------------------------------------------------
x1(t)        |   0.333000 |   0.332063 |   0.002815
x2(t)        |   0.667000 |   0.668431 |   0.002145
a            |   0.400000 |   0.399315 |   0.001712
b            |   0.800000 |   0.799996 |   0.000005


Cluster 17: 1 similar solutions
Best solution (Error: 1.4e-5):
--------------------------------------------------
Variable     | True Value  | Estimated   | Rel. Error
-----------------------------------------------------
x1(t)        |   0.333000 |   0.333587 |   0.001762
x2(t)        |   0.667000 |   0.666386 |   0.000921
a            |   0.400000 |   0.399948 |   0.000130
b            |   0.800000 |   0.800913 |   0.001141


Cluster 18: 1 similar solutions
Best solution (Error: 1.2e-5):
--------------------------------------------------
Variable     | True Value  | Estimated   | Rel. Error
-----------------------------------------------------
x1(t)        |   0.333000 |   0.333355 |   0.001065
x2(t)        |   0.667000 |   0.666610 |   0.000585
a            |   0.400000 |   0.400009 |   0.000023
b            |   0.800000 |   0.801356 |   0.001695


Cluster 19: 1 similar solutions
Best solution (Error: 1.0e-5):
--------------------------------------------------
Variable     | True Value  | Estimated   | Rel. Error
-----------------------------------------------------
x1(t)        |   0.333000 |   0.333062 |   0.000187
x2(t)        |   0.667000 |   0.666680 |   0.000480
a            |   0.400000 |   0.399718 |   0.000706
b            |   0.800000 |   0.800956 |   0.001195


Cluster 20: 1 similar solutions
Best solution (Error: 9.0e-6):
--------------------------------------------------
Variable     | True Value  | Estimated   | Rel. Error
-----------------------------------------------------
x1(t)        |   0.333000 |   0.332931 |   0.000207
x2(t)        |   0.667000 |   0.666934 |   0.000099
a            |   0.400000 |   0.400004 |   0.000010
b            |   0.800000 |   0.800665 |   0.000831


Cluster 21: 1 similar solutions
Best solution (Error: 9.0e-6):
--------------------------------------------------
Variable     | True Value  | Estimated   | Rel. Error
-----------------------------------------------------
x1(t)        |   0.333000 |   0.333558 |   0.001676
x2(t)        |   0.667000 |   0.666257 |   0.001114
a            |   0.400000 |   0.400253 |   0.000632
b            |   0.800000 |   0.800277 |   0.000347


Cluster 22: 1 similar solutions
Best solution (Error: 9.0e-6):
--------------------------------------------------
Variable     | True Value  | Estimated   | Rel. Error
-----------------------------------------------------
x1(t)        |   0.333000 |   0.332827 |   0.000519
x2(t)        |   0.667000 |   0.667252 |   0.000378
a            |   0.400000 |   0.399947 |   0.000133
b            |   0.800000 |   0.799125 |   0.001093


Cluster 23: 1 similar solutions
Best solution (Error: 9.0e-6):
--------------------------------------------------
Variable     | True Value  | Estimated   | Rel. Error
-----------------------------------------------------
x1(t)        |   0.333000 |   0.332409 |   0.001775
x2(t)        |   0.667000 |   0.667345 |   0.000517
a            |   0.400000 |   0.399814 |   0.000465
b            |   0.800000 |   0.799732 |   0.000335


Cluster 24: 1 similar solutions
Best solution (Error: 8.0e-6):
--------------------------------------------------
Variable     | True Value  | Estimated   | Rel. Error
-----------------------------------------------------
x1(t)        |   0.333000 |   0.332512 |   0.001464
x2(t)        |   0.667000 |   0.667751 |   0.001125
a            |   0.400000 |   0.399637 |   0.000907
b            |   0.800000 |   0.799947 |   0.000066


Cluster 25: 1 similar solutions
Best solution (Error: 7.0e-6):
--------------------------------------------------
Variable     | True Value  | Estimated   | Rel. Error
-----------------------------------------------------
x1(t)        |   0.333000 |   0.332978 |   0.000067
x2(t)        |   0.667000 |   0.667138 |   0.000207
a            |   0.400000 |   0.400000 |   0.000000
b            |   0.800000 |   0.799337 |   0.000829


Cluster 26: 1 similar solutions
Best solution (Error: 4.0e-6):
--------------------------------------------------
Variable     | True Value  | Estimated   | Rel. Error
-----------------------------------------------------
x1(t)        |   0.333000 |   0.332878 |   0.000367
x2(t)        |   0.667000 |   0.667121 |   0.000181
a            |   0.400000 |   0.400000 |   0.000001
b            |   0.800000 |   0.799519 |   0.000601


Cluster 27: 1 similar solutions
Best solution (Error: 2.0e-6):
--------------------------------------------------
Variable     | True Value  | Estimated   | Rel. Error
-----------------------------------------------------
x1(t)        |   0.333000 |   0.332974 |   0.000079
x2(t)        |   0.667000 |   0.667045 |   0.000068
a            |   0.400000 |   0.400000 |   0.000000
b            |   0.800000 |   0.799794 |   0.000257


Best approximation error for simple: 2.0e-6

Best maximum relative error for simple (excluding ALL unidentifiable parameters): 0.000257
Best minimum relative error: 0.0
Best mean relative error: 0.000101
Best median relative error: 7.4e-5
Best maximum relative error: 0.000257
Best RMS relative error: 0.000139
SUCCESS
