Starting model: trivial_unident
[ Info: Saved polynomial system to saved_systems/system_2025-07-28T15:15:52.517.jl
Optimization improved residual by 5.853986097719866 (from 5.854072792197264 to 8.669447739764182e-5)
[ Info: Saved polynomial system to saved_systems/system_2025-07-28T15:16:17.764.jl
Optimization improved residual by 11.266308977374905 (from 11.266351695498242 to 4.271812333754568e-5)
[ Info: Saved polynomial system to saved_systems/system_2025-07-28T15:16:18.765.jl
Optimization improved residual by 22.93838585208246 (from 22.938430183366584 to 4.4331284120969115e-5)
[ Info: Saved polynomial system to saved_systems/system_2025-07-28T15:16:20.342.jl
Optimization improved residual by 44.4139944131525 (from 44.41405712339976 to 6.271024725768797e-5)
[ Info: Saved polynomial system to saved_systems/system_2025-07-28T15:16:21.085.jl
Optimization improved residual by 86.15955389648856 (from 86.15977537222767 to 0.00022147573911104578)
[ Info: Saved polynomial system to saved_systems/system_2025-07-28T15:16:22.139.jl
Optimization improved residual by 170.9688577502097 (from 170.96886916006423 to 1.1409854534749497e-5)
[ Info: Saved polynomial system to saved_systems/system_2025-07-28T15:16:25.776.jl
Optimization improved residual by 332.7138267259518 (from 332.71383759566487 to 1.0869713078950499e-5)
[ Info: Saved polynomial system to saved_systems/system_2025-07-28T15:16:26.633.jl
Optimization improved residual by 642.2158292265153 (from 642.2158700507327 to 4.082421744407635e-5)
[ Info: Saved polynomial system to saved_systems/system_2025-07-28T15:16:27.364.jl
Optimization improved residual by 1261.1107768473455 (from 1261.1107841963058 to 7.348960299948478e-6)
[ Info: Saved polynomial system to saved_systems/system_2025-07-28T15:16:27.415.jl
Optimization improved residual by 7.093695292173487 (from 7.093843880755174 to 0.0001485885816880868)
[ Info: Saved polynomial system to saved_systems/system_2025-07-28T15:16:27.461.jl
Optimization improved residual by 12.126484940876287 (from 12.12691812056647 to 0.0004331796901836093)
[ Info: Saved polynomial system to saved_systems/system_2025-07-28T15:16:27.502.jl
Optimization improved residual by 22.47750732609322 (from 22.47752472393664 to 1.7397843418223255e-5)
[ Info: Saved polynomial system to saved_systems/system_2025-07-28T15:16:27.545.jl
Optimization improved residual by 44.756676278313996 (from 44.75750987174098 to 0.0008335934269853673)
[ Info: Saved polynomial system to saved_systems/system_2025-07-28T15:16:27.583.jl
Optimization improved residual by 87.5578560415528 (from 87.55830152915526 to 0.00044548760246892945)
[ Info: Saved polynomial system to saved_systems/system_2025-07-28T15:16:27.624.jl
Optimization improved residual by 168.18430668090227 (from 168.18509377526385 to 0.0007870943615938933)
[ Info: Saved polynomial system to saved_systems/system_2025-07-28T15:16:27.669.jl
Optimization improved residual by 332.7687000535768 (from 332.7687223536207 to 2.2300043903733462e-5)
[ Info: Saved polynomial system to saved_systems/system_2025-07-28T15:16:27.708.jl
Optimization improved residual by 644.0667582494682 (from 644.066763997785 to 5.748316738775171e-6)
[ Info: Saved polynomial system to saved_systems/system_2025-07-28T15:16:27.749.jl
Optimization improved residual by 1262.1538146066 (from 1262.153821767724 to 7.161123980554816e-6)
[ Info: Saved polynomial system to saved_systems/system_2025-07-28T15:16:28.593.jl
Optimization improved residual by 7.012986761629867 (from 7.013047294640475 to 6.053301060761121e-5)
[ Info: Saved polynomial system to saved_systems/system_2025-07-28T15:16:31.640.jl
Optimization improved residual by 13.480598585054793 (from 13.481061678458575 to 0.00046309340378248)
[ Info: Saved polynomial system to saved_systems/system_2025-07-28T15:16:33.592.jl
Optimization improved residual by 22.562093108571766 (from 22.562143612076845 to 5.050350507981039e-5)
[ Info: Saved polynomial system to saved_systems/system_2025-07-28T15:16:34.105.jl
Optimization improved residual by 44.19537449327768 (from 44.195714617822865 to 0.00034012454518214604)
[ Info: Saved polynomial system to saved_systems/system_2025-07-28T15:16:35.448.jl
Optimization improved residual by 85.13151342353343 (from 85.13152540528496 to 1.1981751529905423e-5)
[ Info: Saved polynomial system to saved_systems/system_2025-07-28T15:16:36.223.jl
Optimization improved residual by 168.7765185206355 (from 168.77653220103613 to 1.3680400636927635e-5)
[ Info: Saved polynomial system to saved_systems/system_2025-07-28T15:16:37.045.jl
Optimization improved residual by 334.1484746196743 (from 334.14927749506484 to 0.0008028753905406097)
[ Info: Saved polynomial system to saved_systems/system_2025-07-28T15:16:37.702.jl
Optimization improved residual by 642.9571792058665 (from 642.9572038772661 to 2.467139964633911e-5)
[ Info: Saved polynomial system to saved_systems/system_2025-07-28T15:16:39.312.jl
Optimization improved residual by 1259.7734680097158 (from 1259.773603928513 to 0.0001359187971486405)

Unidentifiability Analysis from multipoint_parameter_estimation:
All unidentifiable variables: Set(Any[a, b])
Unidentifiable variables substitution dictionary: Dict{Any, Any}(a => 0.0674876542253493)
Trivially solvable variables: Dict{Any, Any}()

=== Model: trivial_unident ===

All structurally unidentifiable parameters:
--------------------------------------------------
These parameters cannot be uniquely determined from the data:
  • a
  • b


Minimal set of fixed values to make remaining parameters identifiable:
--------------------------------------------------
These parameters were fixed to make the system identifiable:
  • a = 0.994384


Found 27 distinct solution clusters:

Cluster 1: 1 similar solutions
Best solution (Error: 0.001622):
--------------------------------------------------
Variable     | True Value  | Estimated   | Rel. Error
-----------------------------------------------------
x1(t)        |   2.000000 |   1.999658 |   0.000171
a            |   0.600000 |   0.006853 |   0.988578
b            |   0.600000 |   1.193251 |   0.988752


Cluster 2: 1 similar solutions
Best solution (Error: 0.001448):
--------------------------------------------------
Variable     | True Value  | Estimated   | Rel. Error
-----------------------------------------------------
x1(t)        |   2.000000 |   1.999685 |   0.000157
a            |   0.600000 |   0.947671 |   0.579452
b            |   0.600000 |   0.252423 |   0.579295


Cluster 3: 1 similar solutions
Best solution (Error: 0.001339):
--------------------------------------------------
Variable     | True Value  | Estimated   | Rel. Error
-----------------------------------------------------
x1(t)        |   2.000000 |   2.000129 |   0.000065
a            |   0.600000 |   0.903483 |   0.505806
b            |   0.600000 |   0.296447 |   0.505922


Cluster 4: 1 similar solutions
Best solution (Error: 0.000744):
--------------------------------------------------
Variable     | True Value  | Estimated   | Rel. Error
-----------------------------------------------------
x1(t)        |   2.000000 |   1.999917 |   0.000042
a            |   0.600000 |   0.183743 |   0.693762
b            |   0.600000 |   1.016297 |   0.693828


Cluster 5: 1 similar solutions
Best solution (Error: 0.000451):
--------------------------------------------------
Variable     | True Value  | Estimated   | Rel. Error
-----------------------------------------------------
x1(t)        |   2.000000 |   1.999945 |   0.000028
a            |   0.600000 |   0.067488 |   0.887521
b            |   0.600000 |   1.132537 |   0.887562


Cluster 6: 1 similar solutions
Best solution (Error: 0.000232):
--------------------------------------------------
Variable     | True Value  | Estimated   | Rel. Error
-----------------------------------------------------
x1(t)        |   2.000000 |   2.000109 |   0.000055
a            |   0.600000 |   0.355811 |   0.406981
b            |   0.600000 |   0.844167 |   0.406945


Cluster 7: 1 similar solutions
Best solution (Error: 0.000172):
--------------------------------------------------
Variable     | True Value  | Estimated   | Rel. Error
-----------------------------------------------------
x1(t)        |   2.000000 |   1.999968 |   0.000016
a            |   0.600000 |   0.370392 |   0.382679
b            |   0.600000 |   0.829618 |   0.382697


Cluster 8: 1 similar solutions
Best solution (Error: 0.000113):
--------------------------------------------------
Variable     | True Value  | Estimated   | Rel. Error
-----------------------------------------------------
x1(t)        |   2.000000 |   2.000092 |   0.000046
a            |   0.600000 |   0.933931 |   0.556551
b            |   0.600000 |   0.266055 |   0.556576


Cluster 9: 1 similar solutions
Best solution (Error: 0.000113):
--------------------------------------------------
Variable     | True Value  | Estimated   | Rel. Error
-----------------------------------------------------
x1(t)        |   2.000000 |   2.000032 |   0.000016
a            |   0.600000 |   0.562371 |   0.062716
b            |   0.600000 |   0.637621 |   0.062702


Cluster 10: 1 similar solutions
Best solution (Error: 8.8e-5):
--------------------------------------------------
Variable     | True Value  | Estimated   | Rel. Error
-----------------------------------------------------
x1(t)        |   2.000000 |   1.999956 |   0.000022
a            |   0.600000 |   0.434126 |   0.276456
b            |   0.600000 |   0.765875 |   0.276458


Cluster 11: 1 similar solutions
Best solution (Error: 6.6e-5):
--------------------------------------------------
Variable     | True Value  | Estimated   | Rel. Error
-----------------------------------------------------
x1(t)        |   2.000000 |   2.000097 |   0.000049
a            |   0.600000 |   0.250486 |   0.582523
b            |   0.600000 |   0.949501 |   0.582501


Cluster 12: 1 similar solutions
Best solution (Error: 6.5e-5):
--------------------------------------------------
Variable     | True Value  | Estimated   | Rel. Error
-----------------------------------------------------
x1(t)        |   2.000000 |   1.999977 |   0.000012
a            |   0.600000 |   0.980749 |   0.634582
b            |   0.600000 |   0.219256 |   0.634573


Cluster 13: 1 similar solutions
Best solution (Error: 5.0e-5):
--------------------------------------------------
Variable     | True Value  | Estimated   | Rel. Error
-----------------------------------------------------
x1(t)        |   2.000000 |   1.999953 |   0.000024
a            |   0.600000 |   0.862068 |   0.436780
b            |   0.600000 |   0.337939 |   0.436768


Cluster 14: 1 similar solutions
Best solution (Error: 4.3e-5):
--------------------------------------------------
Variable     | True Value  | Estimated   | Rel. Error
-----------------------------------------------------
x1(t)        |   2.000000 |   2.000022 |   0.000011
a            |   0.600000 |   0.950095 |   0.583492
b            |   0.600000 |   0.249901 |   0.583499


Cluster 15: 1 similar solutions
Best solution (Error: 2.9e-5):
--------------------------------------------------
Variable     | True Value  | Estimated   | Rel. Error
-----------------------------------------------------
x1(t)        |   2.000000 |   2.000097 |   0.000048
a            |   0.600000 |   0.767240 |   0.278733
b            |   0.600000 |   0.432751 |   0.278749


Cluster 16: 1 similar solutions
Best solution (Error: 2.9e-5):
--------------------------------------------------
Variable     | True Value  | Estimated   | Rel. Error
-----------------------------------------------------
x1(t)        |   2.000000 |   2.000009 |   0.000004
a            |   0.600000 |   0.828783 |   0.381306
b            |   0.600000 |   0.371214 |   0.381309


Cluster 17: 1 similar solutions
Best solution (Error: 2.7e-5):
--------------------------------------------------
Variable     | True Value  | Estimated   | Rel. Error
-----------------------------------------------------
x1(t)        |   2.000000 |   2.000090 |   0.000045
a            |   0.600000 |   0.500910 |   0.165150
b            |   0.600000 |   0.699081 |   0.165135


Cluster 18: 1 similar solutions
Best solution (Error: 1.2e-5):
--------------------------------------------------
Variable     | True Value  | Estimated   | Rel. Error
-----------------------------------------------------
x1(t)        |   2.000000 |   1.999949 |   0.000025
a            |   0.600000 |   0.980703 |   0.634506
b            |   0.600000 |   0.219302 |   0.634496


Cluster 19: 1 similar solutions
Best solution (Error: 6.0e-6):
--------------------------------------------------
Variable     | True Value  | Estimated   | Rel. Error
-----------------------------------------------------
x1(t)        |   2.000000 |   1.999997 |   0.000001
a            |   0.600000 |   0.570508 |   0.049153
b            |   0.600000 |   0.629493 |   0.049154


Cluster 20: 1 similar solutions
Best solution (Error: 2.0e-6):
--------------------------------------------------
Variable     | True Value  | Estimated   | Rel. Error
-----------------------------------------------------
x1(t)        |   2.000000 |   1.999997 |   0.000001
a            |   0.600000 |   0.361937 |   0.396771
b            |   0.600000 |   0.838063 |   0.396772


Cluster 21: 1 similar solutions
Best solution (Error: 1.0e-6):
--------------------------------------------------
Variable     | True Value  | Estimated   | Rel. Error
-----------------------------------------------------
x1(t)        |   2.000000 |   1.999997 |   0.000001
a            |   0.600000 |   0.663333 |   0.105554
b            |   0.600000 |   0.536668 |   0.105554


Cluster 22: 1 similar solutions
Best solution (Error: 1.0e-6):
--------------------------------------------------
Variable     | True Value  | Estimated   | Rel. Error
-----------------------------------------------------
x1(t)        |   2.000000 |   1.999997 |   0.000001
a            |   0.600000 |   0.125171 |   0.791381
b            |   0.600000 |   1.074829 |   0.791382


Cluster 23: 1 similar solutions
Best solution (Error: 0.0):
--------------------------------------------------
Variable     | True Value  | Estimated   | Rel. Error
-----------------------------------------------------
x1(t)        |   2.000000 |   2.000000 |   0.000000
a            |   0.600000 |   0.803517 |   0.339195
b            |   0.600000 |   0.396483 |   0.339194


Cluster 24: 1 similar solutions
Best solution (Error: 0.0):
--------------------------------------------------
Variable     | True Value  | Estimated   | Rel. Error
-----------------------------------------------------
x1(t)        |   2.000000 |   1.999999 |   0.000000
a            |   0.600000 |   0.853301 |   0.422168
b            |   0.600000 |   0.346699 |   0.422168


Cluster 25: 1 similar solutions
Best solution (Error: 0.0):
--------------------------------------------------
Variable     | True Value  | Estimated   | Rel. Error
-----------------------------------------------------
x1(t)        |   2.000000 |   1.999999 |   0.000001
a            |   0.600000 |   0.814055 |   0.356758
b            |   0.600000 |   0.385945 |   0.356758


Cluster 26: 1 similar solutions
Best solution (Error: 0.0):
--------------------------------------------------
Variable     | True Value  | Estimated   | Rel. Error
-----------------------------------------------------
x1(t)        |   2.000000 |   2.000000 |   0.000000
a            |   0.600000 |   0.794013 |   0.323355
b            |   0.600000 |   0.405987 |   0.323355


Cluster 27: 1 similar solutions
Best solution (Error: 0.0):
--------------------------------------------------
Variable     | True Value  | Estimated   | Rel. Error
-----------------------------------------------------
x1(t)        |   2.000000 |   2.000000 |   0.000000
a            |   0.600000 |   0.994384 |   0.657307
b            |   0.600000 |   0.205616 |   0.657307


Best approximation error for trivial_unident: 0.0

Best maximum relative error for trivial_unident (excluding ALL unidentifiable parameters): 0.0
Best minimum relative error: 0.0
Best mean relative error: 0.0
Best median relative error: 0.0
Best maximum relative error: 0.0
Best RMS relative error: 0.0
SUCCESS
