Starting model: two_compartment_pk
[ Info: Saved polynomial system to saved_systems/system_2025-07-28T15:16:40.463.jl
┌ Warning: Optimization did not converge. RetCode: MaxIters
└ @ ODEParameterEstimation ~/.julia/dev/ODEParameterEstimation/src/core/homotopy_continuation.jl:172
[ Info: Saved polynomial system to saved_systems/system_2025-07-28T15:16:41.592.jl
┌ Warning: Optimization did not converge. RetCode: MaxIters
└ @ ODEParameterEstimation ~/.julia/dev/ODEParameterEstimation/src/core/homotopy_continuation.jl:172
[ Info: Saved polynomial system to saved_systems/system_2025-07-28T15:16:42.821.jl
┌ Warning: Optimization did not converge. RetCode: MaxIters
└ @ ODEParameterEstimation ~/.julia/dev/ODEParameterEstimation/src/core/homotopy_continuation.jl:172
[ Info: Saved polynomial system to saved_systems/system_2025-07-28T15:16:43.789.jl
┌ Warning: Optimization did not converge. RetCode: MaxIters
└ @ ODEParameterEstimation ~/.julia/dev/ODEParameterEstimation/src/core/homotopy_continuation.jl:172
[ Info: Saved polynomial system to saved_systems/system_2025-07-28T15:16:44.673.jl
Optimization improved residual by 3.688181711271159 (from 3.688267027267843 to 8.5315996684031e-5)
[ Info: Saved polynomial system to saved_systems/system_2025-07-28T15:17:04.492.jl
Optimization improved residual by 4.283262504524355 (from 4.284162989394328 to 0.0009004848699718757)
[ Info: Saved polynomial system to saved_systems/system_2025-07-28T15:17:05.802.jl
Optimization improved residual by 2.97905250786845 (from 2.9791013724454047 to 4.8864576954320574e-5)
[ Info: Saved polynomial system to saved_systems/system_2025-07-28T15:17:06.785.jl
Optimization improved residual by 5.911128246053607 (from 5.911574899926696 to 0.0004466538730878619)
[ Info: Saved polynomial system to saved_systems/system_2025-07-28T15:17:07.649.jl
Optimization improved residual by 2.797010756810244 (from 2.7971518190330236 to 0.0001410622227793968)
[ Info: Saved polynomial system to saved_systems/system_2025-07-28T15:17:08.328.jl
Optimization improved residual by 4.579317395198706 (from 4.57940290785725 to 8.551265854344652e-5)
[ Info: Saved polynomial system to saved_systems/system_2025-07-28T15:17:09.189.jl
Optimization improved residual by 5.206127551765099 (from 5.206817699087016 to 0.0006901473219166294)
[ Info: Saved polynomial system to saved_systems/system_2025-07-28T15:17:09.801.jl
Optimization improved residual by 9.104948584752265 (from 9.105036077784156 to 8.74930318916634e-5)
[ Info: Saved polynomial system to saved_systems/system_2025-07-28T15:17:10.890.jl
Optimization improved residual by 3.123923192620322 (from 3.1243525769099043 to 0.0004293842895824861)
[ Info: Saved polynomial system to saved_systems/system_2025-07-28T15:17:11.098.jl
┌ Warning: Optimization did not converge. RetCode: MaxIters
└ @ ODEParameterEstimation ~/.julia/dev/ODEParameterEstimation/src/core/homotopy_continuation.jl:172
[ Info: Saved polynomial system to saved_systems/system_2025-07-28T15:17:11.284.jl
┌ Warning: Optimization did not converge. RetCode: MaxIters
└ @ ODEParameterEstimation ~/.julia/dev/ODEParameterEstimation/src/core/homotopy_continuation.jl:172
[ Info: Saved polynomial system to saved_systems/system_2025-07-28T15:17:11.488.jl
┌ Warning: Optimization did not converge. RetCode: MaxIters
└ @ ODEParameterEstimation ~/.julia/dev/ODEParameterEstimation/src/core/homotopy_continuation.jl:172
[ Info: Saved polynomial system to saved_systems/system_2025-07-28T15:17:11.663.jl
┌ Warning: Optimization did not converge. RetCode: MaxIters
└ @ ODEParameterEstimation ~/.julia/dev/ODEParameterEstimation/src/core/homotopy_continuation.jl:172
[ Info: Saved polynomial system to saved_systems/system_2025-07-28T15:17:11.848.jl
Optimization improved residual by 4.618968330049626 (from 4.61955975719065 to 0.000591427141024887)
[ Info: Saved polynomial system to saved_systems/system_2025-07-28T15:17:12.077.jl
Optimization improved residual by 4.355006542792312 (from 4.355186954917118 to 0.00018041212480573144)
[ Info: Saved polynomial system to saved_systems/system_2025-07-28T15:17:12.308.jl
Optimization improved residual by 6.469474211702986 (from 6.469732308199957 to 0.00025809649697111197)
[ Info: Saved polynomial system to saved_systems/system_2025-07-28T15:17:12.552.jl
Optimization improved residual by 15.71731693376192 (from 15.718078226570979 to 0.0007612928090590528)
[ Info: Saved polynomial system to saved_systems/system_2025-07-28T15:17:12.781.jl
Optimization improved residual by 4.050236990024916 (from 4.050436360843513 to 0.00019937081859676642)
[ Info: Saved polynomial system to saved_systems/system_2025-07-28T15:17:12.999.jl
Optimization improved residual by 10.515030830799708 (from 10.51547774827384 to 0.0004469174741324253)
[ Info: Saved polynomial system to saved_systems/system_2025-07-28T15:17:13.272.jl
Optimization improved residual by 3.983499591163157 (from 3.9837949694125068 to 0.0002953782493497734)
[ Info: Saved polynomial system to saved_systems/system_2025-07-28T15:17:13.676.jl
Optimization improved residual by 3.874164224705356 (from 3.874347032054703 to 0.00018280734934700927)
[ Info: Saved polynomial system to saved_systems/system_2025-07-28T15:17:13.896.jl
Optimization improved residual by 4.7249761055385795 (from 4.72585301951666 to 0.000876913978080957)
[ Info: Saved polynomial system to saved_systems/system_2025-07-28T15:17:15.800.jl
┌ Warning: Optimization did not converge. RetCode: MaxIters
└ @ ODEParameterEstimation ~/.julia/dev/ODEParameterEstimation/src/core/homotopy_continuation.jl:172
[ Info: Saved polynomial system to saved_systems/system_2025-07-28T15:17:17.289.jl
Optimization improved residual by 5.0630736474916205 (from 5.063145104987651 to 7.145749603030844e-5)
[ Info: Saved polynomial system to saved_systems/system_2025-07-28T15:17:18.572.jl
Optimization improved residual by 4.677046866346572 (from 4.677552621352505 to 0.000505755005932775)
[ Info: Saved polynomial system to saved_systems/system_2025-07-28T15:17:22.436.jl
Optimization improved residual by 27.22541071533116 (from 27.22562649703136 to 0.00021578170019812546)
[ Info: Saved polynomial system to saved_systems/system_2025-07-28T15:17:23.927.jl
Optimization improved residual by 4.533958022381792 (from 4.534690217117725 to 0.0007321947359331524)
[ Info: Saved polynomial system to saved_systems/system_2025-07-28T15:17:25.184.jl
Optimization improved residual by 5.680460746358604 (from 5.681150967674165 to 0.0006902213155609049)
[ Info: Saved polynomial system to saved_systems/system_2025-07-28T15:17:26.772.jl
Optimization improved residual by 4.586896788407078 (from 4.586962133071026 to 6.53446639479836e-5)
[ Info: Saved polynomial system to saved_systems/system_2025-07-28T15:17:28.064.jl
Optimization improved residual by 6.874711855317415 (from 6.874939616419126 to 0.0002277611017107934)
[ Info: Saved polynomial system to saved_systems/system_2025-07-28T15:17:29.498.jl
Optimization improved residual by 4.263720310678187 (from 4.263919165891031 to 0.00019885521284387128)
[ Info: Saved polynomial system to saved_systems/system_2025-07-28T15:17:31.123.jl
Optimization improved residual by 122.26317294130988 (from 122.26341203050092 to 0.00023908919104796572)

Unidentifiability Analysis from multipoint_parameter_estimation:
All unidentifiable variables: Set(Any[k21, V1, C2(t), ke, k12, V2])
Unidentifiable variables substitution dictionary: Dict{Any, Any}(k12 => 0.0885369226375835, V1 => 0.8302800965660936, V2 => 0.2535248732617541)
Trivially solvable variables: Dict{Any, Any}()

=== Model: two_compartment_pk ===

All structurally unidentifiable parameters:
--------------------------------------------------
These parameters cannot be uniquely determined from the data:
  • k12
  • k21
  • V1
  • C2(t)
  • V2
  • ke


Minimal set of fixed values to make remaining parameters identifiable:
--------------------------------------------------
These parameters were fixed to make the system identifiable:
  • k12 = 0.434801
  • V1 = 0.724496
  • V2 = 0.744512


Found 19 distinct solution clusters:

Cluster 1: 1 similar solutions
Best solution (Error: 0.05551):
--------------------------------------------------
Variable     | True Value  | Estimated   | Rel. Error
-----------------------------------------------------
C1(t)        |  10.000000 |  -3.546089 |   1.354609
C2(t)        |   0.000000 |   1.460161 |   1.460161
k12          |   0.500000 |   0.359061 |   0.281877
k21          |   0.250000 |  -0.183681 |   1.734726
ke           |   0.150000 |  -0.034469 |   1.229794
V1           |   1.000000 |   0.374101 |   0.625899
V2           |   2.000000 |   0.861126 |   0.569437


Cluster 2: 1 similar solutions
Best solution (Error: 0.031956):
--------------------------------------------------
Variable     | True Value  | Estimated   | Rel. Error
-----------------------------------------------------
C1(t)        |  10.000000 |   0.518125 |   0.948188
C2(t)        |   0.000000 |  -9.784222 |   9.784222
k12          |   0.500000 |   0.255608 |   0.488784
k21          |   0.250000 |  -0.006859 |   1.027438
ke           |   0.150000 |  -0.212960 |   2.419737
V1           |   1.000000 |   0.695995 |   0.304005
V2           |   2.000000 |   0.398837 |   0.800582


Cluster 3: 1 similar solutions
Best solution (Error: 0.0239):
--------------------------------------------------
Variable     | True Value  | Estimated   | Rel. Error
-----------------------------------------------------
C1(t)        |  10.000000 |   2.502884 |   0.749712
C2(t)        |   0.000000 |  -0.336789 |   0.336789
k12          |   0.500000 |   0.057076 |   0.885848
k21          |   0.250000 |  -0.432131 |   2.728525
ke           |   0.150000 |   0.038030 |   0.746465
V1           |   1.000000 |   0.982150 |   0.017850
V2           |   2.000000 |   0.876395 |   0.561803


Cluster 4: 1 similar solutions
Best solution (Error: 0.023654):
--------------------------------------------------
Variable     | True Value  | Estimated   | Rel. Error
-----------------------------------------------------
C1(t)        |  10.000000 |   8.325893 |   0.167411
C2(t)        |   0.000000 |  -0.912312 |   0.912312
k12          |   0.500000 |   0.317848 |   0.364304
k21          |   0.250000 |  -0.126520 |   1.506081
ke           |   0.150000 |  -0.029168 |   1.194450
V1           |   1.000000 |   0.045391 |   0.954609
V2           |   2.000000 |   0.557701 |   0.721149


Cluster 5: 1 similar solutions
Best solution (Error: 0.02307):
--------------------------------------------------
Variable     | True Value  | Estimated   | Rel. Error
-----------------------------------------------------
C1(t)        |  10.000000 |   1.640500 |   0.835950
C2(t)        |   0.000000 |  -3.207266 |   3.207266
k12          |   0.500000 |   0.986871 |   0.973742
k21          |   0.250000 |  -0.775591 |   4.102365
ke           |   0.150000 |  -0.009124 |   1.060826
V1           |   1.000000 |   0.504012 |   0.495988
V2           |   2.000000 |   0.333390 |   0.833305


Cluster 6: 1 similar solutions
Best solution (Error: 0.021987):
--------------------------------------------------
Variable     | True Value  | Estimated   | Rel. Error
-----------------------------------------------------
C1(t)        |  10.000000 |   1.937813 |   0.806219
C2(t)        |   0.000000 | -34.150482 |  34.150482
k12          |   0.500000 |   0.487237 |   0.025527
k21          |   0.250000 |  -0.002186 |   1.008743
ke           |   0.150000 |  -0.442786 |   3.951908
V1           |   1.000000 |   0.969366 |   0.030634
V2           |   2.000000 |   0.481619 |   0.759191


Cluster 7: 1 similar solutions
Best solution (Error: 0.021114):
--------------------------------------------------
Variable     | True Value  | Estimated   | Rel. Error
-----------------------------------------------------
C1(t)        |  10.000000 |   2.133754 |   0.786625
C2(t)        |   0.000000 |  -9.680955 |   9.680955
k12          |   0.500000 |   0.863366 |   0.726731
k21          |   0.250000 |  -0.000334 |   1.001335
ke           |   0.150000 |  -0.820166 |   6.467772
V1           |   1.000000 |   0.074181 |   0.925819
V2           |   2.000000 |   0.289111 |   0.855444


Cluster 8: 1 similar solutions
Best solution (Error: 0.021025):
--------------------------------------------------
Variable     | True Value  | Estimated   | Rel. Error
-----------------------------------------------------
C1(t)        |  10.000000 |   2.145419 |   0.785458
C2(t)        |   0.000000 | -30.638946 |  30.638946
k12          |   0.500000 |   0.867916 |   0.735831
k21          |   0.250000 |  -0.000395 |   1.001580
ke           |   0.150000 |  -0.824801 |   6.498673
V1           |   1.000000 |   0.594158 |   0.405842
V2           |   2.000000 |   0.702571 |   0.648714


Cluster 9: 1 similar solutions
Best solution (Error: 0.019897):
--------------------------------------------------
Variable     | True Value  | Estimated   | Rel. Error
-----------------------------------------------------
C1(t)        |  10.000000 |   2.734382 |   0.726562
C2(t)        |   0.000000 |  -1.197200 |   1.197200
k12          |   0.500000 |   0.624510 |   0.249020
k21          |   0.250000 |  -0.744106 |   3.976424
ke           |   0.150000 |   0.010232 |   0.931784
V1           |   1.000000 |   0.415939 |   0.584061
V2           |   2.000000 |   0.748786 |   0.625607


Cluster 10: 1 similar solutions
Best solution (Error: 0.019499):
--------------------------------------------------
Variable     | True Value  | Estimated   | Rel. Error
-----------------------------------------------------
C1(t)        |  10.000000 |   2.458577 |   0.754142
C2(t)        |   0.000000 |  -9.671727 |   9.671727
k12          |   0.500000 |   0.639891 |   0.279783
k21          |   0.250000 |  -1.096602 |   5.386407
ke           |   0.150000 |   0.018861 |   0.874263
V1           |   1.000000 |   0.764199 |   0.235801
V2           |   2.000000 |   0.109077 |   0.945461


Cluster 11: 1 similar solutions
Best solution (Error: 0.019179):
--------------------------------------------------
Variable     | True Value  | Estimated   | Rel. Error
-----------------------------------------------------
C1(t)        |  10.000000 |   2.525799 |   0.747420
C2(t)        |   0.000000 |  -8.891708 |   8.891708
k12          |   0.500000 |   0.792722 |   0.585445
k21          |   0.250000 |  -0.000090 |   1.000360
ke           |   0.150000 |  -0.748421 |   5.989473
V1           |   1.000000 |   0.059890 |   0.940110
V2           |   2.000000 |   0.201322 |   0.899339


Cluster 12: 1 similar solutions
Best solution (Error: 0.019106):
--------------------------------------------------
Variable     | True Value  | Estimated   | Rel. Error
-----------------------------------------------------
C1(t)        |  10.000000 |   2.543177 |   0.745682
C2(t)        |   0.000000 |  -7.010368 |   7.010368
k12          |   0.500000 |   0.138371 |   0.723259
k21          |   0.250000 |  -0.000423 |   1.001690
ke           |   0.150000 |  -0.094231 |   1.628205
V1           |   1.000000 |   0.986635 |   0.013365
V2           |   2.000000 |   0.379330 |   0.810335


Cluster 13: 1 similar solutions
Best solution (Error: 0.019049):
--------------------------------------------------
Variable     | True Value  | Estimated   | Rel. Error
-----------------------------------------------------
C1(t)        |  10.000000 |   2.693522 |   0.730648
C2(t)        |   0.000000 |   2.280249 |   2.280249
k12          |   0.500000 |   0.421856 |   0.156288
k21          |   0.250000 |   0.001566 |   0.993735
ke           |   0.150000 |  -0.366948 |   3.446321
V1           |   1.000000 |   0.818874 |   0.181126
V2           |   2.000000 |   0.648216 |   0.675892


Cluster 14: 1 similar solutions
Best solution (Error: 0.017875):
--------------------------------------------------
Variable     | True Value  | Estimated   | Rel. Error
-----------------------------------------------------
C1(t)        |  10.000000 |   2.840151 |   0.715985
C2(t)        |   0.000000 |  -1.072068 |   1.072068
k12          |   0.500000 |   0.548831 |   0.097661
k21          |   0.250000 |  -0.871566 |   4.486264
ke           |   0.150000 |   0.018922 |   0.873856
V1           |   1.000000 |   0.155010 |   0.844990
V2           |   2.000000 |   0.245360 |   0.877320


Cluster 15: 1 similar solutions
Best solution (Error: 0.017579):
--------------------------------------------------
Variable     | True Value  | Estimated   | Rel. Error
-----------------------------------------------------
C1(t)        |  10.000000 |   2.915925 |   0.708407
C2(t)        |   0.000000 | -46.205331 |  46.205331
k12          |   0.500000 |   0.697833 |   0.395666
k21          |   0.250000 |   0.000441 |   0.998237
ke           |   0.150000 |  -0.654388 |   5.362585
V1           |   1.000000 |   0.361327 |   0.638673
V2           |   2.000000 |   0.287712 |   0.856144


Cluster 16: 1 similar solutions
Best solution (Error: 0.0162):
--------------------------------------------------
Variable     | True Value  | Estimated   | Rel. Error
-----------------------------------------------------
C1(t)        |  10.000000 |   3.301378 |   0.669862
C2(t)        |   0.000000 |  -1.563676 |   1.563676
k12          |   0.500000 |   0.251653 |   0.496694
k21          |   0.250000 |  -0.098086 |   1.392343
ke           |   0.150000 |  -0.027136 |   1.180909
V1           |   1.000000 |   0.261157 |   0.738843
V2           |   2.000000 |   0.869528 |   0.565236


Cluster 17: 1 similar solutions
Best solution (Error: 0.000899):
--------------------------------------------------
Variable     | True Value  | Estimated   | Rel. Error
-----------------------------------------------------
C1(t)        |  10.000000 |   9.611844 |   0.038816
C2(t)        |   0.000000 |  -5.100369 |   5.100369
k12          |   0.500000 |   0.205275 |   0.589450
k21          |   0.250000 |   0.614446 |   1.457786
ke           |   0.150000 |   0.057891 |   0.614063
V1           |   1.000000 |   0.428076 |   0.571924
V2           |   2.000000 |   0.478499 |   0.760750


Cluster 18: 1 similar solutions
Best solution (Error: 0.00022):
--------------------------------------------------
Variable     | True Value  | Estimated   | Rel. Error
-----------------------------------------------------
C1(t)        |  10.000000 |   9.901473 |   0.009853
C2(t)        |   0.000000 | -21.705353 |  21.705353
k12          |   0.500000 |   0.088537 |   0.822926
k21          |   0.250000 |   0.757870 |   2.031479
ke           |   0.150000 |   0.049066 |   0.672893
V1           |   1.000000 |   0.830280 |   0.169720
V2           |   2.000000 |   0.253525 |   0.873238


Cluster 19: 1 similar solutions
Best solution (Error: 6.8e-5):
--------------------------------------------------
Variable     | True Value  | Estimated   | Rel. Error
-----------------------------------------------------
C1(t)        |  10.000000 |   9.970461 |   0.002954
C2(t)        |   0.000000 |  13.671215 |  13.671215
k12          |   0.500000 |   0.434801 |   0.130398
k21          |   0.250000 |   0.103884 |   0.584465
ke           |   0.150000 |   0.360230 |   1.401535
V1           |   1.000000 |   0.724496 |   0.275504
V2           |   2.000000 |   0.744512 |   0.627744


Best approximation error for two_compartment_pk: 6.8e-5

Best maximum relative error for two_compartment_pk (excluding ALL unidentifiable parameters): 0.002954
Best minimum relative error: 0.002954
Best mean relative error: 0.002954
Best median relative error: 0.002954
Best maximum relative error: 0.002954
Best RMS relative error: 0.002954
SUCCESS
