Starting model: vanderpol
[ Info: Saved polynomial system to saved_systems/system_2025-07-28T15:30:06.441.jl
Optimization improved residual by 12.778779571966023 (from 12.778952644786948 to 0.00017307282092496367)
[ Info: Saved polynomial system to saved_systems/system_2025-07-28T15:30:31.586.jl
┌ Warning: Optimization did not converge. RetCode: MaxIters
└ @ ODEParameterEstimation ~/.julia/dev/ODEParameterEstimation/src/core/homotopy_continuation.jl:172
[ Info: Saved polynomial system to saved_systems/system_2025-07-28T15:30:34.327.jl
┌ Warning: Optimization did not converge. RetCode: MaxIters
└ @ ODEParameterEstimation ~/.julia/dev/ODEParameterEstimation/src/core/homotopy_continuation.jl:172
[ Info: Saved polynomial system to saved_systems/system_2025-07-28T15:30:36.599.jl
┌ Warning: Optimization did not converge. RetCode: MaxIters
└ @ ODEParameterEstimation ~/.julia/dev/ODEParameterEstimation/src/core/homotopy_continuation.jl:172
[ Info: Saved polynomial system to saved_systems/system_2025-07-28T15:30:38.237.jl
Optimization improved residual by 4.38332513070372 (from 4.383662359824381 to 0.000337229120661075)
[ Info: Saved polynomial system to saved_systems/system_2025-07-28T15:30:40.453.jl
Optimization improved residual by 2.24360321471185 (from 2.24370464005625 to 0.00010142534440014764)
[ Info: Saved polynomial system to saved_systems/system_2025-07-28T15:30:42.055.jl
Optimization improved residual by 6.278268216802917 (from 6.278376531903381 to 0.00010831510046420019)
[ Info: Saved polynomial system to saved_systems/system_2025-07-28T15:30:43.852.jl
Optimization improved residual by 6.191457759005197 (from 6.1917151730711835 to 0.00025741406598663377)
[ Info: Saved polynomial system to saved_systems/system_2025-07-28T15:30:46.163.jl
Optimization improved residual by 4.863771448507733 (from 4.863889342689749 to 0.00011789418201588478)
[ Info: Saved polynomial system to saved_systems/system_2025-07-28T15:30:47.922.jl
Optimization improved residual by 2.090075910929034 (from 2.09047093704809 to 0.0003950261190560295)
[ Info: Saved polynomial system to saved_systems/system_2025-07-28T15:30:51.172.jl
┌ Warning: Optimization did not converge. RetCode: MaxIters
└ @ ODEParameterEstimation ~/.julia/dev/ODEParameterEstimation/src/core/homotopy_continuation.jl:172
[ Info: Saved polynomial system to saved_systems/system_2025-07-28T15:30:52.915.jl
┌ Warning: Optimization did not converge. RetCode: MaxIters
└ @ ODEParameterEstimation ~/.julia/dev/ODEParameterEstimation/src/core/homotopy_continuation.jl:172
[ Info: Saved polynomial system to saved_systems/system_2025-07-28T15:30:54.885.jl
Optimization improved residual by 4.341860023487851 (from 4.341886898608949 to 2.6875121097859224e-5)
[ Info: Saved polynomial system to saved_systems/system_2025-07-28T15:30:57.105.jl
Optimization improved residual by 8.430419731629728 (from 8.431110784276274 to 0.0006910526465467634)
[ Info: Saved polynomial system to saved_systems/system_2025-07-28T15:30:59.003.jl
Optimization improved residual by 3.933321062395172 (from 3.933489330243311 to 0.00016826784813907803)
[ Info: Saved polynomial system to saved_systems/system_2025-07-28T15:31:03.325.jl
Optimization improved residual by 1.7105932743713512 (from 1.710726201842798 to 0.00013292747144671318)
[ Info: Saved polynomial system to saved_systems/system_2025-07-28T15:31:05.521.jl
Optimization improved residual by 2.5959297307865126 (from 2.596125496838892 to 0.00019576605237955636)
[ Info: Saved polynomial system to saved_systems/system_2025-07-28T15:31:07.613.jl
┌ Warning: Optimization did not converge. RetCode: MaxIters
└ @ ODEParameterEstimation ~/.julia/dev/ODEParameterEstimation/src/core/homotopy_continuation.jl:172
[ Info: Saved polynomial system to saved_systems/system_2025-07-28T15:31:09.571.jl
Optimization improved residual by 3.860018213719333 (from 3.8600876918981317 to 6.947817879850717e-5)
[ Info: Saved polynomial system to saved_systems/system_2025-07-28T15:31:11.556.jl
Optimization improved residual by 5.41442933265001 (from 5.414660684849327 to 0.00023135219931740486)
[ Info: Saved polynomial system to saved_systems/system_2025-07-28T15:31:13.574.jl
Optimization improved residual by 4.415053448048244 (from 4.415603539494335 to 0.0005500914460913796)
[ Info: Saved polynomial system to saved_systems/system_2025-07-28T15:31:15.607.jl
┌ Warning: Optimization did not converge. RetCode: MaxIters
└ @ ODEParameterEstimation ~/.julia/dev/ODEParameterEstimation/src/core/homotopy_continuation.jl:172
[ Info: Saved polynomial system to saved_systems/system_2025-07-28T15:31:17.522.jl
Optimization improved residual by 4.349499077215395 (from 4.3495257466845 to 2.666946910501718e-5)
[ Info: Saved polynomial system to saved_systems/system_2025-07-28T15:31:19.487.jl
Optimization improved residual by 3.353181812564102 (from 3.3534700022510666 to 0.0002881896869647164)
[ Info: Saved polynomial system to saved_systems/system_2025-07-28T15:31:21.450.jl
Optimization improved residual by 2.943790711313476 (from 2.9440646958389656 to 0.0002739845254896981)
[ Info: Saved polynomial system to saved_systems/system_2025-07-28T15:31:23.158.jl
Optimization improved residual by 4.029640719181117 (from 4.029912099128764 to 0.0002713799476472455)
[ Info: Saved polynomial system to saved_systems/system_2025-07-28T15:31:25.535.jl
┌ Warning: Optimization did not converge. RetCode: MaxIters
└ @ ODEParameterEstimation ~/.julia/dev/ODEParameterEstimation/src/core/homotopy_continuation.jl:172
[ Info: Saved polynomial system to saved_systems/system_2025-07-28T15:31:27.817.jl
┌ Warning: Optimization did not converge. RetCode: MaxIters
└ @ ODEParameterEstimation ~/.julia/dev/ODEParameterEstimation/src/core/homotopy_continuation.jl:172
[ Info: Saved polynomial system to saved_systems/system_2025-07-28T15:31:29.936.jl
Optimization improved residual by 3.9632913882110143 (from 3.9634158893309146 to 0.00012450111990034866)
[ Info: Saved polynomial system to saved_systems/system_2025-07-28T15:31:32.595.jl
Optimization improved residual by 3.6347867649490504 (from 3.6349182298221043 to 0.00013146487305393245)
[ Info: Saved polynomial system to saved_systems/system_2025-07-28T15:31:38.240.jl
┌ Warning: Optimization did not converge. RetCode: MaxIters
└ @ ODEParameterEstimation ~/.julia/dev/ODEParameterEstimation/src/core/homotopy_continuation.jl:172
[ Info: Saved polynomial system to saved_systems/system_2025-07-28T15:31:41.119.jl
Optimization improved residual by 3.4945799749377446 (from 3.495245978908784 to 0.0006660039710393385)
[ Info: Saved polynomial system to saved_systems/system_2025-07-28T15:31:42.913.jl
┌ Warning: Optimization did not converge. RetCode: MaxIters
└ @ ODEParameterEstimation ~/.julia/dev/ODEParameterEstimation/src/core/homotopy_continuation.jl:172
[ Info: Saved polynomial system to saved_systems/system_2025-07-28T15:31:45.117.jl
┌ Warning: Optimization did not converge. RetCode: MaxIters
└ @ ODEParameterEstimation ~/.julia/dev/ODEParameterEstimation/src/core/homotopy_continuation.jl:172
[ Info: Saved polynomial system to saved_systems/system_2025-07-28T15:31:46.673.jl
Optimization improved residual by 5.229935558739622 (from 5.23008975026446 to 0.00015419152483799782)
[ Info: Saved polynomial system to saved_systems/system_2025-07-28T15:31:49.485.jl
Optimization improved residual by 3.3152359901792767 (from 3.315754602073479 to 0.0005186118942022793)
[ Info: Saved polynomial system to saved_systems/system_2025-07-28T15:31:51.999.jl
Optimization improved residual by 5.128672786272521 (from 5.128888796198841 to 0.00021600992632028745)
[ Info: Saved polynomial system to saved_systems/system_2025-07-28T15:31:53.888.jl
Optimization improved residual by 4.180378875491505 (from 4.180815527155665 to 0.00043665166415925155)
[ Info: Saved polynomial system to saved_systems/system_2025-07-28T15:31:55.221.jl
Optimization improved residual by 3.0884834928500133 (from 3.088545479791208 to 6.198694119452019e-5)

Unidentifiability Analysis from multipoint_parameter_estimation:
All unidentifiable variables: Set{Any}()
Unidentifiable variables substitution dictionary: Dict{Any, Any}()
Trivially solvable variables: Dict{Any, Any}()

=== Model: vanderpol ===

Found 27 distinct solution clusters:

Cluster 1: 1 similar solutions
Best solution (Error: 0.001717):
--------------------------------------------------
Variable     | True Value  | Estimated   | Rel. Error
-----------------------------------------------------
x1(t)        |   2.000000 |   1.838805 |   0.080597
x2(t)        |   0.000000 |   0.386446 |   0.386446
a            |   1.000000 |   1.000065 |   0.000065
b            |   1.000000 |   0.998774 |   0.001226


Cluster 2: 1 similar solutions
Best solution (Error: 0.00132):
--------------------------------------------------
Variable     | True Value  | Estimated   | Rel. Error
-----------------------------------------------------
x1(t)        |   2.000000 |   1.992624 |   0.003688
x2(t)        |   0.000000 |  -0.133487 |   0.133487
a            |   1.000000 |   0.955298 |   0.044702
b            |   1.000000 |   0.979527 |   0.020473


Cluster 3: 1 similar solutions
Best solution (Error: 0.001006):
--------------------------------------------------
Variable     | True Value  | Estimated   | Rel. Error
-----------------------------------------------------
x1(t)        |   2.000000 |   2.000685 |   0.000343
x2(t)        |   0.000000 |  -0.092763 |   0.092763
a            |   1.000000 |   0.969862 |   0.030138
b            |   1.000000 |   0.968536 |   0.031464


Cluster 4: 1 similar solutions
Best solution (Error: 0.000445):
--------------------------------------------------
Variable     | True Value  | Estimated   | Rel. Error
-----------------------------------------------------
x1(t)        |   2.000000 |   1.958661 |   0.020670
x2(t)        |   0.000000 |   0.108986 |   0.108986
a            |   1.000000 |   0.999978 |   0.000022
b            |   1.000000 |   0.999694 |   0.000306


Cluster 5: 1 similar solutions
Best solution (Error: 0.0003):
--------------------------------------------------
Variable     | True Value  | Estimated   | Rel. Error
-----------------------------------------------------
x1(t)        |   2.000000 |   2.000088 |   0.000044
x2(t)        |   0.000000 |   0.034263 |   0.034263
a            |   1.000000 |   1.010347 |   0.010347
b            |   1.000000 |   1.004848 |   0.004848


Cluster 6: 1 similar solutions
Best solution (Error: 0.000225):
--------------------------------------------------
Variable     | True Value  | Estimated   | Rel. Error
-----------------------------------------------------
x1(t)        |   2.000000 |   1.979360 |   0.010320
x2(t)        |   0.000000 |   0.055757 |   0.055757
a            |   1.000000 |   0.999658 |   0.000342
b            |   1.000000 |   0.998879 |   0.001121


Cluster 7: 1 similar solutions
Best solution (Error: 0.000156):
--------------------------------------------------
Variable     | True Value  | Estimated   | Rel. Error
-----------------------------------------------------
x1(t)        |   2.000000 |   1.985770 |   0.007115
x2(t)        |   0.000000 |   0.038851 |   0.038851
a            |   1.000000 |   0.999810 |   0.000190
b            |   1.000000 |   0.999255 |   0.000745


Cluster 8: 1 similar solutions
Best solution (Error: 0.000104):
--------------------------------------------------
Variable     | True Value  | Estimated   | Rel. Error
-----------------------------------------------------
x1(t)        |   2.000000 |   1.990101 |   0.004949
x2(t)        |   0.000000 |   0.025328 |   0.025328
a            |   1.000000 |   1.000008 |   0.000008
b            |   1.000000 |   1.000720 |   0.000720


Cluster 9: 1 similar solutions
Best solution (Error: 9.4e-5):
--------------------------------------------------
Variable     | True Value  | Estimated   | Rel. Error
-----------------------------------------------------
x1(t)        |   2.000000 |   1.991076 |   0.004462
x2(t)        |   0.000000 |   0.022857 |   0.022857
a            |   1.000000 |   1.000010 |   0.000010
b            |   1.000000 |   1.000650 |   0.000650


Cluster 10: 1 similar solutions
Best solution (Error: 9.1e-5):
--------------------------------------------------
Variable     | True Value  | Estimated   | Rel. Error
-----------------------------------------------------
x1(t)        |   2.000000 |   1.991491 |   0.004254
x2(t)        |   0.000000 |   0.021989 |   0.021989
a            |   1.000000 |   1.000243 |   0.000243
b            |   1.000000 |   1.000631 |   0.000631


Cluster 11: 1 similar solutions
Best solution (Error: 7.1e-5):
--------------------------------------------------
Variable     | True Value  | Estimated   | Rel. Error
-----------------------------------------------------
x1(t)        |   2.000000 |   1.994764 |   0.002618
x2(t)        |   0.000000 |   0.016576 |   0.016576
a            |   1.000000 |   1.000733 |   0.000733
b            |   1.000000 |   1.000768 |   0.000768


Cluster 12: 1 similar solutions
Best solution (Error: 6.3e-5):
--------------------------------------------------
Variable     | True Value  | Estimated   | Rel. Error
-----------------------------------------------------
x1(t)        |   2.000000 |   2.006013 |   0.003007
x2(t)        |   0.000000 |  -0.015580 |   0.015580
a            |   1.000000 |   0.999991 |   0.000009
b            |   1.000000 |   0.999564 |   0.000436


Cluster 13: 1 similar solutions
Best solution (Error: 5.7e-5):
--------------------------------------------------
Variable     | True Value  | Estimated   | Rel. Error
-----------------------------------------------------
x1(t)        |   2.000000 |   1.995579 |   0.002211
x2(t)        |   0.000000 |   0.013174 |   0.013174
a            |   1.000000 |   1.000530 |   0.000530
b            |   1.000000 |   1.001031 |   0.001031


Cluster 14: 1 similar solutions
Best solution (Error: 4.5e-5):
--------------------------------------------------
Variable     | True Value  | Estimated   | Rel. Error
-----------------------------------------------------
x1(t)        |   2.000000 |   1.996101 |   0.001950
x2(t)        |   0.000000 |   0.011633 |   0.011633
a            |   1.000000 |   0.999975 |   0.000025
b            |   1.000000 |   0.998994 |   0.001006


Cluster 15: 1 similar solutions
Best solution (Error: 3.8e-5):
--------------------------------------------------
Variable     | True Value  | Estimated   | Rel. Error
-----------------------------------------------------
x1(t)        |   2.000000 |   2.002827 |   0.001413
x2(t)        |   0.000000 |  -0.008920 |   0.008920
a            |   1.000000 |   0.999588 |   0.000412
b            |   1.000000 |   0.999540 |   0.000460


Cluster 16: 1 similar solutions
Best solution (Error: 3.0e-5):
--------------------------------------------------
Variable     | True Value  | Estimated   | Rel. Error
-----------------------------------------------------
x1(t)        |   2.000000 |   1.997355 |   0.001323
x2(t)        |   0.000000 |   0.007888 |   0.007888
a            |   1.000000 |   0.999983 |   0.000017
b            |   1.000000 |   0.999325 |   0.000675


Cluster 17: 1 similar solutions
Best solution (Error: 2.1e-5):
--------------------------------------------------
Variable     | True Value  | Estimated   | Rel. Error
-----------------------------------------------------
x1(t)        |   2.000000 |   2.000409 |   0.000204
x2(t)        |   0.000000 |  -0.002036 |   0.002036
a            |   1.000000 |   1.000268 |   0.000268
b            |   1.000000 |   1.000856 |   0.000856


Cluster 18: 1 similar solutions
Best solution (Error: 1.6e-5):
--------------------------------------------------
Variable     | True Value  | Estimated   | Rel. Error
-----------------------------------------------------
x1(t)        |   2.000000 |   1.998518 |   0.000741
x2(t)        |   0.000000 |   0.003747 |   0.003747
a            |   1.000000 |   1.000004 |   0.000004
b            |   1.000000 |   1.000086 |   0.000086


Cluster 19: 1 similar solutions
Best solution (Error: 1.3e-5):
--------------------------------------------------
Variable     | True Value  | Estimated   | Rel. Error
-----------------------------------------------------
x1(t)        |   2.000000 |   1.999855 |   0.000073
x2(t)        |   0.000000 |   0.000119 |   0.000119
a            |   1.000000 |   1.000209 |   0.000209
b            |   1.000000 |   1.000319 |   0.000319


Cluster 20: 1 similar solutions
Best solution (Error: 1.3e-5):
--------------------------------------------------
Variable     | True Value  | Estimated   | Rel. Error
-----------------------------------------------------
x1(t)        |   2.000000 |   1.999743 |   0.000129
x2(t)        |   0.000000 |  -0.000078 |   0.000078
a            |   1.000000 |   1.000049 |   0.000049
b            |   1.000000 |   1.000277 |   0.000277


Cluster 21: 1 similar solutions
Best solution (Error: 1.2e-5):
--------------------------------------------------
Variable     | True Value  | Estimated   | Rel. Error
-----------------------------------------------------
x1(t)        |   2.000000 |   1.999914 |   0.000043
x2(t)        |   0.000000 |   0.000130 |   0.000130
a            |   1.000000 |   1.000254 |   0.000254
b            |   1.000000 |   1.000388 |   0.000388


Cluster 22: 1 similar solutions
Best solution (Error: 8.0e-6):
--------------------------------------------------
Variable     | True Value  | Estimated   | Rel. Error
-----------------------------------------------------
x1(t)        |   2.000000 |   2.000096 |   0.000048
x2(t)        |   0.000000 |  -0.000663 |   0.000663
a            |   1.000000 |   1.000076 |   0.000076
b            |   1.000000 |   1.000291 |   0.000291


Cluster 23: 1 similar solutions
Best solution (Error: 5.0e-6):
--------------------------------------------------
Variable     | True Value  | Estimated   | Rel. Error
-----------------------------------------------------
x1(t)        |   2.000000 |   1.999545 |   0.000227
x2(t)        |   0.000000 |   0.001255 |   0.001255
a            |   1.000000 |   1.000031 |   0.000031
b            |   1.000000 |   1.000033 |   0.000033


Cluster 24: 1 similar solutions
Best solution (Error: 5.0e-6):
--------------------------------------------------
Variable     | True Value  | Estimated   | Rel. Error
-----------------------------------------------------
x1(t)        |   2.000000 |   1.999636 |   0.000182
x2(t)        |   0.000000 |   0.001144 |   0.001144
a            |   1.000000 |   1.000050 |   0.000050
b            |   1.000000 |   1.000055 |   0.000055


Cluster 25: 1 similar solutions
Best solution (Error: 4.0e-6):
--------------------------------------------------
Variable     | True Value  | Estimated   | Rel. Error
-----------------------------------------------------
x1(t)        |   2.000000 |   2.000202 |   0.000101
x2(t)        |   0.000000 |  -0.000842 |   0.000842
a            |   1.000000 |   0.999960 |   0.000040
b            |   1.000000 |   1.000028 |   0.000028


Cluster 26: 1 similar solutions
Best solution (Error: 4.0e-6):
--------------------------------------------------
Variable     | True Value  | Estimated   | Rel. Error
-----------------------------------------------------
x1(t)        |   2.000000 |   2.000046 |   0.000023
x2(t)        |   0.000000 |  -0.000599 |   0.000599
a            |   1.000000 |   1.000000 |   0.000000
b            |   1.000000 |   1.000311 |   0.000311


Cluster 27: 1 similar solutions
Best solution (Error: 4.0e-6):
--------------------------------------------------
Variable     | True Value  | Estimated   | Rel. Error
-----------------------------------------------------
x1(t)        |   2.000000 |   1.999727 |   0.000137
x2(t)        |   0.000000 |   0.000826 |   0.000826
a            |   1.000000 |   1.000083 |   0.000083
b            |   1.000000 |   1.000089 |   0.000089


Best approximation error for vanderpol: 4.0e-6

Best maximum relative error for vanderpol (excluding ALL unidentifiable parameters): 0.000277
Best minimum relative error: 0.0
Best mean relative error: 0.000133
Best median relative error: 7.0e-5
Best maximum relative error: 0.000277
Best RMS relative error: 0.000159
SUCCESS
