Starting model: brusselator
┌ Warning: Optimization did not converge. RetCode: MaxIters
└ @ ODEParameterEstimation ~/.julia/dev/ODEParameterEstimation/src/core/homotopy_continuation.jl:95
Optimization improved residual by 20.71084016802925 (from 20.71084016815721 to 1.2795843551440118e-10)
Optimization improved residual by 4.803511012388082 (from 4.803511013132465 to 7.443830826973733e-10)
┌ Warning: Optimization did not converge. RetCode: MaxIters
└ @ ODEParameterEstimation ~/.julia/dev/ODEParameterEstimation/src/core/homotopy_continuation.jl:95
┌ Warning: Optimization did not converge. RetCode: MaxIters
└ @ ODEParameterEstimation ~/.julia/dev/ODEParameterEstimation/src/core/homotopy_continuation.jl:95
┌ Warning: Optimization did not converge. RetCode: MaxIters
└ @ ODEParameterEstimation ~/.julia/dev/ODEParameterEstimation/src/core/homotopy_continuation.jl:95
┌ Warning: Optimization did not converge. RetCode: MaxIters
└ @ ODEParameterEstimation ~/.julia/dev/ODEParameterEstimation/src/core/homotopy_continuation.jl:95
┌ Warning: Optimization did not converge. RetCode: MaxIters
└ @ ODEParameterEstimation ~/.julia/dev/ODEParameterEstimation/src/core/homotopy_continuation.jl:95
Optimization improved residual by 9.85277507406742 (from 9.852775074144695 to 7.72745780744678e-11)
Optimization improved residual by 5.350175485229311 (from 5.350175486187606 to 9.582944403578335e-10)
┌ Warning: At t=1.3865209769076146, dt was forced below floating point epsilon -1.9943189499461814e-16, and step error estimate = 1.026638571861525. Aborting. There is either an error in your model specification or the true solution is unstable (or the true solution can not be represented in the precision of Float64).
└ @ SciMLBase ~/.julia/packages/SciMLBase/DbVzk/src/integrator_interface.jl:623
Optimization improved residual by 5.231276432406217 (from 5.231276435812329 to 3.4061122500341516e-9)
┌ Warning: At t=1.4590122866972217, dt was forced below floating point epsilon -1.8820604851962414e-16, and step error estimate = 2.162311955748379. Aborting. There is either an error in your model specification or the true solution is unstable (or the true solution can not be represented in the precision of Float64).
└ @ SciMLBase ~/.julia/packages/SciMLBase/DbVzk/src/integrator_interface.jl:623
Optimization improved residual by 9.222906534081547 (from 9.22290654405396 to 9.972412392312814e-9)
Optimization improved residual by 5.620154572588879 (from 5.620154572697617 to 1.087381250861451e-10)
┌ Warning: At t=7.210823975161441, dt was forced below floating point epsilon -7.813803517011318e-16, and step error estimate = 1.3398760341221438. Aborting. There is either an error in your model specification or the true solution is unstable (or the true solution can not be represented in the precision of Float64).
└ @ SciMLBase ~/.julia/packages/SciMLBase/DbVzk/src/integrator_interface.jl:623
┌ Warning: Optimization did not converge. RetCode: MaxIters
└ @ ODEParameterEstimation ~/.julia/dev/ODEParameterEstimation/src/core/homotopy_continuation.jl:95
Optimization improved residual by 6.4081256914871645 (from 6.408125692015991 to 5.288266205887193e-10)
Optimization improved residual by 13.558496876899328 (from 13.55849687815758 to 1.2582519774809457e-9)
Optimization improved residual by 2.8374339215898727 (from 2.837433921749792 to 1.5991937063721294e-10)
Optimization improved residual by 4.402399046291754 (from 4.402399046931553 to 6.397981741604392e-10)
┌ Warning: Optimization did not converge. RetCode: MaxIters
└ @ ODEParameterEstimation ~/.julia/dev/ODEParameterEstimation/src/core/homotopy_continuation.jl:95
Optimization improved residual by 13.154997785351643 (from 13.154997786158779 to 8.071362477841655e-10)
┌ Warning: Optimization did not converge. RetCode: MaxIters
└ @ ODEParameterEstimation ~/.julia/dev/ODEParameterEstimation/src/core/homotopy_continuation.jl:95
┌ Warning: Optimization did not converge. RetCode: MaxIters
└ @ ODEParameterEstimation ~/.julia/dev/ODEParameterEstimation/src/core/homotopy_continuation.jl:95
Optimization improved residual by 4.214717486372813 (from 4.214717486913921 to 5.411075455106421e-10)
Optimization improved residual by 3.2291370661065377 (from 3.229137067902431 to 1.7958929898886255e-9)
┌ Warning: Optimization did not converge. RetCode: MaxIters
└ @ ODEParameterEstimation ~/.julia/dev/ODEParameterEstimation/src/core/homotopy_continuation.jl:95
Optimization improved residual by 10.416159457185431 (from 10.416159457396764 to 2.1133406101684897e-10)
Optimization improved residual by 4.062153370425753 (from 4.0621533704561745 to 3.042205715093552e-11)
Optimization improved residual by 4.231051209436085 (from 4.23105121375717 to 4.321084997981511e-9)
┌ Warning: At t=1.9334427248418564, dt was forced below floating point epsilon -1.9955570063535744e-16, and step error estimate = 1.0184796356734416. Aborting. There is either an error in your model specification or the true solution is unstable (or the true solution can not be represented in the precision of Float64).
└ @ SciMLBase ~/.julia/packages/SciMLBase/DbVzk/src/integrator_interface.jl:623
┌ Warning: Optimization did not converge. RetCode: MaxIters
└ @ ODEParameterEstimation ~/.julia/dev/ODEParameterEstimation/src/core/homotopy_continuation.jl:95
Optimization improved residual by 5.439392585464334 (from 5.439392585545706 to 8.137199006071e-11)
┌ Warning: At t=2.7940193427476645, dt was forced below floating point epsilon -3.8268816758937143e-16, and step error estimate = 1.7482414768505259. Aborting. There is either an error in your model specification or the true solution is unstable (or the true solution can not be represented in the precision of Float64).
└ @ SciMLBase ~/.julia/packages/SciMLBase/DbVzk/src/integrator_interface.jl:623
Optimization improved residual by 3.6872836562180344 (from 3.687283656239461 to 2.1426519205876295e-11)
┌ Warning: Optimization did not converge. RetCode: MaxIters
└ @ ODEParameterEstimation ~/.julia/dev/ODEParameterEstimation/src/core/homotopy_continuation.jl:95
┌ Warning: Error during optimization: ArgumentError("cannot set off-diagonal entry (2, 1) to a nonzero value (NaN)")
└ @ ODEParameterEstimation ~/.julia/dev/ODEParameterEstimation/src/core/homotopy_continuation.jl:74
Optimization improved residual by 7.223592677842054 (from 7.223592678098203 to 2.561497056971576e-10)
┌ Warning: Error during optimization: ArgumentError("cannot set off-diagonal entry (2, 1) to a nonzero value (NaN)")
└ @ ODEParameterEstimation ~/.julia/dev/ODEParameterEstimation/src/core/homotopy_continuation.jl:74
Optimization improved residual by 13.688659451641513 (from 13.688659452219701 to 5.781874629237742e-10)
┌ Warning: Optimization did not converge. RetCode: MaxIters
└ @ ODEParameterEstimation ~/.julia/dev/ODEParameterEstimation/src/core/homotopy_continuation.jl:95
┌ Warning: Optimization did not converge. RetCode: MaxIters
└ @ ODEParameterEstimation ~/.julia/dev/ODEParameterEstimation/src/core/homotopy_continuation.jl:95
Optimization improved residual by 5.5994742065462155 (from 5.5994742065668515 to 2.063577752030713e-11)
┌ Warning: At t=0.1903336628865939, dt was forced below floating point epsilon -2.4394525003074258e-17, and step error estimate = 1.3566420502160268. Aborting. There is either an error in your model specification or the true solution is unstable (or the true solution can not be represented in the precision of Float64).
└ @ SciMLBase ~/.julia/packages/SciMLBase/DbVzk/src/integrator_interface.jl:623
Optimization improved residual by 6.685533625751657 (from 6.6855336265024965 to 7.508389900753008e-10)
Optimization improved residual by 8.184907557347415 (from 8.184907585565485 to 2.8218069850251623e-8)
┌ Warning: At t=7.083870497478809, dt was forced below floating point epsilon -7.780389582343924e-16, and step error estimate = 1.4157172627255525. Aborting. There is either an error in your model specification or the true solution is unstable (or the true solution can not be represented in the precision of Float64).
└ @ SciMLBase ~/.julia/packages/SciMLBase/DbVzk/src/integrator_interface.jl:623
Optimization improved residual by 7.167242491383 (from 7.167242496420215 to 5.037214757720537e-9)
Optimization improved residual by 6.8466096478311735 (from 6.846609649338083 to 1.5069094834107168e-9)
Optimization improved residual by 6.521222112503609 (from 6.521222117356875 to 4.853266240267106e-9)
┌ Warning: At t=0.010156185589842734, dt was forced below floating point epsilon 1.734723475976807e-18, and step error estimate = 1.6466894303270334. Aborting. There is either an error in your model specification or the true solution is unstable (or the true solution can not be represented in the precision of Float64).
└ @ SciMLBase ~/.julia/packages/SciMLBase/DbVzk/src/integrator_interface.jl:623

Unidentifiability Analysis from multipoint_parameter_estimation:
All unidentifiable variables: Set{Any}()
Unidentifiable variables substitution dictionary: Dict{Any, Any}()
Trivially solvable variables: Dict{Any, Any}()

=== Model: brusselator ===

Found 17 distinct solution clusters:

Cluster 1: 1 similar solutions
Best solution (Error: 0.027003):
--------------------------------------------------
Variable     | True Value  | Estimated   | Rel. Error
-----------------------------------------------------
X(t)         |   1.000000 |   1.000111 |   0.000111
Y(t)         |   1.000000 |   2.996091 |   1.996091
a            |   1.000000 |   1.041984 |   0.041984
b            |   3.000000 |   3.122045 |   0.040682


Cluster 2: 1 similar solutions
Best solution (Error: 0.018093):
--------------------------------------------------
Variable     | True Value  | Estimated   | Rel. Error
-----------------------------------------------------
X(t)         |   1.000000 |   1.009364 |   0.009364
Y(t)         |   1.000000 |   2.987337 |   1.987337
a            |   1.000000 |   1.000353 |   0.000353
b            |   3.000000 |   3.000496 |   0.000165


Cluster 3: 1 similar solutions
Best solution (Error: 0.017168):
--------------------------------------------------
Variable     | True Value  | Estimated   | Rel. Error
-----------------------------------------------------
X(t)         |   1.000000 |   1.012764 |   0.012764
Y(t)         |   1.000000 |   2.983219 |   1.983219
a            |   1.000000 |   1.000523 |   0.000523
b            |   3.000000 |   3.000979 |   0.000326


Cluster 4: 1 similar solutions
Best solution (Error: 0.015283):
--------------------------------------------------
Variable     | True Value  | Estimated   | Rel. Error
-----------------------------------------------------
X(t)         |   1.000000 |   1.021255 |   0.021255
Y(t)         |   1.000000 |   2.975715 |   1.975715
a            |   1.000000 |   1.002232 |   0.002232
b            |   3.000000 |   3.009211 |   0.003070


Cluster 5: 1 similar solutions
Best solution (Error: 0.015259):
--------------------------------------------------
Variable     | True Value  | Estimated   | Rel. Error
-----------------------------------------------------
X(t)         |   1.000000 |   1.021881 |   0.021881
Y(t)         |   1.000000 |   2.972537 |   1.972537
a            |   1.000000 |   1.000061 |   0.000061
b            |   3.000000 |   3.000085 |   0.000028


Cluster 6: 1 similar solutions
Best solution (Error: 0.008631):
--------------------------------------------------
Variable     | True Value  | Estimated   | Rel. Error
-----------------------------------------------------
X(t)         |   1.000000 |   6.151346 |   5.151346
Y(t)         |   1.000000 |  -2.976415 |   3.976415
a            |   1.000000 |   1.000005 |   0.000005
b            |   3.000000 |   3.000007 |   0.000002


Cluster 7: 1 similar solutions
Best solution (Error: 0.00803):
--------------------------------------------------
Variable     | True Value  | Estimated   | Rel. Error
-----------------------------------------------------
X(t)         |   1.000000 |   4.585193 |   3.585193
Y(t)         |   1.000000 |  -0.592889 |   1.592889
a            |   1.000000 |   1.001011 |   0.001011
b            |   3.000000 |   3.006555 |   0.002185


Cluster 8: 1 similar solutions
Best solution (Error: 0.001628):
--------------------------------------------------
Variable     | True Value  | Estimated   | Rel. Error
-----------------------------------------------------
X(t)         |   1.000000 |   1.655234 |   0.655234
Y(t)         |   1.000000 |   0.614322 |   0.385678
a            |   1.000000 |   1.000090 |   0.000090
b            |   3.000000 |   3.000320 |   0.000107


Cluster 9: 1 similar solutions
Best solution (Error: 0.000109):
--------------------------------------------------
Variable     | True Value  | Estimated   | Rel. Error
-----------------------------------------------------
X(t)         |   1.000000 |   0.956744 |   0.043256
Y(t)         |   1.000000 |   1.026076 |   0.026076
a            |   1.000000 |   1.000000 |   0.000000
b            |   3.000000 |   3.000000 |   0.000000


Cluster 10: 1 similar solutions
Best solution (Error: 5.3e-5):
--------------------------------------------------
Variable     | True Value  | Estimated   | Rel. Error
-----------------------------------------------------
X(t)         |   1.000000 |   1.000479 |   0.000479
Y(t)         |   1.000000 |   0.999704 |   0.000296
a            |   1.000000 |   1.000164 |   0.000164
b            |   3.000000 |   3.000156 |   0.000052


Cluster 11: 1 similar solutions
Best solution (Error: 4.7e-5):
--------------------------------------------------
Variable     | True Value  | Estimated   | Rel. Error
-----------------------------------------------------
X(t)         |   1.000000 |   0.981585 |   0.018415
Y(t)         |   1.000000 |   1.011102 |   0.011102
a            |   1.000000 |   0.999961 |   0.000039
b            |   3.000000 |   2.999932 |   0.000023


Cluster 12: 1 similar solutions
Best solution (Error: 4.7e-5):
--------------------------------------------------
Variable     | True Value  | Estimated   | Rel. Error
-----------------------------------------------------
X(t)         |   1.000000 |   0.981424 |   0.018576
Y(t)         |   1.000000 |   1.011181 |   0.011181
a            |   1.000000 |   1.000000 |   0.000000
b            |   3.000000 |   3.000000 |   0.000000


Cluster 13: 1 similar solutions
Best solution (Error: 2.1e-5):
--------------------------------------------------
Variable     | True Value  | Estimated   | Rel. Error
-----------------------------------------------------
X(t)         |   1.000000 |   0.991514 |   0.008486
Y(t)         |   1.000000 |   1.005105 |   0.005105
a            |   1.000000 |   1.000000 |   0.000000
b            |   3.000000 |   3.000000 |   0.000000


Cluster 14: 1 similar solutions
Best solution (Error: 3.0e-6):
--------------------------------------------------
Variable     | True Value  | Estimated   | Rel. Error
-----------------------------------------------------
X(t)         |   1.000000 |   0.998966 |   0.001034
Y(t)         |   1.000000 |   1.000624 |   0.000624
a            |   1.000000 |   0.999996 |   0.000004
b            |   3.000000 |   2.999993 |   0.000002


Cluster 15: 1 similar solutions
Best solution (Error: 2.0e-6):
--------------------------------------------------
Variable     | True Value  | Estimated   | Rel. Error
-----------------------------------------------------
X(t)         |   1.000000 |   0.999186 |   0.000814
Y(t)         |   1.000000 |   1.000489 |   0.000489
a            |   1.000000 |   1.000000 |   0.000000
b            |   3.000000 |   3.000000 |   0.000000


Cluster 16: 3 similar solutions
Best solution (Error: 0.0):
--------------------------------------------------
Variable     | True Value  | Estimated   | Rel. Error
-----------------------------------------------------
X(t)         |   1.000000 |   1.000000 |   0.000000
Y(t)         |   1.000000 |   1.000000 |   0.000000
a            |   1.000000 |   1.000000 |   0.000000
b            |   3.000000 |   3.000000 |   0.000000


Cluster 17: 1 similar solutions
Best solution (Error: 0.0):
--------------------------------------------------
Variable     | True Value  | Estimated   | Rel. Error
-----------------------------------------------------
X(t)         |   1.000000 |   0.999949 |   0.000051
Y(t)         |   1.000000 |   1.000031 |   0.000031
a            |   1.000000 |   1.000000 |   0.000000
b            |   3.000000 |   3.000000 |   0.000000


Best approximation error for brusselator: 0.0

Best maximum relative error for brusselator (excluding ALL unidentifiable parameters): 0.0
Best minimum relative error: 0.0
Best mean relative error: 0.0
Best median relative error: 0.0
Best maximum relative error: 0.0
Best RMS relative error: 0.0
SUCCESS
