Starting model: fitzhugh_nagumo
Optimization improved residual by 270.9243264885049 (from 272.94326932152416 to 2.018942833019278)
Optimization improved residual by 76.13848616376163 (from 76.23829846101285 to 0.0998122972512188)
┌ Warning: Interrupted. Larger maxiters is needed. If you are using an integrator for non-stiff ODEs or an automatic switching algorithm (the default), you may want to consider using a method for stiff equations. See the solver pages for more details (e.g. https://docs.sciml.ai/DiffEqDocs/stable/solvers/ode_solve/#Stiff-Problems).
└ @ SciMLBase ~/.julia/packages/SciMLBase/DbVzk/src/integrator_interface.jl:589
Optimization improved residual by 215.4062763340007 (from 215.50667975198508 to 0.10040341798436811)
┌ Warning: Optimization did not converge. RetCode: MaxIters
└ @ ODEParameterEstimation ~/.julia/dev/ODEParameterEstimation/src/core/homotopy_continuation.jl:95
Optimization improved residual by 69.03626823045728 (from 69.0362682305461 to 8.881812065179151e-11)
Optimization improved residual by 94.15291906510193 (from 94.42613618715099 to 0.2732171220490596)
Optimization improved residual by 44.07729208548104 (from 44.07729208923843 to 3.757393506628615e-9)
┌ Warning: Optimization did not converge. RetCode: MaxIters
└ @ ODEParameterEstimation ~/.julia/dev/ODEParameterEstimation/src/core/homotopy_continuation.jl:95
┌ Warning: Optimization did not converge. RetCode: MaxIters
└ @ ODEParameterEstimation ~/.julia/dev/ODEParameterEstimation/src/core/homotopy_continuation.jl:95
┌ Warning: Optimization did not converge. RetCode: MaxIters
└ @ ODEParameterEstimation ~/.julia/dev/ODEParameterEstimation/src/core/homotopy_continuation.jl:95
┌ Warning: Optimization did not converge. RetCode: MaxIters
└ @ ODEParameterEstimation ~/.julia/dev/ODEParameterEstimation/src/core/homotopy_continuation.jl:95
┌ Warning: Optimization did not converge. RetCode: MaxIters
└ @ ODEParameterEstimation ~/.julia/dev/ODEParameterEstimation/src/core/homotopy_continuation.jl:95
┌ Warning: Optimization did not converge. RetCode: MaxIters
└ @ ODEParameterEstimation ~/.julia/dev/ODEParameterEstimation/src/core/homotopy_continuation.jl:95
┌ Warning: Optimization did not converge. RetCode: MaxIters
└ @ ODEParameterEstimation ~/.julia/dev/ODEParameterEstimation/src/core/homotopy_continuation.jl:95
┌ Warning: Optimization did not converge. RetCode: MaxIters
└ @ ODEParameterEstimation ~/.julia/dev/ODEParameterEstimation/src/core/homotopy_continuation.jl:95
Optimization improved residual by 53.63637126389135 (from 55.67394064814114 to 2.037569384249791)
┌ Warning: At t=0.023339804240230525, dt was forced below floating point epsilon -3.2011036214268243e-18, and step error estimate = 1.1031044150339757. Aborting. There is either an error in your model specification or the true solution is unstable (or the true solution can not be represented in the precision of Float64).
└ @ SciMLBase ~/.julia/packages/SciMLBase/DbVzk/src/integrator_interface.jl:623
┌ Warning: Optimization did not converge. RetCode: MaxIters
└ @ ODEParameterEstimation ~/.julia/dev/ODEParameterEstimation/src/core/homotopy_continuation.jl:95
Optimization improved residual by 464.83495416906834 (from 464.83495416915594 to 8.761562187146369e-11)
Optimization improved residual by 7159.492090080796 (from 7159.492090081097 to 3.0148791412090256e-10)
Optimization improved residual by 89.87891713898469 (from 89.99677409849298 to 0.11785695950828666)
┌ Warning: Optimization did not converge. RetCode: MaxIters
└ @ ODEParameterEstimation ~/.julia/dev/ODEParameterEstimation/src/core/homotopy_continuation.jl:95
Optimization improved residual by 87.70599778416282 (from 87.7059977974764 to 1.3313575540529075e-8)
Optimization improved residual by 84.89363217636726 (from 84.99391539295313 to 0.10028321658586731)
Optimization improved residual by 81.36696388721393 (from 81.36696388834929 to 1.1353690459286802e-9)
Optimization improved residual by 78.96897184674542 (from 78.96897185079605 to 4.050637033009644e-9)
Optimization improved residual by 75.55004146019837 (from 75.5500414617198 to 1.5214286630178254e-9)
┌ Warning: Optimization did not converge. RetCode: MaxIters
└ @ ODEParameterEstimation ~/.julia/dev/ODEParameterEstimation/src/core/homotopy_continuation.jl:95
Optimization improved residual by 73.65551156771527 (from 73.65551156780694 to 9.167443859018977e-11)
Optimization improved residual by 68.66154626323689 (from 68.66154626373893 to 5.020453642977519e-10)
┌ Warning: Optimization did not converge. RetCode: MaxIters
└ @ ODEParameterEstimation ~/.julia/dev/ODEParameterEstimation/src/core/homotopy_continuation.jl:95
┌ Warning: Optimization did not converge. RetCode: MaxIters
└ @ ODEParameterEstimation ~/.julia/dev/ODEParameterEstimation/src/core/homotopy_continuation.jl:95
Optimization improved residual by 64.1370623543238 (from 64.13706235556567 to 1.2418684421843713e-9)
┌ Warning: Optimization did not converge. RetCode: MaxIters
└ @ ODEParameterEstimation ~/.julia/dev/ODEParameterEstimation/src/core/homotopy_continuation.jl:95
┌ Warning: Optimization did not converge. RetCode: MaxIters
└ @ ODEParameterEstimation ~/.julia/dev/ODEParameterEstimation/src/core/homotopy_continuation.jl:95
Optimization improved residual by 31.795185093539747 (from 31.809361454917664 to 0.01417636137791773)
┌ Warning: Optimization did not converge. RetCode: MaxIters
└ @ ODEParameterEstimation ~/.julia/dev/ODEParameterEstimation/src/core/homotopy_continuation.jl:95
Optimization improved residual by 32.423434597154525 (from 32.423457915668955 to 2.3318514427149522e-5)
Optimization improved residual by 33.955700672985365 (from 33.955705108551555 to 4.435566191630577e-6)
┌ Warning: Optimization did not converge. RetCode: MaxIters
└ @ ODEParameterEstimation ~/.julia/dev/ODEParameterEstimation/src/core/homotopy_continuation.jl:95
┌ Warning: Optimization did not converge. RetCode: MaxIters
└ @ ODEParameterEstimation ~/.julia/dev/ODEParameterEstimation/src/core/homotopy_continuation.jl:95
Optimization improved residual by 5.242808170223956 (from 5.242808172655801 to 2.4318449475494014e-9)
Optimization improved residual by 32.752225341103966 (from 32.75228224411825 to 5.6903014282447025e-5)
┌ Warning: Optimization did not converge. RetCode: MaxIters
└ @ ODEParameterEstimation ~/.julia/dev/ODEParameterEstimation/src/core/homotopy_continuation.jl:95
Optimization improved residual by 43.03382604173353 (from 43.04814750630542 to 0.014321464571882237)
Optimization improved residual by 41.692866398798095 (from 41.70242707572745 to 0.009560676929356927)
Optimization improved residual by 41.643606633100276 (from 41.64847923550462 to 0.0048726024043410044)
Optimization improved residual by 39.99206740735404 (from 39.99206740887126 to 1.517216882398535e-9)

Unidentifiability Analysis from multipoint_parameter_estimation:
All unidentifiable variables: Set{Any}()
Unidentifiable variables substitution dictionary: Dict{Any, Any}()
Trivially solvable variables: Dict{Any, Any}()

=== Model: fitzhugh_nagumo ===

Found 26 distinct solution clusters:

Cluster 1: 1 similar solutions
Best solution (Error: 0.3367):
--------------------------------------------------
Variable     | True Value  | Estimated   | Rel. Error
-----------------------------------------------------
V(t)         |  -1.000000 | -338.373446 | 337.373446
R(t)         |   0.000000 |   0.664866 |   0.664866
g            |   3.000000 | 1717980358.407862 | 572660118.469287
a            |   0.200000 | -48709698973.546501 | 243548494868.732483
b            |   0.200000 | -73259470472.299866 | 366297352362.499268


Cluster 2: 1 similar solutions
Best solution (Error: 0.06769):
--------------------------------------------------
Variable     | True Value  | Estimated   | Rel. Error
-----------------------------------------------------
V(t)         |  -1.000000 |   2.000000 |   3.000000
R(t)         |   0.000000 |   0.666667 |   0.666667
g            |   3.000000 | -358349145463.567688 | 119449715155.522568
a            |   0.200000 | 2291545803095.956543 | 11457729015478.781250
b            |   0.200000 | 3437318704644.124023 | 17186593523219.619141


Cluster 3: 1 similar solutions
Best solution (Error: 0.002232):
--------------------------------------------------
Variable     | True Value  | Estimated   | Rel. Error
-----------------------------------------------------
V(t)         |  -1.000000 |  -0.900131 |   0.099869
R(t)         |   0.000000 |   0.017160 |   0.017160
g            |   3.000000 |   3.121032 |   0.040344
a            |   0.200000 | -268933459736396.187500 | 1344667298681981.750000
b            |   0.200000 | -15672179904407470.000000 | 78360899522037344.000000


Cluster 4: 1 similar solutions
Best solution (Error: 0.002228):
--------------------------------------------------
Variable     | True Value  | Estimated   | Rel. Error
-----------------------------------------------------
V(t)         |  -1.000000 |  -0.900299 |   0.099701
R(t)         |   0.000000 |   0.019264 |   0.019264
g            |   3.000000 |   3.129992 |   0.043331
a            |   0.200000 | 14492569926014198.000000 | 72462849630070992.000000
b            |   0.200000 | 752315408245606528.000000 | 3761577041228032512.000000


Cluster 5: 1 similar solutions
Best solution (Error: 0.002226):
--------------------------------------------------
Variable     | True Value  | Estimated   | Rel. Error
-----------------------------------------------------
V(t)         |  -1.000000 |  -0.900416 |   0.099584
R(t)         |   0.000000 |   0.020115 |   0.020115
g            |   3.000000 |   3.134081 |   0.044694
a            |   0.200000 | 139835769130437.343750 | 699178845652185.625000
b            |   0.200000 | 6951761209297085.000000 | 34758806046485424.000000


Cluster 6: 1 similar solutions
Best solution (Error: 0.002218):
--------------------------------------------------
Variable     | True Value  | Estimated   | Rel. Error
-----------------------------------------------------
V(t)         |  -1.000000 |  -0.900766 |   0.099234
R(t)         |   0.000000 |   0.023212 |   0.023212
g            |   3.000000 |   3.147914 |   0.049305
a            |   0.200000 | 311636193159729.187500 | 1558180965798645.000000
b            |   0.200000 | 13425430097280410.000000 | 67127150486402048.000000


Cluster 7: 1 similar solutions
Best solution (Error: 0.000481):
--------------------------------------------------
Variable     | True Value  | Estimated   | Rel. Error
-----------------------------------------------------
V(t)         |  -1.000000 |  -1.010068 |   0.010068
R(t)         |   0.000000 |   0.666100 |   0.666100
g            |   3.000000 | 4245.709863 | 1414.236621
a            |   0.200000 | 343276.345896 | 1716380.729480
b            |   0.200000 | 515065.872317 | 2575328.361583


Cluster 8: 1 similar solutions
Best solution (Error: 0.000231):
--------------------------------------------------
Variable     | True Value  | Estimated   | Rel. Error
-----------------------------------------------------
V(t)         |  -1.000000 |  -1.011664 |   0.011664
R(t)         |   0.000000 |   0.664254 |   0.664254
g            |   3.000000 | 750.521587 | 249.173862
a            |   0.200000 | 20587.241987 | 102935.209935
b            |   0.200000 | 30890.748431 | 154452.742154


Cluster 9: 1 similar solutions
Best solution (Error: 0.000161):
--------------------------------------------------
Variable     | True Value  | Estimated   | Rel. Error
-----------------------------------------------------
V(t)         |  -1.000000 |  -1.009297 |   0.009297
R(t)         |   0.000000 |   0.664337 |   0.664337
g            |   3.000000 | 712.589380 | 236.529793
a            |   0.200000 | 18354.153040 | 91769.765202
b            |   0.200000 | 27531.879202 | 137658.396012


Cluster 10: 1 similar solutions
Best solution (Error: 9.7e-5):
--------------------------------------------------
Variable     | True Value  | Estimated   | Rel. Error
-----------------------------------------------------
V(t)         |  -1.000000 |  -1.007572 |   0.007572
R(t)         |   0.000000 |   0.664617 |   0.664617
g            |   3.000000 | 724.490581 | 240.496860
a            |   0.200000 | 17621.582575 | 88106.912875
b            |   0.200000 | 26417.078983 | 132084.394914


Cluster 11: 1 similar solutions
Best solution (Error: 1.0e-6):
--------------------------------------------------
Variable     | True Value  | Estimated   | Rel. Error
-----------------------------------------------------
V(t)         |  -1.000000 |  -0.999879 |   0.000121
R(t)         |   0.000000 |   1.045732 |   1.045732
g            |   3.000000 |  -5.315261 |   2.771754
a            |   0.200000 | -518.575101 | 2593.875505
b            |   0.200000 | -494.872275 | 2475.361373


Cluster 12: 1 similar solutions
Best solution (Error: 1.0e-6):
--------------------------------------------------
Variable     | True Value  | Estimated   | Rel. Error
-----------------------------------------------------
V(t)         |  -1.000000 |  -0.999880 |   0.000120
R(t)         |   0.000000 |   1.043517 |   1.043517
g            |   3.000000 |  -5.346293 |   2.782098
a            |   0.200000 | -524.464121 | 2623.320604
b            |   0.200000 | -501.566560 | 2508.832801


Cluster 13: 1 similar solutions
Best solution (Error: 1.0e-6):
--------------------------------------------------
Variable     | True Value  | Estimated   | Rel. Error
-----------------------------------------------------
V(t)         |  -1.000000 |  -0.999965 |   0.000035
R(t)         |   0.000000 |   0.148775 |   0.148775
g            |   3.000000 |   3.861821 |   0.287274
a            |   0.200000 |   3.329892 |  15.649461
b            |   0.200000 |  21.015406 | 104.077032


Cluster 14: 1 similar solutions
Best solution (Error: 0.0):
--------------------------------------------------
Variable     | True Value  | Estimated   | Rel. Error
-----------------------------------------------------
V(t)         |  -1.000000 |  -1.000016 |   0.000016
R(t)         |   0.000000 |   0.091540 |   0.091540
g            |   3.000000 |   3.477479 |   0.159160
a            |   0.200000 |   1.208119 |   5.040596
b            |   0.200000 |  11.004725 |  54.023625


Cluster 15: 1 similar solutions
Best solution (Error: 0.0):
--------------------------------------------------
Variable     | True Value  | Estimated   | Rel. Error
-----------------------------------------------------
V(t)         |  -1.000000 |  -0.999997 |   0.000003
R(t)         |   0.000000 |   0.063276 |   0.063276
g            |   3.000000 |   3.314603 |   0.104868
a            |   0.200000 |   0.651868 |   2.259339
b            |   0.200000 |   7.141133 |  34.705664


Cluster 16: 1 similar solutions
Best solution (Error: 0.0):
--------------------------------------------------
Variable     | True Value  | Estimated   | Rel. Error
-----------------------------------------------------
V(t)         |  -1.000000 |  -1.000009 |   0.000009
R(t)         |   0.000000 |   0.383419 |   0.383419
g            |   3.000000 |   7.056034 |   1.352011
a            |   0.200000 |  44.780723 | 222.903614
b            |   0.200000 | 115.877710 | 578.388551


Cluster 17: 1 similar solutions
Best solution (Error: 0.0):
--------------------------------------------------
Variable     | True Value  | Estimated   | Rel. Error
-----------------------------------------------------
V(t)         |  -1.000000 |  -1.000002 |   0.000002
R(t)         |   0.000000 |  -2.321333 |   2.321333
g            |   3.000000 |   0.669206 |   0.776931
a            |   0.200000 |  34.940222 | 173.701112
b            |   0.200000 | -14.931537 |  75.657687


Cluster 18: 1 similar solutions
Best solution (Error: 0.0):
--------------------------------------------------
Variable     | True Value  | Estimated   | Rel. Error
-----------------------------------------------------
V(t)         |  -1.000000 |  -1.000000 |   0.000000
R(t)         |   0.000000 |  -0.189443 |   0.189443
g            |   3.000000 |   2.336097 |   0.221301
a            |   0.200000 |   2.391070 |  10.955352
b            |   0.200000 | -11.529087 |  58.645437


Cluster 19: 1 similar solutions
Best solution (Error: 0.0):
--------------------------------------------------
Variable     | True Value  | Estimated   | Rel. Error
-----------------------------------------------------
V(t)         |  -1.000000 |  -1.000000 |   0.000000
R(t)         |   0.000000 |   0.000003 |   0.000003
g            |   3.000000 |   3.000015 |   0.000005
a            |   0.200000 |   0.200001 |   0.000003
b            |   0.200000 |   0.200308 |   0.001541


Cluster 20: 1 similar solutions
Best solution (Error: 0.0):
--------------------------------------------------
Variable     | True Value  | Estimated   | Rel. Error
-----------------------------------------------------
V(t)         |  -1.000000 |  -1.000000 |   0.000000
R(t)         |   0.000000 |  -0.088988 |   0.088988
g            |   3.000000 |   2.646705 |   0.117765
a            |   0.200000 |   0.773425 |   2.867124
b            |   0.200000 |  -6.430422 |  33.152109


Cluster 21: 1 similar solutions
Best solution (Error: 0.0):
--------------------------------------------------
Variable     | True Value  | Estimated   | Rel. Error
-----------------------------------------------------
V(t)         |  -1.000000 |  -1.000000 |   0.000000
R(t)         |   0.000000 |   0.038640 |   0.038640
g            |   3.000000 |   3.184578 |   0.061526
a            |   0.200000 |   0.360536 |   0.802682
b            |   0.200000 |   4.156054 |  19.780272


Cluster 22: 1 similar solutions
Best solution (Error: 0.0):
--------------------------------------------------
Variable     | True Value  | Estimated   | Rel. Error
-----------------------------------------------------
V(t)         |  -1.000000 |  -1.000000 |   0.000000
R(t)         |   0.000000 |   0.019135 |   0.019135
g            |   3.000000 |   3.088655 |   0.029552
a            |   0.200000 |   0.239460 |   0.197298
b            |   0.200000 |   2.070078 |   9.350391


Cluster 23: 1 similar solutions
Best solution (Error: 0.0):
--------------------------------------------------
Variable     | True Value  | Estimated   | Rel. Error
-----------------------------------------------------
V(t)         |  -1.000000 |  -1.000000 |   0.000000
R(t)         |   0.000000 |   0.033819 |   0.033819
g            |   3.000000 |   3.160320 |   0.053440
a            |   0.200000 |   0.322343 |   0.611714
b            |   0.200000 |   3.619925 |  17.099624


Cluster 24: 1 similar solutions
Best solution (Error: 0.0):
--------------------------------------------------
Variable     | True Value  | Estimated   | Rel. Error
-----------------------------------------------------
V(t)         |  -1.000000 |  -1.000000 |   0.000000
R(t)         |   0.000000 |  -0.001076 |   0.001076
g            |   3.000000 |   2.995166 |   0.001611
a            |   0.200000 |   0.199897 |   0.000514
b            |   0.200000 |   0.100895 |   0.495527


Cluster 25: 1 similar solutions
Best solution (Error: 0.0):
--------------------------------------------------
Variable     | True Value  | Estimated   | Rel. Error
-----------------------------------------------------
V(t)         |  -1.000000 |  -1.000000 |   0.000000
R(t)         |   0.000000 |   0.028906 |   0.028906
g            |   3.000000 |   3.135975 |   0.045325
a            |   0.200000 |   0.289159 |   0.445794
b            |   0.200000 |   3.088211 |  14.441054


Cluster 26: 1 similar solutions
Best solution (Error: 0.0):
--------------------------------------------------
Variable     | True Value  | Estimated   | Rel. Error
-----------------------------------------------------
V(t)         |  -1.000000 |  -1.000000 |   0.000000
R(t)         |   0.000000 |  -0.000116 |   0.000116
g            |   3.000000 |   2.999480 |   0.000173
a            |   0.200000 |   0.199980 |   0.000101
b            |   0.200000 |   0.189196 |   0.054019


Best approximation error for fitzhugh_nagumo: 0.0

Best maximum relative error for fitzhugh_nagumo (excluding ALL unidentifiable parameters): 0.001541
Best minimum relative error: 0.0
Best mean relative error: 0.00031
Best median relative error: 3.0e-6
Best maximum relative error: 0.001541
Best RMS relative error: 0.000689
SUCCESS
