Starting model: lotka_volterra
Optimization improved residual by 18.510273792160493 (from 18.510273792254324 to 9.382896052549239e-11)
┌ Warning: Optimization did not converge. RetCode: MaxIters
└ @ ODEParameterEstimation ~/.julia/dev/ODEParameterEstimation/src/core/homotopy_continuation.jl:95
Optimization improved residual by 4.255777348769763 (from 4.255777349235938 to 4.661748962741315e-10)
┌ Warning: Optimization did not converge. RetCode: MaxIters
└ @ ODEParameterEstimation ~/.julia/dev/ODEParameterEstimation/src/core/homotopy_continuation.jl:95
┌ Warning: Optimization did not converge. RetCode: MaxIters
└ @ ODEParameterEstimation ~/.julia/dev/ODEParameterEstimation/src/core/homotopy_continuation.jl:95
Optimization improved residual by 12.634504701876848 (from 12.634504702200807 to 3.239597359431309e-10)
Optimization improved residual by 7.850130589121487 (from 7.850130592246255 to 3.124767777746672e-9)
┌ Warning: Optimization did not converge. RetCode: MaxIters
└ @ ODEParameterEstimation ~/.julia/dev/ODEParameterEstimation/src/core/homotopy_continuation.jl:95
┌ Warning: Optimization did not converge. RetCode: MaxIters
└ @ ODEParameterEstimation ~/.julia/dev/ODEParameterEstimation/src/core/homotopy_continuation.jl:95
┌ Warning: Optimization did not converge. RetCode: MaxIters
└ @ ODEParameterEstimation ~/.julia/dev/ODEParameterEstimation/src/core/homotopy_continuation.jl:95
┌ Warning: Optimization did not converge. RetCode: MaxIters
└ @ ODEParameterEstimation ~/.julia/dev/ODEParameterEstimation/src/core/homotopy_continuation.jl:95
┌ Warning: Optimization did not converge. RetCode: MaxIters
└ @ ODEParameterEstimation ~/.julia/dev/ODEParameterEstimation/src/core/homotopy_continuation.jl:95
┌ Warning: Optimization did not converge. RetCode: MaxIters
└ @ ODEParameterEstimation ~/.julia/dev/ODEParameterEstimation/src/core/homotopy_continuation.jl:95
┌ Warning: Optimization did not converge. RetCode: MaxIters
└ @ ODEParameterEstimation ~/.julia/dev/ODEParameterEstimation/src/core/homotopy_continuation.jl:95
┌ Warning: Optimization did not converge. RetCode: MaxIters
└ @ ODEParameterEstimation ~/.julia/dev/ODEParameterEstimation/src/core/homotopy_continuation.jl:95
Optimization improved residual by 23.597493800489993 (from 23.59749380140762 to 9.176278045494998e-10)
Optimization improved residual by 5.155612529112707 (from 5.155612533146265 to 4.033558153126207e-9)
┌ Warning: Optimization did not converge. RetCode: MaxIters
└ @ ODEParameterEstimation ~/.julia/dev/ODEParameterEstimation/src/core/homotopy_continuation.jl:95
Optimization improved residual by 12.476861694522539 (from 12.476861695771456 to 1.2489168391109285e-9)
┌ Warning: At t=11.520398623260801, dt was forced below floating point epsilon 1.7763568394002505e-15, and step error estimate = 1.0077043560190997. Aborting. There is either an error in your model specification or the true solution is unstable (or the true solution can not be represented in the precision of Float64).
└ @ SciMLBase ~/.julia/packages/SciMLBase/DbVzk/src/integrator_interface.jl:623
Optimization improved residual by 6.884084937740373 (from 6.8840849401669155 to 2.426542651732298e-9)
Optimization improved residual by 4.99247342329149 (from 4.992473432840806 to 9.549316419780684e-9)
┌ Warning: At t=17.954883861324845, dt was forced below floating point epsilon -3.0645782864384793e-15, and step error estimate = 1.7258398704043378. Aborting. There is either an error in your model specification or the true solution is unstable (or the true solution can not be represented in the precision of Float64).
└ @ SciMLBase ~/.julia/packages/SciMLBase/DbVzk/src/integrator_interface.jl:623
Optimization improved residual by 7.5995138852064725 (from 7.599513885814463 to 6.079903541583067e-10)
┌ Warning: Optimization did not converge. RetCode: MaxIters
└ @ ODEParameterEstimation ~/.julia/dev/ODEParameterEstimation/src/core/homotopy_continuation.jl:95
Optimization improved residual by 3.694937324532057 (from 3.6949373251520563 to 6.199989851226773e-10)
Optimization improved residual by 3.0256095837424937 (from 3.0256873935938082 to 7.780985131458454e-5)
┌ Warning: Optimization did not converge. RetCode: MaxIters
└ @ ODEParameterEstimation ~/.julia/dev/ODEParameterEstimation/src/core/homotopy_continuation.jl:95
Optimization improved residual by 4.255865968732922 (from 4.255865969374821 to 6.418988504765226e-10)
┌ Warning: Optimization did not converge. RetCode: MaxIters
└ @ ODEParameterEstimation ~/.julia/dev/ODEParameterEstimation/src/core/homotopy_continuation.jl:95
Optimization improved residual by 5.379860305819539 (from 5.379860312211082 to 6.391542231616721e-9)
Optimization improved residual by 5.39448279349367 (from 5.394482801585557 to 8.0918873766215e-9)
Optimization improved residual by 13.384133514705718 (from 13.384133515398473 to 6.927544044889794e-10)
┌ Warning: Optimization did not converge. RetCode: MaxIters
└ @ ODEParameterEstimation ~/.julia/dev/ODEParameterEstimation/src/core/homotopy_continuation.jl:95
Optimization improved residual by 3.110623849832913 (from 3.1106238509343913 to 1.1014783159374984e-9)
Optimization improved residual by 7.713100037845184 (from 7.713100044747236 to 6.902052007243277e-9)
Optimization improved residual by 6.987689009826653 (from 6.996163412052532 to 0.008474402225878537)
Optimization improved residual by 3.669662402904664 (from 3.6696630371274814 to 6.342228172954295e-7)
Optimization improved residual by 23.3018430042272 (from 23.301845905343306 to 2.9011161032769193e-6)
┌ Warning: Optimization did not converge. RetCode: MaxIters
└ @ ODEParameterEstimation ~/.julia/dev/ODEParameterEstimation/src/core/homotopy_continuation.jl:95
Optimization improved residual by 7.471603450156304 (from 7.47161853217773 to 1.5082021425775536e-5)
Optimization improved residual by 2.3175225573206357 (from 2.4288615246499874 to 0.11133896732935175)
┌ Warning: At t=11.079897226291067, dt was forced below floating point epsilon -1.577707086089495e-15, and step error estimate = 1.1854922537867136. Aborting. There is either an error in your model specification or the true solution is unstable (or the true solution can not be represented in the precision of Float64).
└ @ SciMLBase ~/.julia/packages/SciMLBase/DbVzk/src/integrator_interface.jl:623
Optimization improved residual by 6.094678053516254 (from 6.096265982112871 to 0.0015879285966169316)
Optimization improved residual by 9.129854509752086 (from 9.13004311860857 to 0.00018860885648562642)
Optimization improved residual by 4.585345690858135 (from 4.586142109816982 to 0.0007964189588463836)
Optimization improved residual by 7.077506820832619 (from 7.077506822900185 to 2.0675659447300295e-9)

Unidentifiability Analysis from multipoint_parameter_estimation:
All unidentifiable variables: Set{Any}()
Unidentifiable variables substitution dictionary: Dict{Any, Any}()
Trivially solvable variables: Dict{Any, Any}()

=== Model: lotka_volterra ===

Found 18 distinct solution clusters:

Cluster 1: 1 similar solutions
Best solution (Error: 0.023047):
--------------------------------------------------
Variable     | True Value  | Estimated   | Rel. Error
-----------------------------------------------------
r(t)         |   2.000000 |   0.000568 |   0.999716
w(t)         |   1.000000 |   1.613995 |   0.613995
k1           |   1.000000 |  -1.499432 |   2.499432
k2           |   0.500000 |  -3.612874 |   8.225748
k3           |   0.300000 |  -0.438411 |   2.461371


Cluster 2: 1 similar solutions
Best solution (Error: 0.019987):
--------------------------------------------------
Variable     | True Value  | Estimated   | Rel. Error
-----------------------------------------------------
r(t)         |   2.000000 |   3.867554 |   0.933777
w(t)         |   1.000000 |   1.658735 |   0.658735
k1           |   1.000000 |   0.989866 |   0.010134
k2           |   0.500000 |   0.305603 |   0.388794
k3           |   0.300000 |   0.295236 |   0.015881


Cluster 3: 1 similar solutions
Best solution (Error: 0.019827):
--------------------------------------------------
Variable     | True Value  | Estimated   | Rel. Error
-----------------------------------------------------
r(t)         |   2.000000 |   0.281203 |   0.859398
w(t)         |   1.000000 |  20.382197 |  19.382197
k1           |   1.000000 |  -4.697747 |   5.697747
k2           |   0.500000 |  -0.203240 |   1.406479
k3           |   0.300000 |  -0.041561 |   1.138537


Cluster 4: 1 similar solutions
Best solution (Error: 0.015993):
--------------------------------------------------
Variable     | True Value  | Estimated   | Rel. Error
-----------------------------------------------------
r(t)         |   2.000000 |   0.000099 |   0.999951
w(t)         |   1.000000 |  -0.000000 |   1.000000
k1           |   1.000000 |   0.731654 |   0.268346
k2           |   0.500000 |  -0.165390 |   1.330779
k3           |   0.300000 |  -1.836851 |   7.122837


Cluster 5: 1 similar solutions
Best solution (Error: 0.015159):
--------------------------------------------------
Variable     | True Value  | Estimated   | Rel. Error
-----------------------------------------------------
r(t)         |   2.000000 |   1.396076 |   0.301962
w(t)         |   1.000000 | 115201.112920 | 115200.112920
k1           |   1.000000 | -181.660127 | 182.660127
k2           |   0.500000 |  -0.001582 |   1.003165
k3           |   0.300000 |  -0.001454 |   1.004847


Cluster 6: 1 similar solutions
Best solution (Error: 0.015133):
--------------------------------------------------
Variable     | True Value  | Estimated   | Rel. Error
-----------------------------------------------------
r(t)         |   2.000000 |   4.101730 |   1.050865
w(t)         |   1.000000 |   3.463295 |   2.463295
k1           |   1.000000 |   1.248223 |   0.248223
k2           |   0.500000 |   0.265210 |   0.469580
k3           |   0.300000 |   0.243133 |   0.189556


Cluster 7: 1 similar solutions
Best solution (Error: 0.003201):
--------------------------------------------------
Variable     | True Value  | Estimated   | Rel. Error
-----------------------------------------------------
r(t)         |   2.000000 |   2.222414 |   0.111207
w(t)         |   1.000000 |   1.011472 |   0.011472
k1           |   1.000000 |   0.984237 |   0.015763
k2           |   0.500000 |   0.463635 |   0.072730
k3           |   0.300000 |   0.305453 |   0.018178


Cluster 8: 1 similar solutions
Best solution (Error: 0.000917):
--------------------------------------------------
Variable     | True Value  | Estimated   | Rel. Error
-----------------------------------------------------
r(t)         |   2.000000 |   2.112802 |   0.056401
w(t)         |   1.000000 |   1.004941 |   0.004941
k1           |   1.000000 |   0.964277 |   0.035723
k2           |   0.500000 |   0.510250 |   0.020501
k3           |   0.300000 |   0.307622 |   0.025407


Cluster 9: 1 similar solutions
Best solution (Error: 0.000661):
--------------------------------------------------
Variable     | True Value  | Estimated   | Rel. Error
-----------------------------------------------------
r(t)         |   2.000000 |   1.976893 |   0.011554
w(t)         |   1.000000 |   1.026244 |   0.026244
k1           |   1.000000 |   1.023193 |   0.023193
k2           |   0.500000 |   0.485347 |   0.029306
k3           |   0.300000 |   0.295462 |   0.015125


Cluster 10: 1 similar solutions
Best solution (Error: 0.000631):
--------------------------------------------------
Variable     | True Value  | Estimated   | Rel. Error
-----------------------------------------------------
r(t)         |   2.000000 |   2.075853 |   0.037926
w(t)         |   1.000000 |   1.092450 |   0.092450
k1           |   1.000000 |   1.006980 |   0.006980
k2           |   0.500000 |   0.491583 |   0.016834
k3           |   0.300000 |   0.294234 |   0.019220


Cluster 11: 1 similar solutions
Best solution (Error: 0.000216):
--------------------------------------------------
Variable     | True Value  | Estimated   | Rel. Error
-----------------------------------------------------
r(t)         |   2.000000 |   2.021987 |   0.010993
w(t)         |   1.000000 |   1.015162 |   0.015162
k1           |   1.000000 |   1.002505 |   0.002505
k2           |   0.500000 |   0.495012 |   0.009975
k3           |   0.300000 |   0.299248 |   0.002506


Cluster 12: 1 similar solutions
Best solution (Error: 5.0e-5):
--------------------------------------------------
Variable     | True Value  | Estimated   | Rel. Error
-----------------------------------------------------
r(t)         |   2.000000 |   1.996595 |   0.001702
w(t)         |   1.000000 |   0.999219 |   0.000781
k1           |   1.000000 |   1.000406 |   0.000406
k2           |   0.500000 |   0.500513 |   0.001026
k3           |   0.300000 |   0.300000 |   0.000002


Cluster 13: 1 similar solutions
Best solution (Error: 2.5e-5):
--------------------------------------------------
Variable     | True Value  | Estimated   | Rel. Error
-----------------------------------------------------
r(t)         |   2.000000 |   2.002596 |   0.001298
w(t)         |   1.000000 |   1.001221 |   0.001221
k1           |   1.000000 |   0.999828 |   0.000172
k2           |   0.500000 |   0.500131 |   0.000261
k3           |   0.300000 |   0.299991 |   0.000029


Cluster 14: 1 similar solutions
Best solution (Error: 8.0e-6):
--------------------------------------------------
Variable     | True Value  | Estimated   | Rel. Error
-----------------------------------------------------
r(t)         |   2.000000 |   1.998844 |   0.000578
w(t)         |   1.000000 |   0.999408 |   0.000592
k1           |   1.000000 |   0.999998 |   0.000002
k2           |   0.500000 |   0.500138 |   0.000276
k3           |   0.300000 |   0.300006 |   0.000019


Cluster 15: 1 similar solutions
Best solution (Error: 4.0e-6):
--------------------------------------------------
Variable     | True Value  | Estimated   | Rel. Error
-----------------------------------------------------
r(t)         |   2.000000 |   1.999347 |   0.000327
w(t)         |   1.000000 |   0.999267 |   0.000733
k1           |   1.000000 |   0.999882 |   0.000118
k2           |   0.500000 |   0.500123 |   0.000246
k3           |   0.300000 |   0.300046 |   0.000153


Cluster 16: 1 similar solutions
Best solution (Error: 2.0e-6):
--------------------------------------------------
Variable     | True Value  | Estimated   | Rel. Error
-----------------------------------------------------
r(t)         |   2.000000 |   1.999982 |   0.000009
w(t)         |   1.000000 |   0.999900 |   0.000100
k1           |   1.000000 |   0.999967 |   0.000033
k2           |   0.500000 |   0.500021 |   0.000042
k3           |   0.300000 |   0.300016 |   0.000055


Cluster 17: 1 similar solutions
Best solution (Error: 0.0):
--------------------------------------------------
Variable     | True Value  | Estimated   | Rel. Error
-----------------------------------------------------
r(t)         |   2.000000 |   1.999966 |   0.000017
w(t)         |   1.000000 |   0.999967 |   0.000033
k1           |   1.000000 |   0.999998 |   0.000002
k2           |   0.500000 |   0.500003 |   0.000007
k3           |   0.300000 |   0.300002 |   0.000007


Cluster 18: 5 similar solutions
Best solution (Error: 0.0):
--------------------------------------------------
Variable     | True Value  | Estimated   | Rel. Error
-----------------------------------------------------
r(t)         |   2.000000 |   2.000000 |   0.000000
w(t)         |   1.000000 |   1.000000 |   0.000000
k1           |   1.000000 |   1.000000 |   0.000000
k2           |   0.500000 |   0.500000 |   0.000000
k3           |   0.300000 |   0.300000 |   0.000000


Best approximation error for lotka_volterra: 0.0

Best maximum relative error for lotka_volterra (excluding ALL unidentifiable parameters): 0.0
Best minimum relative error: 0.0
Best mean relative error: 0.0
Best median relative error: 0.0
Best maximum relative error: 0.0
Best RMS relative error: 0.0
SUCCESS
