Starting model: lv_periodic
Optimization improved residual by 37.59224390772794 (from 37.592243907937394 to 2.0945372063634548e-10)
Optimization improved residual by 6.189487287535221 (from 6.189487291434131 to 3.89890921468776e-9)
Optimization improved residual by 32.390448793921145 (from 37.43026984967559 to 5.0398210557544445)
Optimization improved residual by 11.880924485738904 (from 11.880924486096724 to 3.578198813120097e-10)
Optimization improved residual by 31.55618482319884 (from 45.776165517309444 to 14.219980694110602)
┌ Warning: Optimization did not converge. RetCode: MaxIters
└ @ ODEParameterEstimation ~/.julia/dev/ODEParameterEstimation/src/core/homotopy_continuation.jl:95
Optimization improved residual by 4.838433102493217 (from 5.4404943105677175 to 0.6020612080745006)
Optimization improved residual by 52.66885407815605 (from 52.668854081770384 to 3.614328540446525e-9)
Optimization improved residual by 5.815062401225161 (from 5.815062401596956 to 3.7179547282210805e-10)
Optimization improved residual by 50.954245819954046 (from 50.954245820002086 to 4.8041285398264305e-11)
┌ Warning: Optimization did not converge. RetCode: MaxIters
└ @ ODEParameterEstimation ~/.julia/dev/ODEParameterEstimation/src/core/homotopy_continuation.jl:95
┌ Warning: Optimization did not converge. RetCode: MaxIters
└ @ ODEParameterEstimation ~/.julia/dev/ODEParameterEstimation/src/core/homotopy_continuation.jl:95
┌ Warning: Optimization did not converge. RetCode: MaxIters
└ @ ODEParameterEstimation ~/.julia/dev/ODEParameterEstimation/src/core/homotopy_continuation.jl:95
Optimization improved residual by 36.704005746496534 (from 36.7040057470844 to 5.878678819429374e-10)
Optimization improved residual by 4.488472431114241 (from 4.488472431373871 to 2.596292385030413e-10)
┌ Warning: Optimization did not converge. RetCode: MaxIters
└ @ ODEParameterEstimation ~/.julia/dev/ODEParameterEstimation/src/core/homotopy_continuation.jl:95
Optimization improved residual by 38.41729335043029 (from 38.417293351825876 to 1.3955842534739162e-9)
Optimization improved residual by 6.805845555690835 (from 6.805845565078705 to 9.387870405583254e-9)
Optimization improved residual by 47.209813763270205 (from 47.209813763300865 to 3.065903966933244e-11)
Optimization improved residual by 7.233109832035852 (from 7.233109834492352 to 2.4565008355140953e-9)
Optimization improved residual by 47.23645541885641 (from 52.21770407045154 to 4.981248651595134)
Optimization improved residual by 8.532744319138294 (from 8.532744319366493 to 2.2819951378908977e-10)
┌ Warning: Optimization did not converge. RetCode: MaxIters
└ @ ODEParameterEstimation ~/.julia/dev/ODEParameterEstimation/src/core/homotopy_continuation.jl:95
┌ Warning: Optimization did not converge. RetCode: MaxIters
└ @ ODEParameterEstimation ~/.julia/dev/ODEParameterEstimation/src/core/homotopy_continuation.jl:95
┌ Warning: Optimization did not converge. RetCode: MaxIters
└ @ ODEParameterEstimation ~/.julia/dev/ODEParameterEstimation/src/core/homotopy_continuation.jl:95
Optimization improved residual by 50.21389043755485 (from 50.21389043758243 to 2.7573014226243765e-11)
Optimization improved residual by 19.645275098484372 (from 19.645275099654036 to 1.1696646824095315e-9)
Optimization improved residual by 17.779587657103374 (from 17.779587657269264 to 1.658910847489785e-10)
Optimization improved residual by 14.630712675682847 (from 18.83379655367676 to 4.203083877993911)
Optimization improved residual by 15.141813378925207 (from 15.141813379230253 to 3.0504577676938006e-10)
Optimization improved residual by 17.865454933041775 (from 17.865454933148907 to 1.0713125642315229e-10)
Optimization improved residual by 12.829484202013223 (from 12.829484205742784 to 3.729560772910566e-9)
┌ Warning: Optimization did not converge. RetCode: MaxIters
└ @ ODEParameterEstimation ~/.julia/dev/ODEParameterEstimation/src/core/homotopy_continuation.jl:95
┌ Warning: Optimization did not converge. RetCode: MaxIters
└ @ ODEParameterEstimation ~/.julia/dev/ODEParameterEstimation/src/core/homotopy_continuation.jl:95
┌ Warning: Optimization did not converge. RetCode: MaxIters
└ @ ODEParameterEstimation ~/.julia/dev/ODEParameterEstimation/src/core/homotopy_continuation.jl:95
Optimization improved residual by 16.664015148340876 (from 17.07815019910813 to 0.4141350507672551)
┌ Warning: At t=11.669999973749633, dt was forced below floating point epsilon -1.550848196335599e-15, and step error estimate = 1.4782180784270933. Aborting. There is either an error in your model specification or the true solution is unstable (or the true solution can not be represented in the precision of Float64).
└ @ SciMLBase ~/.julia/packages/SciMLBase/DbVzk/src/integrator_interface.jl:623
┌ Warning: At t=1.542818275499565e-5, dt was forced below floating point epsilon 3.3881317890172014e-21, and step error estimate = NaN. Aborting. There is either an error in your model specification or the true solution is unstable (or the true solution can not be represented in the precision of Float64).
└ @ SciMLBase ~/.julia/packages/SciMLBase/DbVzk/src/integrator_interface.jl:623
Optimization improved residual by 10.939287975439806 (from 10.939287976282099 to 8.422932590872167e-10)
Optimization improved residual by 16.04644020058498 (from 16.046440200603012 to 1.8033633562830728e-11)
┌ Warning: At t=14.343626088916352, dt was forced below floating point epsilon -1.5602133864093656e-15, and step error estimate = 1.3682664413936554. Aborting. There is either an error in your model specification or the true solution is unstable (or the true solution can not be represented in the precision of Float64).
└ @ SciMLBase ~/.julia/packages/SciMLBase/DbVzk/src/integrator_interface.jl:623

Unidentifiability Analysis from multipoint_parameter_estimation:
All unidentifiable variables: Set{Any}()
Unidentifiable variables substitution dictionary: Dict{Any, Any}()
Trivially solvable variables: Dict{Any, Any}()

=== Model: lv_periodic ===

Found 5 distinct solution clusters:

Cluster 1: 1 similar solutions
Best solution (Error: 0.00515):
--------------------------------------------------
Variable     | True Value  | Estimated   | Rel. Error
-----------------------------------------------------
x1(t)        |   2.000000 |   1.869614 |   0.065193
x2(t)        |   0.500000 |   0.557586 |   0.115172
a            |   1.500000 |   1.510802 |   0.007201
b            |   0.900000 |   0.902246 |   0.002495
c            |   3.000000 |   3.000132 |   0.000044
d            |   0.800000 |   0.800037 |   0.000046


Cluster 2: 1 similar solutions
Best solution (Error: 2.6e-5):
--------------------------------------------------
Variable     | True Value  | Estimated   | Rel. Error
-----------------------------------------------------
x1(t)        |   2.000000 |   1.999243 |   0.000378
x2(t)        |   0.500000 |   0.500303 |   0.000605
a            |   1.500000 |   1.500073 |   0.000049
b            |   0.900000 |   0.900014 |   0.000016
c            |   3.000000 |   3.000006 |   0.000002
d            |   0.800000 |   0.800001 |   0.000002


Cluster 3: 3 similar solutions
Best solution (Error: 2.0e-6):
--------------------------------------------------
Variable     | True Value  | Estimated   | Rel. Error
-----------------------------------------------------
x1(t)        |   2.000000 |   2.000054 |   0.000027
x2(t)        |   0.500000 |   0.499982 |   0.000036
a            |   1.500000 |   1.499998 |   0.000001
b            |   0.900000 |   0.899996 |   0.000005
c            |   3.000000 |   2.999991 |   0.000003
d            |   0.800000 |   0.799996 |   0.000005


Cluster 4: 3 similar solutions
Best solution (Error: 0.0):
--------------------------------------------------
Variable     | True Value  | Estimated   | Rel. Error
-----------------------------------------------------
x1(t)        |   2.000000 |   2.000002 |   0.000001
x2(t)        |   0.500000 |   0.499998 |   0.000004
a            |   1.500000 |   1.500000 |   0.000000
b            |   0.900000 |   0.900001 |   0.000001
c            |   3.000000 |   2.999999 |   0.000000
d            |   0.800000 |   0.800000 |   0.000000


Cluster 5: 12 similar solutions
Best solution (Error: 0.0):
--------------------------------------------------
Variable     | True Value  | Estimated   | Rel. Error
-----------------------------------------------------
x1(t)        |   2.000000 |   2.000000 |   0.000000
x2(t)        |   0.500000 |   0.500000 |   0.000000
a            |   1.500000 |   1.500000 |   0.000000
b            |   0.900000 |   0.900000 |   0.000000
c            |   3.000000 |   3.000000 |   0.000000
d            |   0.800000 |   0.800000 |   0.000000


Best approximation error for lv_periodic: 0.0

Best maximum relative error for lv_periodic (excluding ALL unidentifiable parameters): 0.0
Best minimum relative error: 0.0
Best mean relative error: 0.0
Best median relative error: 0.0
Best maximum relative error: 0.0
Best RMS relative error: 0.0
SUCCESS
