Starting model: onesp_cubed
Optimization improved residual by 5.418916529819221 (from 5.418916529984389 to 1.651682150313385e-10)
Optimization improved residual by 5.8832328308206625 (from 5.883232830900275 to 7.961287937150545e-11)
Optimization improved residual by 4.618871090576443 (from 4.618871090593721 to 1.727900704326675e-11)
Optimization improved residual by 0.6814793588866399 (from 4.7915554439727615 to 4.1100760850861215)
┌ Warning: At t=2.2199999979585594, dt was forced below floating point epsilon -1.4365440255295596e-16, and step error estimate = NaN. Aborting. There is either an error in your model specification or the true solution is unstable (or the true solution can not be represented in the precision of Float64).
└ @ SciMLBase ~/.julia/packages/SciMLBase/DbVzk/src/integrator_interface.jl:623
┌ Warning: At t=0.0, dt was forced below floating point epsilon 5.0e-324, and step error estimate = NaN. Aborting. There is either an error in your model specification or the true solution is unstable (or the true solution can not be represented in the precision of Float64).
└ @ SciMLBase ~/.julia/packages/SciMLBase/DbVzk/src/integrator_interface.jl:623
Optimization improved residual by 0.20789744989273462 (from 3.6928050586163006 to 3.484907608723566)
┌ Warning: At t=2.769999997113712, dt was forced below floating point epsilon -1.8457707310071055e-16, and step error estimate = NaN. Aborting. There is either an error in your model specification or the true solution is unstable (or the true solution can not be represented in the precision of Float64).
└ @ SciMLBase ~/.julia/packages/SciMLBase/DbVzk/src/integrator_interface.jl:623
┌ Warning: At t=0.0, dt was forced below floating point epsilon 5.0e-324, and step error estimate = NaN. Aborting. There is either an error in your model specification or the true solution is unstable (or the true solution can not be represented in the precision of Float64).
└ @ SciMLBase ~/.julia/packages/SciMLBase/DbVzk/src/integrator_interface.jl:623
Optimization improved residual by 2.125391479852255 (from 5.071371486381618 to 2.945980006529363)
┌ Warning: At t=3.3299999870930757, dt was forced below floating point epsilon -8.881784197001253e-17, and step error estimate = NaN. Aborting. There is either an error in your model specification or the true solution is unstable (or the true solution can not be represented in the precision of Float64).
└ @ SciMLBase ~/.julia/packages/SciMLBase/DbVzk/src/integrator_interface.jl:623
┌ Warning: Interrupted. Larger maxiters is needed. If you are using an integrator for non-stiff ODEs or an automatic switching algorithm (the default), you may want to consider using a method for stiff equations. See the solver pages for more details (e.g. https://docs.sciml.ai/DiffEqDocs/stable/solvers/ode_solve/#Stiff-Problems).
└ @ SciMLBase ~/.julia/packages/SciMLBase/DbVzk/src/integrator_interface.jl:589
Optimization improved residual by 5.401161171089329 (from 5.401161171114802 to 2.5474067623063068e-11)
Optimization improved residual by 5.6392328716568265 (from 7.750823525751654 to 2.1115906540948277)
┌ Warning: At t=4.439999999531642, dt was forced below floating point epsilon -7.825441869295133e-16, and step error estimate = 1.129202017617813. Aborting. There is either an error in your model specification or the true solution is unstable (or the true solution can not be represented in the precision of Float64).
└ @ SciMLBase ~/.julia/packages/SciMLBase/DbVzk/src/integrator_interface.jl:623
Optimization improved residual by 3.0324332616834986 (from 3.0324332617195977 to 3.6099080926501535e-11)
Optimization improved residual by 2.353874391115969 (from 9.137024023817393 to 6.783149632701424)
┌ Warning: At t=0.5499999981573368, dt was forced below floating point epsilon -3.2031651836913957e-24, and step error estimate = NaN. Aborting. There is either an error in your model specification or the true solution is unstable (or the true solution can not be represented in the precision of Float64).
└ @ SciMLBase ~/.julia/packages/SciMLBase/DbVzk/src/integrator_interface.jl:623
┌ Warning: At t=0.0, dt was forced below floating point epsilon 5.0e-324, and step error estimate = NaN. Aborting. There is either an error in your model specification or the true solution is unstable (or the true solution can not be represented in the precision of Float64).
└ @ SciMLBase ~/.julia/packages/SciMLBase/DbVzk/src/integrator_interface.jl:623
Optimization improved residual by 18.107279052612803 (from 23.858668920068084 to 5.751389867455279)
┌ Warning: At t=1.0999999996947634, dt was forced below floating point epsilon -4.4408920985006264e-17, and step error estimate = NaN. Aborting. There is either an error in your model specification or the true solution is unstable (or the true solution can not be represented in the precision of Float64).
└ @ SciMLBase ~/.julia/packages/SciMLBase/DbVzk/src/integrator_interface.jl:623
┌ Warning: At t=0.0, dt was forced below floating point epsilon 5.0e-324, and step error estimate = NaN. Aborting. There is either an error in your model specification or the true solution is unstable (or the true solution can not be represented in the precision of Float64).
└ @ SciMLBase ~/.julia/packages/SciMLBase/DbVzk/src/integrator_interface.jl:623
Optimization improved residual by 5.077879101799009 (from 5.077879101831177 to 3.216806538351542e-11)
Optimization improved residual by 4.32265422210407 (from 4.322654228761471 to 6.657400444291309e-9)
Optimization improved residual by 3.6363396158215235 (from 3.6363396159043675 to 8.284417295575126e-11)
Optimization improved residual by 2.997342614600691 (from 2.997342614626334 to 2.564288168496786e-11)
Optimization improved residual by 2.6860028137113843 (from 2.686002814067969 to 3.5658445077766103e-10)
Optimization improved residual by 0.21742140242720387 (from 2.3290120854926744 to 2.1115906830654705)
┌ Warning: Interrupted. Larger maxiters is needed. If you are using an integrator for non-stiff ODEs or an automatic switching algorithm (the default), you may want to consider using a method for stiff equations. See the solver pages for more details (e.g. https://docs.sciml.ai/DiffEqDocs/stable/solvers/ode_solve/#Stiff-Problems).
└ @ SciMLBase ~/.julia/packages/SciMLBase/DbVzk/src/integrator_interface.jl:589
Optimization improved residual by 2.7725876390947297 (from 2.772587640697306 to 1.602576276805683e-9)
Optimization improved residual by 9.098681645815807 (from 9.098681645828664 to 1.2857504036718588e-11)
Optimization improved residual by 12.946011379138499 (from 12.946011383234934 to 4.0964351616716744e-9)
Optimization improved residual by 6.594330002122073 (from 6.594330002122134 to 6.049564409564195e-14)
Optimization improved residual by 3.267540090674574 (from 3.2675400990927304 to 8.418156604646025e-9)
Optimization improved residual by 3.8548104472980804 (from 3.854810454235809 to 6.937728529223059e-9)
Optimization improved residual by 2.4391617125423246 (from 2.439161712906985 to 3.64660359879878e-10)
Optimization improved residual by 5.063135680407642 (from 5.063135680447867 to 4.022490673982417e-11)
Optimization improved residual by 2.2456770378164292 (from 2.2456770378571855 to 4.075630098857229e-11)
Optimization improved residual by 2.0888435309868836 (from 2.088843534472784 to 3.485900277763262e-9)

Unidentifiability Analysis from multipoint_parameter_estimation:
All unidentifiable variables: Set{Any}()
Unidentifiable variables substitution dictionary: Dict{Any, Any}()
Trivially solvable variables: Dict{Any, Any}()

=== Model: onesp_cubed ===

Found 1 distinct solution clusters:

Cluster 1: 20 similar solutions
Best solution (Error: 0.0):
--------------------------------------------------
Variable     | True Value  | Estimated   | Rel. Error
-----------------------------------------------------
x1(t)        |   2.000000 |   2.000000 |   0.000000
a            |   0.100000 |   0.100000 |   0.000000


Best approximation error for onesp_cubed: 0.0

Best maximum relative error for onesp_cubed (excluding ALL unidentifiable parameters): 0.0
Best minimum relative error: 0.0
Best mean relative error: 0.0
Best median relative error: 0.0
Best maximum relative error: 0.0
Best RMS relative error: 0.0
SUCCESS
