Starting model: vanderpol
Optimization improved residual by 2.8472046325392406 (from 2.847204633268688 to 7.294471701672284e-10)
Optimization improved residual by 2.1588289971001426 (from 2.1588289979308195 to 8.306767369824214e-10)
Optimization improved residual by 5.836062458264615 (from 5.836062458447503 to 1.8288807466517226e-10)
Optimization improved residual by 2.0594744941787515 (from 4.3571915534252295 to 2.297717059246478)
┌ Warning: At t=3.76630731227914, dt was forced below floating point epsilon 4.440892098500626e-16, and step error estimate = 1.1416057559202017. Aborting. There is either an error in your model specification or the true solution is unstable (or the true solution can not be represented in the precision of Float64).
└ @ SciMLBase ~/.julia/packages/SciMLBase/DbVzk/src/integrator_interface.jl:623
┌ Warning: Optimization did not converge. RetCode: MaxIters
└ @ ODEParameterEstimation ~/.julia/dev/ODEParameterEstimation/src/core/homotopy_continuation.jl:95
Optimization improved residual by 4.102584298357496 (from 4.102584298535567 to 1.7807064087022065e-10)
Optimization improved residual by 4.327667155363438 (from 4.327667155959895 to 5.964571251883917e-10)
Optimization improved residual by 2.220594349053667 (from 2.791439602033028 to 0.570845252979361)
┌ Warning: At t=4.431663913697293, dt was forced below floating point epsilon 8.881784197001252e-16, and step error estimate = 1.0816907477406235. Aborting. There is either an error in your model specification or the true solution is unstable (or the true solution can not be represented in the precision of Float64).
└ @ SciMLBase ~/.julia/packages/SciMLBase/DbVzk/src/integrator_interface.jl:623
┌ Warning: Optimization did not converge. RetCode: MaxIters
└ @ ODEParameterEstimation ~/.julia/dev/ODEParameterEstimation/src/core/homotopy_continuation.jl:95
Optimization improved residual by 3.7917338508483542 (from 3.791733850998878 to 1.505234233874964e-10)
Optimization improved residual by 4.183834992826271 (from 4.183834992972188 to 1.4591661718339256e-10)
Optimization improved residual by 2.7637787771132136 (from 2.7637787773733793 to 2.6016566563550675e-10)
Optimization improved residual by 4.6667825066240844 (from 4.666782506749615 to 1.255302805829151e-10)
Optimization improved residual by 3.6912915811895517 (from 3.691291582207931 to 1.0183793581199032e-9)
Optimization improved residual by 7.771177987142782 (from 7.771177987168822 to 2.6040006589141463e-11)
Optimization improved residual by 4.27575229435584 (from 4.2757522945066775 to 1.508377967578872e-10)
Optimization improved residual by 4.267092364264382 (from 4.286365111174135 to 0.019272746909752586)
┌ Warning: At t=4.149296159609834, dt was forced below floating point epsilon 8.881784197001252e-16, and step error estimate = 1.2574105209409663. Aborting. There is either an error in your model specification or the true solution is unstable (or the true solution can not be represented in the precision of Float64).
└ @ SciMLBase ~/.julia/packages/SciMLBase/DbVzk/src/integrator_interface.jl:623
┌ Warning: Optimization did not converge. RetCode: MaxIters
└ @ ODEParameterEstimation ~/.julia/dev/ODEParameterEstimation/src/core/homotopy_continuation.jl:95
┌ Warning: Optimization did not converge. RetCode: MaxIters
└ @ ODEParameterEstimation ~/.julia/dev/ODEParameterEstimation/src/core/homotopy_continuation.jl:95
Optimization improved residual by 3.651056269089588 (from 3.6510562698709563 to 7.813684653206895e-10)
Optimization improved residual by 5.117647420386508 (from 5.1176474204948486 to 1.0834117729848162e-10)
Optimization improved residual by 2.4915296508765223 (from 2.4915296593200247 to 8.44350241171228e-9)
Optimization improved residual by 4.780964015806465 (from 4.780964015983529 to 1.770642331752162e-10)
Optimization improved residual by 2.846578405851738 (from 2.8465784059711 to 1.193619441828858e-10)
┌ Warning: Optimization did not converge. RetCode: MaxIters
└ @ ODEParameterEstimation ~/.julia/dev/ODEParameterEstimation/src/core/homotopy_continuation.jl:95
Optimization improved residual by 3.8883027258903473 (from 3.8883027259234977 to 3.315051919500954e-11)
Optimization improved residual by 3.944980647177143 (from 3.944980648449113 to 1.2719696029504322e-9)
Optimization improved residual by 5.986303499157708 (from 5.9863035050714934 to 5.913784999753104e-9)
Optimization improved residual by 4.488775672264475 (from 4.5080484278235815 to 0.019272755559106458)
┌ Warning: At t=4.149291273111028, dt was forced below floating point epsilon 8.881784197001252e-16, and step error estimate = 1.1088689638396152. Aborting. There is either an error in your model specification or the true solution is unstable (or the true solution can not be represented in the precision of Float64).
└ @ SciMLBase ~/.julia/packages/SciMLBase/DbVzk/src/integrator_interface.jl:623
Optimization improved residual by 3.116412589036871 (from 3.1164125891239336 to 8.706265032426943e-11)
Optimization improved residual by 4.934208291409095 (from 4.93420829207905 to 6.699545362920481e-10)
Optimization improved residual by 3.3818280851895772 (from 3.38182808587961 to 6.900328320879908e-10)

Unidentifiability Analysis from multipoint_parameter_estimation:
All unidentifiable variables: Set{Any}()
Unidentifiable variables substitution dictionary: Dict{Any, Any}()
Trivially solvable variables: Dict{Any, Any}()

=== Model: vanderpol ===

Found 6 distinct solution clusters:

Cluster 1: 1 similar solutions
Best solution (Error: 3.1e-5):
--------------------------------------------------
Variable     | True Value  | Estimated   | Rel. Error
-----------------------------------------------------
x1(t)        |   2.000000 |   1.997155 |   0.001423
x2(t)        |   0.000000 |   0.007742 |   0.007742
a            |   1.000000 |   0.999998 |   0.000002
b            |   1.000000 |   0.999975 |   0.000025


Cluster 2: 1 similar solutions
Best solution (Error: 2.1e-5):
--------------------------------------------------
Variable     | True Value  | Estimated   | Rel. Error
-----------------------------------------------------
x1(t)        |   2.000000 |   1.998106 |   0.000947
x2(t)        |   0.000000 |   0.005160 |   0.005160
a            |   1.000000 |   0.999999 |   0.000001
b            |   1.000000 |   0.999982 |   0.000018


Cluster 3: 2 similar solutions
Best solution (Error: 0.0):
--------------------------------------------------
Variable     | True Value  | Estimated   | Rel. Error
-----------------------------------------------------
x1(t)        |   2.000000 |   2.000015 |   0.000008
x2(t)        |   0.000000 |  -0.000041 |   0.000041
a            |   1.000000 |   1.000000 |   0.000000
b            |   1.000000 |   1.000000 |   0.000000


Cluster 4: 4 similar solutions
Best solution (Error: 0.0):
--------------------------------------------------
Variable     | True Value  | Estimated   | Rel. Error
-----------------------------------------------------
x1(t)        |   2.000000 |   2.000003 |   0.000002
x2(t)        |   0.000000 |  -0.000011 |   0.000011
a            |   1.000000 |   1.000000 |   0.000000
b            |   1.000000 |   1.000001 |   0.000001


Cluster 5: 2 similar solutions
Best solution (Error: 0.0):
--------------------------------------------------
Variable     | True Value  | Estimated   | Rel. Error
-----------------------------------------------------
x1(t)        |   2.000000 |   1.999995 |   0.000002
x2(t)        |   0.000000 |   0.000012 |   0.000012
a            |   1.000000 |   1.000000 |   0.000000
b            |   1.000000 |   1.000000 |   0.000000


Cluster 6: 13 similar solutions
Best solution (Error: 0.0):
--------------------------------------------------
Variable     | True Value  | Estimated   | Rel. Error
-----------------------------------------------------
x1(t)        |   2.000000 |   2.000000 |   0.000000
x2(t)        |   0.000000 |   0.000000 |   0.000000
a            |   1.000000 |   1.000000 |   0.000000
b            |   1.000000 |   1.000000 |   0.000000


Best approximation error for vanderpol: 0.0

Best maximum relative error for vanderpol (excluding ALL unidentifiable parameters): 0.0
Best minimum relative error: 0.0
Best mean relative error: 0.0
Best median relative error: 0.0
Best maximum relative error: 0.0
Best RMS relative error: 0.0
SUCCESS
