Starting model: brusselator
primes of bitsize 28
G-Q-Pt-FG-LT-LP(C)
Dimension of the quotient :1
Degree of the radical :1
Use last variable as separating element
Separating form: [0, 0, 0, 0, 0, 0, 1]
Run Groebner learn
Maybe a problem with Groebner learn
Test cyclic optimization
Apply cyclic optimization 
Multi-modular computation (1 threads): G-Q-Pt-FG-LT-LP(C)
5-9-13-17-
check-G-Q-Pt-FG-LT-LP(C)
Nb Primes used :17
primes of bitsize 28
G-Q-Pt-FG-LT-LP(C)
Dimension of the quotient :1
Degree of the radical :1
Use last variable as separating element
Separating form: [0, 0, 0, 0, 0, 0, 1]
Run Groebner learn
Maybe a problem with Groebner learn
Test cyclic optimization
Apply cyclic optimization 
Multi-modular computation (1 threads): G-Q-Pt-FG-LT-LP(C)
5-9-13-17-
check-G-Q-Pt-FG-LT-LP(C)
Nb Primes used :17
primes of bitsize 28
G-Q-Pt-FG-LT-LP(C)
Dimension of the quotient :1
Degree of the radical :1
Use last variable as separating element
Separating form: [0, 0, 0, 0, 0, 0, 1]
Run Groebner learn
Maybe a problem with Groebner learn
Test cyclic optimization
Apply cyclic optimization 
Multi-modular computation (1 threads): G-Q-Pt-FG-LT-LP(C)
5-9-13-17-
check-G-Q-Pt-FG-LT-LP(C)
Nb Primes used :17
primes of bitsize 28
G-Q-Pt-FG-LT-LP(C)
Dimension of the quotient :1
Degree of the radical :1
Use last variable as separating element
Separating form: [0, 0, 0, 0, 0, 0, 1]
Run Groebner learn
Maybe a problem with Groebner learn
Test cyclic optimization
Apply cyclic optimization 
Multi-modular computation (1 threads): G-Q-Pt-FG-LT-LP(C)
5-9-13-17-
check-G-Q-Pt-FG-LT-LP(C)
Nb Primes used :17
┌ Warning: At t=1.5347191458987821, dt was forced below floating point epsilon -1.8714356985817954e-16, and step error estimate = 2.325635674663051. Aborting. There is either an error in your model specification or the true solution is unstable (or the true solution can not be represented in the precision of Float64).
└ @ SciMLBase ~/.julia/packages/SciMLBase/DbVzk/src/integrator_interface.jl:623
primes of bitsize 28
G-Q-Pt-FG-LT-LP(C)
Dimension of the quotient :1
Degree of the radical :1
Use last variable as separating element
Separating form: [0, 0, 0, 0, 0, 0, 1]
Run Groebner learn
Maybe a problem with Groebner learn
Test cyclic optimization
Apply cyclic optimization 
Multi-modular computation (1 threads): G-Q-Pt-FG-LT-LP(C)
5-9-13-17-
check-G-Q-Pt-FG-LT-LP(C)
Nb Primes used :17
┌ Warning: At t=2.2989590415411434, dt was forced below floating point epsilon -3.883900149685863e-16, and step error estimate = 1.4454570907776207. Aborting. There is either an error in your model specification or the true solution is unstable (or the true solution can not be represented in the precision of Float64).
└ @ SciMLBase ~/.julia/packages/SciMLBase/DbVzk/src/integrator_interface.jl:623
primes of bitsize 28
G-Q-Pt-FG-LT-LP(C)
Dimension of the quotient :1
Degree of the radical :1
Use last variable as separating element
Separating form: [0, 0, 0, 0, 0, 0, 1]
Run Groebner learn
Maybe a problem with Groebner learn
Test cyclic optimization
Apply cyclic optimization 
Multi-modular computation (1 threads): G-Q-Pt-FG-LT-LP(C)
5-9-13-17-
check-G-Q-Pt-FG-LT-LP(C)
Nb Primes used :17
primes of bitsize 28
G-Q-Pt-FG-LT-LP(C)
Dimension of the quotient :1
Degree of the radical :1
Use last variable as separating element
Separating form: [0, 0, 0, 0, 0, 0, 1]
Run Groebner learn
Maybe a problem with Groebner learn
Test cyclic optimization
Apply cyclic optimization 
Multi-modular computation (1 threads): G-Q-Pt-FG-LT-LP(C)
5-9-13-17-
check-G-Q-Pt-FG-LT-LP(C)
Nb Primes used :17
┌ Warning: At t=7.214202784822415, dt was forced below floating point epsilon -7.845176408218116e-16, and step error estimate = 1.2725892937246754. Aborting. There is either an error in your model specification or the true solution is unstable (or the true solution can not be represented in the precision of Float64).
└ @ SciMLBase ~/.julia/packages/SciMLBase/DbVzk/src/integrator_interface.jl:623
primes of bitsize 28
G-Q-Pt-FG-LT-LP(C)
Dimension of the quotient :1
Degree of the radical :1
Use last variable as separating element
Separating form: [0, 0, 0, 0, 0, 0, 1]
Run Groebner learn
Maybe a problem with Groebner learn
Test cyclic optimization
Apply cyclic optimization 
Multi-modular computation (1 threads): G-Q-Pt-FG-LT-LP(C)
5-9-13-17-
check-G-Q-Pt-FG-LT-LP(C)
Nb Primes used :17
primes of bitsize 28
G-Q-Pt-FG-LT-LP(C)
Dimension of the quotient :1
Degree of the radical :1
Use last variable as separating element
Separating form: [0, 0, 0, 0, 0, 0, 1]
Run Groebner learn
Maybe a problem with Groebner learn
Test cyclic optimization
Apply cyclic optimization 
Multi-modular computation (1 threads): G-Q-Pt-FG-LT-LP(C)
5-9-13-17-
check-G-Q-Pt-FG-LT-LP(C)
Nb Primes used :17
primes of bitsize 28
G-Q-Pt-FG-LT-LP(C)
Dimension of the quotient :1
Degree of the radical :1
Use last variable as separating element
Separating form: [0, 0, 0, 0, 0, 0, 1]
Run Groebner learn
Maybe a problem with Groebner learn
Test cyclic optimization
Apply cyclic optimization 
Multi-modular computation (1 threads): G-Q-Pt-FG-LT-LP(C)
5-9-13-17-
check-G-Q-Pt-FG-LT-LP(C)
Nb Primes used :17
primes of bitsize 28
G-Q-Pt-FG-LT-LP(C)
Dimension of the quotient :1
Degree of the radical :1
Use last variable as separating element
Separating form: [0, 0, 0, 0, 0, 0, 1]
Run Groebner learn
Maybe a problem with Groebner learn
Test cyclic optimization
Apply cyclic optimization 
Multi-modular computation (1 threads): G-Q-Pt-FG-LT-LP(C)
5-9-13-17-
check-G-Q-Pt-FG-LT-LP(C)
Nb Primes used :17
primes of bitsize 28
G-Q-Pt-FG-LT-LP(C)
Dimension of the quotient :1
Degree of the radical :1
Use last variable as separating element
Separating form: [0, 0, 0, 0, 0, 0, 1]
Run Groebner learn
Maybe a problem with Groebner learn
Test cyclic optimization
Apply cyclic optimization 
Multi-modular computation (1 threads): G-Q-Pt-FG-LT-LP(C)
5-9-13-17-
check-G-Q-Pt-FG-LT-LP(C)
Nb Primes used :17
primes of bitsize 28
G-Q-Pt-FG-LT-LP(C)
Dimension of the quotient :1
Degree of the radical :1
Use last variable as separating element
Separating form: [0, 0, 0, 0, 0, 0, 1]
Run Groebner learn
Maybe a problem with Groebner learn
Test cyclic optimization
Apply cyclic optimization 
Multi-modular computation (1 threads): G-Q-Pt-FG-LT-LP(C)
5-9-13-17-
check-G-Q-Pt-FG-LT-LP(C)
Nb Primes used :17
primes of bitsize 28
G-Q-Pt-FG-LT-LP(C)
Dimension of the quotient :1
Degree of the radical :1
Use last variable as separating element
Separating form: [0, 0, 0, 0, 0, 0, 1]
Run Groebner learn
Maybe a problem with Groebner learn
Test cyclic optimization
Apply cyclic optimization 
Multi-modular computation (1 threads): G-Q-Pt-FG-LT-LP(C)
5-9-13-17-
check-G-Q-Pt-FG-LT-LP(C)
Nb Primes used :17
primes of bitsize 28
G-Q-Pt-FG-LT-LP(C)
Dimension of the quotient :1
Degree of the radical :1
Use last variable as separating element
Separating form: [0, 0, 0, 0, 0, 0, 1]
Run Groebner learn
Maybe a problem with Groebner learn
Test cyclic optimization
Apply cyclic optimization 
Multi-modular computation (1 threads): G-Q-Pt-FG-LT-LP(C)
5-9-13-17-
check-G-Q-Pt-FG-LT-LP(C)
Nb Primes used :17
primes of bitsize 28
G-Q-Pt-FG-LT-LP(C)
Dimension of the quotient :1
Degree of the radical :1
Use last variable as separating element
Separating form: [0, 0, 0, 0, 0, 0, 1]
Run Groebner learn
Maybe a problem with Groebner learn
Test cyclic optimization
Apply cyclic optimization 
Multi-modular computation (1 threads): G-Q-Pt-FG-LT-LP(C)
5-9-13-17-
check-G-Q-Pt-FG-LT-LP(C)
Nb Primes used :17
primes of bitsize 28
G-Q-Pt-FG-LT-LP(C)
Dimension of the quotient :1
Degree of the radical :1
Use last variable as separating element
Separating form: [0, 0, 0, 0, 0, 0, 1]
Run Groebner learn
Maybe a problem with Groebner learn
Test cyclic optimization
Apply cyclic optimization 
Multi-modular computation (1 threads): G-Q-Pt-FG-LT-LP(C)
5-9-13-17-
check-G-Q-Pt-FG-LT-LP(C)
Nb Primes used :17
primes of bitsize 28
G-Q-Pt-FG-LT-LP(C)
Dimension of the quotient :1
Degree of the radical :1
Use last variable as separating element
Separating form: [0, 0, 0, 0, 0, 0, 1]
Run Groebner learn
Maybe a problem with Groebner learn
Test cyclic optimization
Apply cyclic optimization 
Multi-modular computation (1 threads): G-Q-Pt-FG-LT-LP(C)
5-9-13-17-
check-G-Q-Pt-FG-LT-LP(C)
Nb Primes used :17
┌ Warning: At t=2.7256858173962213, dt was forced below floating point epsilon -3.9802519723009376e-16, and step error estimate = 1.0547995072378347. Aborting. There is either an error in your model specification or the true solution is unstable (or the true solution can not be represented in the precision of Float64).
└ @ SciMLBase ~/.julia/packages/SciMLBase/DbVzk/src/integrator_interface.jl:623
primes of bitsize 28
G-Q-Pt-FG-LT-LP(C)
Dimension of the quotient :1
Degree of the radical :1
Use last variable as separating element
Separating form: [0, 0, 0, 0, 0, 0, 0, 1]
Run Groebner learn
Test cyclic optimization
Apply cyclic optimization 
Multi-modular computation (1 threads): G-Q-Pt-FG-LT-LP(C)
5-9-13-17-
check-G-Q-Pt-FG-LT-LP(C)
Nb Primes used :17
primes of bitsize 28
G-Q-Pt-FG-LT-LP(C)
Dimension of the quotient :1
Degree of the radical :1
Use last variable as separating element
Separating form: [0, 0, 0, 0, 0, 0, 0, 1]
Run Groebner learn
Test cyclic optimization
Apply cyclic optimization 
Multi-modular computation (1 threads): G-Q-Pt-FG-LT-LP(C)
5-9-13-17-
check-G-Q-Pt-FG-LT-LP(C)
Nb Primes used :17
primes of bitsize 28
G-Q-Pt-FG-LT-LP(C)
Dimension of the quotient :1
Degree of the radical :1
Use last variable as separating element
Separating form: [0, 0, 0, 0, 0, 0, 0, 1]
Run Groebner learn
Test cyclic optimization
Apply cyclic optimization 
Multi-modular computation (1 threads): G-Q-Pt-FG-LT-LP(C)
5-9-13-17-
check-G-Q-Pt-FG-LT-LP(C)
Nb Primes used :17
primes of bitsize 28
G-Q-Pt-FG-LT-LP(C)
Dimension of the quotient :1
Degree of the radical :1
Use last variable as separating element
Separating form: [0, 0, 0, 0, 0, 0, 0, 1]
Run Groebner learn
Test cyclic optimization
Apply cyclic optimization 
Multi-modular computation (1 threads): G-Q-Pt-FG-LT-LP(C)
5-9-13-17-
check-G-Q-Pt-FG-LT-LP(C)
Nb Primes used :17
┌ Warning: At t=0.2789001524446476, dt was forced below floating point epsilon -4.714469364954038e-17, and step error estimate = 2.107995378588065. Aborting. There is either an error in your model specification or the true solution is unstable (or the true solution can not be represented in the precision of Float64).
└ @ SciMLBase ~/.julia/packages/SciMLBase/DbVzk/src/integrator_interface.jl:623
primes of bitsize 28
G-Q-Pt-FG-LT-LP(C)
Dimension of the quotient :1
Degree of the radical :1
Use last variable as separating element
Separating form: [0, 0, 0, 0, 0, 0, 0, 1]
Run Groebner learn
Test cyclic optimization
Apply cyclic optimization 
Multi-modular computation (1 threads): G-Q-Pt-FG-LT-LP(C)
5-9-13-17-
check-G-Q-Pt-FG-LT-LP(C)
Nb Primes used :17
┌ Warning: At t=0.4973219746466373, dt was forced below floating point epsilon -4.800854547971187e-17, and step error estimate = 1.6691631028979712. Aborting. There is either an error in your model specification or the true solution is unstable (or the true solution can not be represented in the precision of Float64).
└ @ SciMLBase ~/.julia/packages/SciMLBase/DbVzk/src/integrator_interface.jl:623
primes of bitsize 28
G-Q-Pt-FG-LT-LP(C)
Dimension of the quotient :1
Degree of the radical :1
Use last variable as separating element
Separating form: [0, 0, 0, 0, 0, 0, 0, 1]
Run Groebner learn
Test cyclic optimization
Apply cyclic optimization 
Multi-modular computation (1 threads): G-Q-Pt-FG-LT-LP(C)
5-9-13-17-
check-G-Q-Pt-FG-LT-LP(C)
Nb Primes used :17
┌ Warning: At t=7.0860080931014995, dt was forced below floating point epsilon -7.849174773900449e-16, and step error estimate = 1.2642771220622957. Aborting. There is either an error in your model specification or the true solution is unstable (or the true solution can not be represented in the precision of Float64).
└ @ SciMLBase ~/.julia/packages/SciMLBase/DbVzk/src/integrator_interface.jl:623
primes of bitsize 28
G-Q-Pt-FG-LT-LP(C)
Dimension of the quotient :1
Degree of the radical :1
Use last variable as separating element
Separating form: [0, 0, 0, 0, 0, 0, 0, 1]
Run Groebner learn
Test cyclic optimization
Apply cyclic optimization 
Multi-modular computation (1 threads): G-Q-Pt-FG-LT-LP(C)
5-9-13-17-
check-G-Q-Pt-FG-LT-LP(C)
Nb Primes used :17
primes of bitsize 28
G-Q-Pt-FG-LT-LP(C)
Dimension of the quotient :1
Degree of the radical :1
Use last variable as separating element
Separating form: [0, 0, 0, 0, 0, 0, 0, 1]
Run Groebner learn
Test cyclic optimization
Apply cyclic optimization 
Multi-modular computation (1 threads): G-Q-Pt-FG-LT-LP(C)
5-9-13-17-
check-G-Q-Pt-FG-LT-LP(C)
Nb Primes used :17
primes of bitsize 28
G-Q-┌ Warning: System is not zero-dimensional, adding a random linear equation.
└ @ ODEParameterEstimation ~/.julia/dev/ODEParameterEstimation/src/core/homotopy_continuation.jl:386
primes of bitsize 28
G-Q-Pt-FG-LT-LP(C)
Dimension of the quotient :1
Degree of the radical :1
Use last variable as separating element
Separating form: [0, 0, 0, 0, 1]
Run Groebner learn
Test cyclic optimization
Apply cyclic optimization 
Multi-modular computation (1 threads): G-Q-Pt-FG-LT-LP(C)
5-9-13-17-
check-G-Q-Pt-FG-LT-LP(C)
Nb Primes used :17
┌ Warning: At t=9.17018717070047, dt was forced below floating point epsilon 1.7763568394002505e-15, and step error estimate = 1.6319135857853424. Aborting. There is either an error in your model specification or the true solution is unstable (or the true solution can not be represented in the precision of Float64).
└ @ SciMLBase ~/.julia/packages/SciMLBase/DbVzk/src/integrator_interface.jl:623

Unidentifiability Analysis from multipoint_parameter_estimation:
All unidentifiable variables: Set{Any}()
Unidentifiable variables substitution dictionary: Dict{Any, Any}()
Trivially solvable variables: Dict{Any, Any}()

=== Model: brusselator ===

Found 14 distinct solution clusters:

Cluster 1: 1 similar solutions
Best solution (Error: 0.027028):
--------------------------------------------------
Variable     | True Value  | Estimated   | Rel. Error
-----------------------------------------------------
X(t)         |   1.000000 |   1.000108 |   0.000108
Y(t)         |   1.000000 |   2.996004 |   1.996004
a            |   1.000000 |   1.043043 |   0.043043
b            |   3.000000 |   3.125121 |   0.041707


Cluster 2: 1 similar solutions
Best solution (Error: 0.018092):
--------------------------------------------------
Variable     | True Value  | Estimated   | Rel. Error
-----------------------------------------------------
X(t)         |   1.000000 |   1.009367 |   0.009367
Y(t)         |   1.000000 |   2.987333 |   1.987333
a            |   1.000000 |   1.000354 |   0.000354
b            |   3.000000 |   3.000497 |   0.000166


Cluster 3: 1 similar solutions
Best solution (Error: 0.017172):
--------------------------------------------------
Variable     | True Value  | Estimated   | Rel. Error
-----------------------------------------------------
X(t)         |   1.000000 |   1.012746 |   0.012746
Y(t)         |   1.000000 |   2.983239 |   1.983239
a            |   1.000000 |   1.000525 |   0.000525
b            |   3.000000 |   3.000982 |   0.000327


Cluster 4: 1 similar solutions
Best solution (Error: 0.015296):
--------------------------------------------------
Variable     | True Value  | Estimated   | Rel. Error
-----------------------------------------------------
X(t)         |   1.000000 |   1.021672 |   0.021672
Y(t)         |   1.000000 |   2.972803 |   1.972803
a            |   1.000000 |   1.000057 |   0.000057
b            |   3.000000 |   3.000080 |   0.000027


Cluster 5: 1 similar solutions
Best solution (Error: 0.015282):
--------------------------------------------------
Variable     | True Value  | Estimated   | Rel. Error
-----------------------------------------------------
X(t)         |   1.000000 |   1.021262 |   0.021262
Y(t)         |   1.000000 |   2.975705 |   1.975705
a            |   1.000000 |   1.002231 |   0.002231
b            |   3.000000 |   3.009205 |   0.003068


Cluster 6: 1 similar solutions
Best solution (Error: 0.008052):
--------------------------------------------------
Variable     | True Value  | Estimated   | Rel. Error
-----------------------------------------------------
X(t)         |   1.000000 |   4.608753 |   3.608753
Y(t)         |   1.000000 |  -0.615805 |   1.615805
a            |   1.000000 |   1.001009 |   0.001009
b            |   3.000000 |   3.006544 |   0.002181


Cluster 7: 1 similar solutions
Best solution (Error: 0.001639):
--------------------------------------------------
Variable     | True Value  | Estimated   | Rel. Error
-----------------------------------------------------
X(t)         |   1.000000 |   1.659757 |   0.659757
Y(t)         |   1.000000 |   0.611668 |   0.388332
a            |   1.000000 |   1.000090 |   0.000090
b            |   3.000000 |   3.000322 |   0.000107


Cluster 8: 1 similar solutions
Best solution (Error: 8.9e-5):
--------------------------------------------------
Variable     | True Value  | Estimated   | Rel. Error
-----------------------------------------------------
X(t)         |   1.000000 |   1.035520 |   0.035520
Y(t)         |   1.000000 |   0.978686 |   0.021314
a            |   1.000000 |   1.000000 |   0.000000
b            |   3.000000 |   3.000000 |   0.000000


Cluster 9: 1 similar solutions
Best solution (Error: 6.5e-5):
--------------------------------------------------
Variable     | True Value  | Estimated   | Rel. Error
-----------------------------------------------------
X(t)         |   1.000000 |   0.974222 |   0.025778
Y(t)         |   1.000000 |   1.015523 |   0.015523
a            |   1.000000 |   1.000000 |   0.000000
b            |   3.000000 |   3.000000 |   0.000000


Cluster 10: 1 similar solutions
Best solution (Error: 5.4e-5):
--------------------------------------------------
Variable     | True Value  | Estimated   | Rel. Error
-----------------------------------------------------
X(t)         |   1.000000 |   0.978874 |   0.021126
Y(t)         |   1.000000 |   1.012736 |   0.012736
a            |   1.000000 |   0.999962 |   0.000038
b            |   3.000000 |   2.999932 |   0.000023


Cluster 11: 1 similar solutions
Best solution (Error: 4.8e-5):
--------------------------------------------------
Variable     | True Value  | Estimated   | Rel. Error
-----------------------------------------------------
X(t)         |   1.000000 |   0.999557 |   0.000443
Y(t)         |   1.000000 |   1.000274 |   0.000274
a            |   1.000000 |   0.999852 |   0.000148
b            |   3.000000 |   2.999859 |   0.000047


Cluster 12: 2 similar solutions
Best solution (Error: 1.0e-6):
--------------------------------------------------
Variable     | True Value  | Estimated   | Rel. Error
-----------------------------------------------------
X(t)         |   1.000000 |   0.999794 |   0.000206
Y(t)         |   1.000000 |   1.000124 |   0.000124
a            |   1.000000 |   1.000000 |   0.000000
b            |   3.000000 |   3.000000 |   0.000000


Cluster 13: 1 similar solutions
Best solution (Error: 1.0e-6):
--------------------------------------------------
Variable     | True Value  | Estimated   | Rel. Error
-----------------------------------------------------
X(t)         |   1.000000 |   1.000035 |   0.000035
Y(t)         |   1.000000 |   0.999979 |   0.000021
a            |   1.000000 |   1.000002 |   0.000002
b            |   3.000000 |   3.000003 |   0.000001


Cluster 14: 5 similar solutions
Best solution (Error: 0.0):
--------------------------------------------------
Variable     | True Value  | Estimated   | Rel. Error
-----------------------------------------------------
X(t)         |   1.000000 |   1.000000 |   0.000000
Y(t)         |   1.000000 |   1.000000 |   0.000000
a            |   1.000000 |   1.000000 |   0.000000
b            |   3.000000 |   3.000000 |   0.000000


Best approximation error for brusselator: 0.0

Best maximum relative error for brusselator (excluding ALL unidentifiable parameters): 0.0
Best minimum relative error: 0.0
Best mean relative error: 0.0
Best median relative error: 0.0
Best maximum relative error: 0.0
Best RMS relative error: 0.0
SUCCESS
