Starting model: lotka_volterra
primes of bitsize 28
G-Q-Pt-FG-LT-LP(C)
Dimension of the quotient :2
Degree of the radical :2
Use last variable as separating element
Separating form: [0, 0, 0, 0, 0, 0, 0, 0, 0, 0, 0, 1]
Run Groebner learn
Test cyclic optimization
Apply cyclic optimization 
Multi-modular computation (1 threads): G-Q-Pt-FG-LT-LP(C)
5-9-13-17-21-25-29-33-37-41-45-49-53-61-69-
check-G-Q-Pt-FG-LT-LP(C)
Nb Primes used :69
┌ Warning: At t=0.3227960674975145, dt was forced below floating point epsilon 5.551115123125783e-17, and step error estimate = 1.2705006761882398. Aborting. There is either an error in your model specification or the true solution is unstable (or the true solution can not be represented in the precision of Float64).
└ @ SciMLBase ~/.julia/packages/SciMLBase/DbVzk/src/integrator_interface.jl:623
primes of bitsize 28
G-Q-Pt-FG-LT-LP(C)
Dimension of the quotient :2
Degree of the radical :2
Use last variable as separating element
Separating form: [0, 0, 0, 0, 0, 0, 0, 0, 0, 0, 0, 1]
Run Groebner learn
Test cyclic optimization
Apply cyclic optimization 
Multi-modular computation (1 threads): G-Q-Pt-FG-LT-LP(C)
5-9-13-17-21-25-29-33-37-41-45-49-53-61-
check-G-Q-Pt-FG-LT-LP(C)
Nb Primes used :61
┌ Warning: At t=0.2785564889699092, dt was forced below floating point epsilon 5.551115123125783e-17, and step error estimate = 1.2368083864591874. Aborting. There is either an error in your model specification or the true solution is unstable (or the true solution can not be represented in the precision of Float64).
└ @ SciMLBase ~/.julia/packages/SciMLBase/DbVzk/src/integrator_interface.jl:623
primes of bitsize 28
G-Q-Pt-FG-LT-LP(C)
Dimension of the quotient :2
Degree of the radical :2
Use last variable as separating element
Separating form: [0, 0, 0, 0, 0, 0, 0, 0, 0, 0, 0, 1]
Run Groebner learn
Test cyclic optimization
Apply cyclic optimization 
Multi-modular computation (1 threads): G-Q-Pt-FG-LT-LP(C)
5-9-13-17-21-25-29-33-37-41-45-49-53-61-69-
check-G-Q-Pt-FG-LT-LP(C)
Nb Primes used :69
┌ Warning: At t=5.211823829450016, dt was forced below floating point epsilon -7.771975082510902e-16, and step error estimate = 1.4355226481694576. Aborting. There is either an error in your model specification or the true solution is unstable (or the true solution can not be represented in the precision of Float64).
└ @ SciMLBase ~/.julia/packages/SciMLBase/DbVzk/src/integrator_interface.jl:623
primes of bitsize 28
G-Q-Pt-FG-LT-LP(C)
Dimension of the quotient :2
Degree of the radical :2
Use last variable as separating element
Separating form: [0, 0, 0, 0, 0, 0, 0, 0, 0, 0, 0, 1]
Run Groebner learn
Test cyclic optimization
Apply cyclic optimization 
Multi-modular computation (1 threads): G-Q-Pt-FG-LT-LP(C)
5-9-13-17-21-25-29-33-37-41-45-49-53-61-69-
check-G-Q-Pt-FG-LT-LP(C)
Nb Primes used :69
┌ Warning: At t=3.2989157719582645, dt was forced below floating point epsilon -3.879472160538183e-16, and step error estimate = 1.466767180668791. Aborting. There is either an error in your model specification or the true solution is unstable (or the true solution can not be represented in the precision of Float64).
└ @ SciMLBase ~/.julia/packages/SciMLBase/DbVzk/src/integrator_interface.jl:623
primes of bitsize 28
G-Q-Pt-FG-LT-LP(C)
Dimension of the quotient :2
Degree of the radical :2
Use last variable as separating element
Separating form: [0, 0, 0, 0, 0, 0, 0, 0, 0, 0, 0, 1]
Run Groebner learn
Test cyclic optimization
Apply cyclic optimization 
Multi-modular computation (1 threads): G-Q-Pt-FG-LT-LP(C)
5-9-13-17-21-25-29-33-37-41-45-49-53-61-69-
check-G-Q-Pt-FG-LT-LP(C)
Nb Primes used :69
primes of bitsize 28
G-Q-Pt-FG-LT-LP(C)
Dimension of the quotient :2
Degree of the radical :2
Use last variable as separating element
Separating form: [0, 0, 0, 0, 0, 0, 0, 0, 0, 0, 0, 1]
Run Groebner learn
Test cyclic optimization
Apply cyclic optimization 
Multi-modular computation (1 threads): G-Q-Pt-FG-LT-LP(C)
5-9-13-17-21-25-29-33-37-41-45-49-53-61-69-
check-G-Q-Pt-FG-LT-LP(C)
Nb Primes used :69
primes of bitsize 28
G-Q-Pt-FG-LT-LP(C)
Dimension of the quotient :2
Degree of the radical :2
Use last variable as separating element
Separating form: [0, 0, 0, 0, 0, 0, 0, 0, 0, 0, 0, 1]
Run Groebner learn
Test cyclic optimization
Apply cyclic optimization 
Multi-modular computation (1 threads): G-Q-Pt-FG-LT-LP(C)
5-9-13-17-21-25-29-33-37-41-45-49-53-61-69-
check-G-Q-Pt-FG-LT-LP(C)
Nb Primes used :69
primes of bitsize 28
G-Q-Pt-FG-LT-LP(C)
Dimension of the quotient :2
Degree of the radical :2
Use last variable as separating element
Separating form: [0, 0, 0, 0, 0, 0, 0, 0, 0, 0, 0, 1]
Run Groebner learn
Test cyclic optimization
Apply cyclic optimization 
Multi-modular computation (1 threads): G-Q-Pt-FG-LT-LP(C)
5-9-13-17-21-25-29-33-37-41-45-49-53-61-69-
check-G-Q-Pt-FG-LT-LP(C)
Nb Primes used :69
primes of bitsize 28
G-Q-Pt-FG-LT-LP(C)
Dimension of the quotient :2
Degree of the radical :2
Use last variable as separating element
Separating form: [0, 0, 0, 0, 0, 0, 0, 0, 0, 0, 0, 1]
Run Groebner learn
Test cyclic optimization
Apply cyclic optimization 
Multi-modular computation (1 threads): G-Q-Pt-FG-LT-LP(C)
5-9-13-17-21-25-29-33-37-41-45-49-53-61-69-77-
check-G-Q-Pt-FG-LT-LP(C)
Nb Primes used :77
┌ Warning: At t=17.30848249175024, dt was forced below floating point epsilon -3.1932169724144914e-15, and step error estimate = 1.0171448771011977. Aborting. There is either an error in your model specification or the true solution is unstable (or the true solution can not be represented in the precision of Float64).
└ @ SciMLBase ~/.julia/packages/SciMLBase/DbVzk/src/integrator_interface.jl:623
┌ Warning: At t=0.4052010119993422, dt was forced below floating point epsilon 5.551115123125783e-17, and step error estimate = 1.4863074640943126. Aborting. There is either an error in your model specification or the true solution is unstable (or the true solution can not be represented in the precision of Float64).
└ @ SciMLBase ~/.julia/packages/SciMLBase/DbVzk/src/integrator_interface.jl:623
primes of bitsize 28
G-Q-Pt-FG-LT-LP(C)
Dimension of the quotient :2
Degree of the radical :2
Use last variable as separating element
Separating form: [0, 0, 0, 0, 0, 0, 0, 0, 0, 0, 0, 1]
Run Groebner learn
Test cyclic optimization
Apply cyclic optimization 
Multi-modular computation (1 threads): G-Q-Pt-FG-LT-LP(C)
5-9-13-17-21-25-29-33-37-41-45-49-53-61-
check-G-Q-Pt-FG-LT-LP(C)
Nb Primes used :61
┌ Warning: At t=0.32152494358595746, dt was forced below floating point epsilon 5.551115123125783e-17, and step error estimate = 1.113603503052344. Aborting. There is either an error in your model specification or the true solution is unstable (or the true solution can not be represented in the precision of Float64).
└ @ SciMLBase ~/.julia/packages/SciMLBase/DbVzk/src/integrator_interface.jl:623
primes of bitsize 28
G-Q-Pt-FG-LT-LP(C)
Dimension of the quotient :2
Degree of the radical :2
Use last variable as separating element
Separating form: [0, 0, 0, 0, 0, 0, 0, 0, 0, 0, 0, 1]
Run Groebner learn
Test cyclic optimization
Apply cyclic optimization 
Multi-modular computation (1 threads): G-Q-Pt-FG-LT-LP(C)
5-9-13-17-21-25-29-33-37-41-45-49-53-61-
check-G-Q-Pt-FG-LT-LP(C)
Nb Primes used :61
┌ Warning: At t=0.2596437248746938, dt was forced below floating point epsilon 5.551115123125783e-17, and step error estimate = 1.675274891400346. Aborting. There is either an error in your model specification or the true solution is unstable (or the true solution can not be represented in the precision of Float64).
└ @ SciMLBase ~/.julia/packages/SciMLBase/DbVzk/src/integrator_interface.jl:623
primes of bitsize 28
G-Q-Pt-FG-LT-LP(C)
Dimension of the quotient :2
Degree of the radical :2
Use last variable as separating element
Separating form: [0, 0, 0, 0, 0, 0, 0, 0, 0, 0, 0, 1]
Run Groebner learn
Test cyclic optimization
Apply cyclic optimization 
Multi-modular computation (1 threads): G-Q-Pt-FG-LT-LP(C)
5-9-13-17-21-25-29-33-37-41-45-49-53-61-
check-G-Q-Pt-FG-LT-LP(C)
Nb Primes used :61
┌ Warning: At t=5.2133236571623796, dt was forced below floating point epsilon -7.873729703806967e-16, and step error estimate = 1.2144900378827428. Aborting. There is either an error in your model specification or the true solution is unstable (or the true solution can not be represented in the precision of Float64).
└ @ SciMLBase ~/.julia/packages/SciMLBase/DbVzk/src/integrator_interface.jl:623
primes of bitsize 28
G-Q-Pt-FG-LT-LP(C)
Dimension of the quotient :2
Degree of the radical :2
Use last variable as separating element
Separating form: [0, 0, 0, 0, 0, 0, 0, 0, 0, 0, 0, 1]
Run Groebner learn
Test cyclic optimization
Apply cyclic optimization 
Multi-modular computation (1 threads): G-Q-Pt-FG-LT-LP(C)
5-9-13-17-21-25-29-33-37-41-45-49-53-61-
check-G-Q-Pt-FG-LT-LP(C)
Nb Primes used :61
┌ Warning: At t=3.295230475565866, dt was forced below floating point epsilon -3.8557588975306237e-16, and step error estimate = 1.5871243951024478. Aborting. There is either an error in your model specification or the true solution is unstable (or the true solution can not be represented in the precision of Float64).
└ @ SciMLBase ~/.julia/packages/SciMLBase/DbVzk/src/integrator_interface.jl:623
primes of bitsize 28
G-Q-Pt-FG-LT-LP(C)
Dimension of the quotient :2
Degree of the radical :2
Use last variable as separating element
Separating form: [0, 0, 0, 0, 0, 0, 0, 0, 0, 0, 0, 1]
Run Groebner learn
Test cyclic optimization
Apply cyclic optimization 
Multi-modular computation (1 threads): G-Q-Pt-FG-LT-LP(C)
5-9-13-17-21-25-29-33-37-41-45-49-53-61-
check-G-Q-Pt-FG-LT-LP(C)
Nb Primes used :61
primes of bitsize 28
G-Q-Pt-FG-LT-LP(C)
Dimension of the quotient :2
Degree of the radical :2
Use last variable as separating element
Separating form: [0, 0, 0, 0, 0, 0, 0, 0, 0, 0, 0, 1]
Run Groebner learn
Test cyclic optimization
Apply cyclic optimization 
Multi-modular computation (1 threads): G-Q-Pt-FG-LT-LP(C)
5-9-13-17-21-25-29-33-37-41-45-49-53-61-
check-G-Q-Pt-FG-LT-LP(C)
Nb Primes used :61
primes of bitsize 28
G-Q-Pt-FG-LT-LP(C)
Dimension of the quotient :2
Degree of the radical :2
Use last variable as separating element
Separating form: [0, 0, 0, 0, 0, 0, 0, 0, 0, 0, 0, 1]
Run Groebner learn
Test cyclic optimization
Apply cyclic optimization 
Multi-modular computation (1 threads): G-Q-Pt-FG-LT-LP(C)
5-9-13-17-21-25-29-33-37-41-45-49-53-61-
check-G-Q-Pt-FG-LT-LP(C)
Nb Primes used :61
primes of bitsize 28
G-Q-Pt-FG-LT-LP(C)
Dimension of the quotient :2
Degree of the radical :2
Use last variable as separating element
Separating form: [0, 0, 0, 0, 0, 0, 0, 0, 0, 0, 0, 1]
Run Groebner learn
Test cyclic optimization
Apply cyclic optimization 
Multi-modular computation (1 threads): G-Q-Pt-FG-LT-LP(C)
5-9-13-17-21-25-29-33-37-41-45-49-53-61-
check-G-Q-Pt-FG-LT-LP(C)
Nb Primes used :61
primes of bitsize 28
G-Q-Pt-FG-LT-LP(C)
Dimension of the quotient :2
Degree of the radical :2
Use last variable as separating element
Separating form: [0, 0, 0, 0, 0, 0, 0, 0, 0, 0, 0, 1]
Run Groebner learn
Test cyclic optimization
Apply cyclic optimization 
Multi-modular computation (1 threads): G-Q-Pt-FG-LT-LP(C)
5-9-13-17-21-25-29-33-37-41-45-49-53-61-
check-G-Q-Pt-FG-LT-LP(C)
Nb Primes used :61
┌ Warning: At t=0.40830037118447304, dt was forced below floating point epsilon 5.551115123125783e-17, and step error estimate = 1.7216765148212396. Aborting. There is either an error in your model specification or the true solution is unstable (or the true solution can not be represented in the precision of Float64).
└ @ SciMLBase ~/.julia/packages/SciMLBase/DbVzk/src/integrator_interface.jl:623
primes of bitsize 28
G-Q-┌ Warning: solve_with_rs failed: ErrorException("System has no solutions")
└ @ ODEParameterEstimation ~/.julia/dev/ODEParameterEstimation/src/core/homotopy_continuation.jl:390
primes of bitsize 28
G-Q-┌ Warning: solve_with_rs failed: ErrorException("System has no solutions")
└ @ ODEParameterEstimation ~/.julia/dev/ODEParameterEstimation/src/core/homotopy_continuation.jl:390
primes of bitsize 28
G-Q-┌ Warning: solve_with_rs failed: ErrorException("System has no solutions")
└ @ ODEParameterEstimation ~/.julia/dev/ODEParameterEstimation/src/core/homotopy_continuation.jl:390
primes of bitsize 28
G-Q-┌ Warning: solve_with_rs failed: ErrorException("System has no solutions")
└ @ ODEParameterEstimation ~/.julia/dev/ODEParameterEstimation/src/core/homotopy_continuation.jl:390
primes of bitsize 28
G-Q-┌ Warning: solve_with_rs failed: ErrorException("System has no solutions")
└ @ ODEParameterEstimation ~/.julia/dev/ODEParameterEstimation/src/core/homotopy_continuation.jl:390
primes of bitsize 28
G-Q-┌ Warning: solve_with_rs failed: ErrorException("System has no solutions")
└ @ ODEParameterEstimation ~/.julia/dev/ODEParameterEstimation/src/core/homotopy_continuation.jl:390
primes of bitsize 28
G-Q-┌ Warning: solve_with_rs failed: ErrorException("System has no solutions")
└ @ ODEParameterEstimation ~/.julia/dev/ODEParameterEstimation/src/core/homotopy_continuation.jl:390
primes of bitsize 28
G-Q-┌ Warning: solve_with_rs failed: ErrorException("System has no solutions")
└ @ ODEParameterEstimation ~/.julia/dev/ODEParameterEstimation/src/core/homotopy_continuation.jl:390
primes of bitsize 28
G-Q-┌ Warning: solve_with_rs failed: ErrorException("System has no solutions")
└ @ ODEParameterEstimation ~/.julia/dev/ODEParameterEstimation/src/core/homotopy_continuation.jl:390
primes of bitsize 28
G-Q-┌ Warning: solve_with_rs failed: ErrorException("System has no solutions")
└ @ ODEParameterEstimation ~/.julia/dev/ODEParameterEstimation/src/core/homotopy_continuation.jl:390
┌ Warning: No solutions found after 10 attempts
└ @ ODEParameterEstimation ~/.julia/dev/ODEParameterEstimation/src/core/multipoint_estimation.jl:88
primes of bitsize 28
G-Q-┌ Warning: solve_with_rs failed: ErrorException("System has no solutions")
└ @ ODEParameterEstimation ~/.julia/dev/ODEParameterEstimation/src/core/homotopy_continuation.jl:390
primes of bitsize 28
G-Q-┌ Warning: solve_with_rs failed: ErrorException("System has no solutions")
└ @ ODEParameterEstimation ~/.julia/dev/ODEParameterEstimation/src/core/homotopy_continuation.jl:390
primes of bitsize 28
G-Q-┌ Warning: solve_with_rs failed: ErrorException("System has no solutions")
└ @ ODEParameterEstimation ~/.julia/dev/ODEParameterEstimation/src/core/homotopy_continuation.jl:390
primes of bitsize 28
G-Q-┌ Warning: solve_with_rs failed: ErrorException("System has no solutions")
└ @ ODEParameterEstimation ~/.julia/dev/ODEParameterEstimation/src/core/homotopy_continuation.jl:390
primes of bitsize 28
G-Q-┌ Warning: solve_with_rs failed: ErrorException("System has no solutions")
└ @ ODEParameterEstimation ~/.julia/dev/ODEParameterEstimation/src/core/homotopy_continuation.jl:390
primes of bitsize 28
G-Q-┌ Warning: solve_with_rs failed: ErrorException("System has no solutions")
└ @ ODEParameterEstimation ~/.julia/dev/ODEParameterEstimation/src/core/homotopy_continuation.jl:390
primes of bitsize 28
G-Q-┌ Warning: solve_with_rs failed: ErrorException("System has no solutions")
└ @ ODEParameterEstimation ~/.julia/dev/ODEParameterEstimation/src/core/homotopy_continuation.jl:390
primes of bitsize 28
G-Q-┌ Warning: solve_with_rs failed: ErrorException("System has no solutions")
└ @ ODEParameterEstimation ~/.julia/dev/ODEParameterEstimation/src/core/homotopy_continuation.jl:390
primes of bitsize 28
G-Q-┌ Warning: solve_with_rs failed: ErrorException("System has no solutions")
└ @ ODEParameterEstimation ~/.julia/dev/ODEParameterEstimation/src/core/homotopy_continuation.jl:390
primes of bitsize 28
G-Q-┌ Warning: solve_with_rs failed: ErrorException("System has no solutions")
└ @ ODEParameterEstimation ~/.julia/dev/ODEParameterEstimation/src/core/homotopy_continuation.jl:390
┌ Warning: No solutions found after 10 attempts
└ @ ODEParameterEstimation ~/.julia/dev/ODEParameterEstimation/src/core/multipoint_estimation.jl:88
primes of bitsize 28
G-Q-┌ Warning: solve_with_rs failed: ErrorException("System has no solutions")
└ @ ODEParameterEstimation ~/.julia/dev/ODEParameterEstimation/src/core/homotopy_continuation.jl:390
primes of bitsize 28
G-Q-┌ Warning: solve_with_rs failed: ErrorException("System has no solutions")
└ @ ODEParameterEstimation ~/.julia/dev/ODEParameterEstimation/src/core/homotopy_continuation.jl:390
primes of bitsize 28
G-Q-┌ Warning: solve_with_rs failed: ErrorException("System has no solutions")
└ @ ODEParameterEstimation ~/.julia/dev/ODEParameterEstimation/src/core/homotopy_continuation.jl:390
primes of bitsize 28
G-Q-┌ Warning: solve_with_rs failed: ErrorException("System has no solutions")
└ @ ODEParameterEstimation ~/.julia/dev/ODEParameterEstimation/src/core/homotopy_continuation.jl:390
primes of bitsize 28
G-Q-┌ Warning: solve_with_rs failed: ErrorException("System has no solutions")
└ @ ODEParameterEstimation ~/.julia/dev/ODEParameterEstimation/src/core/homotopy_continuation.jl:390
primes of bitsize 28
G-Q-┌ Warning: solve_with_rs failed: ErrorException("System has no solutions")
└ @ ODEParameterEstimation ~/.julia/dev/ODEParameterEstimation/src/core/homotopy_continuation.jl:390
primes of bitsize 28
G-Q-┌ Warning: solve_with_rs failed: ErrorException("System has no solutions")
└ @ ODEParameterEstimation ~/.julia/dev/ODEParameterEstimation/src/core/homotopy_continuation.jl:390
primes of bitsize 28
G-Q-┌ Warning: solve_with_rs failed: ErrorException("System has no solutions")
└ @ ODEParameterEstimation ~/.julia/dev/ODEParameterEstimation/src/core/homotopy_continuation.jl:390
primes of bitsize 28
G-Q-┌ Warning: solve_with_rs failed: ErrorException("System has no solutions")
└ @ ODEParameterEstimation ~/.julia/dev/ODEParameterEstimation/src/core/homotopy_continuation.jl:390
primes of bitsize 28
G-Q-┌ Warning: solve_with_rs failed: ErrorException("System has no solutions")
└ @ ODEParameterEstimation ~/.julia/dev/ODEParameterEstimation/src/core/homotopy_continuation.jl:390
┌ Warning: No solutions found after 10 attempts
└ @ ODEParameterEstimation ~/.julia/dev/ODEParameterEstimation/src/core/multipoint_estimation.jl:88
primes of bitsize 28
G-Q-┌ Warning: solve_with_rs failed: ErrorException("System has no solutions")
└ @ ODEParameterEstimation ~/.julia/dev/ODEParameterEstimation/src/core/homotopy_continuation.jl:390
primes of bitsize 28
G-Q-┌ Warning: solve_with_rs failed: ErrorException("System has no solutions")
└ @ ODEParameterEstimation ~/.julia/dev/ODEParameterEstimation/src/core/homotopy_continuation.jl:390
primes of bitsize 28
G-Q-┌ Warning: solve_with_rs failed: ErrorException("System has no solutions")
└ @ ODEParameterEstimation ~/.julia/dev/ODEParameterEstimation/src/core/homotopy_continuation.jl:390
primes of bitsize 28
G-Q-┌ Warning: solve_with_rs failed: ErrorException("System has no solutions")
└ @ ODEParameterEstimation ~/.julia/dev/ODEParameterEstimation/src/core/homotopy_continuation.jl:390
primes of bitsize 28
G-Q-┌ Warning: solve_with_rs failed: ErrorException("System has no solutions")
└ @ ODEParameterEstimation ~/.julia/dev/ODEParameterEstimation/src/core/homotopy_continuation.jl:390
primes of bitsize 28
G-Q-┌ Warning: solve_with_rs failed: ErrorException("System has no solutions")
└ @ ODEParameterEstimation ~/.julia/dev/ODEParameterEstimation/src/core/homotopy_continuation.jl:390
primes of bitsize 28
G-Q-┌ Warning: solve_with_rs failed: ErrorException("System has no solutions")
└ @ ODEParameterEstimation ~/.julia/dev/ODEParameterEstimation/src/core/homotopy_continuation.jl:390
primes of bitsize 28
G-Q-┌ Warning: solve_with_rs failed: ErrorException("System has no solutions")
└ @ ODEParameterEstimation ~/.julia/dev/ODEParameterEstimation/src/core/homotopy_continuation.jl:390
primes of bitsize 28
G-Q-┌ Warning: solve_with_rs failed: ErrorException("System has no solutions")
└ @ ODEParameterEstimation ~/.julia/dev/ODEParameterEstimation/src/core/homotopy_continuation.jl:390
primes of bitsize 28
G-Q-┌ Warning: solve_with_rs failed: ErrorException("System has no solutions")
└ @ ODEParameterEstimation ~/.julia/dev/ODEParameterEstimation/src/core/homotopy_continuation.jl:390
┌ Warning: No solutions found after 10 attempts
└ @ ODEParameterEstimation ~/.julia/dev/ODEParameterEstimation/src/core/multipoint_estimation.jl:88
primes of bitsize 28
G-Q-┌ Warning: solve_with_rs failed: ErrorException("System has no solutions")
└ @ ODEParameterEstimation ~/.julia/dev/ODEParameterEstimation/src/core/homotopy_continuation.jl:390
primes of bitsize 28
G-Q-┌ Warning: solve_with_rs failed: ErrorException("System has no solutions")
└ @ ODEParameterEstimation ~/.julia/dev/ODEParameterEstimation/src/core/homotopy_continuation.jl:390
primes of bitsize 28
G-Q-┌ Warning: solve_with_rs failed: ErrorException("System has no solutions")
└ @ ODEParameterEstimation ~/.julia/dev/ODEParameterEstimation/src/core/homotopy_continuation.jl:390
primes of bitsize 28
G-Q-┌ Warning: solve_with_rs failed: ErrorException("System has no solutions")
└ @ ODEParameterEstimation ~/.julia/dev/ODEParameterEstimation/src/core/homotopy_continuation.jl:390
primes of bitsize 28
G-Q-┌ Warning: solve_with_rs failed: ErrorException("System has no solutions")
└ @ ODEParameterEstimation ~/.julia/dev/ODEParameterEstimation/src/core/homotopy_continuation.jl:390
primes of bitsize 28
G-Q-┌ Warning: solve_with_rs failed: ErrorException("System has no solutions")
└ @ ODEParameterEstimation ~/.julia/dev/ODEParameterEstimation/src/core/homotopy_continuation.jl:390
primes of bitsize 28
G-Q-┌ Warning: solve_with_rs failed: ErrorException("System has no solutions")
└ @ ODEParameterEstimation ~/.julia/dev/ODEParameterEstimation/src/core/homotopy_continuation.jl:390
primes of bitsize 28
G-Q-┌ Warning: solve_with_rs failed: ErrorException("System has no solutions")
└ @ ODEParameterEstimation ~/.julia/dev/ODEParameterEstimation/src/core/homotopy_continuation.jl:390
primes of bitsize 28
G-Q-┌ Warning: solve_with_rs failed: ErrorException("System has no solutions")
└ @ ODEParameterEstimation ~/.julia/dev/ODEParameterEstimation/src/core/homotopy_continuation.jl:390
primes of bitsize 28
G-Q-┌ Warning: solve_with_rs failed: ErrorException("System has no solutions")
└ @ ODEParameterEstimation ~/.julia/dev/ODEParameterEstimation/src/core/homotopy_continuation.jl:390
┌ Warning: No solutions found after 10 attempts
└ @ ODEParameterEstimation ~/.julia/dev/ODEParameterEstimation/src/core/multipoint_estimation.jl:88
primes of bitsize 28
G-Q-┌ Warning: solve_with_rs failed: ErrorException("System has no solutions")
└ @ ODEParameterEstimation ~/.julia/dev/ODEParameterEstimation/src/core/homotopy_continuation.jl:390
primes of bitsize 28
G-Q-┌ Warning: solve_with_rs failed: ErrorException("System has no solutions")
└ @ ODEParameterEstimation ~/.julia/dev/ODEParameterEstimation/src/core/homotopy_continuation.jl:390
primes of bitsize 28
G-Q-┌ Warning: solve_with_rs failed: ErrorException("System has no solutions")
└ @ ODEParameterEstimation ~/.julia/dev/ODEParameterEstimation/src/core/homotopy_continuation.jl:390
primes of bitsize 28
G-Q-┌ Warning: solve_with_rs failed: ErrorException("System has no solutions")
└ @ ODEParameterEstimation ~/.julia/dev/ODEParameterEstimation/src/core/homotopy_continuation.jl:390
primes of bitsize 28
G-Q-┌ Warning: solve_with_rs failed: ErrorException("System has no solutions")
└ @ ODEParameterEstimation ~/.julia/dev/ODEParameterEstimation/src/core/homotopy_continuation.jl:390
primes of bitsize 28
G-Q-┌ Warning: solve_with_rs failed: ErrorException("System has no solutions")
└ @ ODEParameterEstimation ~/.julia/dev/ODEParameterEstimation/src/core/homotopy_continuation.jl:390
primes of bitsize 28
G-Q-┌ Warning: solve_with_rs failed: ErrorException("System has no solutions")
└ @ ODEParameterEstimation ~/.julia/dev/ODEParameterEstimation/src/core/homotopy_continuation.jl:390
primes of bitsize 28
G-Q-┌ Warning: solve_with_rs failed: ErrorException("System has no solutions")
└ @ ODEParameterEstimation ~/.julia/dev/ODEParameterEstimation/src/core/homotopy_continuation.jl:390
primes of bitsize 28
G-Q-┌ Warning: solve_with_rs failed: ErrorException("System has no solutions")
└ @ ODEParameterEstimation ~/.julia/dev/ODEParameterEstimation/src/core/homotopy_continuation.jl:390
primes of bitsize 28
G-Q-┌ Warning: solve_with_rs failed: ErrorException("System has no solutions")
└ @ ODEParameterEstimation ~/.julia/dev/ODEParameterEstimation/src/core/homotopy_continuation.jl:390
┌ Warning: No solutions found after 10 attempts
└ @ ODEParameterEstimation ~/.julia/dev/ODEParameterEstimation/src/core/multipoint_estimation.jl:88
primes of bitsize 28
G-Q-┌ Warning: solve_with_rs failed: ErrorException("System has no solutions")
└ @ ODEParameterEstimation ~/.julia/dev/ODEParameterEstimation/src/core/homotopy_continuation.jl:390
primes of bitsize 28
G-Q-┌ Warning: solve_with_rs failed: ErrorException("System has no solutions")
└ @ ODEParameterEstimation ~/.julia/dev/ODEParameterEstimation/src/core/homotopy_continuation.jl:390
primes of bitsize 28
G-Q-┌ Warning: solve_with_rs failed: ErrorException("System has no solutions")
└ @ ODEParameterEstimation ~/.julia/dev/ODEParameterEstimation/src/core/homotopy_continuation.jl:390
primes of bitsize 28
G-Q-┌ Warning: solve_with_rs failed: ErrorException("System has no solutions")
└ @ ODEParameterEstimation ~/.julia/dev/ODEParameterEstimation/src/core/homotopy_continuation.jl:390
primes of bitsize 28
G-Q-┌ Warning: solve_with_rs failed: ErrorException("System has no solutions")
└ @ ODEParameterEstimation ~/.julia/dev/ODEParameterEstimation/src/core/homotopy_continuation.jl:390
primes of bitsize 28
G-Q-┌ Warning: solve_with_rs failed: ErrorException("System has no solutions")
└ @ ODEParameterEstimation ~/.julia/dev/ODEParameterEstimation/src/core/homotopy_continuation.jl:390
primes of bitsize 28
G-Q-┌ Warning: solve_with_rs failed: ErrorException("System has no solutions")
└ @ ODEParameterEstimation ~/.julia/dev/ODEParameterEstimation/src/core/homotopy_continuation.jl:390
primes of bitsize 28
G-Q-┌ Warning: solve_with_rs failed: ErrorException("System has no solutions")
└ @ ODEParameterEstimation ~/.julia/dev/ODEParameterEstimation/src/core/homotopy_continuation.jl:390
primes of bitsize 28
G-Q-┌ Warning: solve_with_rs failed: ErrorException("System has no solutions")
└ @ ODEParameterEstimation ~/.julia/dev/ODEParameterEstimation/src/core/homotopy_continuation.jl:390
primes of bitsize 28
G-Q-┌ Warning: solve_with_rs failed: ErrorException("System has no solutions")
└ @ ODEParameterEstimation ~/.julia/dev/ODEParameterEstimation/src/core/homotopy_continuation.jl:390
┌ Warning: No solutions found after 10 attempts
└ @ ODEParameterEstimation ~/.julia/dev/ODEParameterEstimation/src/core/multipoint_estimation.jl:88
primes of bitsize 28
G-Q-┌ Warning: solve_with_rs failed: ErrorException("System has no solutions")
└ @ ODEParameterEstimation ~/.julia/dev/ODEParameterEstimation/src/core/homotopy_continuation.jl:390
primes of bitsize 28
G-Q-┌ Warning: solve_with_rs failed: ErrorException("System has no solutions")
└ @ ODEParameterEstimation ~/.julia/dev/ODEParameterEstimation/src/core/homotopy_continuation.jl:390
primes of bitsize 28
G-Q-┌ Warning: solve_with_rs failed: ErrorException("System has no solutions")
└ @ ODEParameterEstimation ~/.julia/dev/ODEParameterEstimation/src/core/homotopy_continuation.jl:390
primes of bitsize 28
G-Q-┌ Warning: solve_with_rs failed: ErrorException("System has no solutions")
└ @ ODEParameterEstimation ~/.julia/dev/ODEParameterEstimation/src/core/homotopy_continuation.jl:390
primes of bitsize 28
G-Q-┌ Warning: solve_with_rs failed: ErrorException("System has no solutions")
└ @ ODEParameterEstimation ~/.julia/dev/ODEParameterEstimation/src/core/homotopy_continuation.jl:390
primes of bitsize 28
G-Q-┌ Warning: solve_with_rs failed: ErrorException("System has no solutions")
└ @ ODEParameterEstimation ~/.julia/dev/ODEParameterEstimation/src/core/homotopy_continuation.jl:390
primes of bitsize 28
G-Q-┌ Warning: solve_with_rs failed: ErrorException("System has no solutions")
└ @ ODEParameterEstimation ~/.julia/dev/ODEParameterEstimation/src/core/homotopy_continuation.jl:390
primes of bitsize 28
G-Q-┌ Warning: solve_with_rs failed: ErrorException("System has no solutions")
└ @ ODEParameterEstimation ~/.julia/dev/ODEParameterEstimation/src/core/homotopy_continuation.jl:390
primes of bitsize 28
G-Q-┌ Warning: solve_with_rs failed: ErrorException("System has no solutions")
└ @ ODEParameterEstimation ~/.julia/dev/ODEParameterEstimation/src/core/homotopy_continuation.jl:390
primes of bitsize 28
G-Q-┌ Warning: solve_with_rs failed: ErrorException("System has no solutions")
└ @ ODEParameterEstimation ~/.julia/dev/ODEParameterEstimation/src/core/homotopy_continuation.jl:390
┌ Warning: No solutions found after 10 attempts
└ @ ODEParameterEstimation ~/.julia/dev/ODEParameterEstimation/src/core/multipoint_estimation.jl:88
primes of bitsize 28
G-Q-┌ Warning: System is not zero-dimensional, adding a random linear equation.
└ @ ODEParameterEstimation ~/.julia/dev/ODEParameterEstimation/src/core/homotopy_continuation.jl:386
primes of bitsize 28
G-Q-Pt-FG-LT-LP(C)
Dimension of the quotient :5
Degree of the radical :5
Use last variable as separating element
Separating form: [0, 0, 0, 0, 0, 0, 0, 0, 0, 1]
Run Groebner learn
Test cyclic optimization
Apply cyclic optimization 
Multi-modular computation (1 threads): G-Q-Pt-FG-LT-LP(C)
5-9-13-17-21-25-29-33-37-41-45-49-53-61-69-
check-G-Q-Pt-FG-LT-LP(C)
Nb Primes used :69
┌ Warning: At t=15.309379755332142, dt was forced below floating point epsilon -1.5926074895957621e-15, and step error estimate = 1.0504916977779093. Aborting. There is either an error in your model specification or the true solution is unstable (or the true solution can not be represented in the precision of Float64).
└ @ SciMLBase ~/.julia/packages/SciMLBase/DbVzk/src/integrator_interface.jl:623
┌ Warning: At t=19.006757998886954, dt was forced below floating point epsilon -3.1700603858811387e-15, and step error estimate = 1.116937341519717. Aborting. There is either an error in your model specification or the true solution is unstable (or the true solution can not be represented in the precision of Float64).
└ @ SciMLBase ~/.julia/packages/SciMLBase/DbVzk/src/integrator_interface.jl:623
┌ Warning: At t=19.057207810659598, dt was forced below floating point epsilon -3.1829931461715187e-15, and step error estimate = 1.0599595906610895. Aborting. There is either an error in your model specification or the true solution is unstable (or the true solution can not be represented in the precision of Float64).
└ @ SciMLBase ~/.julia/packages/SciMLBase/DbVzk/src/integrator_interface.jl:623
┌ Warning: At t=0.9088295381928135, dt was forced below floating point epsilon 1.1102230246251565e-16, and step error estimate = NaN. Aborting. There is either an error in your model specification or the true solution is unstable (or the true solution can not be represented in the precision of Float64).
└ @ SciMLBase ~/.julia/packages/SciMLBase/DbVzk/src/integrator_interface.jl:623

Unidentifiability Analysis from multipoint_parameter_estimation:
All unidentifiable variables: Set{Any}()
Unidentifiable variables substitution dictionary: Dict{Any, Any}()
Trivially solvable variables: Dict{Any, Any}()

=== Model: lotka_volterra ===

Found 13 distinct solution clusters:

Cluster 1: 1 similar solutions
Best solution (Error: 0.022168):
--------------------------------------------------
Variable     | True Value  | Estimated   | Rel. Error
-----------------------------------------------------
r(t)         |   2.000000 |   4.079499 |   1.039750
w(t)         |   1.000000 |   1.726932 |   0.726932
k1           |   1.000000 |   0.988528 |   0.011472
k2           |   0.500000 |   0.293673 |   0.412655
k3           |   0.300000 |   0.295173 |   0.016091


Cluster 2: 1 similar solutions
Best solution (Error: 0.019552):
--------------------------------------------------
Variable     | True Value  | Estimated   | Rel. Error
-----------------------------------------------------
r(t)         |   2.000000 |   0.144785 |   0.927608
w(t)         |   1.000000 |   0.106960 |   0.893040
k1           |   1.000000 |   0.753925 |   0.246075
k2           |   0.500000 |   2.201475 |   3.402951
k3           |   0.300000 |   0.458798 |   0.529325


Cluster 3: 1 similar solutions
Best solution (Error: 0.015993):
--------------------------------------------------
Variable     | True Value  | Estimated   | Rel. Error
-----------------------------------------------------
r(t)         |   2.000000 |   0.000099 |   0.999951
w(t)         |   1.000000 |  -0.000000 |   1.000000
k1           |   1.000000 |   0.731654 |   0.268346
k2           |   0.500000 |  -0.165389 |   1.330779
k3           |   0.300000 |  -1.836850 |   7.122833


Cluster 4: 1 similar solutions
Best solution (Error: 0.015993):
--------------------------------------------------
Variable     | True Value  | Estimated   | Rel. Error
-----------------------------------------------------
r(t)         |   2.000000 |   0.000099 |   0.999951
w(t)         |   1.000000 |  -0.000000 |   1.000000
k1           |   1.000000 |   0.731659 |   0.268341
k2           |   0.500000 |  -0.165313 |   1.330626
k3           |   0.300000 |  -1.836657 |   7.122191


Cluster 5: 1 similar solutions
Best solution (Error: 0.001109):
--------------------------------------------------
Variable     | True Value  | Estimated   | Rel. Error
-----------------------------------------------------
r(t)         |   2.000000 |   2.005484 |   0.002742
w(t)         |   1.000000 |   1.068767 |   0.068767
k1           |   1.000000 |   1.037810 |   0.037810
k2           |   0.500000 |   0.472169 |   0.055661
k3           |   0.300000 |   0.292260 |   0.025800


Cluster 6: 1 similar solutions
Best solution (Error: 0.000942):
--------------------------------------------------
Variable     | True Value  | Estimated   | Rel. Error
-----------------------------------------------------
r(t)         |   2.000000 |   1.935728 |   0.032136
w(t)         |   1.000000 |   0.999337 |   0.000663
k1           |   1.000000 |   1.005705 |   0.005705
k2           |   0.500000 |   0.511628 |   0.023255
k3           |   0.300000 |   0.298028 |   0.006573


Cluster 7: 1 similar solutions
Best solution (Error: 0.000381):
--------------------------------------------------
Variable     | True Value  | Estimated   | Rel. Error
-----------------------------------------------------
r(t)         |   2.000000 |   2.044842 |   0.022421
w(t)         |   1.000000 |   1.054800 |   0.054800
k1           |   1.000000 |   1.004384 |   0.004384
k2           |   0.500000 |   0.494975 |   0.010050
k3           |   0.300000 |   0.296450 |   0.011833


Cluster 8: 1 similar solutions
Best solution (Error: 0.000185):
--------------------------------------------------
Variable     | True Value  | Estimated   | Rel. Error
-----------------------------------------------------
r(t)         |   2.000000 |   2.002230 |   0.001115
w(t)         |   1.000000 |   0.993354 |   0.006646
k1           |   1.000000 |   0.996135 |   0.003865
k2           |   0.500000 |   0.500861 |   0.001722
k3           |   0.300000 |   0.300527 |   0.001756


Cluster 9: 1 similar solutions
Best solution (Error: 8.3e-5):
--------------------------------------------------
Variable     | True Value  | Estimated   | Rel. Error
-----------------------------------------------------
r(t)         |   2.000000 |   2.006228 |   0.003114
w(t)         |   1.000000 |   1.008131 |   0.008131
k1           |   1.000000 |   1.002469 |   0.002469
k2           |   0.500000 |   0.497961 |   0.004079
k3           |   0.300000 |   0.299465 |   0.001784


Cluster 10: 1 similar solutions
Best solution (Error: 3.0e-5):
--------------------------------------------------
Variable     | True Value  | Estimated   | Rel. Error
-----------------------------------------------------
r(t)         |   2.000000 |   1.996341 |   0.001830
w(t)         |   1.000000 |   0.999609 |   0.000391
k1           |   1.000000 |   1.000985 |   0.000985
k2           |   0.500000 |   0.499735 |   0.000531
k3           |   0.300000 |   0.299814 |   0.000620


Cluster 11: 1 similar solutions
Best solution (Error: 1.1e-5):
--------------------------------------------------
Variable     | True Value  | Estimated   | Rel. Error
-----------------------------------------------------
r(t)         |   2.000000 |   2.001159 |   0.000580
w(t)         |   1.000000 |   1.000771 |   0.000771
k1           |   1.000000 |   0.999979 |   0.000021
k2           |   0.500000 |   0.499999 |   0.000002
k3           |   0.300000 |   0.299971 |   0.000096


Cluster 12: 1 similar solutions
Best solution (Error: 1.0e-5):
--------------------------------------------------
Variable     | True Value  | Estimated   | Rel. Error
-----------------------------------------------------
r(t)         |   2.000000 |   1.998531 |   0.000734
w(t)         |   1.000000 |   0.999246 |   0.000754
k1           |   1.000000 |   0.999998 |   0.000002
k2           |   0.500000 |   0.500175 |   0.000350
k3           |   0.300000 |   0.300008 |   0.000025


Cluster 13: 8 similar solutions
Best solution (Error: 0.0):
--------------------------------------------------
Variable     | True Value  | Estimated   | Rel. Error
-----------------------------------------------------
r(t)         |   2.000000 |   2.000000 |   0.000000
w(t)         |   1.000000 |   1.000000 |   0.000000
k1           |   1.000000 |   1.000000 |   0.000000
k2           |   0.500000 |   0.500000 |   0.000000
k3           |   0.300000 |   0.300000 |   0.000000


Best approximation error for lotka_volterra: 0.0

Best maximum relative error for lotka_volterra (excluding ALL unidentifiable parameters): 0.0
Best minimum relative error: 0.0
Best mean relative error: 0.0
Best median relative error: 0.0
Best maximum relative error: 0.0
Best RMS relative error: 0.0
SUCCESS
