Starting model: lv_periodic
primes of bitsize 28
G-Q-Pt-FG-LT-LP(C)
Dimension of the quotient :1
Degree of the radical :1
Use last variable as separating element
Separating form: [0, 0, 0, 0, 0, 0, 0, 0, 0, 1]
Run Groebner learn
Test cyclic optimization
Apply cyclic optimization 
Multi-modular computation (1 threads): G-Q-Pt-FG-LT-LP(C)
5-9-13-
check-G-Q-Pt-FG-LT-LP(C)
Nb Primes used :13
primes of bitsize 28
G-Q-Pt-FG-LT-LP(C)
Dimension of the quotient :1
Degree of the radical :1
Use last variable as separating element
Separating form: [0, 0, 0, 0, 0, 0, 0, 0, 0, 1]
Run Groebner learn
Test cyclic optimization
Apply cyclic optimization 
Multi-modular computation (1 threads): G-Q-Pt-FG-LT-LP(C)
5-9-13-
check-G-Q-Pt-FG-LT-LP(C)
Nb Primes used :13
primes of bitsize 28
G-Q-Pt-FG-LT-LP(C)
Dimension of the quotient :1
Degree of the radical :1
Use last variable as separating element
Separating form: [0, 0, 0, 0, 0, 0, 0, 0, 0, 1]
Run Groebner learn
Test cyclic optimization
Apply cyclic optimization 
Multi-modular computation (1 threads): G-Q-Pt-FG-LT-LP(C)
5-9-13-
check-G-Q-Pt-FG-LT-LP(C)
Nb Primes used :13
primes of bitsize 28
G-Q-Pt-FG-LT-LP(C)
Dimension of the quotient :1
Degree of the radical :1
Use last variable as separating element
Separating form: [0, 0, 0, 0, 0, 0, 0, 0, 0, 1]
Run Groebner learn
Test cyclic optimization
Apply cyclic optimization 
Multi-modular computation (1 threads): G-Q-Pt-FG-LT-LP(C)
5-9-13-
check-G-Q-Pt-FG-LT-LP(C)
Nb Primes used :13
primes of bitsize 28
G-Q-Pt-FG-LT-LP(C)
Dimension of the quotient :1
Degree of the radical :1
Use last variable as separating element
Separating form: [0, 0, 0, 0, 0, 0, 0, 0, 0, 1]
Run Groebner learn
Test cyclic optimization
Apply cyclic optimization 
Multi-modular computation (1 threads): G-Q-Pt-FG-LT-LP(C)
5-9-13-
check-G-Q-Pt-FG-LT-LP(C)
Nb Primes used :13
primes of bitsize 28
G-Q-Pt-FG-LT-LP(C)
Dimension of the quotient :1
Degree of the radical :1
Use last variable as separating element
Separating form: [0, 0, 0, 0, 0, 0, 0, 0, 0, 1]
Run Groebner learn
Test cyclic optimization
Apply cyclic optimization 
Multi-modular computation (1 threads): G-Q-Pt-FG-LT-LP(C)
5-9-13-
check-G-Q-Pt-FG-LT-LP(C)
Nb Primes used :13
primes of bitsize 28
G-Q-Pt-FG-LT-LP(C)
Dimension of the quotient :1
Degree of the radical :1
Use last variable as separating element
Separating form: [0, 0, 0, 0, 0, 0, 0, 0, 0, 1]
Run Groebner learn
Test cyclic optimization
Apply cyclic optimization 
Multi-modular computation (1 threads): G-Q-Pt-FG-LT-LP(C)
5-9-13-
check-G-Q-Pt-FG-LT-LP(C)
Nb Primes used :13
primes of bitsize 28
G-Q-Pt-FG-LT-LP(C)
Dimension of the quotient :1
Degree of the radical :1
Use last variable as separating element
Separating form: [0, 0, 0, 0, 0, 0, 0, 0, 0, 1]
Run Groebner learn
Test cyclic optimization
Apply cyclic optimization 
Multi-modular computation (1 threads): G-Q-Pt-FG-LT-LP(C)
5-9-13-
check-G-Q-Pt-FG-LT-LP(C)
Nb Primes used :13
primes of bitsize 28
G-Q-Pt-FG-LT-LP(C)
Dimension of the quotient :1
Degree of the radical :1
Use last variable as separating element
Separating form: [0, 0, 0, 0, 0, 0, 0, 0, 0, 1]
Run Groebner learn
Test cyclic optimization
Apply cyclic optimization 
Multi-modular computation (1 threads): G-Q-Pt-FG-LT-LP(C)
5-9-13-
check-G-Q-Pt-FG-LT-LP(C)
Nb Primes used :13
primes of bitsize 28
G-Q-Pt-FG-LT-LP(C)
Dimension of the quotient :1
Degree of the radical :1
Use last variable as separating element
Separating form: [0, 0, 0, 0, 0, 0, 0, 0, 0, 1]
Run Groebner learn
Test cyclic optimization
Apply cyclic optimization 
Multi-modular computation (1 threads): G-Q-Pt-FG-LT-LP(C)
5-9-13-
check-G-Q-Pt-FG-LT-LP(C)
Nb Primes used :13
primes of bitsize 28
G-Q-Pt-FG-LT-LP(C)
Dimension of the quotient :1
Degree of the radical :1
Use last variable as separating element
Separating form: [0, 0, 0, 0, 0, 0, 0, 0, 0, 1]
Run Groebner learn
Test cyclic optimization
Apply cyclic optimization 
Multi-modular computation (1 threads): G-Q-Pt-FG-LT-LP(C)
5-9-13-
check-G-Q-Pt-FG-LT-LP(C)
Nb Primes used :13
primes of bitsize 28
G-Q-Pt-FG-LT-LP(C)
Dimension of the quotient :1
Degree of the radical :1
Use last variable as separating element
Separating form: [0, 0, 0, 0, 0, 0, 0, 0, 0, 1]
Run Groebner learn
Test cyclic optimization
Apply cyclic optimization 
Multi-modular computation (1 threads): G-Q-Pt-FG-LT-LP(C)
5-9-13-
check-G-Q-Pt-FG-LT-LP(C)
Nb Primes used :13
primes of bitsize 28
G-Q-Pt-FG-LT-LP(C)
Dimension of the quotient :1
Degree of the radical :1
Use last variable as separating element
Separating form: [0, 0, 0, 0, 0, 0, 0, 0, 0, 1]
Run Groebner learn
Test cyclic optimization
Apply cyclic optimization 
Multi-modular computation (1 threads): G-Q-Pt-FG-LT-LP(C)
5-9-13-
check-G-Q-Pt-FG-LT-LP(C)
Nb Primes used :13
primes of bitsize 28
G-Q-Pt-FG-LT-LP(C)
Dimension of the quotient :1
Degree of the radical :1
Use last variable as separating element
Separating form: [0, 0, 0, 0, 0, 0, 0, 0, 0, 1]
Run Groebner learn
Test cyclic optimization
Apply cyclic optimization 
Multi-modular computation (1 threads): G-Q-Pt-FG-LT-LP(C)
5-9-13-
check-G-Q-Pt-FG-LT-LP(C)
Nb Primes used :13
primes of bitsize 28
G-Q-Pt-FG-LT-LP(C)
Dimension of the quotient :1
Degree of the radical :1
Use last variable as separating element
Separating form: [0, 0, 0, 0, 0, 0, 0, 0, 0, 1]
Run Groebner learn
Test cyclic optimization
Apply cyclic optimization 
Multi-modular computation (1 threads): G-Q-Pt-FG-LT-LP(C)
5-9-13-
check-G-Q-Pt-FG-LT-LP(C)
Nb Primes used :13
primes of bitsize 28
G-Q-Pt-FG-LT-LP(C)
Dimension of the quotient :1
Degree of the radical :1
Use last variable as separating element
Separating form: [0, 0, 0, 0, 0, 0, 0, 0, 0, 1]
Run Groebner learn
Test cyclic optimization
Apply cyclic optimization 
Multi-modular computation (1 threads): G-Q-Pt-FG-LT-LP(C)
5-9-13-
check-G-Q-Pt-FG-LT-LP(C)
Nb Primes used :13
primes of bitsize 28
G-Q-Pt-FG-LT-LP(C)
Dimension of the quotient :1
Degree of the radical :1
Use last variable as separating element
Separating form: [0, 0, 0, 0, 0, 0, 0, 0, 0, 1]
Run Groebner learn
Test cyclic optimization
Apply cyclic optimization 
Multi-modular computation (1 threads): G-Q-Pt-FG-LT-LP(C)
5-9-13-
check-G-Q-Pt-FG-LT-LP(C)
Nb Primes used :13
primes of bitsize 28
G-Q-Pt-FG-LT-LP(C)
Dimension of the quotient :1
Degree of the radical :1
Use last variable as separating element
Separating form: [0, 0, 0, 0, 0, 0, 0, 0, 0, 1]
Run Groebner learn
Test cyclic optimization
Apply cyclic optimization 
Multi-modular computation (1 threads): G-Q-Pt-FG-LT-LP(C)
5-9-13-
check-G-Q-Pt-FG-LT-LP(C)
Nb Primes used :13
primes of bitsize 28
G-Q-Pt-FG-LT-LP(C)
Dimension of the quotient :1
Degree of the radical :1
Use last variable as separating element
Separating form: [0, 0, 0, 0, 0, 0, 0, 0, 0, 0, 0, 1]
Run Groebner learn
Test cyclic optimization
Apply cyclic optimization 
Multi-modular computation (1 threads): G-Q-Pt-FG-LT-LP(C)
5-9-13-
check-G-Q-Pt-FG-LT-LP(C)
Nb Primes used :13
primes of bitsize 28
G-Q-Pt-FG-LT-LP(C)
Dimension of the quotient :1
Degree of the radical :1
Use last variable as separating element
Separating form: [0, 0, 0, 0, 0, 0, 0, 0, 0, 0, 0, 1]
Run Groebner learn
Test cyclic optimization
Apply cyclic optimization 
Multi-modular computation (1 threads): G-Q-Pt-FG-LT-LP(C)
5-9-13-
check-G-Q-Pt-FG-LT-LP(C)
Nb Primes used :13
primes of bitsize 28
G-Q-Pt-FG-LT-LP(C)
Dimension of the quotient :1
Degree of the radical :1
Use last variable as separating element
Separating form: [0, 0, 0, 0, 0, 0, 0, 0, 0, 0, 0, 1]
Run Groebner learn
Test cyclic optimization
Apply cyclic optimization 
Multi-modular computation (1 threads): G-Q-Pt-FG-LT-LP(C)
5-9-13-
check-G-Q-Pt-FG-LT-LP(C)
Nb Primes used :13
primes of bitsize 28
G-Q-Pt-FG-LT-LP(C)
Dimension of the quotient :1
Degree of the radical :1
Use last variable as separating element
Separating form: [0, 0, 0, 0, 0, 0, 0, 0, 0, 0, 0, 1]
Run Groebner learn
Test cyclic optimization
Apply cyclic optimization 
Multi-modular computation (1 threads): G-Q-Pt-FG-LT-LP(C)
5-9-13-
check-G-Q-Pt-FG-LT-LP(C)
Nb Primes used :13
primes of bitsize 28
G-Q-Pt-FG-LT-LP(C)
Dimension of the quotient :1
Degree of the radical :1
Use last variable as separating element
Separating form: [0, 0, 0, 0, 0, 0, 0, 0, 0, 0, 0, 1]
Run Groebner learn
Test cyclic optimization
Apply cyclic optimization 
Multi-modular computation (1 threads): G-Q-Pt-FG-LT-LP(C)
5-9-13-
check-G-Q-Pt-FG-LT-LP(C)
Nb Primes used :13
primes of bitsize 28
G-Q-Pt-FG-LT-LP(C)
Dimension of the quotient :1
Degree of the radical :1
Use last variable as separating element
Separating form: [0, 0, 0, 0, 0, 0, 0, 0, 0, 0, 0, 1]
Run Groebner learn
Test cyclic optimization
Apply cyclic optimization 
Multi-modular computation (1 threads): G-Q-Pt-FG-LT-LP(C)
5-9-13-
check-G-Q-Pt-FG-LT-LP(C)
Nb Primes used :13
primes of bitsize 28
G-Q-Pt-FG-LT-LP(C)
Dimension of the quotient :1
Degree of the radical :1
Use last variable as separating element
Separating form: [0, 0, 0, 0, 0, 0, 0, 0, 0, 0, 0, 1]
Run Groebner learn
Test cyclic optimization
Apply cyclic optimization 
Multi-modular computation (1 threads): G-Q-Pt-FG-LT-LP(C)
5-9-13-
check-G-Q-Pt-FG-LT-LP(C)
Nb Primes used :13
primes of bitsize 28
G-Q-Pt-FG-LT-LP(C)
Dimension of the quotient :1
Degree of the radical :1
Use last variable as separating element
Separating form: [0, 0, 0, 0, 0, 0, 0, 0, 0, 0, 0, 1]
Run Groebner learn
Test cyclic optimization
Apply cyclic optimization 
Multi-modular computation (1 threads): G-Q-Pt-FG-LT-LP(C)
5-9-13-
check-G-Q-Pt-FG-LT-LP(C)
Nb Primes used :13
primes of bitsize 28
G-Q-┌ Warning: System is not zero-dimensional, adding a random linear equation.
└ @ ODEParameterEstimation ~/.julia/dev/ODEParameterEstimation/src/core/homotopy_continuation.jl:386
primes of bitsize 28
G-Q-┌ Warning: System is not zero-dimensional, adding a random linear equation.
└ @ ODEParameterEstimation ~/.julia/dev/ODEParameterEstimation/src/core/homotopy_continuation.jl:386
primes of bitsize 28
G-Q-Pt-FG-LT-LP(C)
Dimension of the quotient :1
Degree of the radical :1
Use last variable as separating element
Separating form: [0, 0, 0, 0, 0, 0, 0, 1]
Run Groebner learn
Test cyclic optimization
Apply cyclic optimization 
Multi-modular computation (1 threads): G-Q-Pt-FG-LT-LP(C)
5-9-13-17-21-25-
check-G-Q-Pt-FG-LT-LP(C)
Nb Primes used :25

Unidentifiability Analysis from multipoint_parameter_estimation:
All unidentifiable variables: Set{Any}()
Unidentifiable variables substitution dictionary: Dict{Any, Any}()
Trivially solvable variables: Dict{Any, Any}()

=== Model: lv_periodic ===

Found 8 distinct solution clusters:

Cluster 1: 1 similar solutions
Best solution (Error: 0.00592):
--------------------------------------------------
Variable     | True Value  | Estimated   | Rel. Error
-----------------------------------------------------
x1(t)        |   2.000000 |   1.851064 |   0.074468
x2(t)        |   0.500000 |   0.567342 |   0.134683
a            |   1.500000 |   1.512755 |   0.008504
b            |   0.900000 |   0.902652 |   0.002947
c            |   3.000000 |   2.999422 |   0.000193
d            |   0.800000 |   0.799838 |   0.000202


Cluster 2: 1 similar solutions
Best solution (Error: 0.001521):
--------------------------------------------------
Variable     | True Value  | Estimated   | Rel. Error
-----------------------------------------------------
x1(t)        |   2.000000 |   2.045647 |   0.022824
x2(t)        |   0.500000 |   0.482585 |   0.034831
a            |   1.500000 |   1.495468 |   0.003021
b            |   0.900000 |   0.899054 |   0.001051
c            |   3.000000 |   3.000037 |   0.000012
d            |   0.800000 |   0.800009 |   0.000011


Cluster 3: 1 similar solutions
Best solution (Error: 2.6e-5):
--------------------------------------------------
Variable     | True Value  | Estimated   | Rel. Error
-----------------------------------------------------
x1(t)        |   2.000000 |   2.000531 |   0.000265
x2(t)        |   0.500000 |   0.499822 |   0.000356
a            |   1.500000 |   1.499999 |   0.000000
b            |   0.900000 |   0.899998 |   0.000003
c            |   3.000000 |   2.999797 |   0.000068
d            |   0.800000 |   0.799913 |   0.000109


Cluster 4: 1 similar solutions
Best solution (Error: 2.3e-5):
--------------------------------------------------
Variable     | True Value  | Estimated   | Rel. Error
-----------------------------------------------------
x1(t)        |   2.000000 |   1.999312 |   0.000344
x2(t)        |   0.500000 |   0.500275 |   0.000551
a            |   1.500000 |   1.500067 |   0.000045
b            |   0.900000 |   0.900013 |   0.000015
c            |   3.000000 |   3.000005 |   0.000002
d            |   0.800000 |   0.800001 |   0.000002


Cluster 5: 1 similar solutions
Best solution (Error: 1.8e-5):
--------------------------------------------------
Variable     | True Value  | Estimated   | Rel. Error
-----------------------------------------------------
x1(t)        |   2.000000 |   1.999750 |   0.000125
x2(t)        |   0.500000 |   0.500118 |   0.000237
a            |   1.500000 |   1.500058 |   0.000039
b            |   0.900000 |   0.900014 |   0.000015
c            |   3.000000 |   3.000001 |   0.000000
d            |   0.800000 |   0.800000 |   0.000000


Cluster 6: 1 similar solutions
Best solution (Error: 7.0e-6):
--------------------------------------------------
Variable     | True Value  | Estimated   | Rel. Error
-----------------------------------------------------
x1(t)        |   2.000000 |   1.999787 |   0.000106
x2(t)        |   0.500000 |   0.500071 |   0.000142
a            |   1.500000 |   1.500007 |   0.000005
b            |   0.900000 |   0.900017 |   0.000019
c            |   3.000000 |   3.000036 |   0.000012
d            |   0.800000 |   0.800015 |   0.000019


Cluster 7: 3 similar solutions
Best solution (Error: 1.0e-6):
--------------------------------------------------
Variable     | True Value  | Estimated   | Rel. Error
-----------------------------------------------------
x1(t)        |   2.000000 |   2.000037 |   0.000019
x2(t)        |   0.500000 |   0.499987 |   0.000025
a            |   1.500000 |   1.500004 |   0.000003
b            |   0.900000 |   0.900011 |   0.000012
c            |   3.000000 |   2.999981 |   0.000006
d            |   0.800000 |   0.799992 |   0.000010


Cluster 8: 17 similar solutions
Best solution (Error: 0.0):
--------------------------------------------------
Variable     | True Value  | Estimated   | Rel. Error
-----------------------------------------------------
x1(t)        |   2.000000 |   2.000000 |   0.000000
x2(t)        |   0.500000 |   0.500000 |   0.000000
a            |   1.500000 |   1.500000 |   0.000000
b            |   0.900000 |   0.900000 |   0.000000
c            |   3.000000 |   3.000000 |   0.000000
d            |   0.800000 |   0.800000 |   0.000000


Best approximation error for lv_periodic: 0.0

Best maximum relative error for lv_periodic (excluding ALL unidentifiable parameters): 0.0
Best minimum relative error: 0.0
Best mean relative error: 0.0
Best median relative error: 0.0
Best maximum relative error: 0.0
Best RMS relative error: 0.0
SUCCESS
