Starting model: two_compartment_pk
primes of bitsize 28
G-Q-Pt-FG-LT-LP(C)
Dimension of the quotient :2
Degree of the radical :2
Use last variable as separating element
Separating form: [0, 0, 0, 0, 0, 0, 0, 0, 1]
Run Groebner learn
Test cyclic optimization
Apply cyclic optimization 
Multi-modular computation (1 threads): G-Q-Pt-FG-LT-LP(C)
5-9-13-17-21-25-29-33-37-
check-G-Q-Pt-FG-LT-LP(C)
Nb Primes used :37
primes of bitsize 28
G-Q-Pt-FG-LT-LP(C)
Dimension of the quotient :2
Degree of the radical :2
Use last variable as separating element
Separating form: [0, 0, 0, 0, 0, 0, 0, 0, 1]
Run Groebner learn
Test cyclic optimization
Apply cyclic optimization 
Multi-modular computation (1 threads): G-Q-Pt-FG-LT-LP(C)
5-9-13-17-21-25-29-33-
check-G-Q-Pt-FG-LT-LP(C)
Nb Primes used :33
primes of bitsize 28
G-Q-Pt-FG-LT-LP(C)
Dimension of the quotient :2
Degree of the radical :2
Use last variable as separating element
Separating form: [0, 0, 0, 0, 0, 0, 0, 0, 1]
Run Groebner learn
Test cyclic optimization
Apply cyclic optimization 
Multi-modular computation (1 threads): G-Q-Pt-FG-LT-LP(C)
5-9-13-17-21-25-29-33-37-
check-G-Q-Pt-FG-LT-LP(C)
Nb Primes used :37
primes of bitsize 28
G-Q-Pt-FG-LT-LP(C)
Dimension of the quotient :2
Degree of the radical :2
Use last variable as separating element
Separating form: [0, 0, 0, 0, 0, 0, 0, 0, 1]
Run Groebner learn
Test cyclic optimization
Apply cyclic optimization 
Multi-modular computation (1 threads): G-Q-Pt-FG-LT-LP(C)
5-9-13-17-21-25-29-33-
check-G-Q-Pt-FG-LT-LP(C)
Nb Primes used :33
primes of bitsize 28
G-Q-Pt-FG-LT-LP(C)
Dimension of the quotient :2
Degree of the radical :2
Use last variable as separating element
Separating form: [0, 0, 0, 0, 0, 0, 0, 0, 1]
Run Groebner learn
Test cyclic optimization
Apply cyclic optimization 
Multi-modular computation (1 threads): G-Q-Pt-FG-LT-LP(C)
5-9-13-17-21-25-29-33-
check-G-Q-Pt-FG-LT-LP(C)
Nb Primes used :33
┌ Warning: Interrupted. Larger maxiters is needed. If you are using an integrator for non-stiff ODEs or an automatic switching algorithm (the default), you may want to consider using a method for stiff equations. See the solver pages for more details (e.g. https://docs.sciml.ai/DiffEqDocs/stable/solvers/ode_solve/#Stiff-Problems).
└ @ SciMLBase ~/.julia/packages/SciMLBase/DbVzk/src/integrator_interface.jl:589
┌ Warning: Interrupted. Larger maxiters is needed. If you are using an integrator for non-stiff ODEs or an automatic switching algorithm (the default), you may want to consider using a method for stiff equations. See the solver pages for more details (e.g. https://docs.sciml.ai/DiffEqDocs/stable/solvers/ode_solve/#Stiff-Problems).
└ @ SciMLBase ~/.julia/packages/SciMLBase/DbVzk/src/integrator_interface.jl:589
primes of bitsize 28
G-Q-Pt-FG-LT-LP(C)
Dimension of the quotient :2
Degree of the radical :2
Use last variable as separating element
Separating form: [0, 0, 0, 0, 0, 0, 0, 0, 1]
Run Groebner learn
Test cyclic optimization
Apply cyclic optimization 
Multi-modular computation (1 threads): G-Q-Pt-FG-LT-LP(C)
5-9-13-17-21-25-29-33-
check-G-Q-Pt-FG-LT-LP(C)
Nb Primes used :33
primes of bitsize 28
G-Q-Pt-FG-LT-LP(C)
Dimension of the quotient :2
Degree of the radical :2
Use last variable as separating element
Separating form: [0, 0, 0, 0, 0, 0, 0, 0, 1]
Run Groebner learn
Test cyclic optimization
Apply cyclic optimization 
Multi-modular computation (1 threads): G-Q-Pt-FG-LT-LP(C)
5-9-13-17-21-25-29-33-
check-G-Q-Pt-FG-LT-LP(C)
Nb Primes used :33
primes of bitsize 28
G-Q-Pt-FG-LT-LP(C)
Dimension of the quotient :2
Degree of the radical :2
Use last variable as separating element
Separating form: [0, 0, 0, 0, 0, 0, 0, 0, 1]
Run Groebner learn
Test cyclic optimization
Apply cyclic optimization 
Multi-modular computation (1 threads): G-Q-Pt-FG-LT-LP(C)
5-9-13-17-21-25-29-33-
check-G-Q-Pt-FG-LT-LP(C)
Nb Primes used :33
primes of bitsize 28
G-Q-Pt-FG-LT-LP(C)
Dimension of the quotient :2
Degree of the radical :2
Use last variable as separating element
Separating form: [0, 0, 0, 0, 0, 0, 0, 0, 1]
Run Groebner learn
Test cyclic optimization
Apply cyclic optimization 
Multi-modular computation (1 threads): G-Q-Pt-FG-LT-LP(C)
5-9-13-17-21-25-29-33-
check-G-Q-Pt-FG-LT-LP(C)
Nb Primes used :33
┌ Warning: Interrupted. Larger maxiters is needed. If you are using an integrator for non-stiff ODEs or an automatic switching algorithm (the default), you may want to consider using a method for stiff equations. See the solver pages for more details (e.g. https://docs.sciml.ai/DiffEqDocs/stable/solvers/ode_solve/#Stiff-Problems).
└ @ SciMLBase ~/.julia/packages/SciMLBase/DbVzk/src/integrator_interface.jl:589
┌ Warning: Interrupted. Larger maxiters is needed. If you are using an integrator for non-stiff ODEs or an automatic switching algorithm (the default), you may want to consider using a method for stiff equations. See the solver pages for more details (e.g. https://docs.sciml.ai/DiffEqDocs/stable/solvers/ode_solve/#Stiff-Problems).
└ @ SciMLBase ~/.julia/packages/SciMLBase/DbVzk/src/integrator_interface.jl:589
primes of bitsize 28
G-Q-Pt-FG-LT-LP(C)
Dimension of the quotient :2
Degree of the radical :2
Use last variable as separating element
Separating form: [0, 0, 0, 0, 0, 0, 0, 0, 1]
Run Groebner learn
Test cyclic optimization
Apply cyclic optimization 
Multi-modular computation (1 threads): G-Q-Pt-FG-LT-LP(C)
5-9-13-17-21-25-29-33-
check-G-Q-Pt-FG-LT-LP(C)
Nb Primes used :33
primes of bitsize 28
G-Q-Pt-FG-LT-LP(C)
Dimension of the quotient :2
Degree of the radical :2
Use last variable as separating element
Separating form: [0, 0, 0, 0, 0, 0, 0, 0, 1]
Run Groebner learn
Test cyclic optimization
Apply cyclic optimization 
Multi-modular computation (1 threads): G-Q-Pt-FG-LT-LP(C)
5-9-13-17-21-25-29-33-
check-G-Q-Pt-FG-LT-LP(C)
Nb Primes used :33
primes of bitsize 28
G-Q-Pt-FG-LT-LP(C)
Dimension of the quotient :2
Degree of the radical :2
Use last variable as separating element
Separating form: [0, 0, 0, 0, 0, 0, 0, 0, 1]
Run Groebner learn
Test cyclic optimization
Apply cyclic optimization 
Multi-modular computation (1 threads): G-Q-Pt-FG-LT-LP(C)
5-9-13-17-21-25-29-33-
check-G-Q-Pt-FG-LT-LP(C)
Nb Primes used :33
primes of bitsize 28
G-Q-Pt-FG-LT-LP(C)
Dimension of the quotient :2
Degree of the radical :2
Use last variable as separating element
Separating form: [0, 0, 0, 0, 0, 0, 0, 0, 1]
Run Groebner learn
Test cyclic optimization
Apply cyclic optimization 
Multi-modular computation (1 threads): G-Q-Pt-FG-LT-LP(C)
5-9-13-17-21-25-29-33-
check-G-Q-Pt-FG-LT-LP(C)
Nb Primes used :33
primes of bitsize 28
G-Q-Pt-FG-LT-LP(C)
Dimension of the quotient :2
Degree of the radical :2
Use last variable as separating element
Separating form: [0, 0, 0, 0, 0, 0, 0, 0, 1]
Run Groebner learn
Test cyclic optimization
Apply cyclic optimization 
Multi-modular computation (1 threads): G-Q-Pt-FG-LT-LP(C)
5-9-13-17-21-25-29-33-
check-G-Q-Pt-FG-LT-LP(C)
Nb Primes used :33
primes of bitsize 28
G-Q-Pt-FG-LT-LP(C)
Dimension of the quotient :2
Degree of the radical :2
Use last variable as separating element
Separating form: [0, 0, 0, 0, 0, 0, 0, 0, 1]
Run Groebner learn
Test cyclic optimization
Apply cyclic optimization 
Multi-modular computation (1 threads): G-Q-Pt-FG-LT-LP(C)
5-9-13-17-21-25-29-33-
check-G-Q-Pt-FG-LT-LP(C)
Nb Primes used :33
primes of bitsize 28
G-Q-Pt-FG-LT-LP(C)
Dimension of the quotient :2
Degree of the radical :2
Use last variable as separating element
Separating form: [0, 0, 0, 0, 0, 0, 0, 0, 1]
Run Groebner learn
Test cyclic optimization
Apply cyclic optimization 
Multi-modular computation (1 threads): G-Q-Pt-FG-LT-LP(C)
5-9-13-17-21-25-29-33-
check-G-Q-Pt-FG-LT-LP(C)
Nb Primes used :33
primes of bitsize 28
G-Q-Pt-FG-LT-LP(C)
Dimension of the quotient :2
Degree of the radical :2
Use last variable as separating element
Separating form: [0, 0, 0, 0, 0, 0, 0, 0, 1]
Run Groebner learn
Test cyclic optimization
Apply cyclic optimization 
Multi-modular computation (1 threads): G-Q-Pt-FG-LT-LP(C)
5-9-13-17-21-25-29-
check-G-Q-Pt-FG-LT-LP(C)
Nb Primes used :29
primes of bitsize 28
G-Q-Pt-FG-LT-LP(C)
Dimension of the quotient :2
Degree of the radical :2
Use last variable as separating element
Separating form: [0, 0, 0, 0, 0, 0, 0, 0, 1]
Run Groebner learn
Test cyclic optimization
Apply cyclic optimization 
Multi-modular computation (1 threads): G-Q-Pt-FG-LT-LP(C)
5-9-13-17-21-25-29-33-
check-G-Q-Pt-FG-LT-LP(C)
Nb Primes used :33
primes of bitsize 28
G-Q-Pt-FG-LT-LP(C)
Dimension of the quotient :2
Degree of the radical :2
Use last variable as separating element
Separating form: [0, 0, 0, 0, 0, 0, 0, 0, 1]
Run Groebner learn
Test cyclic optimization
Apply cyclic optimization 
Multi-modular computation (1 threads): G-Q-Pt-FG-LT-LP(C)
5-9-13-17-21-25-29-33-
check-G-Q-Pt-FG-LT-LP(C)
Nb Primes used :33
primes of bitsize 28
G-Q-Pt-FG-LT-LP(C)
Dimension of the quotient :2
Degree of the radical :2
Use last variable as separating element
Separating form: [0, 0, 0, 0, 0, 0, 0, 0, 1]
Run Groebner learn
Test cyclic optimization
Apply cyclic optimization 
Multi-modular computation (1 threads): G-Q-Pt-FG-LT-LP(C)
5-9-13-17-21-25-29-
check-G-Q-Pt-FG-LT-LP(C)
Nb Primes used :29
primes of bitsize 28
G-Q-Pt-FG-LT-LP(C)
Dimension of the quotient :2
Degree of the radical :2
Use last variable as separating element
Separating form: [0, 0, 0, 0, 0, 0, 0, 0, 1]
Run Groebner learn
Test cyclic optimization
Apply cyclic optimization 
Multi-modular computation (1 threads): G-Q-Pt-FG-LT-LP(C)
5-9-13-17-21-25-29-
check-G-Q-Pt-FG-LT-LP(C)
Nb Primes used :29
primes of bitsize 28
G-Q-Pt-FG-LT-LP(C)
Dimension of the quotient :2
Degree of the radical :2
Use last variable as separating element
Separating form: [0, 0, 0, 0, 0, 0, 0, 0, 1]
Run Groebner learn
Test cyclic optimization
Apply cyclic optimization 
Multi-modular computation (1 threads): G-Q-Pt-FG-LT-LP(C)
5-9-13-17-21-25-29-
check-G-Q-Pt-FG-LT-LP(C)
Nb Primes used :29
primes of bitsize 28
G-Q-Pt-FG-LT-LP(C)
Dimension of the quotient :2
Degree of the radical :2
Use last variable as separating element
Separating form: [0, 0, 0, 0, 0, 0, 0, 0, 1]
Run Groebner learn
Test cyclic optimization
Apply cyclic optimization 
Multi-modular computation (1 threads): G-Q-Pt-FG-LT-LP(C)
5-9-13-17-21-25-
check-G-Q-Pt-FG-LT-LP(C)
Nb Primes used :25
primes of bitsize 28
G-Q-Pt-FG-LT-LP(C)
Dimension of the quotient :2
Degree of the radical :2
Use last variable as separating element
Separating form: [0, 0, 0, 0, 0, 0, 0, 0, 0, 0, 0, 1]
Run Groebner learn
Test cyclic optimization
Apply cyclic optimization 
Multi-modular computation (1 threads): G-Q-Pt-FG-LT-LP(C)
5-9-13-17-21-25-29-33-
check-G-Q-Pt-FG-LT-LP(C)
Nb Primes used :33
primes of bitsize 28
G-Q-Pt-FG-LT-LP(C)
Dimension of the quotient :2
Degree of the radical :2
Use last variable as separating element
Separating form: [0, 0, 0, 0, 0, 0, 0, 0, 0, 0, 0, 1]
Run Groebner learn
Test cyclic optimization
Apply cyclic optimization 
Multi-modular computation (1 threads): G-Q-Pt-FG-LT-LP(C)
5-9-13-17-21-25-29-33-37-
check-G-Q-Pt-FG-LT-LP(C)
Nb Primes used :37
primes of bitsize 28
G-Q-Pt-FG-LT-LP(C)
Dimension of the quotient :2
Degree of the radical :2
Use last variable as separating element
Separating form: [0, 0, 0, 0, 0, 0, 0, 0, 0, 0, 0, 1]
Run Groebner learn
Test cyclic optimization
Apply cyclic optimization 
Multi-modular computation (1 threads): G-Q-Pt-FG-LT-LP(C)
5-9-13-17-21-25-29-33-
check-G-Q-Pt-FG-LT-LP(C)
Nb Primes used :33
primes of bitsize 28
G-Q-Pt-FG-LT-LP(C)
Dimension of the quotient :2
Degree of the radical :2
Use last variable as separating element
Separating form: [0, 0, 0, 0, 0, 0, 0, 0, 0, 0, 0, 1]
Run Groebner learn
Test cyclic optimization
Apply cyclic optimization 
Multi-modular computation (1 threads): G-Q-Pt-FG-LT-LP(C)
5-9-13-17-21-25-29-33-
check-G-Q-Pt-FG-LT-LP(C)
Nb Primes used :33
primes of bitsize 28
G-Q-Pt-FG-LT-LP(C)
Dimension of the quotient :2
Degree of the radical :2
Use last variable as separating element
Separating form: [0, 0, 0, 0, 0, 0, 0, 0, 0, 0, 0, 1]
Run Groebner learn
Test cyclic optimization
Apply cyclic optimization 
Multi-modular computation (1 threads): G-Q-Pt-FG-LT-LP(C)
5-9-13-17-21-25-29-33-
check-G-Q-Pt-FG-LT-LP(C)
Nb Primes used :33
primes of bitsize 28
G-Q-Pt-FG-LT-LP(C)
Dimension of the quotient :2
Degree of the radical :2
Use last variable as separating element
Separating form: [0, 0, 0, 0, 0, 0, 0, 0, 0, 0, 0, 1]
Run Groebner learn
Test cyclic optimization
Apply cyclic optimization 
Multi-modular computation (1 threads): G-Q-Pt-FG-LT-LP(C)
5-9-13-17-21-25-29-
check-G-Q-Pt-FG-LT-LP(C)
Nb Primes used :29
primes of bitsize 28
G-Q-Pt-FG-LT-LP(C)
Dimension of the quotient :2
Degree of the radical :2
Use last variable as separating element
Separating form: [0, 0, 0, 0, 0, 0, 0, 0, 0, 0, 0, 1]
Run Groebner learn
Test cyclic optimization
Apply cyclic optimization 
Multi-modular computation (1 threads): G-Q-Pt-FG-LT-LP(C)
5-9-13-17-21-25-29-33-
check-G-Q-Pt-FG-LT-LP(C)
Nb Primes used :33
┌ Warning: Interrupted. Larger maxiters is needed. If you are using an integrator for non-stiff ODEs or an automatic switching algorithm (the default), you may want to consider using a method for stiff equations. See the solver pages for more details (e.g. https://docs.sciml.ai/DiffEqDocs/stable/solvers/ode_solve/#Stiff-Problems).
└ @ SciMLBase ~/.julia/packages/SciMLBase/DbVzk/src/integrator_interface.jl:589
┌ Warning: Interrupted. Larger maxiters is needed. If you are using an integrator for non-stiff ODEs or an automatic switching algorithm (the default), you may want to consider using a method for stiff equations. See the solver pages for more details (e.g. https://docs.sciml.ai/DiffEqDocs/stable/solvers/ode_solve/#Stiff-Problems).
└ @ SciMLBase ~/.julia/packages/SciMLBase/DbVzk/src/integrator_interface.jl:589
primes of bitsize 28
G-Q-Pt-FG-LT-LP(C)
Dimension of the quotient :2
Degree of the radical :2
Use last variable as separating element
Separating form: [0, 0, 0, 0, 0, 0, 0, 0, 0, 0, 0, 1]
Run Groebner learn
Test cyclic optimization
Apply cyclic optimization 
Multi-modular computation (1 threads): G-Q-Pt-FG-LT-LP(C)
5-9-13-17-21-25-29-33-
check-G-Q-Pt-FG-LT-LP(C)
Nb Primes used :33
┌ Warning: Interrupted. Larger maxiters is needed. If you are using an integrator for non-stiff ODEs or an automatic switching algorithm (the default), you may want to consider using a method for stiff equations. See the solver pages for more details (e.g. https://docs.sciml.ai/DiffEqDocs/stable/solvers/ode_solve/#Stiff-Problems).
└ @ SciMLBase ~/.julia/packages/SciMLBase/DbVzk/src/integrator_interface.jl:589
┌ Warning: Interrupted. Larger maxiters is needed. If you are using an integrator for non-stiff ODEs or an automatic switching algorithm (the default), you may want to consider using a method for stiff equations. See the solver pages for more details (e.g. https://docs.sciml.ai/DiffEqDocs/stable/solvers/ode_solve/#Stiff-Problems).
└ @ SciMLBase ~/.julia/packages/SciMLBase/DbVzk/src/integrator_interface.jl:589
primes of bitsize 28
G-Q-Pt-FG-LT-LP(C)
Dimension of the quotient :2
Degree of the radical :2
Use last variable as separating element
Separating form: [0, 0, 0, 0, 0, 0, 0, 0, 0, 0, 0, 1]
Run Groebner learn
Test cyclic optimization
Apply cyclic optimization 
Multi-modular computation (1 threads): G-Q-Pt-FG-LT-LP(C)
5-9-13-17-21-25-29-33-
check-G-Q-Pt-FG-LT-LP(C)
Nb Primes used :33
┌ Warning: Interrupted. Larger maxiters is needed. If you are using an integrator for non-stiff ODEs or an automatic switching algorithm (the default), you may want to consider using a method for stiff equations. See the solver pages for more details (e.g. https://docs.sciml.ai/DiffEqDocs/stable/solvers/ode_solve/#Stiff-Problems).
└ @ SciMLBase ~/.julia/packages/SciMLBase/DbVzk/src/integrator_interface.jl:589
┌ Warning: Interrupted. Larger maxiters is needed. If you are using an integrator for non-stiff ODEs or an automatic switching algorithm (the default), you may want to consider using a method for stiff equations. See the solver pages for more details (e.g. https://docs.sciml.ai/DiffEqDocs/stable/solvers/ode_solve/#Stiff-Problems).
└ @ SciMLBase ~/.julia/packages/SciMLBase/DbVzk/src/integrator_interface.jl:589
primes of bitsize 28
G-Q-┌ Warning: System is not zero-dimensional, adding a random linear equation.
└ @ ODEParameterEstimation ~/.julia/dev/ODEParameterEstimation/src/core/homotopy_continuation.jl:386
primes of bitsize 28
G-Q-Pt-FG-LT-LP(C)
Dimension of the quotient :3
Degree of the radical :3
Use last variable as separating element
Separating form: [0, 0, 0, 0, 0, 0, 1]
Run Groebner learn
Test cyclic optimization
Apply cyclic optimization 
Multi-modular computation (1 threads): G-Q-Pt-FG-LT-LP(C)
5-9-13-17-21-25-29-33-
check-G-Q-Pt-FG-LT-LP(C)
Nb Primes used :33

Unidentifiability Analysis from multipoint_parameter_estimation:
All unidentifiable variables: Set(Any[k21, V1, C2(t), ke, k12, V2])
Unidentifiable variables substitution dictionary: Dict{Any, Any}(k12 => 0.11227810842881703, V1 => 0.42723550508157493, V2 => 0.069325597022585)
Trivially solvable variables: Dict{Any, Any}()

=== Model: two_compartment_pk ===

All structurally unidentifiable parameters:
--------------------------------------------------
These parameters cannot be uniquely determined from the data:
  • k12
  • k21
  • V1
  • C2(t)
  • V2
  • ke


Minimal set of fixed values to make remaining parameters identifiable:
--------------------------------------------------
These parameters were fixed to make the system identifiable:
  • k12 = 0.235598
  • V1 = 0.474793
  • V2 = 0.865956


Found 31 distinct solution clusters:

Cluster 1: 1 similar solutions
Best solution (Error: 0.071714):
--------------------------------------------------
Variable     | True Value  | Estimated   | Rel. Error
-----------------------------------------------------
C1(t)        |  10.000000 | -17.907918 |   2.790792
C2(t)        |   0.000000 |   9.037286 |   9.037286
k12          |   0.500000 |   0.348255 |   0.303490
k21          |   0.250000 |   0.079968 |   0.680130
ke           |   0.150000 |   0.465505 |   2.103365
V1           |   1.000000 |   0.225181 |   0.774819
V2           |   2.000000 |   0.839362 |   0.580319


Cluster 2: 1 similar solutions
Best solution (Error: 0.019148):
--------------------------------------------------
Variable     | True Value  | Estimated   | Rel. Error
-----------------------------------------------------
C1(t)        |  10.000000 |   2.531630 |   0.746837
C2(t)        |   0.000000 |  30.748837 |  30.748837
k12          |   0.500000 |   0.218053 |   0.563894
k21          |   0.250000 |   0.099593 |   0.601626
ke           |   0.150000 |   0.214967 |   0.433111
V1           |   1.000000 |   0.970206 |   0.029794
V2           |   2.000000 |   0.313101 |   0.843449


Cluster 3: 1 similar solutions
Best solution (Error: 0.019148):
--------------------------------------------------
Variable     | True Value  | Estimated   | Rel. Error
-----------------------------------------------------
C1(t)        |  10.000000 |   2.531632 |   0.746837
C2(t)        |   0.000000 |  10.035533 |  10.035533
k12          |   0.500000 |   0.218053 |   0.563894
k21          |   0.250000 |   0.214967 |   0.140133
ke           |   0.150000 |   0.099593 |   0.336044
V1           |   1.000000 |   0.970206 |   0.029794
V2           |   2.000000 |   0.313101 |   0.843449


Cluster 4: 1 similar solutions
Best solution (Error: 0.019147):
--------------------------------------------------
Variable     | True Value  | Estimated   | Rel. Error
-----------------------------------------------------
C1(t)        |  10.000000 |   2.538134 |   0.746187
C2(t)        |   0.000000 |  -0.000718 |   0.000718
k12          |   0.500000 |   0.008634 |   0.982732
k21          |   0.250000 |  -0.614027 |   3.456110
ke           |   0.150000 |   0.043223 |   0.711849
V1           |   1.000000 |   0.017488 |   0.982512
V2           |   2.000000 |   0.811255 |   0.594372


Cluster 5: 1 similar solutions
Best solution (Error: 0.019147):
--------------------------------------------------
Variable     | True Value  | Estimated   | Rel. Error
-----------------------------------------------------
C1(t)        |  10.000000 |   2.538134 |   0.746187
C2(t)        |   0.000000 |  -0.821801 |   0.821801
k12          |   0.500000 |   0.008634 |   0.982732
k21          |   0.250000 |   0.043223 |   0.827109
ke           |   0.150000 |  -0.614027 |   5.093516
V1           |   1.000000 |   0.017488 |   0.982512
V2           |   2.000000 |   0.811255 |   0.594372


Cluster 6: 1 similar solutions
Best solution (Error: 0.019132):
--------------------------------------------------
Variable     | True Value  | Estimated   | Rel. Error
-----------------------------------------------------
C1(t)        |  10.000000 |   2.537011 |   0.746299
C2(t)        |   0.000000 | -95.185259 |  95.185259
k12          |   0.500000 |   0.748547 |   0.497094
k21          |   0.250000 |   0.016106 |   0.935578
ke           |   0.150000 |  -1.140261 |   8.601742
V1           |   1.000000 |   0.544592 |   0.455408
V2           |   2.000000 |   0.392498 |   0.803751


Cluster 7: 1 similar solutions
Best solution (Error: 0.019132):
--------------------------------------------------
Variable     | True Value  | Estimated   | Rel. Error
-----------------------------------------------------
C1(t)        |  10.000000 |   2.537011 |   0.746299
C2(t)        |   0.000000 |  -2.225384 |   2.225384
k12          |   0.500000 |   0.748547 |   0.497094
k21          |   0.250000 |  -1.140261 |   5.561045
ke           |   0.150000 |   0.016106 |   0.892629
V1           |   1.000000 |   0.544592 |   0.455408
V2           |   2.000000 |   0.392498 |   0.803751


Cluster 8: 1 similar solutions
Best solution (Error: 0.018937):
--------------------------------------------------
Variable     | True Value  | Estimated   | Rel. Error
-----------------------------------------------------
C1(t)        |  10.000000 |   2.580374 |   0.741963
C2(t)        |   0.000000 | -28.213392 |  28.213392
k12          |   0.500000 |   0.986746 |   0.973493
k21          |   0.250000 |   0.000020 |   0.999919
ke           |   0.150000 |  -0.942813 |   7.285421
V1           |   1.000000 |   0.530135 |   0.469865
V2           |   2.000000 |   0.913011 |   0.543495


Cluster 9: 1 similar solutions
Best solution (Error: 0.017373):
--------------------------------------------------
Variable     | True Value  | Estimated   | Rel. Error
-----------------------------------------------------
C1(t)        |  10.000000 |   3.151935 |   0.684807
C2(t)        |   0.000000 |   0.286030 |   0.286030
k12          |   0.500000 |   0.145632 |   0.708736
k21          |   0.250000 |   0.505517 |   1.022069
ke           |   0.150000 |   0.057610 |   0.615933
V1           |   1.000000 |   0.935308 |   0.064692
V2           |   2.000000 |   0.784366 |   0.607817


Cluster 10: 1 similar solutions
Best solution (Error: 0.017373):
--------------------------------------------------
Variable     | True Value  | Estimated   | Rel. Error
-----------------------------------------------------
C1(t)        |  10.000000 |   3.151940 |   0.684806
C2(t)        |   0.000000 |  31.731385 |  31.731385
k12          |   0.500000 |   0.145632 |   0.708736
k21          |   0.250000 |   0.057610 |   0.769560
ke           |   0.150000 |   0.505517 |   2.370115
V1           |   1.000000 |   0.935308 |   0.064692
V2           |   2.000000 |   0.784366 |   0.607817


Cluster 11: 1 similar solutions
Best solution (Error: 0.004433):
--------------------------------------------------
Variable     | True Value  | Estimated   | Rel. Error
-----------------------------------------------------
C1(t)        |  10.000000 |  11.810238 |   0.181024
C2(t)        |   0.000000 |  -5.476659 |   5.476659
k12          |   0.500000 |   0.277245 |   0.445511
k21          |   0.250000 |   0.572830 |   1.291320
ke           |   0.150000 |   0.066751 |   0.554992
V1           |   1.000000 |   0.572991 |   0.427009
V2           |   2.000000 |   0.756744 |   0.621628


Cluster 12: 1 similar solutions
Best solution (Error: 0.004433):
--------------------------------------------------
Variable     | True Value  | Estimated   | Rel. Error
-----------------------------------------------------
C1(t)        |  10.000000 |  11.810043 |   0.181004
C2(t)        |   0.000000 |  20.799762 |  20.799762
k12          |   0.500000 |   0.277245 |   0.445511
k21          |   0.250000 |   0.066751 |   0.732995
ke           |   0.150000 |   0.572830 |   2.818867
V1           |   1.000000 |   0.572991 |   0.427009
V2           |   2.000000 |   0.756744 |   0.621628


Cluster 13: 1 similar solutions
Best solution (Error: 0.001364):
--------------------------------------------------
Variable     | True Value  | Estimated   | Rel. Error
-----------------------------------------------------
C1(t)        |  10.000000 |  10.532516 |   0.053252
C2(t)        |   0.000000 |  21.794812 |  21.794812
k12          |   0.500000 |   0.413695 |   0.172611
k21          |   0.250000 |   0.096083 |   0.615667
ke           |   0.150000 |   0.390340 |   1.602269
V1           |   1.000000 |   0.795470 |   0.204530
V2           |   2.000000 |   0.574205 |   0.712897


Cluster 14: 1 similar solutions
Best solution (Error: 0.001031):
--------------------------------------------------
Variable     | True Value  | Estimated   | Rel. Error
-----------------------------------------------------
C1(t)        |  10.000000 |   9.574691 |   0.042531
C2(t)        |   0.000000 |  -1.147795 |   1.147795
k12          |   0.500000 |   0.348255 |   0.303490
k21          |   0.250000 |   0.465505 |   0.862019
ke           |   0.150000 |   0.079968 |   0.466883
V1           |   1.000000 |   0.225181 |   0.774819
V2           |   2.000000 |   0.839362 |   0.580319


Cluster 15: 1 similar solutions
Best solution (Error: 0.000431):
--------------------------------------------------
Variable     | True Value  | Estimated   | Rel. Error
-----------------------------------------------------
C1(t)        |  10.000000 |   9.820724 |   0.017928
C2(t)        |   0.000000 |   3.955166 |   3.955166
k12          |   0.500000 |   0.285050 |   0.429900
k21          |   0.250000 |   0.068795 |   0.724821
ke           |   0.150000 |   0.543203 |   2.621352
V1           |   1.000000 |   0.132164 |   0.867836
V2           |   2.000000 |   0.878676 |   0.560662


Cluster 16: 1 similar solutions
Best solution (Error: 0.000431):
--------------------------------------------------
Variable     | True Value  | Estimated   | Rel. Error
-----------------------------------------------------
C1(t)        |  10.000000 |   9.820725 |   0.017928
C2(t)        |   0.000000 |  -0.789172 |   0.789172
k12          |   0.500000 |   0.285050 |   0.429900
k21          |   0.250000 |   0.543203 |   1.172811
ke           |   0.150000 |   0.068795 |   0.541368
V1           |   1.000000 |   0.132164 |   0.867836
V2           |   2.000000 |   0.878676 |   0.560662


Cluster 17: 1 similar solutions
Best solution (Error: 7.7e-5):
--------------------------------------------------
Variable     | True Value  | Estimated   | Rel. Error
-----------------------------------------------------
C1(t)        |  10.000000 |  10.031608 |   0.003161
C2(t)        |   0.000000 |  -3.457570 |   3.457570
k12          |   0.500000 |   0.409408 |   0.181185
k21          |   0.250000 |   0.396380 |   0.585522
ke           |   0.150000 |   0.094655 |   0.368968
V1           |   1.000000 |   0.781920 |   0.218080
V2           |   2.000000 |   0.840864 |   0.579568


Cluster 18: 1 similar solutions
Best solution (Error: 7.7e-5):
--------------------------------------------------
Variable     | True Value  | Estimated   | Rel. Error
-----------------------------------------------------
C1(t)        |  10.000000 |  10.031607 |   0.003161
C2(t)        |   0.000000 |  15.256542 |  15.256542
k12          |   0.500000 |   0.409408 |   0.181185
k21          |   0.250000 |   0.094655 |   0.621381
ke           |   0.150000 |   0.396380 |   1.642536
V1           |   1.000000 |   0.781920 |   0.218080
V2           |   2.000000 |   0.840864 |   0.579568


Cluster 19: 1 similar solutions
Best solution (Error: 4.1e-5):
--------------------------------------------------
Variable     | True Value  | Estimated   | Rel. Error
-----------------------------------------------------
C1(t)        |  10.000000 |  10.016562 |   0.001656
C2(t)        |   0.000000 |  -5.000069 |   5.000069
k12          |   0.500000 |   0.413695 |   0.172611
k21          |   0.250000 |   0.390340 |   0.561362
ke           |   0.150000 |   0.096083 |   0.359445
V1           |   1.000000 |   0.795470 |   0.204530
V2           |   2.000000 |   0.574205 |   0.712897


Cluster 20: 1 similar solutions
Best solution (Error: 1.2e-5):
--------------------------------------------------
Variable     | True Value  | Estimated   | Rel. Error
-----------------------------------------------------
C1(t)        |  10.000000 |   9.994553 |   0.000545
C2(t)        |   0.000000 |  -5.756987 |   5.756987
k12          |   0.500000 |   0.271657 |   0.456687
k21          |   0.250000 |   0.561320 |   1.245281
ke           |   0.150000 |   0.066775 |   0.554830
V1           |   1.000000 |   0.470893 |   0.529107
V2           |   2.000000 |   0.453359 |   0.773320


Cluster 21: 1 similar solutions
Best solution (Error: 1.2e-5):
--------------------------------------------------
Variable     | True Value  | Estimated   | Rel. Error
-----------------------------------------------------
C1(t)        |  10.000000 |   9.994553 |   0.000545
C2(t)        |   0.000000 |  28.489500 |  28.489500
k12          |   0.500000 |   0.271657 |   0.456687
k21          |   0.250000 |   0.066775 |   0.732898
ke           |   0.150000 |   0.561320 |   2.742134
V1           |   1.000000 |   0.470893 |   0.529107
V2           |   2.000000 |   0.453359 |   0.773320


Cluster 22: 1 similar solutions
Best solution (Error: 5.0e-6):
--------------------------------------------------
Variable     | True Value  | Estimated   | Rel. Error
-----------------------------------------------------
C1(t)        |  10.000000 |   9.997703 |   0.000230
C2(t)        |   0.000000 | -40.703831 |  40.703831
k12          |   0.500000 |   0.112278 |   0.775444
k21          |   0.250000 |   0.736747 |   1.946990
ke           |   0.150000 |   0.050895 |   0.660701
V1           |   1.000000 |   0.427236 |   0.572764
V2           |   2.000000 |   0.069326 |   0.965337


Cluster 23: 1 similar solutions
Best solution (Error: 5.0e-6):
--------------------------------------------------
Variable     | True Value  | Estimated   | Rel. Error
-----------------------------------------------------
C1(t)        |  10.000000 |   9.997703 |   0.000230
C2(t)        |   0.000000 | 241.068430 | 241.068430
k12          |   0.500000 |   0.112278 |   0.775444
k21          |   0.250000 |   0.050895 |   0.796421
ke           |   0.150000 |   0.736747 |   3.911649
V1           |   1.000000 |   0.427236 |   0.572764
V2           |   2.000000 |   0.069326 |   0.965337


Cluster 24: 1 similar solutions
Best solution (Error: 3.0e-6):
--------------------------------------------------
Variable     | True Value  | Estimated   | Rel. Error
-----------------------------------------------------
C1(t)        |  10.000000 |   9.998897 |   0.000110
C2(t)        |   0.000000 |   2.522681 |   2.522681
k12          |   0.500000 |   0.486271 |   0.027458
k21          |   0.250000 |   0.134113 |   0.463547
ke           |   0.150000 |   0.279614 |   0.864094
V1           |   1.000000 |   0.170990 |   0.829010
V2           |   2.000000 |   0.585741 |   0.707129


Cluster 25: 1 similar solutions
Best solution (Error: 1.0e-6):
--------------------------------------------------
Variable     | True Value  | Estimated   | Rel. Error
-----------------------------------------------------
C1(t)        |  10.000000 |   9.999521 |   0.000048
C2(t)        |   0.000000 |  -0.309061 |   0.309061
k12          |   0.500000 |   0.486271 |   0.027458
k21          |   0.250000 |   0.279614 |   0.118456
ke           |   0.150000 |   0.134113 |   0.105912
V1           |   1.000000 |   0.170990 |   0.829010
V2           |   2.000000 |   0.585741 |   0.707129


Cluster 26: 1 similar solutions
Best solution (Error: 1.0e-6):
--------------------------------------------------
Variable     | True Value  | Estimated   | Rel. Error
-----------------------------------------------------
C1(t)        |  10.000000 |  10.000211 |   0.000021
C2(t)        |   0.000000 | 131.029089 | 131.029089
k12          |   0.500000 |   0.263605 |   0.472789
k21          |   0.250000 |   0.065711 |   0.737157
ke           |   0.150000 |   0.570684 |   2.804559
V1           |   1.000000 |   0.406182 |   0.593818
V2           |   2.000000 |   0.086939 |   0.956530


Cluster 27: 1 similar solutions
Best solution (Error: 0.0):
--------------------------------------------------
Variable     | True Value  | Estimated   | Rel. Error
-----------------------------------------------------
C1(t)        |  10.000000 |   9.999999 |   0.000000
C2(t)        |   0.000000 | -26.253407 |  26.253407
k12          |   0.500000 |   0.263605 |   0.472789
k21          |   0.250000 |   0.570684 |   1.282736
ke           |   0.150000 |   0.065711 |   0.561929
V1           |   1.000000 |   0.406182 |   0.593818
V2           |   2.000000 |   0.086939 |   0.956530


Cluster 28: 1 similar solutions
Best solution (Error: 0.0):
--------------------------------------------------
Variable     | True Value  | Estimated   | Rel. Error
-----------------------------------------------------
C1(t)        |  10.000000 |  10.000000 |   0.000000
C2(t)        |   0.000000 |   4.429143 |   4.429143
k12          |   0.500000 |   0.508438 |   0.016876
k21          |   0.250000 |   0.166968 |   0.332129
ke           |   0.150000 |   0.224594 |   0.497295
V1           |   1.000000 |   0.652416 |   0.347584
V2           |   2.000000 |   0.732519 |   0.633740


Cluster 29: 1 similar solutions
Best solution (Error: 0.0):
--------------------------------------------------
Variable     | True Value  | Estimated   | Rel. Error
-----------------------------------------------------
C1(t)        |  10.000000 |  10.000000 |   0.000000
C2(t)        |   0.000000 |  16.526190 |  16.526190
k12          |   0.500000 |   0.235598 |   0.528803
k21          |   0.250000 |   0.062280 |   0.750881
ke           |   0.150000 |   0.602122 |   3.014147
V1           |   1.000000 |   0.474793 |   0.525207
V2           |   2.000000 |   0.865956 |   0.567022


Cluster 30: 1 similar solutions
Best solution (Error: 0.0):
--------------------------------------------------
Variable     | True Value  | Estimated   | Rel. Error
-----------------------------------------------------
C1(t)        |  10.000000 |  10.000000 |   0.000000
C2(t)        |   0.000000 |   1.007483 |   1.007483
k12          |   0.500000 |   0.508438 |   0.016876
k21          |   0.250000 |   0.224594 |   0.101623
ke           |   0.150000 |   0.166968 |   0.113118
V1           |   1.000000 |   0.652416 |   0.347584
V2           |   2.000000 |   0.732519 |   0.633740


Cluster 31: 1 similar solutions
Best solution (Error: 0.0):
--------------------------------------------------
Variable     | True Value  | Estimated   | Rel. Error
-----------------------------------------------------
C1(t)        |  10.000000 |  10.000000 |   0.000000
C2(t)        |   0.000000 |  -3.206395 |   3.206395
k12          |   0.500000 |   0.235598 |   0.528803
k21          |   0.250000 |   0.602122 |   1.408488
ke           |   0.150000 |   0.062280 |   0.584802
V1           |   1.000000 |   0.474793 |   0.525207
V2           |   2.000000 |   0.865956 |   0.567022


Best approximation error for two_compartment_pk: 0.0

Best maximum relative error for two_compartment_pk (excluding ALL unidentifiable parameters): 0.0
Best minimum relative error: 0.0
Best mean relative error: 0.0
Best median relative error: 0.0
Best maximum relative error: 0.0
Best RMS relative error: 0.0
SUCCESS
