Starting model: daisy_mamil4
primes of bitsize 28
G-Q-Pt-FG-LT-LP(U)
G-Q-Pt-FG-LT-LP(U)
G-Q-Pt-FG-LT-LP(U)
G-Q-Pt-FG-LT-LP(U)
G-Q-Pt-FG-LT-LP(U)
G-Q-Pt-FG-LT-LP(U)
G-Q-Pt-FG-LT-LP(U)
G-Q-Pt-FG-LT-LP(U)
G-Q-Pt-FG-LT-LP(U)
G-Q-Pt-FG-LT-LP(C)
Dimension of the quotient :2
Degree of the radical :2
Use variable 19 as separating element
Separating form: [0, 0, 0, 0, 0, 0, 0, 0, 0, 0, 0, 0, 0, 0, 0, 0, 0, 0, 1, 0, 0, 0, 0, 0, 0, 0, 0, 0]
Run Groebner learn
Test cyclic optimization
Apply cyclic optimization 
Multi-modular computation (1 threads): G-Q-Pt-FG-LT-LP(C)
5-9-13-17-21-25-29-33-37-41-45-49-53-61-
check-G-Q-Pt-FG-LT-LP(C)
Nb Primes used :61
primes of bitsize 28
G-Q-Pt-FG-LT-LP(U)
G-Q-Pt-FG-LT-LP(U)
G-Q-Pt-FG-LT-LP(U)
G-Q-Pt-FG-LT-LP(U)
G-Q-Pt-FG-LT-LP(U)
G-Q-Pt-FG-LT-LP(U)
G-Q-Pt-FG-LT-LP(U)
G-Q-Pt-FG-LT-LP(U)
G-Q-Pt-FG-LT-LP(U)
G-Q-Pt-FG-LT-LP(C)
Dimension of the quotient :2
Degree of the radical :2
Use variable 19 as separating element
Separating form: [0, 0, 0, 0, 0, 0, 0, 0, 0, 0, 0, 0, 0, 0, 0, 0, 0, 0, 1, 0, 0, 0, 0, 0, 0, 0, 0, 0]
Run Groebner learn
Test cyclic optimization
Apply cyclic optimization 
Multi-modular computation (1 threads): G-Q-Pt-FG-LT-LP(C)
5-9-13-17-21-25-29-33-37-41-45-49-53-61-69-
check-G-Q-Pt-FG-LT-LP(C)
Nb Primes used :69
primes of bitsize 28
G-Q-Pt-FG-LT-LP(U)
G-Q-Pt-FG-LT-LP(U)
G-Q-Pt-FG-LT-LP(U)
G-Q-Pt-FG-LT-LP(U)
G-Q-Pt-FG-LT-LP(U)
G-Q-Pt-FG-LT-LP(U)
G-Q-Pt-FG-LT-LP(U)
G-Q-Pt-FG-LT-LP(U)
G-Q-Pt-FG-LT-LP(U)
G-Q-Pt-FG-LT-LP(C)
Dimension of the quotient :2
Degree of the radical :2
Use variable 19 as separating element
Separating form: [0, 0, 0, 0, 0, 0, 0, 0, 0, 0, 0, 0, 0, 0, 0, 0, 0, 0, 1, 0, 0, 0, 0, 0, 0, 0, 0, 0]
Run Groebner learn
Test cyclic optimization
Apply cyclic optimization 
Multi-modular computation (1 threads): G-Q-Pt-FG-LT-LP(C)
5-9-13-17-21-25-29-33-37-41-45-49-53-61-69-
check-G-Q-Pt-FG-LT-LP(C)
Nb Primes used :69
primes of bitsize 28
G-Q-Pt-FG-LT-LP(U)
G-Q-Pt-FG-LT-LP(U)
G-Q-Pt-FG-LT-LP(U)
G-Q-Pt-FG-LT-LP(U)
G-Q-Pt-FG-LT-LP(U)
G-Q-Pt-FG-LT-LP(U)
G-Q-Pt-FG-LT-LP(U)
G-Q-Pt-FG-LT-LP(U)
G-Q-Pt-FG-LT-LP(U)
G-Q-Pt-FG-LT-LP(C)
Dimension of the quotient :2
Degree of the radical :2
Use variable 19 as separating element
Separating form: [0, 0, 0, 0, 0, 0, 0, 0, 0, 0, 0, 0, 0, 0, 0, 0, 0, 0, 1, 0, 0, 0, 0, 0, 0, 0, 0, 0]
Run Groebner learn
Test cyclic optimization
Apply cyclic optimization 
Multi-modular computation (1 threads): G-Q-Pt-FG-LT-LP(C)
5-9-13-17-21-25-29-33-37-41-45-49-53-61-69-
check-G-Q-Pt-FG-LT-LP(C)
Nb Primes used :69
primes of bitsize 28
G-Q-Pt-FG-LT-LP(U)
G-Q-Pt-FG-LT-LP(U)
G-Q-Pt-FG-LT-LP(U)
G-Q-Pt-FG-LT-LP(U)
G-Q-Pt-FG-LT-LP(U)
G-Q-Pt-FG-LT-LP(U)
G-Q-Pt-FG-LT-LP(U)
G-Q-Pt-FG-LT-LP(U)
G-Q-Pt-FG-LT-LP(U)
G-Q-Pt-FG-LT-LP(C)
Dimension of the quotient :2
Degree of the radical :2
Use variable 19 as separating element
Separating form: [0, 0, 0, 0, 0, 0, 0, 0, 0, 0, 0, 0, 0, 0, 0, 0, 0, 0, 1, 0, 0, 0, 0, 0, 0, 0, 0, 0]
Run Groebner learn
Test cyclic optimization
Apply cyclic optimization 
Multi-modular computation (1 threads): G-Q-Pt-FG-LT-LP(C)
5-9-13-17-21-25-29-33-37-41-45-49-53-61-69-
check-G-Q-Pt-FG-LT-LP(C)
Nb Primes used :69
primes of bitsize 28
G-Q-Pt-FG-LT-LP(U)
G-Q-Pt-FG-LT-LP(U)
G-Q-Pt-FG-LT-LP(U)
G-Q-Pt-FG-LT-LP(U)
G-Q-Pt-FG-LT-LP(U)
G-Q-Pt-FG-LT-LP(U)
G-Q-Pt-FG-LT-LP(U)
G-Q-Pt-FG-LT-LP(U)
G-Q-Pt-FG-LT-LP(U)
G-Q-Pt-FG-LT-LP(C)
Dimension of the quotient :2
Degree of the radical :2
Use variable 19 as separating element
Separating form: [0, 0, 0, 0, 0, 0, 0, 0, 0, 0, 0, 0, 0, 0, 0, 0, 0, 0, 1, 0, 0, 0, 0, 0, 0, 0, 0, 0]
Run Groebner learn
Test cyclic optimization
Apply cyclic optimization 
Multi-modular computation (1 threads): G-Q-Pt-FG-LT-LP(C)
5-9-13-17-21-25-29-33-37-41-45-49-53-61-69-
check-G-Q-Pt-FG-LT-LP(C)
Nb Primes used :69
primes of bitsize 28
G-Q-Pt-FG-LT-LP(U)
G-Q-Pt-FG-LT-LP(U)
G-Q-Pt-FG-LT-LP(U)
G-Q-Pt-FG-LT-LP(U)
G-Q-Pt-FG-LT-LP(U)
G-Q-Pt-FG-LT-LP(U)
G-Q-Pt-FG-LT-LP(U)
G-Q-Pt-FG-LT-LP(U)
G-Q-Pt-FG-LT-LP(U)
G-Q-Pt-FG-LT-LP(C)
Dimension of the quotient :2
Degree of the radical :2
Use variable 19 as separating element
Separating form: [0, 0, 0, 0, 0, 0, 0, 0, 0, 0, 0, 0, 0, 0, 0, 0, 0, 0, 1, 0, 0, 0, 0, 0, 0, 0, 0, 0]
Run Groebner learn
Test cyclic optimization
Apply cyclic optimization 
Multi-modular computation (1 threads): G-Q-Pt-FG-LT-LP(C)
5-9-13-17-21-25-29-33-37-41-45-49-53-61-69-
check-G-Q-Pt-FG-LT-LP(C)
Nb Primes used :69
primes of bitsize 28
G-Q-Pt-FG-LT-LP(U)
G-Q-Pt-FG-LT-LP(U)
G-Q-Pt-FG-LT-LP(U)
G-Q-Pt-FG-LT-LP(U)
G-Q-Pt-FG-LT-LP(U)
G-Q-Pt-FG-LT-LP(U)
G-Q-Pt-FG-LT-LP(U)
G-Q-Pt-FG-LT-LP(U)
G-Q-Pt-FG-LT-LP(U)
G-Q-Pt-FG-LT-LP(C)
Dimension of the quotient :2
Degree of the radical :2
Use variable 19 as separating element
Separating form: [0, 0, 0, 0, 0, 0, 0, 0, 0, 0, 0, 0, 0, 0, 0, 0, 0, 0, 1, 0, 0, 0, 0, 0, 0, 0, 0, 0]
Run Groebner learn
Test cyclic optimization
Apply cyclic optimization 
Multi-modular computation (1 threads): G-Q-Pt-FG-LT-LP(C)
5-9-13-17-21-25-29-33-37-41-45-49-53-61-
check-G-Q-Pt-FG-LT-LP(C)
Nb Primes used :61
primes of bitsize 28
G-Q-Pt-FG-LT-LP(U)
G-Q-Pt-FG-LT-LP(U)
G-Q-Pt-FG-LT-LP(U)
G-Q-Pt-FG-LT-LP(U)
G-Q-Pt-FG-LT-LP(U)
G-Q-Pt-FG-LT-LP(U)
G-Q-Pt-FG-LT-LP(U)
G-Q-Pt-FG-LT-LP(U)
G-Q-Pt-FG-LT-LP(U)
G-Q-Pt-FG-LT-LP(C)
Dimension of the quotient :2
Degree of the radical :2
Use variable 19 as separating element
Separating form: [0, 0, 0, 0, 0, 0, 0, 0, 0, 0, 0, 0, 0, 0, 0, 0, 0, 0, 1, 0, 0, 0, 0, 0, 0, 0, 0, 0]
Run Groebner learn
Test cyclic optimization
Apply cyclic optimization 
Multi-modular computation (1 threads): G-Q-Pt-FG-LT-LP(C)
5-9-13-17-21-25-29-33-37-41-45-49-53-61-69-
check-G-Q-Pt-FG-LT-LP(C)
Nb Primes used :69
primes of bitsize 28
G-Q-Pt-FG-LT-LP(U)
G-Q-Pt-FG-LT-LP(U)
G-Q-Pt-FG-LT-LP(U)
G-Q-Pt-FG-LT-LP(U)
G-Q-Pt-FG-LT-LP(U)
G-Q-Pt-FG-LT-LP(U)
G-Q-Pt-FG-LT-LP(U)
G-Q-Pt-FG-LT-LP(U)
G-Q-Pt-FG-LT-LP(U)
G-Q-Pt-FG-LT-LP(C)
Dimension of the quotient :2
Degree of the radical :2
Use variable 19 as separating element
Separating form: [0, 0, 0, 0, 0, 0, 0, 0, 0, 0, 0, 0, 0, 0, 0, 0, 0, 0, 1, 0, 0, 0, 0, 0, 0, 0, 0, 0]
Run Groebner learn
Test cyclic optimization
Apply cyclic optimization 
Multi-modular computation (1 threads): G-Q-Pt-FG-LT-LP(C)
5-9-13-17-21-25-29-33-37-41-45-49-53-61-69-
check-G-Q-Pt-FG-LT-LP(C)
Nb Primes used :69
┌ Warning: Interrupted. Larger maxiters is needed. If you are using an integrator for non-stiff ODEs or an automatic switching algorithm (the default), you may want to consider using a method for stiff equations. See the solver pages for more details (e.g. https://docs.sciml.ai/DiffEqDocs/stable/solvers/ode_solve/#Stiff-Problems).
└ @ SciMLBase ~/.julia/packages/SciMLBase/u2Ue2/src/integrator_interface.jl:589
┌ Warning: Interrupted. Larger maxiters is needed. If you are using an integrator for non-stiff ODEs or an automatic switching algorithm (the default), you may want to consider using a method for stiff equations. See the solver pages for more details (e.g. https://docs.sciml.ai/DiffEqDocs/stable/solvers/ode_solve/#Stiff-Problems).
└ @ SciMLBase ~/.julia/packages/SciMLBase/u2Ue2/src/integrator_interface.jl:589
primes of bitsize 28
G-Q-Pt-FG-LT-LP(U)
G-Q-Pt-FG-LT-LP(U)
G-Q-Pt-FG-LT-LP(U)
G-Q-Pt-FG-LT-LP(U)
G-Q-Pt-FG-LT-LP(U)
G-Q-Pt-FG-LT-LP(U)
G-Q-Pt-FG-LT-LP(U)
G-Q-Pt-FG-LT-LP(U)
G-Q-Pt-FG-LT-LP(U)
G-Q-Pt-FG-LT-LP(C)
Dimension of the quotient :2
Degree of the radical :2
Use variable 19 as separating element
Separating form: [0, 0, 0, 0, 0, 0, 0, 0, 0, 0, 0, 0, 0, 0, 0, 0, 0, 0, 1, 0, 0, 0, 0, 0, 0, 0, 0, 0]
Run Groebner learn
Test cyclic optimization
Apply cyclic optimization 
Multi-modular computation (1 threads): G-Q-Pt-FG-LT-LP(C)
5-9-13-17-21-25-29-33-37-41-45-49-53-
check-G-Q-Pt-FG-LT-LP(C)
Nb Primes used :53
primes of bitsize 28
G-Q-Pt-FG-LT-LP(U)
G-Q-Pt-FG-LT-LP(U)
G-Q-Pt-FG-LT-LP(U)
G-Q-Pt-FG-LT-LP(U)
G-Q-Pt-FG-LT-LP(U)
G-Q-Pt-FG-LT-LP(U)
G-Q-Pt-FG-LT-LP(U)
G-Q-Pt-FG-LT-LP(U)
G-Q-Pt-FG-LT-LP(U)
G-Q-Pt-FG-LT-LP(C)
Dimension of the quotient :2
Degree of the radical :2
Use variable 19 as separating element
Separating form: [0, 0, 0, 0, 0, 0, 0, 0, 0, 0, 0, 0, 0, 0, 0, 0, 0, 0, 1, 0, 0, 0, 0, 0, 0, 0, 0, 0]
Run Groebner learn
Test cyclic optimization
Apply cyclic optimization 
Multi-modular computation (1 threads): G-Q-Pt-FG-LT-LP(C)
5-9-13-17-21-25-29-33-37-41-45-49-
check-G-Q-Pt-FG-LT-LP(C)
Nb Primes used :49
primes of bitsize 28
G-Q-Pt-FG-LT-LP(U)
G-Q-Pt-FG-LT-LP(U)
G-Q-Pt-FG-LT-LP(U)
G-Q-Pt-FG-LT-LP(U)
G-Q-Pt-FG-LT-LP(U)
G-Q-Pt-FG-LT-LP(U)
G-Q-Pt-FG-LT-LP(U)
G-Q-Pt-FG-LT-LP(U)
G-Q-Pt-FG-LT-LP(U)
G-Q-Pt-FG-LT-LP(C)
Dimension of the quotient :2
Degree of the radical :2
Use variable 19 as separating element
Separating form: [0, 0, 0, 0, 0, 0, 0, 0, 0, 0, 0, 0, 0, 0, 0, 0, 0, 0, 1, 0, 0, 0, 0, 0, 0, 0, 0, 0]
Run Groebner learn
Test cyclic optimization
Apply cyclic optimization 
Multi-modular computation (1 threads): G-Q-Pt-FG-LT-LP(C)
5-9-13-17-21-25-29-33-37-41-45-
check-G-Q-Pt-FG-LT-LP(C)
Nb Primes used :45
primes of bitsize 28
G-Q-Pt-FG-LT-LP(U)
G-Q-Pt-FG-LT-LP(U)
G-Q-Pt-FG-LT-LP(U)
G-Q-Pt-FG-LT-LP(U)
G-Q-Pt-FG-LT-LP(U)
G-Q-Pt-FG-LT-LP(U)
G-Q-Pt-FG-LT-LP(U)
G-Q-Pt-FG-LT-LP(U)
G-Q-Pt-FG-LT-LP(U)
G-Q-Pt-FG-LT-LP(C)
Dimension of the quotient :2
Degree of the radical :2
Use variable 19 as separating element
Separating form: [0, 0, 0, 0, 0, 0, 0, 0, 0, 0, 0, 0, 0, 0, 0, 0, 0, 0, 1, 0, 0, 0, 0, 0, 0, 0, 0, 0]
Run Groebner learn
Test cyclic optimization
Apply cyclic optimization 
Multi-modular computation (1 threads): G-Q-Pt-FG-LT-LP(C)
5-9-13-17-21-25-29-33-37-41-45-49-53-
check-G-Q-Pt-FG-LT-LP(C)
Nb Primes used :53
primes of bitsize 28
G-Q-Pt-FG-LT-LP(U)
G-Q-Pt-FG-LT-LP(U)
G-Q-Pt-FG-LT-LP(U)
G-Q-Pt-FG-LT-LP(U)
G-Q-Pt-FG-LT-LP(U)
G-Q-Pt-FG-LT-LP(U)
G-Q-Pt-FG-LT-LP(U)
G-Q-Pt-FG-LT-LP(U)
G-Q-Pt-FG-LT-LP(U)
G-Q-Pt-FG-LT-LP(C)
Dimension of the quotient :2
Degree of the radical :2
Use variable 19 as separating element
Separating form: [0, 0, 0, 0, 0, 0, 0, 0, 0, 0, 0, 0, 0, 0, 0, 0, 0, 0, 1, 0, 0, 0, 0, 0, 0, 0, 0, 0]
Run Groebner learn
Test cyclic optimization
Apply cyclic optimization 
Multi-modular computation (1 threads): G-Q-Pt-FG-LT-LP(C)
5-9-13-17-21-25-29-33-37-41-45-49-
check-G-Q-Pt-FG-LT-LP(C)
Nb Primes used :49
primes of bitsize 28
G-Q-Pt-FG-LT-LP(U)
G-Q-Pt-FG-LT-LP(U)
G-Q-Pt-FG-LT-LP(U)
G-Q-Pt-FG-LT-LP(U)
G-Q-Pt-FG-LT-LP(U)
G-Q-Pt-FG-LT-LP(U)
G-Q-Pt-FG-LT-LP(U)
G-Q-Pt-FG-LT-LP(U)
G-Q-Pt-FG-LT-LP(U)
G-Q-Pt-FG-LT-LP(C)
Dimension of the quotient :2
Degree of the radical :2
Use variable 19 as separating element
Separating form: [0, 0, 0, 0, 0, 0, 0, 0, 0, 0, 0, 0, 0, 0, 0, 0, 0, 0, 1, 0, 0, 0, 0, 0, 0, 0, 0, 0]
Run Groebner learn
Test cyclic optimization
Apply cyclic optimization 
Multi-modular computation (1 threads): G-Q-Pt-FG-LT-LP(C)
5-9-13-17-21-25-29-33-37-41-45-49-
check-G-Q-Pt-FG-LT-LP(C)
Nb Primes used :49
primes of bitsize 28
G-Q-Pt-FG-LT-LP(U)
G-Q-Pt-FG-LT-LP(U)
G-Q-Pt-FG-LT-LP(U)
G-Q-Pt-FG-LT-LP(U)
G-Q-Pt-FG-LT-LP(U)
G-Q-Pt-FG-LT-LP(U)
G-Q-Pt-FG-LT-LP(U)
G-Q-Pt-FG-LT-LP(U)
G-Q-Pt-FG-LT-LP(U)
G-Q-Pt-FG-LT-LP(C)
Dimension of the quotient :2
Degree of the radical :2
Use variable 19 as separating element
Separating form: [0, 0, 0, 0, 0, 0, 0, 0, 0, 0, 0, 0, 0, 0, 0, 0, 0, 0, 1, 0, 0, 0, 0, 0, 0, 0, 0, 0]
Run Groebner learn
Test cyclic optimization
Apply cyclic optimization 
Multi-modular computation (1 threads): G-Q-Pt-FG-LT-LP(C)
5-9-13-17-21-25-29-33-37-41-45-
check-G-Q-Pt-FG-LT-LP(C)
Nb Primes used :45
primes of bitsize 28
G-Q-Pt-FG-LT-LP(U)
G-Q-Pt-FG-LT-LP(U)
G-Q-Pt-FG-LT-LP(U)
G-Q-Pt-FG-LT-LP(U)
G-Q-Pt-FG-LT-LP(U)
G-Q-Pt-FG-LT-LP(U)
G-Q-Pt-FG-LT-LP(U)
G-Q-Pt-FG-LT-LP(U)
G-Q-Pt-FG-LT-LP(U)
G-Q-Pt-FG-LT-LP(C)
Dimension of the quotient :2
Degree of the radical :2
Use variable 19 as separating element
Separating form: [0, 0, 0, 0, 0, 0, 0, 0, 0, 0, 0, 0, 0, 0, 0, 0, 0, 0, 1, 0, 0, 0, 0, 0, 0, 0, 0, 0]
Run Groebner learn
Test cyclic optimization
Apply cyclic optimization 
Multi-modular computation (1 threads): G-Q-Pt-FG-LT-LP(C)
5-9-13-17-21-25-29-33-37-41-45-
check-G-Q-Pt-FG-LT-LP(C)
Nb Primes used :45
primes of bitsize 28
G-Q-Pt-FG-LT-LP(U)
G-Q-Pt-FG-LT-LP(U)
G-Q-Pt-FG-LT-LP(U)
G-Q-Pt-FG-LT-LP(U)
G-Q-Pt-FG-LT-LP(U)
G-Q-Pt-FG-LT-LP(U)
G-Q-Pt-FG-LT-LP(U)
G-Q-Pt-FG-LT-LP(U)
G-Q-Pt-FG-LT-LP(U)
G-Q-Pt-FG-LT-LP(C)
Dimension of the quotient :2
Degree of the radical :2
Use variable 19 as separating element
Separating form: [0, 0, 0, 0, 0, 0, 0, 0, 0, 0, 0, 0, 0, 0, 0, 0, 0, 0, 1, 0, 0, 0, 0, 0, 0, 0, 0, 0]
Run Groebner learn
Test cyclic optimization
Apply cyclic optimization 
Multi-modular computation (1 threads): G-Q-Pt-FG-LT-LP(C)
5-9-13-17-21-25-29-33-37-41-45-49-
check-G-Q-Pt-FG-LT-LP(C)
Nb Primes used :49
primes of bitsize 28
G-Q-┌ Warning: solve_with_rs failed: ErrorException("System has no solutions")
└ @ ODEParameterEstimation ~/.julia/dev/ODEParameterEstimation/src/core/homotopy_continuation.jl:288
primes of bitsize 28
G-Q-┌ Warning: solve_with_rs failed: ErrorException("System has no solutions")
└ @ ODEParameterEstimation ~/.julia/dev/ODEParameterEstimation/src/core/homotopy_continuation.jl:288
primes of bitsize 28
G-Q-┌ Warning: solve_with_rs failed: ErrorException("System has no solutions")
└ @ ODEParameterEstimation ~/.julia/dev/ODEParameterEstimation/src/core/homotopy_continuation.jl:288
primes of bitsize 28
G-Q-┌ Warning: solve_with_rs failed: ErrorException("System has no solutions")
└ @ ODEParameterEstimation ~/.julia/dev/ODEParameterEstimation/src/core/homotopy_continuation.jl:288
primes of bitsize 28
G-Q-┌ Warning: solve_with_rs failed: ErrorException("System has no solutions")
└ @ ODEParameterEstimation ~/.julia/dev/ODEParameterEstimation/src/core/homotopy_continuation.jl:288
primes of bitsize 28
G-Q-┌ Warning: solve_with_rs failed: ErrorException("System has no solutions")
└ @ ODEParameterEstimation ~/.julia/dev/ODEParameterEstimation/src/core/homotopy_continuation.jl:288
primes of bitsize 28
G-Q-┌ Warning: solve_with_rs failed: ErrorException("System has no solutions")
└ @ ODEParameterEstimation ~/.julia/dev/ODEParameterEstimation/src/core/homotopy_continuation.jl:288
primes of bitsize 28
G-Q-┌ Warning: solve_with_rs failed: ErrorException("System has no solutions")
└ @ ODEParameterEstimation ~/.julia/dev/ODEParameterEstimation/src/core/homotopy_continuation.jl:288
primes of bitsize 28
G-Q-┌ Warning: solve_with_rs failed: ErrorException("System has no solutions")
└ @ ODEParameterEstimation ~/.julia/dev/ODEParameterEstimation/src/core/homotopy_continuation.jl:288
primes of bitsize 28
G-Q-┌ Warning: solve_with_rs failed: ErrorException("System has no solutions")
└ @ ODEParameterEstimation ~/.julia/dev/ODEParameterEstimation/src/core/homotopy_continuation.jl:288
┌ Warning: No solutions found after 10 attempts
└ @ ODEParameterEstimation ~/.julia/dev/ODEParameterEstimation/src/core/multipoint_estimation.jl:88
primes of bitsize 28
G-Q-┌ Warning: solve_with_rs failed: ErrorException("System has no solutions")
└ @ ODEParameterEstimation ~/.julia/dev/ODEParameterEstimation/src/core/homotopy_continuation.jl:288
primes of bitsize 28
G-Q-┌ Warning: solve_with_rs failed: ErrorException("System has no solutions")
└ @ ODEParameterEstimation ~/.julia/dev/ODEParameterEstimation/src/core/homotopy_continuation.jl:288
primes of bitsize 28
G-Q-┌ Warning: solve_with_rs failed: ErrorException("System has no solutions")
└ @ ODEParameterEstimation ~/.julia/dev/ODEParameterEstimation/src/core/homotopy_continuation.jl:288
primes of bitsize 28
G-Q-┌ Warning: solve_with_rs failed: ErrorException("System has no solutions")
└ @ ODEParameterEstimation ~/.julia/dev/ODEParameterEstimation/src/core/homotopy_continuation.jl:288
primes of bitsize 28
G-Q-┌ Warning: solve_with_rs failed: ErrorException("System has no solutions")
└ @ ODEParameterEstimation ~/.julia/dev/ODEParameterEstimation/src/core/homotopy_continuation.jl:288
primes of bitsize 28
G-Q-┌ Warning: solve_with_rs failed: ErrorException("System has no solutions")
└ @ ODEParameterEstimation ~/.julia/dev/ODEParameterEstimation/src/core/homotopy_continuation.jl:288
primes of bitsize 28
G-Q-┌ Warning: solve_with_rs failed: ErrorException("System has no solutions")
└ @ ODEParameterEstimation ~/.julia/dev/ODEParameterEstimation/src/core/homotopy_continuation.jl:288
primes of bitsize 28
G-Q-┌ Warning: solve_with_rs failed: ErrorException("System has no solutions")
└ @ ODEParameterEstimation ~/.julia/dev/ODEParameterEstimation/src/core/homotopy_continuation.jl:288
primes of bitsize 28
G-Q-┌ Warning: solve_with_rs failed: ErrorException("System has no solutions")
└ @ ODEParameterEstimation ~/.julia/dev/ODEParameterEstimation/src/core/homotopy_continuation.jl:288
primes of bitsize 28
G-Q-┌ Warning: solve_with_rs failed: ErrorException("System has no solutions")
└ @ ODEParameterEstimation ~/.julia/dev/ODEParameterEstimation/src/core/homotopy_continuation.jl:288
┌ Warning: No solutions found after 10 attempts
└ @ ODEParameterEstimation ~/.julia/dev/ODEParameterEstimation/src/core/multipoint_estimation.jl:88
primes of bitsize 28
G-Q-┌ Warning: solve_with_rs failed: ErrorException("System has no solutions")
└ @ ODEParameterEstimation ~/.julia/dev/ODEParameterEstimation/src/core/homotopy_continuation.jl:288
primes of bitsize 28
G-Q-┌ Warning: solve_with_rs failed: ErrorException("System has no solutions")
└ @ ODEParameterEstimation ~/.julia/dev/ODEParameterEstimation/src/core/homotopy_continuation.jl:288
primes of bitsize 28
G-Q-┌ Warning: solve_with_rs failed: ErrorException("System has no solutions")
└ @ ODEParameterEstimation ~/.julia/dev/ODEParameterEstimation/src/core/homotopy_continuation.jl:288
primes of bitsize 28
G-Q-┌ Warning: solve_with_rs failed: ErrorException("System has no solutions")
└ @ ODEParameterEstimation ~/.julia/dev/ODEParameterEstimation/src/core/homotopy_continuation.jl:288
primes of bitsize 28
G-Q-┌ Warning: solve_with_rs failed: ErrorException("System has no solutions")
└ @ ODEParameterEstimation ~/.julia/dev/ODEParameterEstimation/src/core/homotopy_continuation.jl:288
primes of bitsize 28
G-Q-┌ Warning: solve_with_rs failed: ErrorException("System has no solutions")
└ @ ODEParameterEstimation ~/.julia/dev/ODEParameterEstimation/src/core/homotopy_continuation.jl:288
primes of bitsize 28
G-Q-┌ Warning: solve_with_rs failed: ErrorException("System has no solutions")
└ @ ODEParameterEstimation ~/.julia/dev/ODEParameterEstimation/src/core/homotopy_continuation.jl:288
primes of bitsize 28
G-Q-┌ Warning: solve_with_rs failed: ErrorException("System has no solutions")
└ @ ODEParameterEstimation ~/.julia/dev/ODEParameterEstimation/src/core/homotopy_continuation.jl:288
primes of bitsize 28
G-Q-┌ Warning: solve_with_rs failed: ErrorException("System has no solutions")
└ @ ODEParameterEstimation ~/.julia/dev/ODEParameterEstimation/src/core/homotopy_continuation.jl:288
primes of bitsize 28
G-Q-┌ Warning: solve_with_rs failed: ErrorException("System has no solutions")
└ @ ODEParameterEstimation ~/.julia/dev/ODEParameterEstimation/src/core/homotopy_continuation.jl:288
┌ Warning: No solutions found after 10 attempts
└ @ ODEParameterEstimation ~/.julia/dev/ODEParameterEstimation/src/core/multipoint_estimation.jl:88
primes of bitsize 28
G-Q-┌ Warning: solve_with_rs failed: ErrorException("System has no solutions")
└ @ ODEParameterEstimation ~/.julia/dev/ODEParameterEstimation/src/core/homotopy_continuation.jl:288
primes of bitsize 28
G-Q-┌ Warning: solve_with_rs failed: ErrorException("System has no solutions")
└ @ ODEParameterEstimation ~/.julia/dev/ODEParameterEstimation/src/core/homotopy_continuation.jl:288
primes of bitsize 28
G-Q-┌ Warning: solve_with_rs failed: ErrorException("System has no solutions")
└ @ ODEParameterEstimation ~/.julia/dev/ODEParameterEstimation/src/core/homotopy_continuation.jl:288
primes of bitsize 28
G-Q-┌ Warning: solve_with_rs failed: ErrorException("System has no solutions")
└ @ ODEParameterEstimation ~/.julia/dev/ODEParameterEstimation/src/core/homotopy_continuation.jl:288
primes of bitsize 28
G-Q-┌ Warning: solve_with_rs failed: ErrorException("System has no solutions")
└ @ ODEParameterEstimation ~/.julia/dev/ODEParameterEstimation/src/core/homotopy_continuation.jl:288
primes of bitsize 28
G-Q-┌ Warning: solve_with_rs failed: ErrorException("System has no solutions")
└ @ ODEParameterEstimation ~/.julia/dev/ODEParameterEstimation/src/core/homotopy_continuation.jl:288
primes of bitsize 28
G-Q-┌ Warning: solve_with_rs failed: ErrorException("System has no solutions")
└ @ ODEParameterEstimation ~/.julia/dev/ODEParameterEstimation/src/core/homotopy_continuation.jl:288
primes of bitsize 28
G-Q-┌ Warning: solve_with_rs failed: ErrorException("System has no solutions")
└ @ ODEParameterEstimation ~/.julia/dev/ODEParameterEstimation/src/core/homotopy_continuation.jl:288
primes of bitsize 28
G-Q-┌ Warning: solve_with_rs failed: ErrorException("System has no solutions")
└ @ ODEParameterEstimation ~/.julia/dev/ODEParameterEstimation/src/core/homotopy_continuation.jl:288
primes of bitsize 28
G-Q-┌ Warning: solve_with_rs failed: ErrorException("System has no solutions")
└ @ ODEParameterEstimation ~/.julia/dev/ODEParameterEstimation/src/core/homotopy_continuation.jl:288
┌ Warning: No solutions found after 10 attempts
└ @ ODEParameterEstimation ~/.julia/dev/ODEParameterEstimation/src/core/multipoint_estimation.jl:88
primes of bitsize 28
G-Q-┌ Warning: solve_with_rs failed: ErrorException("System has no solutions")
└ @ ODEParameterEstimation ~/.julia/dev/ODEParameterEstimation/src/core/homotopy_continuation.jl:288
primes of bitsize 28
G-Q-┌ Warning: solve_with_rs failed: ErrorException("System has no solutions")
└ @ ODEParameterEstimation ~/.julia/dev/ODEParameterEstimation/src/core/homotopy_continuation.jl:288
primes of bitsize 28
G-Q-┌ Warning: solve_with_rs failed: ErrorException("System has no solutions")
└ @ ODEParameterEstimation ~/.julia/dev/ODEParameterEstimation/src/core/homotopy_continuation.jl:288
primes of bitsize 28
G-Q-┌ Warning: solve_with_rs failed: ErrorException("System has no solutions")
└ @ ODEParameterEstimation ~/.julia/dev/ODEParameterEstimation/src/core/homotopy_continuation.jl:288
primes of bitsize 28
G-Q-┌ Warning: solve_with_rs failed: ErrorException("System has no solutions")
└ @ ODEParameterEstimation ~/.julia/dev/ODEParameterEstimation/src/core/homotopy_continuation.jl:288
primes of bitsize 28
G-Q-┌ Warning: solve_with_rs failed: ErrorException("System has no solutions")
└ @ ODEParameterEstimation ~/.julia/dev/ODEParameterEstimation/src/core/homotopy_continuation.jl:288
primes of bitsize 28
G-Q-┌ Warning: solve_with_rs failed: ErrorException("System has no solutions")
└ @ ODEParameterEstimation ~/.julia/dev/ODEParameterEstimation/src/core/homotopy_continuation.jl:288
primes of bitsize 28
G-Q-┌ Warning: solve_with_rs failed: ErrorException("System has no solutions")
└ @ ODEParameterEstimation ~/.julia/dev/ODEParameterEstimation/src/core/homotopy_continuation.jl:288
primes of bitsize 28
G-Q-┌ Warning: solve_with_rs failed: ErrorException("System has no solutions")
└ @ ODEParameterEstimation ~/.julia/dev/ODEParameterEstimation/src/core/homotopy_continuation.jl:288
primes of bitsize 28
G-Q-┌ Warning: solve_with_rs failed: ErrorException("System has no solutions")
└ @ ODEParameterEstimation ~/.julia/dev/ODEParameterEstimation/src/core/homotopy_continuation.jl:288
┌ Warning: No solutions found after 10 attempts
└ @ ODEParameterEstimation ~/.julia/dev/ODEParameterEstimation/src/core/multipoint_estimation.jl:88
primes of bitsize 28
G-Q-┌ Warning: solve_with_rs failed: ErrorException("System has no solutions")
└ @ ODEParameterEstimation ~/.julia/dev/ODEParameterEstimation/src/core/homotopy_continuation.jl:288
primes of bitsize 28
G-Q-┌ Warning: solve_with_rs failed: ErrorException("System has no solutions")
└ @ ODEParameterEstimation ~/.julia/dev/ODEParameterEstimation/src/core/homotopy_continuation.jl:288
primes of bitsize 28
G-Q-┌ Warning: solve_with_rs failed: ErrorException("System has no solutions")
└ @ ODEParameterEstimation ~/.julia/dev/ODEParameterEstimation/src/core/homotopy_continuation.jl:288
primes of bitsize 28
G-Q-┌ Warning: solve_with_rs failed: ErrorException("System has no solutions")
└ @ ODEParameterEstimation ~/.julia/dev/ODEParameterEstimation/src/core/homotopy_continuation.jl:288
primes of bitsize 28
G-Q-┌ Warning: solve_with_rs failed: ErrorException("System has no solutions")
└ @ ODEParameterEstimation ~/.julia/dev/ODEParameterEstimation/src/core/homotopy_continuation.jl:288
primes of bitsize 28
G-Q-┌ Warning: solve_with_rs failed: ErrorException("System has no solutions")
└ @ ODEParameterEstimation ~/.julia/dev/ODEParameterEstimation/src/core/homotopy_continuation.jl:288
primes of bitsize 28
G-Q-┌ Warning: solve_with_rs failed: ErrorException("System has no solutions")
└ @ ODEParameterEstimation ~/.julia/dev/ODEParameterEstimation/src/core/homotopy_continuation.jl:288
primes of bitsize 28
G-Q-┌ Warning: solve_with_rs failed: ErrorException("System has no solutions")
└ @ ODEParameterEstimation ~/.julia/dev/ODEParameterEstimation/src/core/homotopy_continuation.jl:288
primes of bitsize 28
G-Q-┌ Warning: solve_with_rs failed: ErrorException("System has no solutions")
└ @ ODEParameterEstimation ~/.julia/dev/ODEParameterEstimation/src/core/homotopy_continuation.jl:288
primes of bitsize 28
G-Q-┌ Warning: solve_with_rs failed: ErrorException("System has no solutions")
└ @ ODEParameterEstimation ~/.julia/dev/ODEParameterEstimation/src/core/homotopy_continuation.jl:288
┌ Warning: No solutions found after 10 attempts
└ @ ODEParameterEstimation ~/.julia/dev/ODEParameterEstimation/src/core/multipoint_estimation.jl:88
primes of bitsize 28
G-Q-┌ Warning: solve_with_rs failed: ErrorException("System has no solutions")
└ @ ODEParameterEstimation ~/.julia/dev/ODEParameterEstimation/src/core/homotopy_continuation.jl:288
primes of bitsize 28
G-Q-┌ Warning: solve_with_rs failed: ErrorException("System has no solutions")
└ @ ODEParameterEstimation ~/.julia/dev/ODEParameterEstimation/src/core/homotopy_continuation.jl:288
primes of bitsize 28
G-Q-┌ Warning: solve_with_rs failed: ErrorException("System has no solutions")
└ @ ODEParameterEstimation ~/.julia/dev/ODEParameterEstimation/src/core/homotopy_continuation.jl:288
primes of bitsize 28
G-Q-┌ Warning: solve_with_rs failed: ErrorException("System has no solutions")
└ @ ODEParameterEstimation ~/.julia/dev/ODEParameterEstimation/src/core/homotopy_continuation.jl:288
primes of bitsize 28
G-Q-┌ Warning: solve_with_rs failed: ErrorException("System has no solutions")
└ @ ODEParameterEstimation ~/.julia/dev/ODEParameterEstimation/src/core/homotopy_continuation.jl:288
primes of bitsize 28
G-Q-┌ Warning: solve_with_rs failed: ErrorException("System has no solutions")
└ @ ODEParameterEstimation ~/.julia/dev/ODEParameterEstimation/src/core/homotopy_continuation.jl:288
primes of bitsize 28
G-Q-┌ Warning: solve_with_rs failed: ErrorException("System has no solutions")
└ @ ODEParameterEstimation ~/.julia/dev/ODEParameterEstimation/src/core/homotopy_continuation.jl:288
primes of bitsize 28
G-Q-┌ Warning: solve_with_rs failed: ErrorException("System has no solutions")
└ @ ODEParameterEstimation ~/.julia/dev/ODEParameterEstimation/src/core/homotopy_continuation.jl:288
primes of bitsize 28
G-Q-┌ Warning: solve_with_rs failed: ErrorException("System has no solutions")
└ @ ODEParameterEstimation ~/.julia/dev/ODEParameterEstimation/src/core/homotopy_continuation.jl:288
primes of bitsize 28
G-Q-┌ Warning: solve_with_rs failed: ErrorException("System has no solutions")
└ @ ODEParameterEstimation ~/.julia/dev/ODEParameterEstimation/src/core/homotopy_continuation.jl:288
┌ Warning: No solutions found after 10 attempts
└ @ ODEParameterEstimation ~/.julia/dev/ODEParameterEstimation/src/core/multipoint_estimation.jl:88
primes of bitsize 28
G-Q-┌ Warning: solve_with_rs failed: ErrorException("System has no solutions")
└ @ ODEParameterEstimation ~/.julia/dev/ODEParameterEstimation/src/core/homotopy_continuation.jl:288
primes of bitsize 28
G-Q-┌ Warning: solve_with_rs failed: ErrorException("System has no solutions")
└ @ ODEParameterEstimation ~/.julia/dev/ODEParameterEstimation/src/core/homotopy_continuation.jl:288
primes of bitsize 28
G-Q-┌ Warning: solve_with_rs failed: ErrorException("System has no solutions")
└ @ ODEParameterEstimation ~/.julia/dev/ODEParameterEstimation/src/core/homotopy_continuation.jl:288
primes of bitsize 28
G-Q-┌ Warning: solve_with_rs failed: ErrorException("System has no solutions")
└ @ ODEParameterEstimation ~/.julia/dev/ODEParameterEstimation/src/core/homotopy_continuation.jl:288
primes of bitsize 28
G-Q-┌ Warning: solve_with_rs failed: ErrorException("System has no solutions")
└ @ ODEParameterEstimation ~/.julia/dev/ODEParameterEstimation/src/core/homotopy_continuation.jl:288
primes of bitsize 28
G-Q-┌ Warning: solve_with_rs failed: ErrorException("System has no solutions")
└ @ ODEParameterEstimation ~/.julia/dev/ODEParameterEstimation/src/core/homotopy_continuation.jl:288
primes of bitsize 28
G-Q-┌ Warning: solve_with_rs failed: ErrorException("System has no solutions")
└ @ ODEParameterEstimation ~/.julia/dev/ODEParameterEstimation/src/core/homotopy_continuation.jl:288
primes of bitsize 28
G-Q-┌ Warning: solve_with_rs failed: ErrorException("System has no solutions")
└ @ ODEParameterEstimation ~/.julia/dev/ODEParameterEstimation/src/core/homotopy_continuation.jl:288
primes of bitsize 28
G-Q-┌ Warning: solve_with_rs failed: ErrorException("System has no solutions")
└ @ ODEParameterEstimation ~/.julia/dev/ODEParameterEstimation/src/core/homotopy_continuation.jl:288
primes of bitsize 28
G-Q-┌ Warning: solve_with_rs failed: ErrorException("System has no solutions")
└ @ ODEParameterEstimation ~/.julia/dev/ODEParameterEstimation/src/core/homotopy_continuation.jl:288
┌ Warning: No solutions found after 10 attempts
└ @ ODEParameterEstimation ~/.julia/dev/ODEParameterEstimation/src/core/multipoint_estimation.jl:88
primes of bitsize 28
G-Q-┌ Warning: System is not zero-dimensional, adding a random linear equation.
└ @ ODEParameterEstimation ~/.julia/dev/ODEParameterEstimation/src/core/homotopy_continuation.jl:284
primes of bitsize 28
G-Q-┌ Warning: System is not zero-dimensional, adding a random linear equation.
└ @ ODEParameterEstimation ~/.julia/dev/ODEParameterEstimation/src/core/homotopy_continuation.jl:284
primes of bitsize 28
G-Q-┌ Warning: System is not zero-dimensional, adding a random linear equation.
└ @ ODEParameterEstimation ~/.julia/dev/ODEParameterEstimation/src/core/homotopy_continuation.jl:284
primes of bitsize 28
G-Q-Pt-FG-LT-LP(C)
Dimension of the quotient :14
Degree of the radical :14
Use last variable as separating element
Separating form: [0, 0, 0, 0, 0, 0, 0, 0, 0, 0, 0, 0, 0, 0, 0, 0, 0, 0, 0, 0, 0, 1]
Run Groebner learn
Maybe a problem with Groebner learn
Test cyclic optimization
Apply cyclic optimization 
Multi-modular computation (1 threads): G-Q-Pt-FG-LT-LP(C)
5-9-13-17-21-25-29-33-37-41-45-49-53-61-69-77-85-93-105-117-129-141-157-173-193-213-237-261-289-
check-G-Q-Pt-FG-LT-LP(C)
Nb Primes used :289
┌ Warning: Interrupted. Larger maxiters is needed. If you are using an integrator for non-stiff ODEs or an automatic switching algorithm (the default), you may want to consider using a method for stiff equations. See the solver pages for more details (e.g. https://docs.sciml.ai/DiffEqDocs/stable/solvers/ode_solve/#Stiff-Problems).
└ @ SciMLBase ~/.julia/packages/SciMLBase/u2Ue2/src/integrator_interface.jl:589
┌ Warning: Interrupted. Larger maxiters is needed. If you are using an integrator for non-stiff ODEs or an automatic switching algorithm (the default), you may want to consider using a method for stiff equations. See the solver pages for more details (e.g. https://docs.sciml.ai/DiffEqDocs/stable/solvers/ode_solve/#Stiff-Problems).
└ @ SciMLBase ~/.julia/packages/SciMLBase/u2Ue2/src/integrator_interface.jl:589

Unidentifiability Analysis from multipoint_parameter_estimation:
All unidentifiable variables: Set{Any}()
Unidentifiable variables substitution dictionary: Dict{Any, Any}()
Trivially solvable variables: Dict{Any, Any}()

=== Model: daisy_mamil4 ===

Found 39 distinct solution clusters:

Cluster 1: 1 similar solutions
Best solution (Error: 0.112984):
--------------------------------------------------
Variable     | True Value  | Estimated   | Rel. Error
-----------------------------------------------------
x1(t)        |   0.200000 |   0.294108 |   0.470539
x2(t)        |   0.400000 | -10.111548 |  26.278869
x3(t)        |   0.600000 |   1.739092 |   1.898487
x4(t)        |   0.800000 |  -0.415960 |   1.519950
k01          |   0.125000 |  -0.483022 |   4.864176
k12          |   0.250000 |  -0.103323 |   1.413293
k13          |   0.375000 |   0.578080 |   0.541548
k14          |   0.500000 |  12.388369 |  23.776738
k21          |   0.625000 |   4.441698 |   6.106716
k31          |   0.750000 |   2.991442 |   2.988589
k41          |   0.875000 | -17.452453 |  20.945661


Cluster 2: 1 similar solutions
Best solution (Error: 0.06834):
--------------------------------------------------
Variable     | True Value  | Estimated   | Rel. Error
-----------------------------------------------------
x1(t)        |   0.200000 |   0.038798 |   0.806010
x2(t)        |   0.400000 |  -5.267727 |  14.169318
x3(t)        |   0.600000 |  31.096774 |  50.827956
x4(t)        |   0.800000 | -30.132289 |  38.665361
k01          |   0.125000 |  -0.244023 |   2.952183
k12          |   0.250000 |  -0.248782 |   1.995129
k13          |   0.375000 |  -0.018241 |   1.048643
k14          |   0.500000 |   0.005146 |   0.989709
k21          |   0.625000 |   5.651799 |   8.042878
k31          |   0.750000 |  -4.020462 |   6.360616
k41          |   0.875000 |   1.167097 |   0.333825


Cluster 3: 1 similar solutions
Best solution (Error: 0.037569):
--------------------------------------------------
Variable     | True Value  | Estimated   | Rel. Error
-----------------------------------------------------
x1(t)        |   0.200000 |  -5.471638 |  28.358190
x2(t)        |   0.400000 |   4.577528 |  10.443820
x3(t)        |   0.600000 | -89.840352 | 150.733919
x4(t)        |   0.800000 |  93.904887 | 116.381108
k01          |   0.125000 |   0.204640 |   0.637119
k12          |   0.250000 |   0.151437 |   0.394251
k13          |   0.375000 |   0.323795 |   0.136546
k14          |   0.500000 |   0.324076 |   0.351847
k21          |   0.625000 |   1.216043 |   0.945668
k31          |   0.750000 |   8.704912 |  10.606549
k41          |   0.875000 |  -7.510731 |   9.583693


Cluster 4: 1 similar solutions
Best solution (Error: 0.034544):
--------------------------------------------------
Variable     | True Value  | Estimated   | Rel. Error
-----------------------------------------------------
x1(t)        |   0.200000 |   0.294181 |   0.470906
x2(t)        |   0.400000 |  -2.804097 |   8.010243
x3(t)        |   0.600000 |   4.486710 |   6.477850
x4(t)        |   0.800000 |  -3.163613 |   4.954516
k01          |   0.125000 |  -0.067052 |   1.536414
k12          |   0.250000 |   5.863061 |  22.452244
k13          |   0.375000 |   1.300950 |   2.469200
k14          |   0.500000 |  -2.997271 |   6.994542
k21          |   0.625000 | -55.412982 |  89.660771
k31          |   0.750000 |  18.991493 |  24.321991
k41          |   0.875000 |  32.724803 |  36.399774


Cluster 5: 1 similar solutions
Best solution (Error: 0.032616):
--------------------------------------------------
Variable     | True Value  | Estimated   | Rel. Error
-----------------------------------------------------
x1(t)        |   0.200000 |   0.294255 |   0.471273
x2(t)        |   0.400000 |  -2.625172 |   7.562929
x3(t)        |   0.600000 |  -1.904428 |   4.174047
x4(t)        |   0.800000 |   3.228171 |   3.035214
k01          |   0.125000 |  -0.056826 |   1.454604
k12          |   0.250000 |   2.423149 |   8.692594
k13          |   0.375000 |  -1.220122 |   4.253659
k14          |   0.500000 |   1.071901 |   1.143801
k21          |   0.625000 | -21.153885 |  34.846216
k31          |   0.750000 |   8.174609 |   9.899479
k41          |   0.875000 |  11.122659 |  11.711610


Cluster 6: 1 similar solutions
Best solution (Error: 0.029297):
--------------------------------------------------
Variable     | True Value  | Estimated   | Rel. Error
-----------------------------------------------------
x1(t)        |   0.200000 |   0.294499 |   0.472496
x2(t)        |   0.400000 |  -2.325089 |   6.812722
x3(t)        |   0.600000 | 184.067860 | 305.779767
x4(t)        |   0.800000 | -182.736525 | 229.420656
k01          |   0.125000 |  -0.039298 |   1.314381
k12          |   0.250000 |   1.208177 |   3.832709
k13          |   0.375000 |   0.458148 |   0.221727
k14          |   0.500000 |   0.458090 |   0.083820
k21          |   0.625000 |  -9.067546 |  15.508073
k31          |   0.750000 |  -9.479193 |  13.638925
k41          |   0.875000 |  11.203928 |  11.804489


Cluster 7: 1 similar solutions
Best solution (Error: 0.025854):
--------------------------------------------------
Variable     | True Value  | Estimated   | Rel. Error
-----------------------------------------------------
x1(t)        |   0.200000 |   0.266962 |   0.334810
x2(t)        |   0.400000 |  -2.114475 |   6.286188
x3(t)        |   0.600000 |   1.280979 |   1.134966
x4(t)        |   0.800000 |   0.211252 |   0.735935
k01          |   0.125000 |  -0.019736 |   1.157891
k12          |   0.250000 |   0.774687 |   2.098749
k13          |   0.375000 |   0.483747 |   0.289991
k14          |   0.500000 |   1.569940 |   2.139881
k21          |   0.625000 |  -4.768562 |   8.629700
k31          |   0.750000 |   1.710292 |   1.280389
k41          |   0.875000 |   0.390893 |   0.553265


Cluster 8: 1 similar solutions
Best solution (Error: 0.025232):
--------------------------------------------------
Variable     | True Value  | Estimated   | Rel. Error
-----------------------------------------------------
x1(t)        |   0.200000 |   0.294104 |   0.470520
x2(t)        |   0.400000 |  -1.943591 |   5.858978
x3(t)        |   0.600000 |  52.477187 |  86.461979
x4(t)        |   0.800000 | -51.147739 |  64.934673
k01          |   0.125000 |  -0.017712 |   1.141697
k12          |   0.250000 |   0.746953 |   1.987811
k13          |   0.375000 |   0.323989 |   0.136030
k14          |   0.500000 |   0.323392 |   0.353215
k21          |   0.625000 |  -4.494290 |   8.190864
k31          |   0.750000 |  -3.529550 |   5.706067
k41          |   0.875000 |   4.722173 |   4.396769


Cluster 9: 1 similar solutions
Best solution (Error: 0.015134):
--------------------------------------------------
Variable     | True Value  | Estimated   | Rel. Error
-----------------------------------------------------
x1(t)        |   0.200000 |   0.272065 |   0.360324
x2(t)        |   0.400000 |  -1.025377 |   3.563444
x3(t)        |   0.600000 |  -0.019281 |   1.032135
x4(t)        |   0.800000 |   1.380774 |   0.725967
k01          |   0.125000 |   0.035152 |   0.718787
k12          |   0.250000 |   0.386037 |   0.544148
k13          |   0.375000 |  -2.056737 |   6.484631
k14          |   0.500000 |   0.509331 |   0.018663
k21          |   0.625000 |  -0.951614 |   2.522582
k31          |   0.750000 |   0.143813 |   0.808249
k41          |   0.875000 |   1.963812 |   1.244357


Cluster 10: 1 similar solutions
Best solution (Error: 0.01429):
--------------------------------------------------
Variable     | True Value  | Estimated   | Rel. Error
-----------------------------------------------------
x1(t)        |   0.200000 |  -2.928817 |  15.644086
x2(t)        |   0.400000 |   0.748636 |   0.871589
x3(t)        |   0.600000 | -117.433034 | 196.721723
x4(t)        |   0.800000 | 121.273393 | 150.591741
k01          |   0.125000 |   0.102013 |   0.183892
k12          |   0.250000 |   0.239606 |   0.041575
k13          |   0.375000 |   0.458063 |   0.221502
k14          |   0.500000 |   0.458145 |   0.083710
k21          |   0.625000 |   0.440306 |   0.295511
k31          |   0.750000 |   7.982273 |   9.643031
k41          |   0.875000 |  -6.257562 |   8.151499


Cluster 11: 1 similar solutions
Best solution (Error: 0.013892):
--------------------------------------------------
Variable     | True Value  | Estimated   | Rel. Error
-----------------------------------------------------
x1(t)        |   0.200000 |   0.293319 |   0.466594
x2(t)        |   0.400000 |   1.638990 |   3.097475
x3(t)        |   0.600000 |  -8.510173 |  15.183622
x4(t)        |   0.800000 |   9.833013 |  11.291266
k01          |   0.125000 |   0.185811 |   0.486489
k12          |   0.250000 |   0.162401 |   0.350395
k13          |   0.375000 |   0.041711 |   0.888770
k14          |   0.500000 |  -0.031465 |   1.062929
k21          |   0.625000 |   1.125646 |   0.801033
k31          |   0.750000 |  -0.884277 |   2.179036
k41          |   0.875000 |  -1.738122 |   2.986425


Cluster 12: 1 similar solutions
Best solution (Error: 0.011659):
--------------------------------------------------
Variable     | True Value  | Estimated   | Rel. Error
-----------------------------------------------------
x1(t)        |   0.200000 |   0.292799 |   0.463993
x2(t)        |   0.400000 |  -0.674855 |   2.687137
x3(t)        |   0.600000 |   0.964582 |   0.607637
x4(t)        |   0.800000 |   0.361453 |   0.548184
k01          |   0.125000 |   0.054245 |   0.566037
k12          |   0.250000 |   0.328676 |   0.314704
k13          |   0.375000 |  -0.109518 |   1.292047
k14          |   0.500000 |   0.308885 |   0.382230
k21          |   0.625000 |  -0.399263 |   1.638821
k31          |   0.750000 |  -0.446597 |   1.595463
k41          |   0.875000 |   0.100015 |   0.885697


Cluster 13: 1 similar solutions
Best solution (Error: 0.010056):
--------------------------------------------------
Variable     | True Value  | Estimated   | Rel. Error
-----------------------------------------------------
x1(t)        |   0.200000 |  -2.064467 |  11.322337
x2(t)        |   0.400000 |   1.098880 |   1.747200
x3(t)        |   0.600000 |  -0.078767 |   1.131279
x4(t)        |   0.800000 |   3.231563 |   3.039453
k01          |   0.125000 |   0.140795 |   0.126362
k12          |   0.250000 |   0.231886 |   0.072458
k13          |   0.375000 |  -0.239830 |   1.639546
k14          |   0.500000 |   0.618670 |   0.237340
k21          |   0.625000 |   0.790805 |   0.265288
k31          |   0.750000 |   0.138293 |   0.815609
k41          |   0.875000 |   2.708949 |   2.095941


Cluster 14: 1 similar solutions
Best solution (Error: 0.010056):
--------------------------------------------------
Variable     | True Value  | Estimated   | Rel. Error
-----------------------------------------------------
x1(t)        |   0.200000 |  -2.064466 |  11.322332
x2(t)        |   0.400000 |   1.098880 |   1.747199
x3(t)        |   0.600000 |   3.231562 |   4.385937
x4(t)        |   0.800000 |  -0.078767 |   1.098459
k01          |   0.125000 |   0.140795 |   0.126362
k12          |   0.250000 |   0.231886 |   0.072458
k13          |   0.375000 |   0.618670 |   0.649786
k14          |   0.500000 |  -0.239830 |   1.479659
k21          |   0.625000 |   0.790805 |   0.265288
k31          |   0.750000 |   2.708949 |   2.611931
k41          |   0.875000 |   0.138293 |   0.841951


Cluster 15: 1 similar solutions
Best solution (Error: 0.002282):
--------------------------------------------------
Variable     | True Value  | Estimated   | Rel. Error
-----------------------------------------------------
x1(t)        |   0.200000 |   0.293050 |   0.465250
x2(t)        |   0.400000 |   0.201010 |   0.497476
x3(t)        |   0.600000 |  -1.265125 |   3.108541
x4(t)        |   0.800000 |   2.588964 |   2.236205
k01          |   0.125000 |   0.103995 |   0.168040
k12          |   0.250000 |   0.236943 |   0.052229
k13          |   0.375000 |   0.170243 |   0.546019
k14          |   0.500000 |  -0.040041 |   1.080081
k21          |   0.625000 |   0.464859 |   0.256225
k31          |   0.750000 |  -0.907789 |   2.210385
k41          |   0.875000 |  -0.541206 |   1.618521


Cluster 16: 1 similar solutions
Best solution (Error: 0.000681):
--------------------------------------------------
Variable     | True Value  | Estimated   | Rel. Error
-----------------------------------------------------
x1(t)        |   0.200000 |   0.179307 |   0.103464
x2(t)        |   0.400000 |   0.344728 |   0.138181
x3(t)        |   0.600000 |   0.160383 |   0.732694
x4(t)        |   0.800000 |   1.257768 |   0.572211
k01          |   0.125000 |   0.120947 |   0.032425
k12          |   0.250000 |   0.253443 |   0.013773
k13          |   0.375000 |   0.001632 |   0.995648
k14          |   0.500000 |   0.538806 |   0.077612
k21          |   0.625000 |   0.584027 |   0.065556
k31          |   0.750000 |  -0.016793 |   1.022390
k41          |   0.875000 |   1.769267 |   1.022019


Cluster 17: 1 similar solutions
Best solution (Error: 0.000681):
--------------------------------------------------
Variable     | True Value  | Estimated   | Rel. Error
-----------------------------------------------------
x1(t)        |   0.200000 |   0.179307 |   0.103464
x2(t)        |   0.400000 |   0.344728 |   0.138181
x3(t)        |   0.600000 |   1.257768 |   1.096281
x4(t)        |   0.800000 |   0.160383 |   0.799521
k01          |   0.125000 |   0.120947 |   0.032425
k12          |   0.250000 |   0.253443 |   0.013773
k13          |   0.375000 |   0.538806 |   0.436816
k14          |   0.500000 |   0.001632 |   0.996736
k21          |   0.625000 |   0.584027 |   0.065556
k31          |   0.750000 |   1.769267 |   1.359023
k41          |   0.875000 |  -0.016793 |   1.019192


Cluster 18: 1 similar solutions
Best solution (Error: 0.000262):
--------------------------------------------------
Variable     | True Value  | Estimated   | Rel. Error
-----------------------------------------------------
x1(t)        |   0.200000 |   0.190759 |   0.046207
x2(t)        |   0.400000 |   0.424480 |   0.061201
x3(t)        |   0.600000 |   1.279676 |   1.132794
x4(t)        |   0.800000 |   0.127119 |   0.841102
k01          |   0.125000 |   0.127497 |   0.019975
k12          |   0.250000 |   0.249898 |   0.000410
k13          |   0.375000 |   0.535728 |   0.428609
k14          |   0.500000 |  -0.456129 |   1.912258
k21          |   0.625000 |   0.641688 |   0.026700
k31          |   0.750000 |   1.806473 |   1.408631
k41          |   0.875000 |  -0.225220 |   1.257394


Cluster 19: 1 similar solutions
Best solution (Error: 0.000262):
--------------------------------------------------
Variable     | True Value  | Estimated   | Rel. Error
-----------------------------------------------------
x1(t)        |   0.200000 |   0.190759 |   0.046207
x2(t)        |   0.400000 |   0.424480 |   0.061201
x3(t)        |   0.600000 |   0.127119 |   0.788136
x4(t)        |   0.800000 |   1.279676 |   0.599596
k01          |   0.125000 |   0.127497 |   0.019975
k12          |   0.250000 |   0.249898 |   0.000410
k13          |   0.375000 |  -0.456129 |   2.216344
k14          |   0.500000 |   0.535728 |   0.071456
k21          |   0.625000 |   0.641688 |   0.026700
k31          |   0.750000 |  -0.225220 |   1.300293
k41          |   0.875000 |   1.806473 |   1.064541


Cluster 20: 1 similar solutions
Best solution (Error: 0.00016):
--------------------------------------------------
Variable     | True Value  | Estimated   | Rel. Error
-----------------------------------------------------
x1(t)        |   0.200000 |   0.200018 |   0.000088
x2(t)        |   0.400000 |   0.409875 |   0.024688
x3(t)        |   0.600000 |   1.384613 |   1.307688
x4(t)        |   0.800000 |   0.015372 |   0.980786
k01          |   0.125000 |   0.119391 |   0.044875
k12          |   0.250000 |   0.244032 |   0.023871
k13          |   0.375000 |   0.577170 |   0.539120
k14          |   0.500000 |   5.630978 |  10.261955
k21          |   0.625000 |   0.630782 |   0.009251
k31          |   0.750000 |   2.140441 |   1.853921
k41          |   0.875000 |   0.788826 |   0.098485


Cluster 21: 1 similar solutions
Best solution (Error: 0.00016):
--------------------------------------------------
Variable     | True Value  | Estimated   | Rel. Error
-----------------------------------------------------
x1(t)        |   0.200000 |   0.200018 |   0.000088
x2(t)        |   0.400000 |   0.409875 |   0.024688
x3(t)        |   0.600000 |   0.015372 |   0.974381
x4(t)        |   0.800000 |   1.384613 |   0.730766
k01          |   0.125000 |   0.119391 |   0.044875
k12          |   0.250000 |   0.244032 |   0.023871
k13          |   0.375000 |   5.630978 |  14.015940
k14          |   0.500000 |   0.577170 |   0.154340
k21          |   0.625000 |   0.630782 |   0.009251
k31          |   0.750000 |   0.788826 |   0.051768
k41          |   0.875000 |   2.140441 |   1.446218


Cluster 22: 1 similar solutions
Best solution (Error: 8.1e-5):
--------------------------------------------------
Variable     | True Value  | Estimated   | Rel. Error
-----------------------------------------------------
x1(t)        |   0.200000 |   0.200292 |   0.001460
x2(t)        |   0.400000 |   0.407532 |   0.018830
x3(t)        |   0.600000 |   0.606446 |   0.010744
x4(t)        |   0.800000 |   0.793132 |   0.008585
k01          |   0.125000 |   0.125439 |   0.003510
k12          |   0.250000 |   0.249428 |   0.002287
k13          |   0.375000 |   0.376783 |   0.004756
k14          |   0.500000 |   0.497632 |   0.004736
k21          |   0.625000 |   0.630082 |   0.008131
k31          |   0.750000 |   0.767195 |   0.022927
k41          |   0.875000 |   0.852754 |   0.025424


Cluster 23: 1 similar solutions
Best solution (Error: 8.1e-5):
--------------------------------------------------
Variable     | True Value  | Estimated   | Rel. Error
-----------------------------------------------------
x1(t)        |   0.200000 |   0.200292 |   0.001460
x2(t)        |   0.400000 |   0.407532 |   0.018830
x3(t)        |   0.600000 |   0.793132 |   0.321887
x4(t)        |   0.800000 |   0.606446 |   0.241942
k01          |   0.125000 |   0.125439 |   0.003510
k12          |   0.250000 |   0.249428 |   0.002287
k13          |   0.375000 |   0.497632 |   0.327019
k14          |   0.500000 |   0.376783 |   0.246433
k21          |   0.625000 |   0.630082 |   0.008131
k31          |   0.750000 |   0.852754 |   0.137005
k41          |   0.875000 |   0.767195 |   0.123205


Cluster 24: 1 similar solutions
Best solution (Error: 3.3e-5):
--------------------------------------------------
Variable     | True Value  | Estimated   | Rel. Error
-----------------------------------------------------
x1(t)        |   0.200000 |   0.200295 |   0.001474
x2(t)        |   0.400000 |   0.401706 |   0.004265
x3(t)        |   0.600000 |  -0.084536 |   1.140893
x4(t)        |   0.800000 |   1.484287 |   0.855359
k01          |   0.125000 |   0.123681 |   0.010553
k12          |   0.250000 |   0.248423 |   0.006307
k13          |   0.375000 |   1.831750 |   3.884665
k14          |   0.500000 |   0.567268 |   0.134536
k21          |   0.625000 |   0.625602 |   0.000964
k31          |   0.750000 |  -0.330145 |   1.440193
k41          |   0.875000 |   2.270500 |   1.594857


Cluster 25: 1 similar solutions
Best solution (Error: 3.3e-5):
--------------------------------------------------
Variable     | True Value  | Estimated   | Rel. Error
-----------------------------------------------------
x1(t)        |   0.200000 |   0.200295 |   0.001474
x2(t)        |   0.400000 |   0.401706 |   0.004265
x3(t)        |   0.600000 |   1.484287 |   1.473812
x4(t)        |   0.800000 |  -0.084536 |   1.105670
k01          |   0.125000 |   0.123681 |   0.010553
k12          |   0.250000 |   0.248423 |   0.006307
k13          |   0.375000 |   0.567268 |   0.512715
k14          |   0.500000 |   1.831750 |   2.663499
k21          |   0.625000 |   0.625602 |   0.000964
k31          |   0.750000 |   2.270500 |   2.027333
k41          |   0.875000 |  -0.330145 |   1.377308


Cluster 26: 1 similar solutions
Best solution (Error: 2.7e-5):
--------------------------------------------------
Variable     | True Value  | Estimated   | Rel. Error
-----------------------------------------------------
x1(t)        |   0.200000 |   0.193250 |   0.033748
x2(t)        |   0.400000 |   0.401433 |   0.003582
x3(t)        |   0.600000 |   0.589992 |   0.016679
x4(t)        |   0.800000 |   0.815046 |   0.018808
k01          |   0.125000 |   0.124999 |   0.000005
k12          |   0.250000 |   0.250001 |   0.000004
k13          |   0.375000 |   0.371448 |   0.009473
k14          |   0.500000 |   0.508058 |   0.016116
k21          |   0.625000 |   0.624992 |   0.000013
k31          |   0.750000 |   0.712792 |   0.049611
k41          |   0.875000 |   0.930805 |   0.063777


Cluster 27: 1 similar solutions
Best solution (Error: 2.7e-5):
--------------------------------------------------
Variable     | True Value  | Estimated   | Rel. Error
-----------------------------------------------------
x1(t)        |   0.200000 |   0.193250 |   0.033748
x2(t)        |   0.400000 |   0.401433 |   0.003582
x3(t)        |   0.600000 |   0.815046 |   0.358411
x4(t)        |   0.800000 |   0.589992 |   0.262509
k01          |   0.125000 |   0.124999 |   0.000005
k12          |   0.250000 |   0.250001 |   0.000004
k13          |   0.375000 |   0.508058 |   0.354822
k14          |   0.500000 |   0.371448 |   0.257105
k21          |   0.625000 |   0.624992 |   0.000013
k31          |   0.750000 |   0.930805 |   0.241073
k41          |   0.875000 |   0.712792 |   0.185381


Cluster 28: 1 similar solutions
Best solution (Error: 1.1e-5):
--------------------------------------------------
Variable     | True Value  | Estimated   | Rel. Error
-----------------------------------------------------
x1(t)        |   0.200000 |   0.198882 |   0.005591
x2(t)        |   0.400000 |   0.401055 |   0.002637
x3(t)        |   0.600000 |   1.255994 |   1.093323
x4(t)        |   0.800000 |   0.144890 |   0.818888
k01          |   0.125000 |   0.125978 |   0.007827
k12          |   0.250000 |   0.251020 |   0.004080
k13          |   0.375000 |   0.541321 |   0.443523
k14          |   0.500000 |  -0.566728 |   2.133457
k21          |   0.625000 |   0.626232 |   0.001971
k31          |   0.750000 |   1.794624 |   1.392832
k41          |   0.875000 |  -0.316782 |   1.362036


Cluster 29: 1 similar solutions
Best solution (Error: 1.1e-5):
--------------------------------------------------
Variable     | True Value  | Estimated   | Rel. Error
-----------------------------------------------------
x1(t)        |   0.200000 |   0.198882 |   0.005591
x2(t)        |   0.400000 |   0.401055 |   0.002637
x3(t)        |   0.600000 |   0.144890 |   0.758517
x4(t)        |   0.800000 |   1.255994 |   0.569992
k01          |   0.125000 |   0.125978 |   0.007827
k12          |   0.250000 |   0.251020 |   0.004080
k13          |   0.375000 |  -0.566728 |   2.511276
k14          |   0.500000 |   0.541321 |   0.082642
k21          |   0.625000 |   0.626232 |   0.001971
k31          |   0.750000 |  -0.316782 |   1.422376
k41          |   0.875000 |   1.794624 |   1.050999


Cluster 30: 1 similar solutions
Best solution (Error: 1.0e-6):
--------------------------------------------------
Variable     | True Value  | Estimated   | Rel. Error
-----------------------------------------------------
x1(t)        |   0.200000 |   0.200292 |   0.001461
x2(t)        |   0.400000 |   0.399903 |   0.000242
x3(t)        |   0.600000 |   0.799504 |   0.332507
x4(t)        |   0.800000 |   0.600281 |   0.249649
k01          |   0.125000 |   0.124998 |   0.000015
k12          |   0.250000 |   0.250002 |   0.000010
k13          |   0.375000 |   0.499689 |   0.332504
k14          |   0.500000 |   0.375118 |   0.249763
k21          |   0.625000 |   0.624978 |   0.000035
k31          |   0.750000 |   0.872945 |   0.163927
k41          |   0.875000 |   0.751355 |   0.141309


Cluster 31: 1 similar solutions
Best solution (Error: 1.0e-6):
--------------------------------------------------
Variable     | True Value  | Estimated   | Rel. Error
-----------------------------------------------------
x1(t)        |   0.200000 |   0.200292 |   0.001461
x2(t)        |   0.400000 |   0.399903 |   0.000242
x3(t)        |   0.600000 |   0.600281 |   0.000468
x4(t)        |   0.800000 |   0.799504 |   0.000620
k01          |   0.125000 |   0.124998 |   0.000015
k12          |   0.250000 |   0.250002 |   0.000010
k13          |   0.375000 |   0.375118 |   0.000315
k14          |   0.500000 |   0.499689 |   0.000622
k21          |   0.625000 |   0.624978 |   0.000035
k31          |   0.750000 |   0.751355 |   0.001807
k41          |   0.875000 |   0.872945 |   0.002348


Cluster 32: 1 similar solutions
Best solution (Error: 0.0):
--------------------------------------------------
Variable     | True Value  | Estimated   | Rel. Error
-----------------------------------------------------
x1(t)        |   0.200000 |   0.199998 |   0.000009
x2(t)        |   0.400000 |   0.400001 |   0.000002
x3(t)        |   0.600000 |   0.849045 |   0.415075
x4(t)        |   0.800000 |   0.550957 |   0.311304
k01          |   0.125000 |   0.124999 |   0.000004
k12          |   0.250000 |   0.249999 |   0.000003
k13          |   0.375000 |   0.506395 |   0.350386
k14          |   0.500000 |   0.352829 |   0.294341
k21          |   0.625000 |   0.625000 |   0.000000
k31          |   0.750000 |   0.989741 |   0.319654
k41          |   0.875000 |   0.631957 |   0.277764


Cluster 33: 1 similar solutions
Best solution (Error: 0.0):
--------------------------------------------------
Variable     | True Value  | Estimated   | Rel. Error
-----------------------------------------------------
x1(t)        |   0.200000 |   0.199998 |   0.000009
x2(t)        |   0.400000 |   0.400001 |   0.000002
x3(t)        |   0.600000 |   0.550957 |   0.081739
x4(t)        |   0.800000 |   0.849045 |   0.061306
k01          |   0.125000 |   0.124999 |   0.000004
k12          |   0.250000 |   0.249999 |   0.000003
k13          |   0.375000 |   0.352829 |   0.059122
k14          |   0.500000 |   0.506395 |   0.012790
k21          |   0.625000 |   0.625000 |   0.000000
k31          |   0.750000 |   0.631957 |   0.157391
k41          |   0.875000 |   0.989741 |   0.131132


Cluster 34: 1 similar solutions
Best solution (Error: 0.0):
--------------------------------------------------
Variable     | True Value  | Estimated   | Rel. Error
-----------------------------------------------------
x1(t)        |   0.200000 |   0.199999 |   0.000004
x2(t)        |   0.400000 |   0.400000 |   0.000001
x3(t)        |   0.600000 |   0.800053 |   0.333421
x4(t)        |   0.800000 |   0.599948 |   0.250065
k01          |   0.125000 |   0.125000 |   0.000000
k12          |   0.250000 |   0.250000 |   0.000000
k13          |   0.375000 |   0.500005 |   0.333346
k14          |   0.500000 |   0.374985 |   0.250030
k21          |   0.625000 |   0.625000 |   0.000000
k31          |   0.750000 |   0.875112 |   0.166816
k41          |   0.875000 |   0.749892 |   0.142981


Cluster 35: 1 similar solutions
Best solution (Error: 0.0):
--------------------------------------------------
Variable     | True Value  | Estimated   | Rel. Error
-----------------------------------------------------
x1(t)        |   0.200000 |   0.199999 |   0.000004
x2(t)        |   0.400000 |   0.400000 |   0.000001
x3(t)        |   0.600000 |   0.599948 |   0.000087
x4(t)        |   0.800000 |   0.800053 |   0.000066
k01          |   0.125000 |   0.125000 |   0.000000
k12          |   0.250000 |   0.250000 |   0.000000
k13          |   0.375000 |   0.374985 |   0.000040
k14          |   0.500000 |   0.500005 |   0.000009
k21          |   0.625000 |   0.625000 |   0.000000
k31          |   0.750000 |   0.749892 |   0.000144
k41          |   0.875000 |   0.875112 |   0.000128


Cluster 36: 1 similar solutions
Best solution (Error: 0.0):
--------------------------------------------------
Variable     | True Value  | Estimated   | Rel. Error
-----------------------------------------------------
x1(t)        |   0.200000 |   0.199999 |   0.000003
x2(t)        |   0.400000 |   0.400000 |   0.000000
x3(t)        |   0.600000 |   0.801461 |   0.335769
x4(t)        |   0.800000 |   0.598539 |   0.251826
k01          |   0.125000 |   0.125000 |   0.000000
k12          |   0.250000 |   0.250000 |   0.000000
k13          |   0.375000 |   0.500143 |   0.333716
k14          |   0.500000 |   0.374484 |   0.251031
k21          |   0.625000 |   0.625000 |   0.000000
k31          |   0.750000 |   0.878243 |   0.170990
k41          |   0.875000 |   0.746698 |   0.146631


Cluster 37: 1 similar solutions
Best solution (Error: 0.0):
--------------------------------------------------
Variable     | True Value  | Estimated   | Rel. Error
-----------------------------------------------------
x1(t)        |   0.200000 |   0.199999 |   0.000003
x2(t)        |   0.400000 |   0.400000 |   0.000000
x3(t)        |   0.600000 |   0.598539 |   0.002435
x4(t)        |   0.800000 |   0.801461 |   0.001827
k01          |   0.125000 |   0.125000 |   0.000000
k12          |   0.250000 |   0.250000 |   0.000000
k13          |   0.375000 |   0.374484 |   0.001375
k14          |   0.500000 |   0.500143 |   0.000287
k21          |   0.625000 |   0.625000 |   0.000000
k31          |   0.750000 |   0.746698 |   0.004403
k41          |   0.875000 |   0.878243 |   0.003706


Cluster 38: 3 similar solutions
Best solution (Error: 0.0):
--------------------------------------------------
Variable     | True Value  | Estimated   | Rel. Error
-----------------------------------------------------
x1(t)        |   0.200000 |   0.200000 |   0.000000
x2(t)        |   0.400000 |   0.400000 |   0.000000
x3(t)        |   0.600000 |   0.800000 |   0.333333
x4(t)        |   0.800000 |   0.600000 |   0.250000
k01          |   0.125000 |   0.125000 |   0.000000
k12          |   0.250000 |   0.250000 |   0.000000
k13          |   0.375000 |   0.500000 |   0.333333
k14          |   0.500000 |   0.375000 |   0.250000
k21          |   0.625000 |   0.625000 |   0.000000
k31          |   0.750000 |   0.875000 |   0.166666
k41          |   0.875000 |   0.750000 |   0.142857


Cluster 39: 3 similar solutions
Best solution (Error: 0.0):
--------------------------------------------------
Variable     | True Value  | Estimated   | Rel. Error
-----------------------------------------------------
x1(t)        |   0.200000 |   0.200000 |   0.000000
x2(t)        |   0.400000 |   0.400000 |   0.000000
x3(t)        |   0.600000 |   0.600000 |   0.000000
x4(t)        |   0.800000 |   0.800000 |   0.000000
k01          |   0.125000 |   0.125000 |   0.000000
k12          |   0.250000 |   0.250000 |   0.000000
k13          |   0.375000 |   0.375000 |   0.000000
k14          |   0.500000 |   0.500000 |   0.000000
k21          |   0.625000 |   0.625000 |   0.000000
k31          |   0.750000 |   0.750000 |   0.000000
k41          |   0.875000 |   0.875000 |   0.000000


Best approximation error for daisy_mamil4: 0.0

Best maximum relative error for daisy_mamil4 (excluding ALL unidentifiable parameters): 0.0
Best minimum relative error: 0.0
Best mean relative error: 0.0
Best median relative error: 0.0
Best maximum relative error: 0.0
Best RMS relative error: 0.0
SUCCESS
