Starting model: daisy_ex3
primes of bitsize 28
G-Q-Pt-FG-LT-LP(C)
Dimension of the quotient :2
Degree of the radical :2
Use last variable as separating element
Separating form: [0, 0, 0, 0, 0, 0, 0, 0, 0, 0, 0, 0, 0, 0, 0, 0, 0, 0, 0, 0, 0, 0, 0, 0, 0, 0, 0, 0, 0, 0, 0, 0, 1]
Run Groebner learn
Test cyclic optimization
Apply cyclic optimization 
Multi-modular computation (1 threads): G-Q-Pt-FG-LT-LP(C)
5-9-13-17-21-25-29-33-37-41-45-49-53-61-69-
check-G-Q-Pt-FG-LT-LP(C)
Nb Primes used :69
primes of bitsize 28
G-Q-Pt-FG-LT-LP(C)
Dimension of the quotient :2
Degree of the radical :2
Use last variable as separating element
Separating form: [0, 0, 0, 0, 0, 0, 0, 0, 0, 0, 0, 0, 0, 0, 0, 0, 0, 0, 0, 0, 0, 0, 0, 0, 0, 0, 0, 0, 0, 0, 0, 0, 1]
Run Groebner learn
Test cyclic optimization
Apply cyclic optimization 
Multi-modular computation (1 threads): G-Q-Pt-FG-LT-LP(C)
5-9-13-17-21-25-29-33-37-41-45-49-53-61-69-
check-G-Q-Pt-FG-LT-LP(C)
Nb Primes used :69
primes of bitsize 28
G-Q-Pt-FG-LT-LP(C)
Dimension of the quotient :2
Degree of the radical :2
Use last variable as separating element
Separating form: [0, 0, 0, 0, 0, 0, 0, 0, 0, 0, 0, 0, 0, 0, 0, 0, 0, 0, 0, 0, 0, 0, 0, 0, 0, 0, 0, 0, 0, 0, 0, 0, 1]
Run Groebner learn
Test cyclic optimization
Apply cyclic optimization 
Multi-modular computation (1 threads): G-Q-Pt-FG-LT-LP(C)
5-9-13-17-21-25-29-33-37-41-45-49-53-61-69-
check-G-Q-Pt-FG-LT-LP(C)
Nb Primes used :69
primes of bitsize 28
G-Q-Pt-FG-LT-LP(C)
Dimension of the quotient :2
Degree of the radical :2
Use last variable as separating element
Separating form: [0, 0, 0, 0, 0, 0, 0, 0, 0, 0, 0, 0, 0, 0, 0, 0, 0, 0, 0, 0, 0, 0, 0, 0, 0, 0, 0, 0, 0, 0, 0, 0, 1]
Run Groebner learn
Test cyclic optimization
Apply cyclic optimization 
Multi-modular computation (1 threads): G-Q-Pt-FG-LT-LP(C)
5-9-13-17-21-25-29-33-37-41-45-49-53-61-69-
check-G-Q-Pt-FG-LT-LP(C)
Nb Primes used :69
primes of bitsize 28
G-Q-Pt-FG-LT-LP(C)
Dimension of the quotient :2
Degree of the radical :2
Use last variable as separating element
Separating form: [0, 0, 0, 0, 0, 0, 0, 0, 0, 0, 0, 0, 0, 0, 0, 0, 0, 0, 0, 0, 0, 0, 0, 0, 0, 0, 0, 0, 0, 0, 0, 0, 1]
Run Groebner learn
Test cyclic optimization
Apply cyclic optimization 
Multi-modular computation (1 threads): G-Q-Pt-FG-LT-LP(C)
5-9-13-17-21-25-29-33-37-41-45-49-53-61-69-
check-G-Q-Pt-FG-LT-LP(C)
Nb Primes used :69
primes of bitsize 28
G-Q-Pt-FG-LT-LP(C)
Dimension of the quotient :2
Degree of the radical :2
Use last variable as separating element
Separating form: [0, 0, 0, 0, 0, 0, 0, 0, 0, 0, 0, 0, 0, 0, 0, 0, 0, 0, 0, 0, 0, 0, 0, 0, 0, 0, 0, 0, 0, 0, 0, 0, 1]
Run Groebner learn
Test cyclic optimization
Apply cyclic optimization 
Multi-modular computation (1 threads): G-Q-Pt-FG-LT-LP(C)
5-9-13-17-21-25-29-33-37-41-45-49-53-61-69-
check-G-Q-Pt-FG-LT-LP(C)
Nb Primes used :69
primes of bitsize 28
G-Q-Pt-FG-LT-LP(C)
Dimension of the quotient :2
Degree of the radical :2
Use last variable as separating element
Separating form: [0, 0, 0, 0, 0, 0, 0, 0, 0, 0, 0, 0, 0, 0, 0, 0, 0, 0, 0, 0, 0, 0, 0, 0, 0, 0, 0, 0, 0, 0, 0, 0, 1]
Run Groebner learn
Test cyclic optimization
Apply cyclic optimization 
Multi-modular computation (1 threads): G-Q-Pt-FG-LT-LP(C)
5-9-13-17-21-25-29-33-37-41-45-49-53-61-69-
check-G-Q-Pt-FG-LT-LP(C)
Nb Primes used :69
primes of bitsize 28
G-Q-Pt-FG-LT-LP(C)
Dimension of the quotient :2
Degree of the radical :2
Use last variable as separating element
Separating form: [0, 0, 0, 0, 0, 0, 0, 0, 0, 0, 0, 0, 0, 0, 0, 0, 0, 0, 0, 0, 0, 0, 0, 0, 0, 0, 0, 0, 0, 0, 0, 0, 1]
Run Groebner learn
Test cyclic optimization
Apply cyclic optimization 
Multi-modular computation (1 threads): G-Q-Pt-FG-LT-LP(C)
5-9-13-17-21-25-29-33-37-41-45-49-53-61-69-
check-G-Q-Pt-FG-LT-LP(C)
Nb Primes used :69
primes of bitsize 28
G-Q-Pt-FG-LT-LP(C)
Dimension of the quotient :2
Degree of the radical :2
Use last variable as separating element
Separating form: [0, 0, 0, 0, 0, 0, 0, 0, 0, 0, 0, 0, 0, 0, 0, 0, 0, 0, 0, 0, 0, 0, 0, 0, 0, 0, 0, 0, 0, 0, 0, 0, 1]
Run Groebner learn
Test cyclic optimization
Apply cyclic optimization 
Multi-modular computation (1 threads): G-Q-Pt-FG-LT-LP(C)
5-9-13-17-21-25-29-33-37-41-45-49-53-61-69-
check-G-Q-Pt-FG-LT-LP(C)
Nb Primes used :69
primes of bitsize 28
G-Q-Pt-FG-LT-LP(C)
Dimension of the quotient :2
Degree of the radical :2
Use last variable as separating element
Separating form: [0, 0, 0, 0, 0, 0, 0, 0, 0, 0, 0, 0, 0, 0, 0, 0, 0, 0, 0, 0, 0, 0, 0, 0, 0, 0, 0, 0, 0, 0, 0, 0, 1]
Run Groebner learn
Test cyclic optimization
Apply cyclic optimization 
Multi-modular computation (1 threads): G-Q-Pt-FG-LT-LP(C)
5-9-13-17-21-25-29-33-37-41-45-49-53-61-69-
check-G-Q-Pt-FG-LT-LP(C)
Nb Primes used :69
primes of bitsize 28
G-Q-Pt-FG-LT-LP(C)
Dimension of the quotient :2
Degree of the radical :2
Use last variable as separating element
Separating form: [0, 0, 0, 0, 0, 0, 0, 0, 0, 0, 0, 0, 0, 0, 0, 0, 0, 0, 0, 0, 0, 0, 0, 0, 0, 0, 0, 0, 0, 0, 0, 0, 1]
Run Groebner learn
Test cyclic optimization
Apply cyclic optimization 
Multi-modular computation (1 threads): G-Q-Pt-FG-LT-LP(C)
5-9-13-17-21-25-29-33-37-41-45-49-53-61-
check-G-Q-Pt-FG-LT-LP(C)
Nb Primes used :61
primes of bitsize 28
G-Q-Pt-FG-LT-LP(C)
Dimension of the quotient :2
Degree of the radical :2
Use last variable as separating element
Separating form: [0, 0, 0, 0, 0, 0, 0, 0, 0, 0, 0, 0, 0, 0, 0, 0, 0, 0, 0, 0, 0, 0, 0, 0, 0, 0, 0, 0, 0, 0, 0, 0, 1]
Run Groebner learn
Test cyclic optimization
Apply cyclic optimization 
Multi-modular computation (1 threads): G-Q-Pt-FG-LT-LP(C)
5-9-13-17-21-25-29-33-37-41-45-49-53-61-69-
check-G-Q-Pt-FG-LT-LP(C)
Nb Primes used :69
primes of bitsize 28
G-Q-Pt-FG-LT-LP(C)
Dimension of the quotient :2
Degree of the radical :2
Use last variable as separating element
Separating form: [0, 0, 0, 0, 0, 0, 0, 0, 0, 0, 0, 0, 0, 0, 0, 0, 0, 0, 0, 0, 0, 0, 0, 0, 0, 0, 0, 0, 0, 0, 0, 0, 1]
Run Groebner learn
Test cyclic optimization
Apply cyclic optimization 
Multi-modular computation (1 threads): G-Q-Pt-FG-LT-LP(C)
5-9-13-17-21-25-29-33-37-41-45-49-53-61-69-
check-G-Q-Pt-FG-LT-LP(C)
Nb Primes used :69
primes of bitsize 28
G-Q-Pt-FG-LT-LP(C)
Dimension of the quotient :2
Degree of the radical :2
Use last variable as separating element
Separating form: [0, 0, 0, 0, 0, 0, 0, 0, 0, 0, 0, 0, 0, 0, 0, 0, 0, 0, 0, 0, 0, 0, 0, 0, 0, 0, 0, 0, 0, 0, 0, 0, 1]
Run Groebner learn
Test cyclic optimization
Apply cyclic optimization 
Multi-modular computation (1 threads): G-Q-Pt-FG-LT-LP(C)
5-9-13-17-21-25-29-33-37-41-45-49-
check-G-Q-Pt-FG-LT-LP(C)
Nb Primes used :49
primes of bitsize 28
G-Q-Pt-FG-LT-LP(C)
Dimension of the quotient :2
Degree of the radical :2
Use last variable as separating element
Separating form: [0, 0, 0, 0, 0, 0, 0, 0, 0, 0, 0, 0, 0, 0, 0, 0, 0, 0, 0, 0, 0, 0, 0, 0, 0, 0, 0, 0, 0, 0, 0, 0, 1]
Run Groebner learn
Test cyclic optimization
Apply cyclic optimization 
Multi-modular computation (1 threads): G-Q-Pt-FG-LT-LP(C)
5-9-13-17-21-25-29-33-37-
check-G-Q-Pt-FG-LT-LP(C)
Nb Primes used :37
primes of bitsize 28
G-Q-Pt-FG-LT-LP(C)
Dimension of the quotient :2
Degree of the radical :2
Use last variable as separating element
Separating form: [0, 0, 0, 0, 0, 0, 0, 0, 0, 0, 0, 0, 0, 0, 0, 0, 0, 0, 0, 0, 0, 0, 0, 0, 0, 0, 0, 0, 0, 0, 0, 0, 1]
Run Groebner learn
Test cyclic optimization
Apply cyclic optimization 
Multi-modular computation (1 threads): G-Q-Pt-FG-LT-LP(C)
5-9-13-17-21-25-29-33-37-
check-G-Q-Pt-FG-LT-LP(C)
Nb Primes used :37
primes of bitsize 28
G-Q-Pt-FG-LT-LP(C)
Dimension of the quotient :2
Degree of the radical :2
Use last variable as separating element
Separating form: [0, 0, 0, 0, 0, 0, 0, 0, 0, 0, 0, 0, 0, 0, 0, 0, 0, 0, 0, 0, 0, 0, 0, 0, 0, 0, 0, 0, 0, 0, 0, 0, 1]
Run Groebner learn
Test cyclic optimization
Apply cyclic optimization 
Multi-modular computation (1 threads): G-Q-Pt-FG-LT-LP(C)
5-9-13-17-21-25-29-33-37-
check-G-Q-Pt-FG-LT-LP(C)
Nb Primes used :37
primes of bitsize 28
G-Q-Pt-FG-LT-LP(C)
Dimension of the quotient :2
Degree of the radical :2
Use last variable as separating element
Separating form: [0, 0, 0, 0, 0, 0, 0, 0, 0, 0, 0, 0, 0, 0, 0, 0, 0, 0, 0, 0, 0, 0, 0, 0, 0, 0, 0, 0, 0, 0, 0, 0, 1]
Run Groebner learn
Test cyclic optimization
Apply cyclic optimization 
Multi-modular computation (1 threads): G-Q-Pt-FG-LT-LP(C)
5-9-13-17-21-25-29-33-37-
check-G-Q-Pt-FG-LT-LP(C)
Nb Primes used :37
primes of bitsize 28
G-Q-Pt-FG-LT-LP(C)
Dimension of the quotient :2
Degree of the radical :2
Use last variable as separating element
Separating form: [0, 0, 0, 0, 0, 0, 0, 0, 0, 0, 0, 0, 0, 0, 0, 0, 0, 0, 0, 0, 0, 0, 0, 0, 0, 0, 0, 0, 0, 0, 0, 0, 1]
Run Groebner learn
Test cyclic optimization
Apply cyclic optimization 
Multi-modular computation (1 threads): G-Q-Pt-FG-LT-LP(C)
5-9-13-17-21-25-29-33-37-
check-G-Q-Pt-FG-LT-LP(C)
Nb Primes used :37
primes of bitsize 28
G-Q-Pt-FG-LT-LP(C)
Dimension of the quotient :2
Degree of the radical :2
Use last variable as separating element
Separating form: [0, 0, 0, 0, 0, 0, 0, 0, 0, 0, 0, 0, 0, 0, 0, 0, 0, 0, 0, 0, 0, 0, 0, 0, 0, 0, 0, 0, 0, 0, 0, 0, 1]
Run Groebner learn
Test cyclic optimization
Apply cyclic optimization 
Multi-modular computation (1 threads): G-Q-Pt-FG-LT-LP(C)
5-9-13-17-21-25-29-33-37-
check-G-Q-Pt-FG-LT-LP(C)
Nb Primes used :37
primes of bitsize 28
G-Q-Pt-FG-LT-LP(C)
Dimension of the quotient :2
Degree of the radical :2
Use last variable as separating element
Separating form: [0, 0, 0, 0, 0, 0, 0, 0, 0, 0, 0, 0, 0, 0, 0, 0, 0, 0, 0, 0, 0, 0, 0, 0, 0, 0, 0, 0, 0, 0, 0, 0, 1]
Run Groebner learn
Test cyclic optimization
Apply cyclic optimization 
Multi-modular computation (1 threads): G-Q-Pt-FG-LT-LP(C)
5-9-13-17-21-25-29-33-37-
check-G-Q-Pt-FG-LT-LP(C)
Nb Primes used :37
primes of bitsize 28
G-Q-Pt-FG-LT-LP(C)
Dimension of the quotient :2
Degree of the radical :2
Use last variable as separating element
Separating form: [0, 0, 0, 0, 0, 0, 0, 0, 0, 0, 0, 0, 0, 0, 0, 0, 0, 0, 0, 0, 0, 0, 0, 0, 0, 0, 0, 0, 0, 0, 0, 0, 1]
Run Groebner learn
Test cyclic optimization
Apply cyclic optimization 
Multi-modular computation (1 threads): G-Q-Pt-FG-LT-LP(C)
5-9-13-17-21-25-29-33-37-
check-G-Q-Pt-FG-LT-LP(C)
Nb Primes used :37
primes of bitsize 28
G-Q-Pt-FG-LT-LP(C)
Dimension of the quotient :2
Degree of the radical :2
Use last variable as separating element
Separating form: [0, 0, 0, 0, 0, 0, 0, 0, 0, 0, 0, 0, 0, 0, 0, 0, 0, 0, 0, 0, 0, 0, 0, 0, 0, 0, 0, 0, 0, 0, 0, 0, 1]
Run Groebner learn
Test cyclic optimization
Apply cyclic optimization 
Multi-modular computation (1 threads): G-Q-Pt-FG-LT-LP(C)
5-9-13-17-21-25-29-33-37-
check-G-Q-Pt-FG-LT-LP(C)
Nb Primes used :37
primes of bitsize 28
G-Q-Pt-FG-LT-LP(C)
Dimension of the quotient :2
Degree of the radical :2
Use last variable as separating element
Separating form: [0, 0, 0, 0, 0, 0, 0, 0, 0, 0, 0, 0, 0, 0, 0, 0, 0, 0, 0, 0, 0, 0, 0, 0, 0, 0, 0, 0, 0, 0, 0, 0, 1]
Run Groebner learn
Test cyclic optimization
Apply cyclic optimization 
Multi-modular computation (1 threads): G-Q-Pt-FG-LT-LP(C)
5-9-13-17-21-25-29-33-37-
check-G-Q-Pt-FG-LT-LP(C)
Nb Primes used :37
┌ Warning: No solutions found after 10 attempts
└ @ ODEParameterEstimation ~/.julia/dev/ODEParameterEstimation/src/core/multipoint_estimation.jl:88
primes of bitsize 28
G-Q-Pt-FG-LT-LP(C)
Dimension of the quotient :2
Degree of the radical :2
Use last variable as separating element
Separating form: [0, 0, 0, 0, 0, 0, 0, 0, 0, 0, 0, 0, 0, 0, 0, 0, 0, 0, 0, 0, 0, 0, 0, 0, 0, 0, 0, 0, 0, 0, 0, 0, 1]
Run Groebner learn
Test cyclic optimization
Apply cyclic optimization 
Multi-modular computation (1 threads): G-Q-Pt-FG-LT-LP(C)
5-9-13-17-21-25-29-33-37-41-45-
check-G-Q-Pt-FG-LT-LP(C)
Nb Primes used :45
primes of bitsize 28
G-Q-Pt-FG-LT-LP(C)
Dimension of the quotient :2
Degree of the radical :2
Use last variable as separating element
Separating form: [0, 0, 0, 0, 0, 0, 0, 0, 0, 0, 0, 0, 0, 0, 0, 0, 0, 0, 0, 0, 0, 0, 0, 0, 0, 0, 0, 0, 0, 0, 0, 0, 1]
Run Groebner learn
Test cyclic optimization
Apply cyclic optimization 
Multi-modular computation (1 threads): G-Q-Pt-FG-LT-LP(C)
5-9-13-17-21-25-29-33-37-41-45-49-
check-G-Q-Pt-FG-LT-LP(C)
Nb Primes used :49
primes of bitsize 28
G-Q-Pt-FG-LT-LP(C)
Dimension of the quotient :2
Degree of the radical :2
Use last variable as separating element
Separating form: [0, 0, 0, 0, 0, 0, 0, 0, 0, 0, 0, 0, 0, 0, 0, 0, 0, 0, 0, 0, 0, 0, 0, 0, 0, 0, 0, 0, 0, 0, 0, 0, 1]
Run Groebner learn
Test cyclic optimization
Apply cyclic optimization 
Multi-modular computation (1 threads): G-Q-Pt-FG-LT-LP(C)
5-9-13-17-21-25-29-33-
check-G-Q-Pt-FG-LT-LP(C)
Nb Primes used :33
┌ Warning: Interrupted. Larger maxiters is needed. If you are using an integrator for non-stiff ODEs or an automatic switching algorithm (the default), you may want to consider using a method for stiff equations. See the solver pages for more details (e.g. https://docs.sciml.ai/DiffEqDocs/stable/solvers/ode_solve/#Stiff-Problems).
└ @ SciMLBase ~/.julia/packages/SciMLBase/u2Ue2/src/integrator_interface.jl:589
┌ Warning: Interrupted. Larger maxiters is needed. If you are using an integrator for non-stiff ODEs or an automatic switching algorithm (the default), you may want to consider using a method for stiff equations. See the solver pages for more details (e.g. https://docs.sciml.ai/DiffEqDocs/stable/solvers/ode_solve/#Stiff-Problems).
└ @ SciMLBase ~/.julia/packages/SciMLBase/u2Ue2/src/integrator_interface.jl:589
primes of bitsize 28
G-Q-Pt-FG-LT-LP(C)
Dimension of the quotient :2
Degree of the radical :2
Use last variable as separating element
Separating form: [0, 0, 0, 0, 0, 0, 0, 0, 0, 0, 0, 0, 0, 0, 0, 0, 0, 0, 0, 0, 0, 0, 0, 0, 0, 0, 0, 0, 0, 0, 0, 0, 1]
Run Groebner learn
Test cyclic optimization
Apply cyclic optimization 
Multi-modular computation (1 threads): G-Q-Pt-FG-LT-LP(C)
5-9-13-17-21-25-29-33-
check-G-Q-Pt-FG-LT-LP(C)
Nb Primes used :33
primes of bitsize 28
G-Q-Pt-FG-LT-LP(C)
Dimension of the quotient :2
Degree of the radical :2
Use last variable as separating element
Separating form: [0, 0, 0, 0, 0, 0, 0, 0, 0, 0, 0, 0, 0, 0, 0, 0, 0, 0, 0, 0, 0, 0, 0, 0, 0, 0, 0, 0, 0, 0, 0, 0, 1]
Run Groebner learn
Test cyclic optimization
Apply cyclic optimization 
Multi-modular computation (1 threads): G-Q-Pt-FG-LT-LP(C)
5-9-13-17-21-25-29-33-37-41-
check-G-Q-Pt-FG-LT-LP(C)
Nb Primes used :41
primes of bitsize 28
G-Q-Pt-FG-LT-LP(C)
Dimension of the quotient :2
Degree of the radical :2
Use last variable as separating element
Separating form: [0, 0, 0, 0, 0, 0, 0, 0, 0, 0, 0, 0, 0, 0, 0, 0, 0, 0, 0, 0, 0, 0, 0, 0, 0, 0, 0, 0, 0, 0, 0, 0, 1]
Run Groebner learn
Test cyclic optimization
Apply cyclic optimization 
Multi-modular computation (1 threads): G-Q-Pt-FG-LT-LP(C)
5-9-13-17-21-25-29-33-
check-G-Q-Pt-FG-LT-LP(C)
Nb Primes used :33
primes of bitsize 28
G-Q-Pt-FG-LT-LP(C)
Dimension of the quotient :2
Degree of the radical :2
Use last variable as separating element
Separating form: [0, 0, 0, 0, 0, 0, 0, 0, 0, 0, 0, 0, 0, 0, 0, 0, 0, 0, 0, 0, 0, 0, 0, 0, 0, 0, 0, 0, 0, 0, 0, 0, 1]
Run Groebner learn
Test cyclic optimization
Apply cyclic optimization 
Multi-modular computation (1 threads): G-Q-Pt-FG-LT-LP(C)
5-9-13-17-21-25-29-33-37-41-
check-G-Q-Pt-FG-LT-LP(C)
Nb Primes used :41
primes of bitsize 28
G-Q-┌ Warning: solve_with_rs failed: ErrorException("System has no solutions")
└ @ ODEParameterEstimation ~/.julia/dev/ODEParameterEstimation/src/core/homotopy_continuation.jl:288
primes of bitsize 28
G-Q-┌ Warning: solve_with_rs failed: ErrorException("System has no solutions")
└ @ ODEParameterEstimation ~/.julia/dev/ODEParameterEstimation/src/core/homotopy_continuation.jl:288
primes of bitsize 28
G-Q-┌ Warning: solve_with_rs failed: ErrorException("System has no solutions")
└ @ ODEParameterEstimation ~/.julia/dev/ODEParameterEstimation/src/core/homotopy_continuation.jl:288
primes of bitsize 28
G-Q-┌ Warning: solve_with_rs failed: ErrorException("System has no solutions")
└ @ ODEParameterEstimation ~/.julia/dev/ODEParameterEstimation/src/core/homotopy_continuation.jl:288
primes of bitsize 28
G-Q-┌ Warning: solve_with_rs failed: ErrorException("System has no solutions")
└ @ ODEParameterEstimation ~/.julia/dev/ODEParameterEstimation/src/core/homotopy_continuation.jl:288
primes of bitsize 28
G-Q-┌ Warning: solve_with_rs failed: ErrorException("System has no solutions")
└ @ ODEParameterEstimation ~/.julia/dev/ODEParameterEstimation/src/core/homotopy_continuation.jl:288
primes of bitsize 28
G-Q-┌ Warning: solve_with_rs failed: ErrorException("System has no solutions")
└ @ ODEParameterEstimation ~/.julia/dev/ODEParameterEstimation/src/core/homotopy_continuation.jl:288
primes of bitsize 28
G-Q-┌ Warning: solve_with_rs failed: ErrorException("System has no solutions")
└ @ ODEParameterEstimation ~/.julia/dev/ODEParameterEstimation/src/core/homotopy_continuation.jl:288
primes of bitsize 28
G-Q-┌ Warning: solve_with_rs failed: ErrorException("System has no solutions")
└ @ ODEParameterEstimation ~/.julia/dev/ODEParameterEstimation/src/core/homotopy_continuation.jl:288
primes of bitsize 28
G-Q-┌ Warning: solve_with_rs failed: ErrorException("System has no solutions")
└ @ ODEParameterEstimation ~/.julia/dev/ODEParameterEstimation/src/core/homotopy_continuation.jl:288
┌ Warning: No solutions found after 10 attempts
└ @ ODEParameterEstimation ~/.julia/dev/ODEParameterEstimation/src/core/multipoint_estimation.jl:88
primes of bitsize 28
G-Q-┌ Warning: solve_with_rs failed: ErrorException("System has no solutions")
└ @ ODEParameterEstimation ~/.julia/dev/ODEParameterEstimation/src/core/homotopy_continuation.jl:288
primes of bitsize 28
G-Q-┌ Warning: solve_with_rs failed: ErrorException("System has no solutions")
└ @ ODEParameterEstimation ~/.julia/dev/ODEParameterEstimation/src/core/homotopy_continuation.jl:288
primes of bitsize 28
G-Q-┌ Warning: solve_with_rs failed: ErrorException("System has no solutions")
└ @ ODEParameterEstimation ~/.julia/dev/ODEParameterEstimation/src/core/homotopy_continuation.jl:288
primes of bitsize 28
G-Q-┌ Warning: solve_with_rs failed: ErrorException("System has no solutions")
└ @ ODEParameterEstimation ~/.julia/dev/ODEParameterEstimation/src/core/homotopy_continuation.jl:288
primes of bitsize 28
G-Q-┌ Warning: solve_with_rs failed: ErrorException("System has no solutions")
└ @ ODEParameterEstimation ~/.julia/dev/ODEParameterEstimation/src/core/homotopy_continuation.jl:288
primes of bitsize 28
G-Q-┌ Warning: solve_with_rs failed: ErrorException("System has no solutions")
└ @ ODEParameterEstimation ~/.julia/dev/ODEParameterEstimation/src/core/homotopy_continuation.jl:288
primes of bitsize 28
G-Q-┌ Warning: solve_with_rs failed: ErrorException("System has no solutions")
└ @ ODEParameterEstimation ~/.julia/dev/ODEParameterEstimation/src/core/homotopy_continuation.jl:288
primes of bitsize 28
G-Q-┌ Warning: solve_with_rs failed: ErrorException("System has no solutions")
└ @ ODEParameterEstimation ~/.julia/dev/ODEParameterEstimation/src/core/homotopy_continuation.jl:288
primes of bitsize 28
G-Q-┌ Warning: solve_with_rs failed: ErrorException("System has no solutions")
└ @ ODEParameterEstimation ~/.julia/dev/ODEParameterEstimation/src/core/homotopy_continuation.jl:288
primes of bitsize 28
G-Q-┌ Warning: solve_with_rs failed: ErrorException("System has no solutions")
└ @ ODEParameterEstimation ~/.julia/dev/ODEParameterEstimation/src/core/homotopy_continuation.jl:288
┌ Warning: No solutions found after 10 attempts
└ @ ODEParameterEstimation ~/.julia/dev/ODEParameterEstimation/src/core/multipoint_estimation.jl:88
primes of bitsize 28
G-Q-┌ Warning: solve_with_rs failed: ErrorException("System has no solutions")
└ @ ODEParameterEstimation ~/.julia/dev/ODEParameterEstimation/src/core/homotopy_continuation.jl:288
primes of bitsize 28
G-Q-┌ Warning: solve_with_rs failed: ErrorException("System has no solutions")
└ @ ODEParameterEstimation ~/.julia/dev/ODEParameterEstimation/src/core/homotopy_continuation.jl:288
primes of bitsize 28
G-Q-┌ Warning: solve_with_rs failed: ErrorException("System has no solutions")
└ @ ODEParameterEstimation ~/.julia/dev/ODEParameterEstimation/src/core/homotopy_continuation.jl:288
primes of bitsize 28
G-Q-┌ Warning: solve_with_rs failed: ErrorException("System has no solutions")
└ @ ODEParameterEstimation ~/.julia/dev/ODEParameterEstimation/src/core/homotopy_continuation.jl:288
primes of bitsize 28
G-Q-┌ Warning: solve_with_rs failed: ErrorException("System has no solutions")
└ @ ODEParameterEstimation ~/.julia/dev/ODEParameterEstimation/src/core/homotopy_continuation.jl:288
primes of bitsize 28
G-Q-┌ Warning: solve_with_rs failed: ErrorException("System has no solutions")
└ @ ODEParameterEstimation ~/.julia/dev/ODEParameterEstimation/src/core/homotopy_continuation.jl:288
primes of bitsize 28
G-Q-┌ Warning: solve_with_rs failed: ErrorException("System has no solutions")
└ @ ODEParameterEstimation ~/.julia/dev/ODEParameterEstimation/src/core/homotopy_continuation.jl:288
primes of bitsize 28
G-Q-┌ Warning: solve_with_rs failed: ErrorException("System has no solutions")
└ @ ODEParameterEstimation ~/.julia/dev/ODEParameterEstimation/src/core/homotopy_continuation.jl:288
primes of bitsize 28
G-Q-┌ Warning: solve_with_rs failed: ErrorException("System has no solutions")
└ @ ODEParameterEstimation ~/.julia/dev/ODEParameterEstimation/src/core/homotopy_continuation.jl:288
primes of bitsize 28
G-Q-┌ Warning: solve_with_rs failed: ErrorException("System has no solutions")
└ @ ODEParameterEstimation ~/.julia/dev/ODEParameterEstimation/src/core/homotopy_continuation.jl:288
┌ Warning: No solutions found after 10 attempts
└ @ ODEParameterEstimation ~/.julia/dev/ODEParameterEstimation/src/core/multipoint_estimation.jl:88
primes of bitsize 28
G-Q-┌ Warning: solve_with_rs failed: ErrorException("System has no solutions")
└ @ ODEParameterEstimation ~/.julia/dev/ODEParameterEstimation/src/core/homotopy_continuation.jl:288
primes of bitsize 28
G-Q-┌ Warning: solve_with_rs failed: ErrorException("System has no solutions")
└ @ ODEParameterEstimation ~/.julia/dev/ODEParameterEstimation/src/core/homotopy_continuation.jl:288
primes of bitsize 28
G-Q-┌ Warning: solve_with_rs failed: ErrorException("System has no solutions")
└ @ ODEParameterEstimation ~/.julia/dev/ODEParameterEstimation/src/core/homotopy_continuation.jl:288
primes of bitsize 28
G-Q-┌ Warning: solve_with_rs failed: ErrorException("System has no solutions")
└ @ ODEParameterEstimation ~/.julia/dev/ODEParameterEstimation/src/core/homotopy_continuation.jl:288
primes of bitsize 28
G-Q-┌ Warning: solve_with_rs failed: ErrorException("System has no solutions")
└ @ ODEParameterEstimation ~/.julia/dev/ODEParameterEstimation/src/core/homotopy_continuation.jl:288
primes of bitsize 28
G-Q-┌ Warning: solve_with_rs failed: ErrorException("System has no solutions")
└ @ ODEParameterEstimation ~/.julia/dev/ODEParameterEstimation/src/core/homotopy_continuation.jl:288
primes of bitsize 28
G-Q-┌ Warning: solve_with_rs failed: ErrorException("System has no solutions")
└ @ ODEParameterEstimation ~/.julia/dev/ODEParameterEstimation/src/core/homotopy_continuation.jl:288
primes of bitsize 28
G-Q-┌ Warning: solve_with_rs failed: ErrorException("System has no solutions")
└ @ ODEParameterEstimation ~/.julia/dev/ODEParameterEstimation/src/core/homotopy_continuation.jl:288
primes of bitsize 28
G-Q-┌ Warning: solve_with_rs failed: ErrorException("System has no solutions")
└ @ ODEParameterEstimation ~/.julia/dev/ODEParameterEstimation/src/core/homotopy_continuation.jl:288
primes of bitsize 28
G-Q-┌ Warning: solve_with_rs failed: ErrorException("System has no solutions")
└ @ ODEParameterEstimation ~/.julia/dev/ODEParameterEstimation/src/core/homotopy_continuation.jl:288
┌ Warning: No solutions found after 10 attempts
└ @ ODEParameterEstimation ~/.julia/dev/ODEParameterEstimation/src/core/multipoint_estimation.jl:88
primes of bitsize 28
G-Q-┌ Warning: solve_with_rs failed: ErrorException("System has no solutions")
└ @ ODEParameterEstimation ~/.julia/dev/ODEParameterEstimation/src/core/homotopy_continuation.jl:288
primes of bitsize 28
G-Q-┌ Warning: solve_with_rs failed: ErrorException("System has no solutions")
└ @ ODEParameterEstimation ~/.julia/dev/ODEParameterEstimation/src/core/homotopy_continuation.jl:288
primes of bitsize 28
G-Q-┌ Warning: solve_with_rs failed: ErrorException("System has no solutions")
└ @ ODEParameterEstimation ~/.julia/dev/ODEParameterEstimation/src/core/homotopy_continuation.jl:288
primes of bitsize 28
G-Q-┌ Warning: solve_with_rs failed: ErrorException("System has no solutions")
└ @ ODEParameterEstimation ~/.julia/dev/ODEParameterEstimation/src/core/homotopy_continuation.jl:288
primes of bitsize 28
G-Q-┌ Warning: solve_with_rs failed: ErrorException("System has no solutions")
└ @ ODEParameterEstimation ~/.julia/dev/ODEParameterEstimation/src/core/homotopy_continuation.jl:288
primes of bitsize 28
G-Q-┌ Warning: solve_with_rs failed: ErrorException("System has no solutions")
└ @ ODEParameterEstimation ~/.julia/dev/ODEParameterEstimation/src/core/homotopy_continuation.jl:288
primes of bitsize 28
G-Q-┌ Warning: solve_with_rs failed: ErrorException("System has no solutions")
└ @ ODEParameterEstimation ~/.julia/dev/ODEParameterEstimation/src/core/homotopy_continuation.jl:288
primes of bitsize 28
G-Q-┌ Warning: solve_with_rs failed: ErrorException("System has no solutions")
└ @ ODEParameterEstimation ~/.julia/dev/ODEParameterEstimation/src/core/homotopy_continuation.jl:288
primes of bitsize 28
G-Q-┌ Warning: solve_with_rs failed: ErrorException("System has no solutions")
└ @ ODEParameterEstimation ~/.julia/dev/ODEParameterEstimation/src/core/homotopy_continuation.jl:288
primes of bitsize 28
G-Q-┌ Warning: solve_with_rs failed: ErrorException("System has no solutions")
└ @ ODEParameterEstimation ~/.julia/dev/ODEParameterEstimation/src/core/homotopy_continuation.jl:288
┌ Warning: No solutions found after 10 attempts
└ @ ODEParameterEstimation ~/.julia/dev/ODEParameterEstimation/src/core/multipoint_estimation.jl:88
primes of bitsize 28
G-Q-┌ Warning: solve_with_rs failed: ErrorException("System has no solutions")
└ @ ODEParameterEstimation ~/.julia/dev/ODEParameterEstimation/src/core/homotopy_continuation.jl:288
primes of bitsize 28
G-Q-┌ Warning: solve_with_rs failed: ErrorException("System has no solutions")
└ @ ODEParameterEstimation ~/.julia/dev/ODEParameterEstimation/src/core/homotopy_continuation.jl:288
primes of bitsize 28
G-Q-┌ Warning: solve_with_rs failed: ErrorException("System has no solutions")
└ @ ODEParameterEstimation ~/.julia/dev/ODEParameterEstimation/src/core/homotopy_continuation.jl:288
primes of bitsize 28
G-Q-┌ Warning: solve_with_rs failed: ErrorException("System has no solutions")
└ @ ODEParameterEstimation ~/.julia/dev/ODEParameterEstimation/src/core/homotopy_continuation.jl:288
primes of bitsize 28
G-Q-┌ Warning: solve_with_rs failed: ErrorException("System has no solutions")
└ @ ODEParameterEstimation ~/.julia/dev/ODEParameterEstimation/src/core/homotopy_continuation.jl:288
primes of bitsize 28
G-Q-┌ Warning: solve_with_rs failed: ErrorException("System has no solutions")
└ @ ODEParameterEstimation ~/.julia/dev/ODEParameterEstimation/src/core/homotopy_continuation.jl:288
primes of bitsize 28
G-Q-┌ Warning: solve_with_rs failed: ErrorException("System has no solutions")
└ @ ODEParameterEstimation ~/.julia/dev/ODEParameterEstimation/src/core/homotopy_continuation.jl:288
primes of bitsize 28
G-Q-┌ Warning: solve_with_rs failed: ErrorException("System has no solutions")
└ @ ODEParameterEstimation ~/.julia/dev/ODEParameterEstimation/src/core/homotopy_continuation.jl:288
primes of bitsize 28
G-Q-┌ Warning: solve_with_rs failed: ErrorException("System has no solutions")
└ @ ODEParameterEstimation ~/.julia/dev/ODEParameterEstimation/src/core/homotopy_continuation.jl:288
primes of bitsize 28
G-Q-┌ Warning: solve_with_rs failed: ErrorException("System has no solutions")
└ @ ODEParameterEstimation ~/.julia/dev/ODEParameterEstimation/src/core/homotopy_continuation.jl:288
┌ Warning: No solutions found after 10 attempts
└ @ ODEParameterEstimation ~/.julia/dev/ODEParameterEstimation/src/core/multipoint_estimation.jl:88
primes of bitsize 28
G-Q-┌ Warning: solve_with_rs failed: ErrorException("System has no solutions")
└ @ ODEParameterEstimation ~/.julia/dev/ODEParameterEstimation/src/core/homotopy_continuation.jl:288
primes of bitsize 28
G-Q-┌ Warning: solve_with_rs failed: ErrorException("System has no solutions")
└ @ ODEParameterEstimation ~/.julia/dev/ODEParameterEstimation/src/core/homotopy_continuation.jl:288
primes of bitsize 28
G-Q-┌ Warning: solve_with_rs failed: ErrorException("System has no solutions")
└ @ ODEParameterEstimation ~/.julia/dev/ODEParameterEstimation/src/core/homotopy_continuation.jl:288
primes of bitsize 28
G-Q-┌ Warning: solve_with_rs failed: ErrorException("System has no solutions")
└ @ ODEParameterEstimation ~/.julia/dev/ODEParameterEstimation/src/core/homotopy_continuation.jl:288
primes of bitsize 28
G-Q-┌ Warning: solve_with_rs failed: ErrorException("System has no solutions")
└ @ ODEParameterEstimation ~/.julia/dev/ODEParameterEstimation/src/core/homotopy_continuation.jl:288
primes of bitsize 28
G-Q-┌ Warning: solve_with_rs failed: ErrorException("System has no solutions")
└ @ ODEParameterEstimation ~/.julia/dev/ODEParameterEstimation/src/core/homotopy_continuation.jl:288
primes of bitsize 28
G-Q-┌ Warning: solve_with_rs failed: ErrorException("System has no solutions")
└ @ ODEParameterEstimation ~/.julia/dev/ODEParameterEstimation/src/core/homotopy_continuation.jl:288
primes of bitsize 28
G-Q-┌ Warning: solve_with_rs failed: ErrorException("System has no solutions")
└ @ ODEParameterEstimation ~/.julia/dev/ODEParameterEstimation/src/core/homotopy_continuation.jl:288
primes of bitsize 28
G-Q-┌ Warning: solve_with_rs failed: ErrorException("System has no solutions")
└ @ ODEParameterEstimation ~/.julia/dev/ODEParameterEstimation/src/core/homotopy_continuation.jl:288
primes of bitsize 28
G-Q-┌ Warning: solve_with_rs failed: ErrorException("System has no solutions")
└ @ ODEParameterEstimation ~/.julia/dev/ODEParameterEstimation/src/core/homotopy_continuation.jl:288
┌ Warning: No solutions found after 10 attempts
└ @ ODEParameterEstimation ~/.julia/dev/ODEParameterEstimation/src/core/multipoint_estimation.jl:88
primes of bitsize 28
G-Q-┌ Warning: solve_with_rs failed: ErrorException("System has no solutions")
└ @ ODEParameterEstimation ~/.julia/dev/ODEParameterEstimation/src/core/homotopy_continuation.jl:288
primes of bitsize 28
G-Q-┌ Warning: solve_with_rs failed: ErrorException("System has no solutions")
└ @ ODEParameterEstimation ~/.julia/dev/ODEParameterEstimation/src/core/homotopy_continuation.jl:288
primes of bitsize 28
G-Q-┌ Warning: solve_with_rs failed: ErrorException("System has no solutions")
└ @ ODEParameterEstimation ~/.julia/dev/ODEParameterEstimation/src/core/homotopy_continuation.jl:288
primes of bitsize 28
G-Q-┌ Warning: solve_with_rs failed: ErrorException("System has no solutions")
└ @ ODEParameterEstimation ~/.julia/dev/ODEParameterEstimation/src/core/homotopy_continuation.jl:288
primes of bitsize 28
G-Q-┌ Warning: solve_with_rs failed: ErrorException("System has no solutions")
└ @ ODEParameterEstimation ~/.julia/dev/ODEParameterEstimation/src/core/homotopy_continuation.jl:288
primes of bitsize 28
G-Q-┌ Warning: solve_with_rs failed: ErrorException("System has no solutions")
└ @ ODEParameterEstimation ~/.julia/dev/ODEParameterEstimation/src/core/homotopy_continuation.jl:288
primes of bitsize 28
G-Q-┌ Warning: solve_with_rs failed: ErrorException("System has no solutions")
└ @ ODEParameterEstimation ~/.julia/dev/ODEParameterEstimation/src/core/homotopy_continuation.jl:288
primes of bitsize 28
G-Q-┌ Warning: solve_with_rs failed: ErrorException("System has no solutions")
└ @ ODEParameterEstimation ~/.julia/dev/ODEParameterEstimation/src/core/homotopy_continuation.jl:288
primes of bitsize 28
G-Q-┌ Warning: solve_with_rs failed: ErrorException("System has no solutions")
└ @ ODEParameterEstimation ~/.julia/dev/ODEParameterEstimation/src/core/homotopy_continuation.jl:288
primes of bitsize 28
G-Q-┌ Warning: solve_with_rs failed: ErrorException("System has no solutions")
└ @ ODEParameterEstimation ~/.julia/dev/ODEParameterEstimation/src/core/homotopy_continuation.jl:288
┌ Warning: No solutions found after 10 attempts
└ @ ODEParameterEstimation ~/.julia/dev/ODEParameterEstimation/src/core/multipoint_estimation.jl:88
primes of bitsize 28
G-Q-┌ Warning: System is not zero-dimensional, adding a random linear equation.
└ @ ODEParameterEstimation ~/.julia/dev/ODEParameterEstimation/src/core/homotopy_continuation.jl:284
primes of bitsize 28
G-Q-┌ Warning: System is not zero-dimensional, adding a random linear equation.
└ @ ODEParameterEstimation ~/.julia/dev/ODEParameterEstimation/src/core/homotopy_continuation.jl:284
primes of bitsize 28
G-Q-Pt-FG-LT-LP(C)
Dimension of the quotient :7
Degree of the radical :7
Use last variable as separating element
Separating form: [0, 0, 0, 0, 0, 0, 0, 0, 0, 0, 0, 0, 0, 0, 0, 0, 0, 0, 0, 0, 0, 0, 0, 0, 1]
Run Groebner learn
Test cyclic optimization
Apply cyclic optimization 
Multi-modular computation (1 threads): G-Q-Pt-FG-LT-LP(C)
5-9-13-17-21-25-29-33-37-41-45-49-53-61-69-77-85-93-
check-G-Q-Pt-FG-LT-LP(C)
Nb Primes used :93
┌ Warning: At t=4.996357669944607, dt was forced below floating point epsilon -1.9252200992879752e-20, and step error estimate = NaN. Aborting. There is either an error in your model specification or the true solution is unstable (or the true solution can not be represented in the precision of Float64).
└ @ SciMLBase ~/.julia/packages/SciMLBase/u2Ue2/src/integrator_interface.jl:623
┌ Warning: At t=0.0, dt was forced below floating point epsilon 5.0e-324, and step error estimate = NaN. Aborting. There is either an error in your model specification or the true solution is unstable (or the true solution can not be represented in the precision of Float64).
└ @ SciMLBase ~/.julia/packages/SciMLBase/u2Ue2/src/integrator_interface.jl:623
┌ Warning: Interrupted. Larger maxiters is needed. If you are using an integrator for non-stiff ODEs or an automatic switching algorithm (the default), you may want to consider using a method for stiff equations. See the solver pages for more details (e.g. https://docs.sciml.ai/DiffEqDocs/stable/solvers/ode_solve/#Stiff-Problems).
└ @ SciMLBase ~/.julia/packages/SciMLBase/u2Ue2/src/integrator_interface.jl:589
┌ Warning: Interrupted. Larger maxiters is needed. If you are using an integrator for non-stiff ODEs or an automatic switching algorithm (the default), you may want to consider using a method for stiff equations. See the solver pages for more details (e.g. https://docs.sciml.ai/DiffEqDocs/stable/solvers/ode_solve/#Stiff-Problems).
└ @ SciMLBase ~/.julia/packages/SciMLBase/u2Ue2/src/integrator_interface.jl:589

Unidentifiability Analysis from multipoint_parameter_estimation:
All unidentifiable variables: Set{Any}()
Unidentifiable variables substitution dictionary: Dict{Any, Any}()
Trivially solvable variables: Dict{Any, Any}()

=== Model: daisy_ex3 ===

Found 28 distinct solution clusters:

Cluster 1: 1 similar solutions
Best solution (Error: 0.022395):
--------------------------------------------------
Variable     | True Value  | Estimated   | Rel. Error
-----------------------------------------------------
x1(t)        |   0.200000 |   0.016526 |   0.917371
x2(t)        |   0.400000 |   0.660320 |   0.650799
x3(t)        |   0.600000 | -11.548059 |  20.246765
u0(t)        |   0.800000 |   0.800000 |   0.000000
p1           |   0.167000 |  -5.771415 |  35.559369
p3           |   0.333000 |  11.811745 |  34.470707
p4           |   0.500000 |  -2.918690 |   6.837379
p6           |   0.667000 |   0.410423 |   0.384673
p7           |   0.833000 |   0.575615 |   0.308986


Cluster 2: 1 similar solutions
Best solution (Error: 0.009524):
--------------------------------------------------
Variable     | True Value  | Estimated   | Rel. Error
-----------------------------------------------------
x1(t)        |   0.200000 |   0.016526 |   0.917371
x2(t)        |   0.400000 |   0.660320 |   0.650799
x3(t)        |   0.600000 |  -9.240701 |  16.401169
u0(t)        |   0.800000 |   0.800000 |   0.000000
p1           |   0.167000 |  -5.771415 |  35.559369
p3           |   0.333000 |  11.811745 |  34.470707
p4           |   0.500000 |   0.575615 |   0.151229
p6           |   0.667000 |  41.684253 |  61.495132
p7           |   0.833000 |  -2.918690 |   4.503829


Cluster 3: 1 similar solutions
Best solution (Error: 0.005488):
--------------------------------------------------
Variable     | True Value  | Estimated   | Rel. Error
-----------------------------------------------------
x1(t)        |   0.200000 |   1.151112 |   4.755561
x2(t)        |   0.400000 |  -1.502286 |   4.755716
x3(t)        |   0.600000 |  -0.068846 |   1.114743
u0(t)        |   0.800000 |   0.800000 |   0.000000
p1           |   0.167000 |  -1.273190 |   8.623890
p3           |   0.333000 |   0.235242 |   0.293568
p4           |   0.500000 |  -0.807292 |   2.614584
p6           |   0.667000 |   0.176708 |   0.735071
p7           |   0.833000 |  -3.697038 |   5.438221


Cluster 4: 1 similar solutions
Best solution (Error: 0.005379):
--------------------------------------------------
Variable     | True Value  | Estimated   | Rel. Error
-----------------------------------------------------
x1(t)        |   0.200000 |   1.175845 |   4.879224
x2(t)        |   0.400000 |  -1.712723 |   5.281807
x3(t)        |   0.600000 |   2.959798 |   3.932996
u0(t)        |   0.800000 |   0.800000 |   0.000000
p1           |   0.167000 |  -1.353051 |   9.102099
p3           |   0.333000 |   3.150226 |   8.460137
p4           |   0.500000 |  -4.405308 |   9.810616
p6           |   0.667000 |  -0.093569 |   1.140284
p7           |   0.833000 |  -0.327708 |   1.393407


Cluster 5: 1 similar solutions
Best solution (Error: 0.002002):
--------------------------------------------------
Variable     | True Value  | Estimated   | Rel. Error
-----------------------------------------------------
x1(t)        |   0.200000 |   0.544822 |   1.724111
x2(t)        |   0.400000 | -17.646870 |  45.117174
x3(t)        |   0.600000 | 349.101198 | 580.835330
u0(t)        |   0.800000 |   0.800000 |   0.000000
p1           |   0.167000 | -32.910163 | 198.066842
p3           |   0.333000 | -724.404427 | 2176.388670
p4           |   0.500000 |   0.555868 |   0.111737
p6           |   0.667000 | 14354.663176 | 21520.234147
p7           |   0.833000 |  20.294019 |  23.362568


Cluster 6: 1 similar solutions
Best solution (Error: 0.001994):
--------------------------------------------------
Variable     | True Value  | Estimated   | Rel. Error
-----------------------------------------------------
x1(t)        |   0.200000 |   0.544822 |   1.724110
x2(t)        |   0.400000 | -17.646868 |  45.117170
x3(t)        |   0.600000 |   0.784615 |   0.307691
u0(t)        |   0.800000 |   0.800000 |   0.000000
p1           |   0.167000 | -32.910163 | 198.066842
p3           |   0.333000 | -724.404427 | 2176.388670
p4           |   0.500000 |  20.294019 |  39.588039
p6           |   0.667000 |  56.259163 |  83.346571
p7           |   0.833000 |   0.555868 |   0.332691


Cluster 7: 1 similar solutions
Best solution (Error: 0.000712):
--------------------------------------------------
Variable     | True Value  | Estimated   | Rel. Error
-----------------------------------------------------
x1(t)        |   0.200000 |   0.430871 |   1.154357
x2(t)        |   0.400000 |  -0.138454 |   1.346135
x3(t)        |   0.600000 |   1.138091 |   0.896819
u0(t)        |   0.800000 |   0.799999 |   0.000002
p1           |   0.167000 |   0.026498 |   0.841327
p3           |   0.333000 |  -0.160432 |   1.481778
p4           |   0.500000 |   1.614916 |   2.229832
p6           |   0.667000 |   1.419444 |   1.128102
p7           |   0.833000 |   0.371700 |   0.553781


Cluster 8: 1 similar solutions
Best solution (Error: 0.000712):
--------------------------------------------------
Variable     | True Value  | Estimated   | Rel. Error
-----------------------------------------------------
x1(t)        |   0.200000 |   0.430871 |   1.154357
x2(t)        |   0.400000 |  -0.138454 |   1.346135
x3(t)        |   0.600000 |   1.310220 |   1.183699
u0(t)        |   0.800000 |   0.799999 |   0.000002
p1           |   0.167000 |   0.026498 |   0.841327
p3           |   0.333000 |  -0.160432 |   1.481778
p4           |   0.500000 |   0.371700 |   0.256600
p6           |   0.667000 |   1.618896 |   1.427130
p7           |   0.833000 |   1.614916 |   0.938675


Cluster 9: 1 similar solutions
Best solution (Error: 0.000687):
--------------------------------------------------
Variable     | True Value  | Estimated   | Rel. Error
-----------------------------------------------------
x1(t)        |   0.200000 |   0.199914 |   0.000430
x2(t)        |   0.400000 |   0.254543 |   0.363642
x3(t)        |   0.600000 |   0.021725 |   0.963791
u0(t)        |   0.800000 |   0.800000 |   0.000000
p1           |   0.167000 |  -0.564078 |   4.377712
p3           |   0.333000 |  -1.881996 |   6.651640
p4           |   0.500000 |   0.146030 |   0.707940
p6           |   0.667000 |   5.400241 |   7.096313
p7           |   0.833000 |   2.245654 |   1.695863


Cluster 10: 1 similar solutions
Best solution (Error: 0.000687):
--------------------------------------------------
Variable     | True Value  | Estimated   | Rel. Error
-----------------------------------------------------
x1(t)        |   0.200000 |   0.199914 |   0.000430
x2(t)        |   0.400000 |   0.254543 |   0.363642
x3(t)        |   0.600000 |   0.556170 |   0.073049
u0(t)        |   0.800000 |   0.800000 |   0.000000
p1           |   0.167000 |  -0.564078 |   4.377712
p3           |   0.333000 |  -1.881996 |   6.651640
p4           |   0.500000 |   2.245654 |   3.491308
p6           |   0.667000 |   1.448756 |   1.172048
p7           |   0.833000 |   0.146030 |   0.824694


Cluster 11: 1 similar solutions
Best solution (Error: 0.000326):
--------------------------------------------------
Variable     | True Value  | Estimated   | Rel. Error
-----------------------------------------------------
x1(t)        |   0.200000 |   0.226855 |   0.134273
x2(t)        |   0.400000 |  -1.990116 |   5.975289
x3(t)        |   0.600000 |  17.219243 |  27.698739
u0(t)        |   0.800000 |   0.800000 |   0.000000
p1           |   0.167000 | -10.901752 |  66.279955
p3           |   0.333000 | -139.315014 | 419.363405
p4           |   0.500000 |   0.091787 |   0.816426
p6           |   0.667000 | 1646.035864 | 2466.819886
p7           |   0.833000 |  11.852860 |  13.229124


Cluster 12: 1 similar solutions
Best solution (Error: 0.000326):
--------------------------------------------------
Variable     | True Value  | Estimated   | Rel. Error
-----------------------------------------------------
x1(t)        |   0.200000 |   0.226855 |   0.134273
x2(t)        |   0.400000 |  -1.990116 |   5.975289
x3(t)        |   0.600000 |  -6.186653 |  11.311089
u0(t)        |   0.800000 |   0.800000 |   0.000000
p1           |   0.167000 | -10.901752 |  66.279955
p3           |   0.333000 | -139.315014 | 419.363405
p4           |   0.500000 |  11.852860 |  22.705720
p6           |   0.667000 |   7.541808 |  10.307059
p7           |   0.833000 |   0.091787 |   0.889811


Cluster 13: 1 similar solutions
Best solution (Error: 0.000277):
--------------------------------------------------
Variable     | True Value  | Estimated   | Rel. Error
-----------------------------------------------------
x1(t)        |   0.200000 |   0.121474 |   0.392630
x2(t)        |   0.400000 |   0.521495 |   0.303738
x3(t)        |   0.600000 |   0.510982 |   0.148364
u0(t)        |   0.800000 |   0.800000 |   0.000000
p1           |   0.167000 |   0.163270 |   0.022335
p3           |   0.333000 |   0.355808 |   0.068494
p4           |   0.500000 |   0.530352 |   0.060705
p6           |   0.667000 |   0.605917 |   0.091579
p7           |   0.833000 |   0.715426 |   0.141145


Cluster 14: 1 similar solutions
Best solution (Error: 0.000277):
--------------------------------------------------
Variable     | True Value  | Estimated   | Rel. Error
-----------------------------------------------------
x1(t)        |   0.200000 |   0.121474 |   0.392630
x2(t)        |   0.400000 |   0.521495 |   0.303738
x3(t)        |   0.600000 |   0.607497 |   0.012495
u0(t)        |   0.800000 |   0.800000 |   0.000000
p1           |   0.167000 |   0.163270 |   0.022335
p3           |   0.333000 |   0.355808 |   0.068494
p4           |   0.500000 |   0.715426 |   0.430852
p6           |   0.667000 |   0.671768 |   0.007148
p7           |   0.833000 |   0.530352 |   0.363323


Cluster 15: 1 similar solutions
Best solution (Error: 0.000109):
--------------------------------------------------
Variable     | True Value  | Estimated   | Rel. Error
-----------------------------------------------------
x1(t)        |   0.200000 |   0.199999 |   0.000004
x2(t)        |   0.400000 |   0.339831 |   0.150422
x3(t)        |   0.600000 |   0.715476 |   0.192461
u0(t)        |   0.800000 |   0.800000 |   0.000000
p1           |   0.167000 |  -0.133992 |   1.802349
p3           |   0.333000 |  -0.393311 |   2.181113
p4           |   0.500000 |   1.535530 |   2.071060
p6           |   0.667000 |   1.126453 |   0.688835
p7           |   0.833000 |   0.250408 |   0.699391


Cluster 16: 1 similar solutions
Best solution (Error: 0.000109):
--------------------------------------------------
Variable     | True Value  | Estimated   | Rel. Error
-----------------------------------------------------
x1(t)        |   0.200000 |   0.199999 |   0.000004
x2(t)        |   0.400000 |   0.339831 |   0.150422
x3(t)        |   0.600000 |   0.278752 |   0.535414
u0(t)        |   0.800000 |   0.800000 |   0.000000
p1           |   0.167000 |  -0.133992 |   1.802349
p3           |   0.333000 |  -0.393311 |   2.181113
p4           |   0.500000 |   0.250408 |   0.499185
p6           |   0.667000 |   1.631905 |   1.446634
p7           |   0.833000 |   1.535530 |   0.843374


Cluster 17: 1 similar solutions
Best solution (Error: 6.3e-5):
--------------------------------------------------
Variable     | True Value  | Estimated   | Rel. Error
-----------------------------------------------------
x1(t)        |   0.200000 |   0.220049 |   0.100244
x2(t)        |   0.400000 |   0.365096 |   0.087261
x3(t)        |   0.600000 |   0.818352 |   0.363919
u0(t)        |   0.800000 |   0.800000 |   0.000000
p1           |   0.167000 |   0.194703 |   0.165887
p3           |   0.333000 |   0.375677 |   0.128159
p4           |   0.500000 |   0.883396 |   0.766791
p6           |   0.667000 |   0.810962 |   0.215835
p7           |   0.833000 |   0.493229 |   0.407889


Cluster 18: 1 similar solutions
Best solution (Error: 6.3e-5):
--------------------------------------------------
Variable     | True Value  | Estimated   | Rel. Error
-----------------------------------------------------
x1(t)        |   0.200000 |   0.220049 |   0.100244
x2(t)        |   0.400000 |   0.365096 |   0.087261
x3(t)        |   0.600000 |   0.675903 |   0.126505
u0(t)        |   0.800000 |   0.800000 |   0.000000
p1           |   0.167000 |   0.194703 |   0.165887
p3           |   0.333000 |   0.375677 |   0.128159
p4           |   0.500000 |   0.493229 |   0.013542
p6           |   0.667000 |   0.664385 |   0.003920
p7           |   0.833000 |   0.883396 |   0.060499


Cluster 19: 1 similar solutions
Best solution (Error: 4.5e-5):
--------------------------------------------------
Variable     | True Value  | Estimated   | Rel. Error
-----------------------------------------------------
x1(t)        |   0.200000 |   0.194759 |   0.026206
x2(t)        |   0.400000 |   0.295118 |   0.262204
x3(t)        |   0.600000 |   0.352016 |   0.413307
u0(t)        |   0.800000 |   0.800000 |   0.000000
p1           |   0.167000 |  -0.479335 |   3.870272
p3           |   0.333000 |  -1.280893 |   4.846524
p4           |   0.500000 |   1.623978 |   2.247957
p6           |   0.667000 |   1.257018 |   0.884585
p7           |   0.833000 |   0.249875 |   0.700030


Cluster 20: 1 similar solutions
Best solution (Error: 4.5e-5):
--------------------------------------------------
Variable     | True Value  | Estimated   | Rel. Error
-----------------------------------------------------
x1(t)        |   0.200000 |   0.194759 |   0.026206
x2(t)        |   0.400000 |   0.295118 |   0.262204
x3(t)        |   0.600000 |  -0.053507 |   1.089179
u0(t)        |   0.800000 |   0.800000 |   0.000000
p1           |   0.167000 |  -0.479335 |   3.870272
p3           |   0.333000 |  -1.280893 |   4.846524
p4           |   0.500000 |   0.249875 |   0.500250
p6           |   0.667000 |   3.017097 |   3.523384
p7           |   0.833000 |   1.623978 |   0.949554


Cluster 21: 1 similar solutions
Best solution (Error: 1.0e-5):
--------------------------------------------------
Variable     | True Value  | Estimated   | Rel. Error
-----------------------------------------------------
x1(t)        |   0.200000 |   0.198694 |   0.006531
x2(t)        |   0.400000 |   0.351918 |   0.120206
x3(t)        |   0.600000 |   0.619566 |   0.032610
u0(t)        |   0.800000 |   0.800000 |   0.000000
p1           |   0.167000 |  -0.104565 |   1.626135
p3           |   0.333000 |  -0.268700 |   1.806907
p4           |   0.500000 |   1.254829 |   1.509659
p6           |   0.667000 |   1.043463 |   0.564412
p7           |   0.833000 |   0.331974 |   0.601472


Cluster 22: 1 similar solutions
Best solution (Error: 1.0e-5):
--------------------------------------------------
Variable     | True Value  | Estimated   | Rel. Error
-----------------------------------------------------
x1(t)        |   0.200000 |   0.198694 |   0.006531
x2(t)        |   0.400000 |   0.351918 |   0.120206
x3(t)        |   0.600000 |   0.294797 |   0.508672
u0(t)        |   0.800000 |   0.800000 |   0.000000
p1           |   0.167000 |  -0.104565 |   1.626135
p3           |   0.333000 |  -0.268700 |   1.806907
p4           |   0.500000 |   0.331974 |   0.336053
p6           |   0.667000 |   1.291434 |   0.936183
p7           |   0.833000 |   1.254829 |   0.506398


Cluster 23: 1 similar solutions
Best solution (Error: 0.0):
--------------------------------------------------
Variable     | True Value  | Estimated   | Rel. Error
-----------------------------------------------------
x1(t)        |   0.200000 |   0.200000 |   0.000000
x2(t)        |   0.400000 |   0.399998 |   0.000006
x3(t)        |   0.600000 |   0.733211 |   0.222018
u0(t)        |   0.800000 |   0.800000 |   0.000000
p1           |   0.167000 |   0.166988 |   0.000072
p3           |   0.333000 |   0.332976 |   0.000071
p4           |   0.500000 |   0.833056 |   0.666111
p6           |   0.667000 |   0.777916 |   0.166291
p7           |   0.833000 |   0.499963 |   0.399804


Cluster 24: 1 similar solutions
Best solution (Error: 0.0):
--------------------------------------------------
Variable     | True Value  | Estimated   | Rel. Error
-----------------------------------------------------
x1(t)        |   0.200000 |   0.200000 |   0.000000
x2(t)        |   0.400000 |   0.399998 |   0.000006
x3(t)        |   0.600000 |   0.599975 |   0.000042
u0(t)        |   0.800000 |   0.800000 |   0.000000
p1           |   0.167000 |   0.166988 |   0.000072
p3           |   0.333000 |   0.332976 |   0.000071
p4           |   0.500000 |   0.499963 |   0.000074
p6           |   0.667000 |   0.667004 |   0.000006
p7           |   0.833000 |   0.833056 |   0.000067


Cluster 25: 1 similar solutions
Best solution (Error: 0.0):
--------------------------------------------------
Variable     | True Value  | Estimated   | Rel. Error
-----------------------------------------------------
x1(t)        |   0.200000 |   0.200000 |   0.000001
x2(t)        |   0.400000 |   0.400013 |   0.000031
x3(t)        |   0.600000 |   0.733189 |   0.221982
u0(t)        |   0.800000 |   0.800000 |   0.000000
p1           |   0.167000 |   0.167068 |   0.000406
p3           |   0.333000 |   0.333133 |   0.000400
p4           |   0.500000 |   0.832806 |   0.665612
p6           |   0.667000 |   0.777776 |   0.166081
p7           |   0.833000 |   0.500119 |   0.399617


Cluster 26: 1 similar solutions
Best solution (Error: 0.0):
--------------------------------------------------
Variable     | True Value  | Estimated   | Rel. Error
-----------------------------------------------------
x1(t)        |   0.200000 |   0.200000 |   0.000001
x2(t)        |   0.400000 |   0.400013 |   0.000031
x3(t)        |   0.600000 |   0.600110 |   0.000184
u0(t)        |   0.800000 |   0.800000 |   0.000000
p1           |   0.167000 |   0.167068 |   0.000406
p3           |   0.333000 |   0.333133 |   0.000400
p4           |   0.500000 |   0.500119 |   0.000238
p6           |   0.667000 |   0.666947 |   0.000080
p7           |   0.833000 |   0.832806 |   0.000233


Cluster 27: 1 similar solutions
Best solution (Error: 0.0):
--------------------------------------------------
Variable     | True Value  | Estimated   | Rel. Error
-----------------------------------------------------
x1(t)        |   0.200000 |   0.200000 |   0.000000
x2(t)        |   0.400000 |   0.400000 |   0.000000
x3(t)        |   0.600000 |   0.733200 |   0.222000
u0(t)        |   0.800000 |   0.800000 |   0.000000
p1           |   0.167000 |   0.167001 |   0.000003
p3           |   0.333000 |   0.333001 |   0.000003
p4           |   0.500000 |   0.832998 |   0.665997
p6           |   0.667000 |   0.777888 |   0.166249
p7           |   0.833000 |   0.500001 |   0.399759


Cluster 28: 1 similar solutions
Best solution (Error: 0.0):
--------------------------------------------------
Variable     | True Value  | Estimated   | Rel. Error
-----------------------------------------------------
x1(t)        |   0.200000 |   0.200000 |   0.000000
x2(t)        |   0.400000 |   0.400000 |   0.000000
x3(t)        |   0.600000 |   0.600001 |   0.000001
u0(t)        |   0.800000 |   0.800000 |   0.000000
p1           |   0.167000 |   0.167001 |   0.000003
p3           |   0.333000 |   0.333001 |   0.000003
p4           |   0.500000 |   0.500001 |   0.000002
p6           |   0.667000 |   0.666999 |   0.000001
p7           |   0.833000 |   0.832998 |   0.000002


Best approximation error for daisy_ex3: 0.0

Best maximum relative error for daisy_ex3 (excluding ALL unidentifiable parameters): 3.0e-6
Best minimum relative error: 0.0
Best mean relative error: 1.0e-6
Best median relative error: 1.0e-6
Best maximum relative error: 3.0e-6
Best RMS relative error: 2.0e-6
SUCCESS
