Starting model: fitzhugh_nagumo
primes of bitsize 28
G-Q-Pt-FG-LT-LP(C)
Dimension of the quotient :2
Degree of the radical :2
Use last variable as separating element
Separating form: [0, 0, 0, 0, 0, 0, 0, 0, 0, 0, 0, 1]
Run Groebner learn
Test cyclic optimization
Apply cyclic optimization 
Multi-modular computation (1 threads): G-Q-Pt-FG-LT-LP(C)
5-9-13-17-21-25-29-33-37-41-45-
check-G-Q-Pt-FG-LT-LP(C)
Nb Primes used :45
primes of bitsize 28
G-Q-Pt-FG-LT-LP(C)
Dimension of the quotient :2
Degree of the radical :2
Use last variable as separating element
Separating form: [0, 0, 0, 0, 0, 0, 0, 0, 0, 0, 0, 1]
Run Groebner learn
Test cyclic optimization
Apply cyclic optimization 
Multi-modular computation (1 threads): G-Q-Pt-FG-LT-LP(C)
5-9-13-17-21-25-29-33-37-41-45-
check-G-Q-Pt-FG-LT-LP(C)
Nb Primes used :45
primes of bitsize 28
G-Q-Pt-FG-LT-LP(C)
Dimension of the quotient :2
Degree of the radical :2
Use last variable as separating element
Separating form: [0, 0, 0, 0, 0, 0, 0, 0, 0, 0, 0, 1]
Run Groebner learn
Test cyclic optimization
Apply cyclic optimization 
Multi-modular computation (1 threads): G-Q-Pt-FG-LT-LP(C)
5-9-13-17-21-25-29-33-37-41-
check-G-Q-Pt-FG-LT-LP(C)
Nb Primes used :41
primes of bitsize 28
G-Q-Pt-FG-LT-LP(C)
Dimension of the quotient :2
Degree of the radical :2
Use last variable as separating element
Separating form: [0, 0, 0, 0, 0, 0, 0, 0, 0, 0, 0, 1]
Run Groebner learn
Test cyclic optimization
Apply cyclic optimization 
Multi-modular computation (1 threads): G-Q-Pt-FG-LT-LP(C)
5-9-13-17-21-25-29-33-37-41-45-
check-G-Q-Pt-FG-LT-LP(C)
Nb Primes used :45
primes of bitsize 28
G-Q-Pt-FG-LT-LP(C)
Dimension of the quotient :1
Degree of the radical :1
Use last variable as separating element
Separating form: [0, 0, 0, 0, 0, 0, 0, 0, 1]
Run Groebner learn
Test cyclic optimization
Apply cyclic optimization 
Multi-modular computation (1 threads): G-Q-Pt-FG-LT-LP(C)
5-9-13-17-21-25-
check-G-Q-Pt-FG-LT-LP(C)
Nb Primes used :25
primes of bitsize 28
G-Q-Pt-FG-LT-LP(C)
Dimension of the quotient :2
Degree of the radical :2
Use last variable as separating element
Separating form: [0, 0, 0, 0, 0, 0, 0, 0, 0, 0, 0, 1]
Run Groebner learn
Test cyclic optimization
Apply cyclic optimization 
Multi-modular computation (1 threads): G-Q-Pt-FG-LT-LP(C)
5-9-13-17-21-25-29-33-37-41-45-
check-G-Q-Pt-FG-LT-LP(C)
Nb Primes used :45
primes of bitsize 28
G-Q-Pt-FG-LT-LP(C)
Dimension of the quotient :2
Degree of the radical :2
Use last variable as separating element
Separating form: [0, 0, 0, 0, 0, 0, 0, 0, 0, 0, 0, 1]
Run Groebner learn
Test cyclic optimization
Apply cyclic optimization 
Multi-modular computation (1 threads): G-Q-Pt-FG-LT-LP(C)
5-9-13-17-21-25-29-33-37-41-45-
check-G-Q-Pt-FG-LT-LP(C)
Nb Primes used :45
primes of bitsize 28
G-Q-Pt-FG-LT-LP(C)
Dimension of the quotient :2
Degree of the radical :2
Use last variable as separating element
Separating form: [0, 0, 0, 0, 0, 0, 0, 0, 0, 0, 0, 1]
Run Groebner learn
Test cyclic optimization
Apply cyclic optimization 
Multi-modular computation (1 threads): G-Q-Pt-FG-LT-LP(C)
5-9-13-17-21-25-29-33-37-41-45-
check-G-Q-Pt-FG-LT-LP(C)
Nb Primes used :45
primes of bitsize 28
G-Q-Pt-FG-LT-LP(C)
Dimension of the quotient :2
Degree of the radical :2
Use last variable as separating element
Separating form: [0, 0, 0, 0, 0, 0, 0, 0, 0, 0, 0, 1]
Run Groebner learn
Test cyclic optimization
Apply cyclic optimization 
Multi-modular computation (1 threads): G-Q-Pt-FG-LT-LP(C)
5-9-13-17-21-25-29-33-37-41-45-
check-G-Q-Pt-FG-LT-LP(C)
Nb Primes used :45
primes of bitsize 28
G-Q-Pt-FG-LT-LP(C)
Dimension of the quotient :2
Degree of the radical :2
Use last variable as separating element
Separating form: [0, 0, 0, 0, 0, 0, 0, 0, 0, 0, 0, 1]
Run Groebner learn
Test cyclic optimization
Apply cyclic optimization 
Multi-modular computation (1 threads): G-Q-Pt-FG-LT-LP(C)
5-9-13-17-21-25-29-33-37-41-45-
check-G-Q-Pt-FG-LT-LP(C)
Nb Primes used :45
primes of bitsize 28
G-Q-Pt-FG-LT-LP(C)
Dimension of the quotient :2
Degree of the radical :2
Use last variable as separating element
Separating form: [0, 0, 0, 0, 0, 0, 0, 0, 0, 0, 0, 1]
Run Groebner learn
Test cyclic optimization
Apply cyclic optimization 
Multi-modular computation (1 threads): G-Q-Pt-FG-LT-LP(C)
5-9-13-17-21-25-29-33-37-41-45-
check-G-Q-Pt-FG-LT-LP(C)
Nb Primes used :45
primes of bitsize 28
G-Q-Pt-FG-LT-LP(C)
Dimension of the quotient :2
Degree of the radical :2
Use last variable as separating element
Separating form: [0, 0, 0, 0, 0, 0, 0, 0, 0, 0, 0, 1]
Run Groebner learn
Test cyclic optimization
Apply cyclic optimization 
Multi-modular computation (1 threads): G-Q-Pt-FG-LT-LP(C)
5-9-13-17-21-25-29-33-37-41-45-
check-G-Q-Pt-FG-LT-LP(C)
Nb Primes used :45
primes of bitsize 28
G-Q-Pt-FG-LT-LP(C)
Dimension of the quotient :2
Degree of the radical :2
Use last variable as separating element
Separating form: [0, 0, 0, 0, 0, 0, 0, 0, 0, 0, 0, 1]
Run Groebner learn
Test cyclic optimization
Apply cyclic optimization 
Multi-modular computation (1 threads): G-Q-Pt-FG-LT-LP(C)
5-9-13-17-21-25-29-33-37-41-45-
check-G-Q-Pt-FG-LT-LP(C)
Nb Primes used :45
primes of bitsize 28
G-Q-Pt-FG-LT-LP(C)
Dimension of the quotient :2
Degree of the radical :2
Use last variable as separating element
Separating form: [0, 0, 0, 0, 0, 0, 0, 0, 0, 0, 0, 1]
Run Groebner learn
Test cyclic optimization
Apply cyclic optimization 
Multi-modular computation (1 threads): G-Q-Pt-FG-LT-LP(C)
5-9-13-17-21-25-29-33-37-41-
check-G-Q-Pt-FG-LT-LP(C)
Nb Primes used :41
primes of bitsize 28
G-Q-Pt-FG-LT-LP(C)
Dimension of the quotient :2
Degree of the radical :2
Use last variable as separating element
Separating form: [0, 0, 0, 0, 0, 0, 0, 0, 0, 0, 0, 1]
Run Groebner learn
Test cyclic optimization
Apply cyclic optimization 
Multi-modular computation (1 threads): G-Q-Pt-FG-LT-LP(C)
5-9-13-17-21-25-29-33-37-41-45-
check-G-Q-Pt-FG-LT-LP(C)
Nb Primes used :45
primes of bitsize 28
G-Q-Pt-FG-LT-LP(C)
Dimension of the quotient :2
Degree of the radical :2
Use last variable as separating element
Separating form: [0, 0, 0, 0, 0, 0, 0, 0, 0, 0, 0, 1]
Run Groebner learn
Test cyclic optimization
Apply cyclic optimization 
Multi-modular computation (1 threads): G-Q-Pt-FG-LT-LP(C)
5-9-13-17-21-25-29-33-37-41-
check-G-Q-Pt-FG-LT-LP(C)
Nb Primes used :41
primes of bitsize 28
G-Q-Pt-FG-LT-LP(C)
Dimension of the quotient :2
Degree of the radical :2
Use last variable as separating element
Separating form: [0, 0, 0, 0, 0, 0, 0, 0, 0, 0, 0, 1]
Run Groebner learn
Test cyclic optimization
Apply cyclic optimization 
Multi-modular computation (1 threads): G-Q-Pt-FG-LT-LP(C)
5-9-13-17-21-25-29-33-37-41-45-
check-G-Q-Pt-FG-LT-LP(C)
Nb Primes used :45
primes of bitsize 28
G-Q-Pt-FG-LT-LP(C)
Dimension of the quotient :2
Degree of the radical :2
Use last variable as separating element
Separating form: [0, 0, 0, 0, 0, 0, 0, 0, 0, 0, 0, 1]
Run Groebner learn
Test cyclic optimization
Apply cyclic optimization 
Multi-modular computation (1 threads): G-Q-Pt-FG-LT-LP(C)
5-9-13-17-21-25-29-33-37-41-
check-G-Q-Pt-FG-LT-LP(C)
Nb Primes used :41
primes of bitsize 28
G-Q-Pt-FG-LT-LP(C)
Dimension of the quotient :2
Degree of the radical :2
Use last variable as separating element
Separating form: [0, 0, 0, 0, 0, 0, 0, 0, 0, 0, 0, 1]
Run Groebner learn
Test cyclic optimization
Apply cyclic optimization 
Multi-modular computation (1 threads): G-Q-Pt-FG-LT-LP(C)
5-9-13-17-21-25-29-33-37-41-45-
check-G-Q-Pt-FG-LT-LP(C)
Nb Primes used :45
primes of bitsize 28
G-Q-Pt-FG-LT-LP(C)
Dimension of the quotient :2
Degree of the radical :2
Use last variable as separating element
Separating form: [0, 0, 0, 0, 0, 0, 0, 0, 0, 0, 0, 1]
Run Groebner learn
Test cyclic optimization
Apply cyclic optimization 
Multi-modular computation (1 threads): G-Q-Pt-FG-LT-LP(C)
5-9-13-17-21-25-29-33-37-41-45-
check-G-Q-Pt-FG-LT-LP(C)
Nb Primes used :45
primes of bitsize 28
G-Q-Pt-FG-LT-LP(C)
Dimension of the quotient :2
Degree of the radical :2
Use last variable as separating element
Separating form: [0, 0, 0, 0, 0, 0, 0, 0, 0, 0, 0, 1]
Run Groebner learn
Test cyclic optimization
Apply cyclic optimization 
Multi-modular computation (1 threads): G-Q-Pt-FG-LT-LP(C)
5-9-13-17-21-25-29-33-37-41-
check-G-Q-Pt-FG-LT-LP(C)
Nb Primes used :41
primes of bitsize 28
G-Q-Pt-FG-LT-LP(C)
Dimension of the quotient :2
Degree of the radical :2
Use last variable as separating element
Separating form: [0, 0, 0, 0, 0, 0, 0, 0, 0, 0, 0, 1]
Run Groebner learn
Test cyclic optimization
Apply cyclic optimization 
Multi-modular computation (1 threads): G-Q-Pt-FG-LT-LP(C)
5-9-13-17-21-25-29-33-37-41-45-
check-G-Q-Pt-FG-LT-LP(C)
Nb Primes used :45
primes of bitsize 28
G-Q-Pt-FG-LT-LP(C)
Dimension of the quotient :2
Degree of the radical :2
Use last variable as separating element
Separating form: [0, 0, 0, 0, 0, 0, 0, 0, 0, 0, 0, 1]
Run Groebner learn
Test cyclic optimization
Apply cyclic optimization 
Multi-modular computation (1 threads): G-Q-Pt-FG-LT-LP(C)
5-9-13-17-21-25-29-33-37-41-45-
check-G-Q-Pt-FG-LT-LP(C)
Nb Primes used :45
┌ Warning: At t=0.003371369109555078, dt was forced below floating point epsilon 4.336808689942018e-19, and step error estimate = 1.049290947591574. Aborting. There is either an error in your model specification or the true solution is unstable (or the true solution can not be represented in the precision of Float64).
└ @ SciMLBase ~/.julia/packages/SciMLBase/u2Ue2/src/integrator_interface.jl:623
primes of bitsize 28
G-Q-Pt-FG-LT-LP(C)
Dimension of the quotient :1
Degree of the radical :1
Use last variable as separating element
Separating form: [0, 0, 0, 0, 0, 0, 0, 0, 1]
Run Groebner learn
Test cyclic optimization
Apply cyclic optimization 
Multi-modular computation (1 threads): G-Q-Pt-FG-LT-LP(C)
5-9-13-17-21-25-
check-G-Q-Pt-FG-LT-LP(C)
Nb Primes used :25
primes of bitsize 28
G-Q-Pt-FG-LT-LP(C)
Dimension of the quotient :2
Degree of the radical :2
Use last variable as separating element
Separating form: [0, 0, 0, 0, 0, 0, 0, 0, 0, 0, 0, 1]
Run Groebner learn
Test cyclic optimization
Apply cyclic optimization 
Multi-modular computation (1 threads): G-Q-Pt-FG-LT-LP(C)
5-9-13-17-21-25-29-33-37-41-
check-G-Q-Pt-FG-LT-LP(C)
Nb Primes used :41
primes of bitsize 28
G-Q-Pt-FG-LT-LP(C)
Dimension of the quotient :2
Degree of the radical :2
Use last variable as separating element
Separating form: [0, 0, 0, 0, 0, 0, 0, 0, 0, 0, 0, 1]
Run Groebner learn
Test cyclic optimization
Apply cyclic optimization 
Multi-modular computation (1 threads): G-Q-Pt-FG-LT-LP(C)
5-9-13-17-21-25-29-33-37-
check-G-Q-Pt-FG-LT-LP(C)
Nb Primes used :37
primes of bitsize 28
G-Q-Pt-FG-LT-LP(C)
Dimension of the quotient :2
Degree of the radical :2
Use last variable as separating element
Separating form: [0, 0, 0, 0, 0, 0, 0, 0, 0, 0, 0, 1]
Run Groebner learn
Test cyclic optimization
Apply cyclic optimization 
Multi-modular computation (1 threads): G-Q-Pt-FG-LT-LP(C)
5-9-13-17-21-25-29-33-37-
check-G-Q-Pt-FG-LT-LP(C)
Nb Primes used :37
primes of bitsize 28
G-Q-Pt-FG-LT-LP(C)
Dimension of the quotient :2
Degree of the radical :2
Use last variable as separating element
Separating form: [0, 0, 0, 0, 0, 0, 0, 0, 0, 0, 0, 1]
Run Groebner learn
Test cyclic optimization
Apply cyclic optimization 
Multi-modular computation (1 threads): G-Q-Pt-FG-LT-LP(C)
5-9-13-17-21-25-29-33-37-41-
check-G-Q-Pt-FG-LT-LP(C)
Nb Primes used :41
primes of bitsize 28
G-Q-Pt-FG-LT-LP(C)
Dimension of the quotient :2
Degree of the radical :2
Use last variable as separating element
Separating form: [0, 0, 0, 0, 0, 0, 0, 0, 0, 0, 0, 1]
Run Groebner learn
Test cyclic optimization
Apply cyclic optimization 
Multi-modular computation (1 threads): G-Q-Pt-FG-LT-LP(C)
5-9-13-17-21-25-29-33-37-
check-G-Q-Pt-FG-LT-LP(C)
Nb Primes used :37
primes of bitsize 28
G-Q-Pt-FG-LT-LP(C)
Dimension of the quotient :2
Degree of the radical :2
Use last variable as separating element
Separating form: [0, 0, 0, 0, 0, 0, 0, 0, 0, 0, 0, 1]
Run Groebner learn
Test cyclic optimization
Apply cyclic optimization 
Multi-modular computation (1 threads): G-Q-Pt-FG-LT-LP(C)
5-9-13-17-21-25-29-33-37-41-
check-G-Q-Pt-FG-LT-LP(C)
Nb Primes used :41
primes of bitsize 28
G-Q-Pt-FG-LT-LP(C)
Dimension of the quotient :2
Degree of the radical :2
Use last variable as separating element
Separating form: [0, 0, 0, 0, 0, 0, 0, 0, 0, 0, 0, 1]
Run Groebner learn
Test cyclic optimization
Apply cyclic optimization 
Multi-modular computation (1 threads): G-Q-Pt-FG-LT-LP(C)
5-9-13-17-21-25-29-33-37-
check-G-Q-Pt-FG-LT-LP(C)
Nb Primes used :37
primes of bitsize 28
G-Q-Pt-FG-LT-LP(C)
Dimension of the quotient :2
Degree of the radical :2
Use last variable as separating element
Separating form: [0, 0, 0, 0, 0, 0, 0, 0, 0, 0, 0, 1]
Run Groebner learn
Test cyclic optimization
Apply cyclic optimization 
Multi-modular computation (1 threads): G-Q-Pt-FG-LT-LP(C)
5-9-13-17-21-25-29-33-37-
check-G-Q-Pt-FG-LT-LP(C)
Nb Primes used :37
primes of bitsize 28
G-Q-┌ Warning: solve_with_rs failed: ErrorException("System has no solutions")
└ @ ODEParameterEstimation ~/.julia/dev/ODEParameterEstimation/src/core/homotopy_continuation.jl:288
primes of bitsize 28
G-Q-┌ Warning: solve_with_rs failed: ErrorException("System has no solutions")
└ @ ODEParameterEstimation ~/.julia/dev/ODEParameterEstimation/src/core/homotopy_continuation.jl:288
primes of bitsize 28
G-Q-┌ Warning: solve_with_rs failed: ErrorException("System has no solutions")
└ @ ODEParameterEstimation ~/.julia/dev/ODEParameterEstimation/src/core/homotopy_continuation.jl:288
primes of bitsize 28
G-Q-┌ Warning: solve_with_rs failed: ErrorException("System has no solutions")
└ @ ODEParameterEstimation ~/.julia/dev/ODEParameterEstimation/src/core/homotopy_continuation.jl:288
primes of bitsize 28
G-Q-┌ Warning: solve_with_rs failed: ErrorException("System has no solutions")
└ @ ODEParameterEstimation ~/.julia/dev/ODEParameterEstimation/src/core/homotopy_continuation.jl:288
primes of bitsize 28
G-Q-┌ Warning: solve_with_rs failed: ErrorException("System has no solutions")
└ @ ODEParameterEstimation ~/.julia/dev/ODEParameterEstimation/src/core/homotopy_continuation.jl:288
primes of bitsize 28
G-Q-Pt-FG-LT-LP(C)
Dimension of the quotient :2
Degree of the radical :2
Use last variable as separating element
Separating form: [0, 0, 0, 0, 0, 0, 0, 0, 0, 0, 0, 1]
Run Groebner learn
Test cyclic optimization
Apply cyclic optimization 
Multi-modular computation (1 threads): G-Q-Pt-FG-LT-LP(C)
5-9-13-17-21-25-29-33-37-41-
check-G-Q-Pt-FG-LT-LP(C)
Nb Primes used :41
primes of bitsize 28
G-Q-┌ Warning: solve_with_rs failed: ErrorException("System has no solutions")
└ @ ODEParameterEstimation ~/.julia/dev/ODEParameterEstimation/src/core/homotopy_continuation.jl:288
primes of bitsize 28
G-Q-┌ Warning: solve_with_rs failed: ErrorException("System has no solutions")
└ @ ODEParameterEstimation ~/.julia/dev/ODEParameterEstimation/src/core/homotopy_continuation.jl:288
primes of bitsize 28
G-Q-┌ Warning: solve_with_rs failed: ErrorException("System has no solutions")
└ @ ODEParameterEstimation ~/.julia/dev/ODEParameterEstimation/src/core/homotopy_continuation.jl:288
┌ Warning: No solutions found after 10 attempts
└ @ ODEParameterEstimation ~/.julia/dev/ODEParameterEstimation/src/core/multipoint_estimation.jl:88
primes of bitsize 28
G-Q-┌ Warning: solve_with_rs failed: ErrorException("System has no solutions")
└ @ ODEParameterEstimation ~/.julia/dev/ODEParameterEstimation/src/core/homotopy_continuation.jl:288
primes of bitsize 28
G-Q-┌ Warning: solve_with_rs failed: ErrorException("System has no solutions")
└ @ ODEParameterEstimation ~/.julia/dev/ODEParameterEstimation/src/core/homotopy_continuation.jl:288
primes of bitsize 28
G-Q-┌ Warning: solve_with_rs failed: ErrorException("System has no solutions")
└ @ ODEParameterEstimation ~/.julia/dev/ODEParameterEstimation/src/core/homotopy_continuation.jl:288
primes of bitsize 28
G-Q-┌ Warning: solve_with_rs failed: ErrorException("System has no solutions")
└ @ ODEParameterEstimation ~/.julia/dev/ODEParameterEstimation/src/core/homotopy_continuation.jl:288
primes of bitsize 28
G-Q-┌ Warning: solve_with_rs failed: ErrorException("System has no solutions")
└ @ ODEParameterEstimation ~/.julia/dev/ODEParameterEstimation/src/core/homotopy_continuation.jl:288
primes of bitsize 28
G-Q-┌ Warning: solve_with_rs failed: ErrorException("System has no solutions")
└ @ ODEParameterEstimation ~/.julia/dev/ODEParameterEstimation/src/core/homotopy_continuation.jl:288
primes of bitsize 28
G-Q-┌ Warning: solve_with_rs failed: ErrorException("System has no solutions")
└ @ ODEParameterEstimation ~/.julia/dev/ODEParameterEstimation/src/core/homotopy_continuation.jl:288
primes of bitsize 28
G-Q-┌ Warning: solve_with_rs failed: ErrorException("System has no solutions")
└ @ ODEParameterEstimation ~/.julia/dev/ODEParameterEstimation/src/core/homotopy_continuation.jl:288
primes of bitsize 28
G-Q-┌ Warning: solve_with_rs failed: ErrorException("System has no solutions")
└ @ ODEParameterEstimation ~/.julia/dev/ODEParameterEstimation/src/core/homotopy_continuation.jl:288
primes of bitsize 28
G-Q-┌ Warning: solve_with_rs failed: ErrorException("System has no solutions")
└ @ ODEParameterEstimation ~/.julia/dev/ODEParameterEstimation/src/core/homotopy_continuation.jl:288
┌ Warning: No solutions found after 10 attempts
└ @ ODEParameterEstimation ~/.julia/dev/ODEParameterEstimation/src/core/multipoint_estimation.jl:88
primes of bitsize 28
G-Q-┌ Warning: solve_with_rs failed: ErrorException("System has no solutions")
└ @ ODEParameterEstimation ~/.julia/dev/ODEParameterEstimation/src/core/homotopy_continuation.jl:288
primes of bitsize 28
G-Q-┌ Warning: solve_with_rs failed: ErrorException("System has no solutions")
└ @ ODEParameterEstimation ~/.julia/dev/ODEParameterEstimation/src/core/homotopy_continuation.jl:288
primes of bitsize 28
G-Q-┌ Warning: solve_with_rs failed: ErrorException("System has no solutions")
└ @ ODEParameterEstimation ~/.julia/dev/ODEParameterEstimation/src/core/homotopy_continuation.jl:288
primes of bitsize 28
G-Q-┌ Warning: solve_with_rs failed: ErrorException("System has no solutions")
└ @ ODEParameterEstimation ~/.julia/dev/ODEParameterEstimation/src/core/homotopy_continuation.jl:288
primes of bitsize 28
G-Q-┌ Warning: solve_with_rs failed: ErrorException("System has no solutions")
└ @ ODEParameterEstimation ~/.julia/dev/ODEParameterEstimation/src/core/homotopy_continuation.jl:288
primes of bitsize 28
G-Q-┌ Warning: solve_with_rs failed: ErrorException("System has no solutions")
└ @ ODEParameterEstimation ~/.julia/dev/ODEParameterEstimation/src/core/homotopy_continuation.jl:288
primes of bitsize 28
G-Q-┌ Warning: solve_with_rs failed: ErrorException("System has no solutions")
└ @ ODEParameterEstimation ~/.julia/dev/ODEParameterEstimation/src/core/homotopy_continuation.jl:288
primes of bitsize 28
G-Q-┌ Warning: solve_with_rs failed: ErrorException("System has no solutions")
└ @ ODEParameterEstimation ~/.julia/dev/ODEParameterEstimation/src/core/homotopy_continuation.jl:288
primes of bitsize 28
G-Q-┌ Warning: solve_with_rs failed: ErrorException("System has no solutions")
└ @ ODEParameterEstimation ~/.julia/dev/ODEParameterEstimation/src/core/homotopy_continuation.jl:288
primes of bitsize 28
G-Q-┌ Warning: solve_with_rs failed: ErrorException("System has no solutions")
└ @ ODEParameterEstimation ~/.julia/dev/ODEParameterEstimation/src/core/homotopy_continuation.jl:288
┌ Warning: No solutions found after 10 attempts
└ @ ODEParameterEstimation ~/.julia/dev/ODEParameterEstimation/src/core/multipoint_estimation.jl:88
primes of bitsize 28
G-Q-┌ Warning: solve_with_rs failed: ErrorException("System has no solutions")
└ @ ODEParameterEstimation ~/.julia/dev/ODEParameterEstimation/src/core/homotopy_continuation.jl:288
primes of bitsize 28
G-Q-┌ Warning: solve_with_rs failed: ErrorException("System has no solutions")
└ @ ODEParameterEstimation ~/.julia/dev/ODEParameterEstimation/src/core/homotopy_continuation.jl:288
primes of bitsize 28
G-Q-┌ Warning: solve_with_rs failed: ErrorException("System has no solutions")
└ @ ODEParameterEstimation ~/.julia/dev/ODEParameterEstimation/src/core/homotopy_continuation.jl:288
primes of bitsize 28
G-Q-┌ Warning: solve_with_rs failed: ErrorException("System has no solutions")
└ @ ODEParameterEstimation ~/.julia/dev/ODEParameterEstimation/src/core/homotopy_continuation.jl:288
primes of bitsize 28
G-Q-┌ Warning: solve_with_rs failed: ErrorException("System has no solutions")
└ @ ODEParameterEstimation ~/.julia/dev/ODEParameterEstimation/src/core/homotopy_continuation.jl:288
primes of bitsize 28
G-Q-┌ Warning: solve_with_rs failed: ErrorException("System has no solutions")
└ @ ODEParameterEstimation ~/.julia/dev/ODEParameterEstimation/src/core/homotopy_continuation.jl:288
primes of bitsize 28
G-Q-┌ Warning: solve_with_rs failed: ErrorException("System has no solutions")
└ @ ODEParameterEstimation ~/.julia/dev/ODEParameterEstimation/src/core/homotopy_continuation.jl:288
primes of bitsize 28
G-Q-┌ Warning: solve_with_rs failed: ErrorException("System has no solutions")
└ @ ODEParameterEstimation ~/.julia/dev/ODEParameterEstimation/src/core/homotopy_continuation.jl:288
primes of bitsize 28
G-Q-┌ Warning: solve_with_rs failed: ErrorException("System has no solutions")
└ @ ODEParameterEstimation ~/.julia/dev/ODEParameterEstimation/src/core/homotopy_continuation.jl:288
primes of bitsize 28
G-Q-┌ Warning: solve_with_rs failed: ErrorException("System has no solutions")
└ @ ODEParameterEstimation ~/.julia/dev/ODEParameterEstimation/src/core/homotopy_continuation.jl:288
┌ Warning: No solutions found after 10 attempts
└ @ ODEParameterEstimation ~/.julia/dev/ODEParameterEstimation/src/core/multipoint_estimation.jl:88
primes of bitsize 28
G-Q-┌ Warning: solve_with_rs failed: ErrorException("System has no solutions")
└ @ ODEParameterEstimation ~/.julia/dev/ODEParameterEstimation/src/core/homotopy_continuation.jl:288
primes of bitsize 28
G-Q-┌ Warning: solve_with_rs failed: ErrorException("System has no solutions")
└ @ ODEParameterEstimation ~/.julia/dev/ODEParameterEstimation/src/core/homotopy_continuation.jl:288
primes of bitsize 28
G-Q-┌ Warning: solve_with_rs failed: ErrorException("System has no solutions")
└ @ ODEParameterEstimation ~/.julia/dev/ODEParameterEstimation/src/core/homotopy_continuation.jl:288
primes of bitsize 28
G-Q-┌ Warning: solve_with_rs failed: ErrorException("System has no solutions")
└ @ ODEParameterEstimation ~/.julia/dev/ODEParameterEstimation/src/core/homotopy_continuation.jl:288
primes of bitsize 28
G-Q-┌ Warning: solve_with_rs failed: ErrorException("System has no solutions")
└ @ ODEParameterEstimation ~/.julia/dev/ODEParameterEstimation/src/core/homotopy_continuation.jl:288
primes of bitsize 28
G-Q-┌ Warning: solve_with_rs failed: ErrorException("System has no solutions")
└ @ ODEParameterEstimation ~/.julia/dev/ODEParameterEstimation/src/core/homotopy_continuation.jl:288
primes of bitsize 28
G-Q-┌ Warning: solve_with_rs failed: ErrorException("System has no solutions")
└ @ ODEParameterEstimation ~/.julia/dev/ODEParameterEstimation/src/core/homotopy_continuation.jl:288
primes of bitsize 28
G-Q-┌ Warning: solve_with_rs failed: ErrorException("System has no solutions")
└ @ ODEParameterEstimation ~/.julia/dev/ODEParameterEstimation/src/core/homotopy_continuation.jl:288
primes of bitsize 28
G-Q-┌ Warning: solve_with_rs failed: ErrorException("System has no solutions")
└ @ ODEParameterEstimation ~/.julia/dev/ODEParameterEstimation/src/core/homotopy_continuation.jl:288
primes of bitsize 28
G-Q-┌ Warning: solve_with_rs failed: ErrorException("System has no solutions")
└ @ ODEParameterEstimation ~/.julia/dev/ODEParameterEstimation/src/core/homotopy_continuation.jl:288
┌ Warning: No solutions found after 10 attempts
└ @ ODEParameterEstimation ~/.julia/dev/ODEParameterEstimation/src/core/multipoint_estimation.jl:88
primes of bitsize 28
G-Q-┌ Warning: solve_with_rs failed: ErrorException("System has no solutions")
└ @ ODEParameterEstimation ~/.julia/dev/ODEParameterEstimation/src/core/homotopy_continuation.jl:288
primes of bitsize 28
G-Q-┌ Warning: solve_with_rs failed: ErrorException("System has no solutions")
└ @ ODEParameterEstimation ~/.julia/dev/ODEParameterEstimation/src/core/homotopy_continuation.jl:288
primes of bitsize 28
G-Q-┌ Warning: solve_with_rs failed: ErrorException("System has no solutions")
└ @ ODEParameterEstimation ~/.julia/dev/ODEParameterEstimation/src/core/homotopy_continuation.jl:288
primes of bitsize 28
G-Q-┌ Warning: solve_with_rs failed: ErrorException("System has no solutions")
└ @ ODEParameterEstimation ~/.julia/dev/ODEParameterEstimation/src/core/homotopy_continuation.jl:288
primes of bitsize 28
G-Q-┌ Warning: solve_with_rs failed: ErrorException("System has no solutions")
└ @ ODEParameterEstimation ~/.julia/dev/ODEParameterEstimation/src/core/homotopy_continuation.jl:288
primes of bitsize 28
G-Q-┌ Warning: solve_with_rs failed: ErrorException("System has no solutions")
└ @ ODEParameterEstimation ~/.julia/dev/ODEParameterEstimation/src/core/homotopy_continuation.jl:288
primes of bitsize 28
G-Q-┌ Warning: solve_with_rs failed: ErrorException("System has no solutions")
└ @ ODEParameterEstimation ~/.julia/dev/ODEParameterEstimation/src/core/homotopy_continuation.jl:288
primes of bitsize 28
G-Q-┌ Warning: solve_with_rs failed: ErrorException("System has no solutions")
└ @ ODEParameterEstimation ~/.julia/dev/ODEParameterEstimation/src/core/homotopy_continuation.jl:288
primes of bitsize 28
G-Q-┌ Warning: solve_with_rs failed: ErrorException("System has no solutions")
└ @ ODEParameterEstimation ~/.julia/dev/ODEParameterEstimation/src/core/homotopy_continuation.jl:288
primes of bitsize 28
G-Q-┌ Warning: solve_with_rs failed: ErrorException("System has no solutions")
└ @ ODEParameterEstimation ~/.julia/dev/ODEParameterEstimation/src/core/homotopy_continuation.jl:288
┌ Warning: No solutions found after 10 attempts
└ @ ODEParameterEstimation ~/.julia/dev/ODEParameterEstimation/src/core/multipoint_estimation.jl:88
primes of bitsize 28
G-Q-┌ Warning: solve_with_rs failed: ErrorException("System has no solutions")
└ @ ODEParameterEstimation ~/.julia/dev/ODEParameterEstimation/src/core/homotopy_continuation.jl:288
primes of bitsize 28
G-Q-┌ Warning: solve_with_rs failed: ErrorException("System has no solutions")
└ @ ODEParameterEstimation ~/.julia/dev/ODEParameterEstimation/src/core/homotopy_continuation.jl:288
primes of bitsize 28
G-Q-┌ Warning: solve_with_rs failed: ErrorException("System has no solutions")
└ @ ODEParameterEstimation ~/.julia/dev/ODEParameterEstimation/src/core/homotopy_continuation.jl:288
primes of bitsize 28
G-Q-┌ Warning: solve_with_rs failed: ErrorException("System has no solutions")
└ @ ODEParameterEstimation ~/.julia/dev/ODEParameterEstimation/src/core/homotopy_continuation.jl:288
primes of bitsize 28
G-Q-┌ Warning: solve_with_rs failed: ErrorException("System has no solutions")
└ @ ODEParameterEstimation ~/.julia/dev/ODEParameterEstimation/src/core/homotopy_continuation.jl:288
primes of bitsize 28
G-Q-┌ Warning: solve_with_rs failed: ErrorException("System has no solutions")
└ @ ODEParameterEstimation ~/.julia/dev/ODEParameterEstimation/src/core/homotopy_continuation.jl:288
primes of bitsize 28
G-Q-┌ Warning: solve_with_rs failed: ErrorException("System has no solutions")
└ @ ODEParameterEstimation ~/.julia/dev/ODEParameterEstimation/src/core/homotopy_continuation.jl:288
primes of bitsize 28
G-Q-┌ Warning: solve_with_rs failed: ErrorException("System has no solutions")
└ @ ODEParameterEstimation ~/.julia/dev/ODEParameterEstimation/src/core/homotopy_continuation.jl:288
primes of bitsize 28
G-Q-┌ Warning: solve_with_rs failed: ErrorException("System has no solutions")
└ @ ODEParameterEstimation ~/.julia/dev/ODEParameterEstimation/src/core/homotopy_continuation.jl:288
primes of bitsize 28
G-Q-┌ Warning: solve_with_rs failed: ErrorException("System has no solutions")
└ @ ODEParameterEstimation ~/.julia/dev/ODEParameterEstimation/src/core/homotopy_continuation.jl:288
┌ Warning: No solutions found after 10 attempts
└ @ ODEParameterEstimation ~/.julia/dev/ODEParameterEstimation/src/core/multipoint_estimation.jl:88
primes of bitsize 28
G-Q-┌ Warning: solve_with_rs failed: ErrorException("System has no solutions")
└ @ ODEParameterEstimation ~/.julia/dev/ODEParameterEstimation/src/core/homotopy_continuation.jl:288
primes of bitsize 28
G-Q-┌ Warning: solve_with_rs failed: ErrorException("System has no solutions")
└ @ ODEParameterEstimation ~/.julia/dev/ODEParameterEstimation/src/core/homotopy_continuation.jl:288
primes of bitsize 28
G-Q-┌ Warning: solve_with_rs failed: ErrorException("System has no solutions")
└ @ ODEParameterEstimation ~/.julia/dev/ODEParameterEstimation/src/core/homotopy_continuation.jl:288
primes of bitsize 28
G-Q-┌ Warning: solve_with_rs failed: ErrorException("System has no solutions")
└ @ ODEParameterEstimation ~/.julia/dev/ODEParameterEstimation/src/core/homotopy_continuation.jl:288
primes of bitsize 28
G-Q-┌ Warning: solve_with_rs failed: ErrorException("System has no solutions")
└ @ ODEParameterEstimation ~/.julia/dev/ODEParameterEstimation/src/core/homotopy_continuation.jl:288
primes of bitsize 28
G-Q-┌ Warning: solve_with_rs failed: ErrorException("System has no solutions")
└ @ ODEParameterEstimation ~/.julia/dev/ODEParameterEstimation/src/core/homotopy_continuation.jl:288
primes of bitsize 28
G-Q-┌ Warning: solve_with_rs failed: ErrorException("System has no solutions")
└ @ ODEParameterEstimation ~/.julia/dev/ODEParameterEstimation/src/core/homotopy_continuation.jl:288
primes of bitsize 28
G-Q-┌ Warning: solve_with_rs failed: ErrorException("System has no solutions")
└ @ ODEParameterEstimation ~/.julia/dev/ODEParameterEstimation/src/core/homotopy_continuation.jl:288
primes of bitsize 28
G-Q-┌ Warning: solve_with_rs failed: ErrorException("System has no solutions")
└ @ ODEParameterEstimation ~/.julia/dev/ODEParameterEstimation/src/core/homotopy_continuation.jl:288
primes of bitsize 28
G-Q-┌ Warning: solve_with_rs failed: ErrorException("System has no solutions")
└ @ ODEParameterEstimation ~/.julia/dev/ODEParameterEstimation/src/core/homotopy_continuation.jl:288
┌ Warning: No solutions found after 10 attempts
└ @ ODEParameterEstimation ~/.julia/dev/ODEParameterEstimation/src/core/multipoint_estimation.jl:88
primes of bitsize 28
G-Q-┌ Warning: System is not zero-dimensional, adding a random linear equation.
└ @ ODEParameterEstimation ~/.julia/dev/ODEParameterEstimation/src/core/homotopy_continuation.jl:284
primes of bitsize 28
G-Q-Pt-FG-LT-LP(C)
Dimension of the quotient :3
Degree of the radical :3
Use last variable as separating element
Separating form: [0, 0, 0, 0, 0, 0, 0, 0, 0, 1]
Run Groebner learn
Test cyclic optimization
Apply cyclic optimization 
Multi-modular computation (1 threads): G-Q-Pt-FG-LT-LP(C)
5-9-13-17-21-25-29-33-37-41-45-49-53-
check-G-Q-Pt-FG-LT-LP(C)
Nb Primes used :53

Unidentifiability Analysis from multipoint_parameter_estimation:
All unidentifiable variables: Set(Any[a, R(t), g, b, V(t)])
Unidentifiable variables substitution dictionary: Dict{Any, Any}(g => 0.20786694105600612)
Trivially solvable variables: Dict{Any, Any}()

=== Model: fitzhugh_nagumo ===

Found 33 distinct solution clusters:

Cluster 1: 1 similar solutions
Best solution (Error: 8.0e-6):
--------------------------------------------------
Variable     | True Value  | Estimated   | Rel. Error
-----------------------------------------------------
V(t)         |  -1.000000 |  -1.001041 |   0.001041
R(t)         |   0.000000 |   0.654594 |   0.654594
g            |   3.000000 | 154.590560 |  50.530187
a            |   0.200000 | 3533.269980 | 17665.349902
b            |   0.200000 | 5377.963134 | 26888.815672


Cluster 2: 1 similar solutions
Best solution (Error: 1.0e-6):
--------------------------------------------------
Variable     | True Value  | Estimated   | Rel. Error
-----------------------------------------------------
V(t)         |  -1.000000 |  -1.000113 |   0.000113
R(t)         |   0.000000 |  90.110297 |  90.110297
g            |   3.000000 |  -0.022182 |   1.007394
a            |   0.200000 | 125.796513 | 627.982564
b            |   0.200000 |   1.373684 |   5.868420


Cluster 3: 1 similar solutions
Best solution (Error: 0.0):
--------------------------------------------------
Variable     | True Value  | Estimated   | Rel. Error
-----------------------------------------------------
V(t)         |  -1.000000 |  -1.000019 |   0.000019
R(t)         |   0.000000 |  -7.254183 |   7.254183
g            |   3.000000 |   0.252102 |   0.915966
a            |   0.200000 |  66.729110 | 332.645552
b            |   0.200000 |  -9.116718 |  46.583590


Cluster 4: 1 similar solutions
Best solution (Error: 0.0):
--------------------------------------------------
Variable     | True Value  | Estimated   | Rel. Error
-----------------------------------------------------
V(t)         |  -1.000000 |  -1.000013 |   0.000013
R(t)         |   0.000000 |   0.426662 |   0.426662
g            |   3.000000 |   8.324758 |   1.774919
a            |   0.200000 |  68.693250 | 342.466249
b            |   0.200000 | 160.012983 | 799.064914


Cluster 5: 1 similar solutions
Best solution (Error: 0.0):
--------------------------------------------------
Variable     | True Value  | Estimated   | Rel. Error
-----------------------------------------------------
V(t)         |  -1.000000 |  -1.000000 |   0.000000
R(t)         |   0.000000 |  -7.268789 |   7.268789
g            |   3.000000 |   0.252033 |   0.915989
a            |   0.200000 |  35.680408 | 177.402042
b            |   0.200000 |  -4.880962 |  25.404811


Cluster 6: 1 similar solutions
Best solution (Error: 0.0):
--------------------------------------------------
Variable     | True Value  | Estimated   | Rel. Error
-----------------------------------------------------
V(t)         |  -1.000000 |  -1.000000 |   0.000000
R(t)         |   0.000000 |  -8.954859 |   8.954859
g            |   3.000000 |   0.207867 |   0.930711
a            |   0.200000 |  37.231094 | 185.155468
b            |   0.200000 |  -4.135003 |  21.675016


Cluster 7: 1 similar solutions
Best solution (Error: 0.0):
--------------------------------------------------
Variable     | True Value  | Estimated   | Rel. Error
-----------------------------------------------------
V(t)         |  -1.000000 |  -1.000000 |   0.000000
R(t)         |   0.000000 |   0.355932 |   0.355932
g            |   3.000000 |   6.436085 |   1.145362
a            |   0.200000 |  43.509844 | 216.549219
b            |   0.200000 | 121.612788 | 607.063940


Cluster 8: 1 similar solutions
Best solution (Error: 0.0):
--------------------------------------------------
Variable     | True Value  | Estimated   | Rel. Error
-----------------------------------------------------
V(t)         |  -1.000000 |  -1.000000 |   0.000000
R(t)         |   0.000000 |  -3.908504 |   3.908504
g            |   3.000000 |   0.437122 |   0.854293
a            |   0.200000 |  36.310153 | 180.550767
b            |   0.200000 |  -9.231828 |  47.159138


Cluster 9: 1 similar solutions
Best solution (Error: 0.0):
--------------------------------------------------
Variable     | True Value  | Estimated   | Rel. Error
-----------------------------------------------------
V(t)         |  -1.000000 |  -1.000001 |   0.000001
R(t)         |   0.000000 |  -0.397857 |   0.397857
g            |   3.000000 |   1.878650 |   0.373783
a            |   0.200000 |   6.952369 |  33.761843
b            |   0.200000 | -16.920778 |  85.603888


Cluster 10: 1 similar solutions
Best solution (Error: 0.0):
--------------------------------------------------
Variable     | True Value  | Estimated   | Rel. Error
-----------------------------------------------------
V(t)         |  -1.000000 |  -1.000001 |   0.000001
R(t)         |   0.000000 |   0.223281 |   0.223281
g            |   3.000000 |   4.510486 |   0.503495
a            |   0.200000 |   8.978733 |  43.893663
b            |   0.200000 |  39.241709 | 195.208547


Cluster 11: 1 similar solutions
Best solution (Error: 0.0):
--------------------------------------------------
Variable     | True Value  | Estimated   | Rel. Error
-----------------------------------------------------
V(t)         |  -1.000000 |  -1.000000 |   0.000000
R(t)         |   0.000000 |  -0.088249 |   0.088249
g            |   3.000000 |   2.649236 |   0.116921
a            |   0.200000 |   0.808844 |   3.044222
b            |   0.200000 |  -6.836602 |  35.183011


Cluster 12: 1 similar solutions
Best solution (Error: 0.0):
--------------------------------------------------
Variable     | True Value  | Estimated   | Rel. Error
-----------------------------------------------------
V(t)         |  -1.000000 |  -1.000000 |   0.000000
R(t)         |   0.000000 |   0.101935 |   0.101935
g            |   3.000000 |   3.541426 |   0.180475
a            |   0.200000 |   1.443677 |   6.218385
b            |   0.200000 |  12.154868 |  59.774340


Cluster 13: 1 similar solutions
Best solution (Error: 0.0):
--------------------------------------------------
Variable     | True Value  | Estimated   | Rel. Error
-----------------------------------------------------
V(t)         |  -1.000000 |  -1.000000 |   0.000000
R(t)         |   0.000000 |   0.156084 |   0.156084
g            |   3.000000 |   3.917091 |   0.305697
a            |   0.200000 |   3.841670 |  18.208351
b            |   0.200000 |  23.324028 | 115.620138


Cluster 14: 1 similar solutions
Best solution (Error: 0.0):
--------------------------------------------------
Variable     | True Value  | Estimated   | Rel. Error
-----------------------------------------------------
V(t)         |  -1.000000 |  -1.000000 |   0.000000
R(t)         |   0.000000 |  -0.172947 |   0.172947
g            |   3.000000 |   2.382043 |   0.205986
a            |   0.200000 |   1.966462 |   8.832311
b            |   0.200000 | -10.206970 |  52.034852


Cluster 15: 1 similar solutions
Best solution (Error: 0.0):
--------------------------------------------------
Variable     | True Value  | Estimated   | Rel. Error
-----------------------------------------------------
V(t)         |  -1.000000 |  -1.000000 |   0.000000
R(t)         |   0.000000 |   0.112090 |   0.112090
g            |   3.000000 |   3.606349 |   0.202116
a            |   0.200000 |   1.814524 |   8.072622
b            |   0.200000 |  14.395370 |  70.976849


Cluster 16: 1 similar solutions
Best solution (Error: 0.0):
--------------------------------------------------
Variable     | True Value  | Estimated   | Rel. Error
-----------------------------------------------------
V(t)         |  -1.000000 |  -1.000000 |   0.000000
R(t)         |   0.000000 |  -0.096280 |   0.096280
g            |   3.000000 |   2.621410 |   0.126197
a            |   0.200000 |   0.857738 |   3.288690
b            |   0.200000 |  -6.819908 |  35.099542


Cluster 17: 1 similar solutions
Best solution (Error: 0.0):
--------------------------------------------------
Variable     | True Value  | Estimated   | Rel. Error
-----------------------------------------------------
V(t)         |  -1.000000 |  -1.000000 |   0.000000
R(t)         |   0.000000 |  -0.056249 |   0.056249
g            |   3.000000 |   2.766569 |   0.077810
a            |   0.200000 |   0.445568 |   1.227839
b            |   0.200000 |  -4.351666 |  22.758332


Cluster 18: 1 similar solutions
Best solution (Error: 0.0):
--------------------------------------------------
Variable     | True Value  | Estimated   | Rel. Error
-----------------------------------------------------
V(t)         |  -1.000000 |  -1.000000 |   0.000000
R(t)         |   0.000000 |   0.083376 |   0.083376
g            |   3.000000 |   3.428815 |   0.142938
a            |   0.200000 |   1.021166 |   4.105829
b            |   0.200000 |   9.841970 |  48.209848


Cluster 19: 1 similar solutions
Best solution (Error: 0.0):
--------------------------------------------------
Variable     | True Value  | Estimated   | Rel. Error
-----------------------------------------------------
V(t)         |  -1.000000 |  -1.000000 |   0.000000
R(t)         |   0.000000 |   0.019135 |   0.019135
g            |   3.000000 |   3.088655 |   0.029552
a            |   0.200000 |   0.239460 |   0.197298
b            |   0.200000 |   2.070077 |   9.350385


Cluster 20: 1 similar solutions
Best solution (Error: 0.0):
--------------------------------------------------
Variable     | True Value  | Estimated   | Rel. Error
-----------------------------------------------------
V(t)         |  -1.000000 |  -1.000000 |   0.000000
R(t)         |   0.000000 |   0.052258 |   0.052258
g            |   3.000000 |   3.255162 |   0.085054
a            |   0.200000 |   0.500989 |   1.504944
b            |   0.200000 |   5.759760 |  27.798798


Cluster 21: 1 similar solutions
Best solution (Error: 0.0):
--------------------------------------------------
Variable     | True Value  | Estimated   | Rel. Error
-----------------------------------------------------
V(t)         |  -1.000000 |  -1.000000 |   0.000000
R(t)         |   0.000000 |   0.024034 |   0.024034
g            |   3.000000 |   3.112199 |   0.037400
a            |   0.200000 |   0.261737 |   0.308686
b            |   0.200000 |   2.574360 |  11.871801


Cluster 22: 1 similar solutions
Best solution (Error: 0.0):
--------------------------------------------------
Variable     | True Value  | Estimated   | Rel. Error
-----------------------------------------------------
V(t)         |  -1.000000 |  -1.000000 |   0.000000
R(t)         |   0.000000 |   0.028906 |   0.028906
g            |   3.000000 |   3.135975 |   0.045325
a            |   0.200000 |   0.289159 |   0.445794
b            |   0.200000 |   3.088211 |  14.441054


Cluster 23: 1 similar solutions
Best solution (Error: 0.0):
--------------------------------------------------
Variable     | True Value  | Estimated   | Rel. Error
-----------------------------------------------------
V(t)         |  -1.000000 |  -1.000000 |   0.000000
R(t)         |   0.000000 |   0.047819 |   0.047819
g            |   3.000000 |   3.231811 |   0.077270
a            |   0.200000 |   0.449657 |   1.248285
b            |   0.200000 |   5.221210 |  25.106050


Cluster 24: 1 similar solutions
Best solution (Error: 0.0):
--------------------------------------------------
Variable     | True Value  | Estimated   | Rel. Error
-----------------------------------------------------
V(t)         |  -1.000000 |  -1.000000 |   0.000000
R(t)         |   0.000000 |   0.033819 |   0.033819
g            |   3.000000 |   3.160320 |   0.053440
a            |   0.200000 |   0.322343 |   0.611714
b            |   0.200000 |   3.619924 |  17.099620


Cluster 25: 1 similar solutions
Best solution (Error: 0.0):
--------------------------------------------------
Variable     | True Value  | Estimated   | Rel. Error
-----------------------------------------------------
V(t)         |  -1.000000 |  -1.000000 |   0.000000
R(t)         |   0.000000 |   0.044211 |   0.044211
g            |   3.000000 |   3.213080 |   0.071027
a            |   0.200000 |   0.411969 |   1.059843
b            |   0.200000 |   4.795078 |  22.975391


Cluster 26: 1 similar solutions
Best solution (Error: 0.0):
--------------------------------------------------
Variable     | True Value  | Estimated   | Rel. Error
-----------------------------------------------------
V(t)         |  -1.000000 |  -1.000000 |   0.000000
R(t)         |   0.000000 |   0.038640 |   0.038640
g            |   3.000000 |   3.184578 |   0.061526
a            |   0.200000 |   0.360536 |   0.802682
b            |   0.200000 |   4.156053 |  19.780263


Cluster 27: 1 similar solutions
Best solution (Error: 0.0):
--------------------------------------------------
Variable     | True Value  | Estimated   | Rel. Error
-----------------------------------------------------
V(t)         |  -1.000000 |  -1.000000 |   0.000000
R(t)         |   0.000000 |  -0.000401 |   0.000401
g            |   3.000000 |   2.998199 |   0.000600
a            |   0.200000 |   0.199941 |   0.000293
b            |   0.200000 |   0.162508 |   0.187460


Cluster 28: 1 similar solutions
Best solution (Error: 0.0):
--------------------------------------------------
Variable     | True Value  | Estimated   | Rel. Error
-----------------------------------------------------
V(t)         |  -1.000000 |  -1.000000 |   0.000000
R(t)         |   0.000000 |  -0.001076 |   0.001076
g            |   3.000000 |   2.995166 |   0.001611
a            |   0.200000 |   0.199897 |   0.000514
b            |   0.200000 |   0.100895 |   0.495525


Cluster 29: 1 similar solutions
Best solution (Error: 0.0):
--------------------------------------------------
Variable     | True Value  | Estimated   | Rel. Error
-----------------------------------------------------
V(t)         |  -1.000000 |  -1.000000 |   0.000000
R(t)         |   0.000000 |  -0.000116 |   0.000116
g            |   3.000000 |   2.999480 |   0.000173
a            |   0.200000 |   0.199980 |   0.000101
b            |   0.200000 |   0.189196 |   0.054018


Cluster 30: 1 similar solutions
Best solution (Error: 0.0):
--------------------------------------------------
Variable     | True Value  | Estimated   | Rel. Error
-----------------------------------------------------
V(t)         |  -1.000000 |  -1.000000 |   0.000000
R(t)         |   0.000000 |  -0.000015 |   0.000015
g            |   3.000000 |   2.999930 |   0.000023
a            |   0.200000 |   0.199997 |   0.000014
b            |   0.200000 |   0.198552 |   0.007238


Cluster 31: 2 similar solutions
Best solution (Error: 0.0):
--------------------------------------------------
Variable     | True Value  | Estimated   | Rel. Error
-----------------------------------------------------
V(t)         |  -1.000000 |  -1.000000 |   0.000000
R(t)         |   0.000000 |   0.000003 |   0.000003
g            |   3.000000 |   3.000016 |   0.000005
a            |   0.200000 |   0.200001 |   0.000003
b            |   0.200000 |   0.200316 |   0.001579


Cluster 32: 1 similar solutions
Best solution (Error: 0.0):
--------------------------------------------------
Variable     | True Value  | Estimated   | Rel. Error
-----------------------------------------------------
V(t)         |  -1.000000 |  -1.000000 |   0.000000
R(t)         |   0.000000 |   0.000012 |   0.000012
g            |   3.000000 |   3.000053 |   0.000018
a            |   0.200000 |   0.200002 |   0.000011
b            |   0.200000 |   0.201102 |   0.005511


Cluster 33: 1 similar solutions
Best solution (Error: 0.0):
--------------------------------------------------
Variable     | True Value  | Estimated   | Rel. Error
-----------------------------------------------------
V(t)         |  -1.000000 |  -1.000000 |   0.000000
R(t)         |   0.000000 |   0.000007 |   0.000007
g            |   3.000000 |   3.000031 |   0.000010
a            |   0.200000 |   0.200001 |   0.000007
b            |   0.200000 |   0.200636 |   0.003181


Best approximation error for fitzhugh_nagumo: 0.0

Best maximum relative error for fitzhugh_nagumo (excluding ALL unidentifiable parameters): 0.001561
Best minimum relative error: 0.0
Best mean relative error: 0.000315
Best median relative error: 3.0e-6
Best maximum relative error: 0.001561
Best RMS relative error: 0.000698
SUCCESS
