Starting model: lotka_volterra
primes of bitsize 28
G-Q-Pt-FG-LT-LP(C)
Dimension of the quotient :2
Degree of the radical :2
Use last variable as separating element
Separating form: [0, 0, 0, 0, 0, 0, 0, 0, 0, 0, 0, 1]
Run Groebner learn
Test cyclic optimization
Apply cyclic optimization 
Multi-modular computation (1 threads): G-Q-Pt-FG-LT-LP(C)
5-9-13-17-21-25-29-33-37-41-45-49-53-61-69-
check-G-Q-Pt-FG-LT-LP(C)
Nb Primes used :69
┌ Warning: At t=0.3201417131510367, dt was forced below floating point epsilon 5.551115123125783e-17, and step error estimate = 1.6422734230379246. Aborting. There is either an error in your model specification or the true solution is unstable (or the true solution can not be represented in the precision of Float64).
└ @ SciMLBase ~/.julia/packages/SciMLBase/u2Ue2/src/integrator_interface.jl:623
primes of bitsize 28
G-Q-Pt-FG-LT-LP(C)
Dimension of the quotient :2
Degree of the radical :2
Use last variable as separating element
Separating form: [0, 0, 0, 0, 0, 0, 0, 0, 0, 0, 0, 1]
Run Groebner learn
Test cyclic optimization
Apply cyclic optimization 
Multi-modular computation (1 threads): G-Q-Pt-FG-LT-LP(C)
5-9-13-17-21-25-29-33-37-41-45-49-53-61-69-
check-G-Q-Pt-FG-LT-LP(C)
Nb Primes used :69
┌ Warning: At t=0.30369601966515103, dt was forced below floating point epsilon 5.551115123125783e-17, and step error estimate = 1.188976395929724. Aborting. There is either an error in your model specification or the true solution is unstable (or the true solution can not be represented in the precision of Float64).
└ @ SciMLBase ~/.julia/packages/SciMLBase/u2Ue2/src/integrator_interface.jl:623
primes of bitsize 28
G-Q-Pt-FG-LT-LP(C)
Dimension of the quotient :2
Degree of the radical :2
Use last variable as separating element
Separating form: [0, 0, 0, 0, 0, 0, 0, 0, 0, 0, 0, 1]
Run Groebner learn
Test cyclic optimization
Apply cyclic optimization 
Multi-modular computation (1 threads): G-Q-Pt-FG-LT-LP(C)
5-9-13-17-21-25-29-33-37-41-45-49-53-61-69-
check-G-Q-Pt-FG-LT-LP(C)
Nb Primes used :69
┌ Warning: At t=5.213917804080009, dt was forced below floating point epsilon -7.737117880178109e-16, and step error estimate = 1.5208165550344552. Aborting. There is either an error in your model specification or the true solution is unstable (or the true solution can not be represented in the precision of Float64).
└ @ SciMLBase ~/.julia/packages/SciMLBase/u2Ue2/src/integrator_interface.jl:623
primes of bitsize 28
G-Q-Pt-FG-LT-LP(C)
Dimension of the quotient :2
Degree of the radical :2
Use last variable as separating element
Separating form: [0, 0, 0, 0, 0, 0, 0, 0, 0, 0, 0, 1]
Run Groebner learn
Test cyclic optimization
Apply cyclic optimization 
Multi-modular computation (1 threads): G-Q-Pt-FG-LT-LP(C)
5-9-13-17-21-25-29-33-37-41-45-49-53-61-69-
check-G-Q-Pt-FG-LT-LP(C)
Nb Primes used :69
┌ Warning: At t=3.300644103352085, dt was forced below floating point epsilon -3.8324012287598044e-16, and step error estimate = 1.716147219327802. Aborting. There is either an error in your model specification or the true solution is unstable (or the true solution can not be represented in the precision of Float64).
└ @ SciMLBase ~/.julia/packages/SciMLBase/u2Ue2/src/integrator_interface.jl:623
primes of bitsize 28
G-Q-Pt-FG-LT-LP(C)
Dimension of the quotient :2
Degree of the radical :2
Use last variable as separating element
Separating form: [0, 0, 0, 0, 0, 0, 0, 0, 0, 0, 0, 1]
Run Groebner learn
Test cyclic optimization
Apply cyclic optimization 
Multi-modular computation (1 threads): G-Q-Pt-FG-LT-LP(C)
5-9-13-17-21-25-29-33-37-41-45-49-53-61-69-
check-G-Q-Pt-FG-LT-LP(C)
Nb Primes used :69
primes of bitsize 28
G-Q-Pt-FG-LT-LP(C)
Dimension of the quotient :2
Degree of the radical :2
Use last variable as separating element
Separating form: [0, 0, 0, 0, 0, 0, 0, 0, 0, 0, 0, 1]
Run Groebner learn
Test cyclic optimization
Apply cyclic optimization 
Multi-modular computation (1 threads): G-Q-Pt-FG-LT-LP(C)
5-9-13-17-21-25-29-33-37-41-45-49-53-61-69-
check-G-Q-Pt-FG-LT-LP(C)
Nb Primes used :69
primes of bitsize 28
G-Q-Pt-FG-LT-LP(C)
Dimension of the quotient :2
Degree of the radical :2
Use last variable as separating element
Separating form: [0, 0, 0, 0, 0, 0, 0, 0, 0, 0, 0, 1]
Run Groebner learn
Test cyclic optimization
Apply cyclic optimization 
Multi-modular computation (1 threads): G-Q-Pt-FG-LT-LP(C)
5-9-13-17-21-25-29-33-37-41-45-49-53-61-69-
check-G-Q-Pt-FG-LT-LP(C)
Nb Primes used :69
primes of bitsize 28
G-Q-Pt-FG-LT-LP(C)
Dimension of the quotient :2
Degree of the radical :2
Use last variable as separating element
Separating form: [0, 0, 0, 0, 0, 0, 0, 0, 0, 0, 0, 1]
Run Groebner learn
Test cyclic optimization
Apply cyclic optimization 
Multi-modular computation (1 threads): G-Q-Pt-FG-LT-LP(C)
5-9-13-17-21-25-29-33-37-41-45-49-53-61-69-
check-G-Q-Pt-FG-LT-LP(C)
Nb Primes used :69
primes of bitsize 28
G-Q-Pt-FG-LT-LP(C)
Dimension of the quotient :2
Degree of the radical :2
Use last variable as separating element
Separating form: [0, 0, 0, 0, 0, 0, 0, 0, 0, 0, 0, 1]
Run Groebner learn
Test cyclic optimization
Apply cyclic optimization 
Multi-modular computation (1 threads): G-Q-Pt-FG-LT-LP(C)
5-9-13-17-21-25-29-33-37-41-45-49-53-61-69-77-
check-G-Q-Pt-FG-LT-LP(C)
Nb Primes used :77
┌ Warning: At t=18.200492795503806, dt was forced below floating point epsilon -3.1855804156140875e-15, and step error estimate = 1.0489436102544643. Aborting. There is either an error in your model specification or the true solution is unstable (or the true solution can not be represented in the precision of Float64).
└ @ SciMLBase ~/.julia/packages/SciMLBase/u2Ue2/src/integrator_interface.jl:623
┌ Warning: At t=0.3921585651358948, dt was forced below floating point epsilon 5.551115123125783e-17, and step error estimate = 1.062297308172929. Aborting. There is either an error in your model specification or the true solution is unstable (or the true solution can not be represented in the precision of Float64).
└ @ SciMLBase ~/.julia/packages/SciMLBase/u2Ue2/src/integrator_interface.jl:623
primes of bitsize 28
G-Q-Pt-FG-LT-LP(C)
Dimension of the quotient :2
Degree of the radical :2
Use last variable as separating element
Separating form: [0, 0, 0, 0, 0, 0, 0, 0, 0, 0, 0, 1]
Run Groebner learn
Test cyclic optimization
Apply cyclic optimization 
Multi-modular computation (1 threads): G-Q-Pt-FG-LT-LP(C)
5-9-13-17-21-25-29-33-37-41-45-49-53-61-
check-G-Q-Pt-FG-LT-LP(C)
Nb Primes used :61
┌ Warning: At t=0.32152494358595746, dt was forced below floating point epsilon 5.551115123125783e-17, and step error estimate = 1.113603503052344. Aborting. There is either an error in your model specification or the true solution is unstable (or the true solution can not be represented in the precision of Float64).
└ @ SciMLBase ~/.julia/packages/SciMLBase/u2Ue2/src/integrator_interface.jl:623
primes of bitsize 28
G-Q-Pt-FG-LT-LP(C)
Dimension of the quotient :2
Degree of the radical :2
Use last variable as separating element
Separating form: [0, 0, 0, 0, 0, 0, 0, 0, 0, 0, 0, 1]
Run Groebner learn
Test cyclic optimization
Apply cyclic optimization 
Multi-modular computation (1 threads): G-Q-Pt-FG-LT-LP(C)
5-9-13-17-21-25-29-33-37-41-45-49-53-61-
check-G-Q-Pt-FG-LT-LP(C)
Nb Primes used :61
┌ Warning: At t=0.2596437248746938, dt was forced below floating point epsilon 5.551115123125783e-17, and step error estimate = 1.675274891400346. Aborting. There is either an error in your model specification or the true solution is unstable (or the true solution can not be represented in the precision of Float64).
└ @ SciMLBase ~/.julia/packages/SciMLBase/u2Ue2/src/integrator_interface.jl:623
primes of bitsize 28
G-Q-Pt-FG-LT-LP(C)
Dimension of the quotient :2
Degree of the radical :2
Use last variable as separating element
Separating form: [0, 0, 0, 0, 0, 0, 0, 0, 0, 0, 0, 1]
Run Groebner learn
Test cyclic optimization
Apply cyclic optimization 
Multi-modular computation (1 threads): G-Q-Pt-FG-LT-LP(C)
5-9-13-17-21-25-29-33-37-41-45-49-53-61-
check-G-Q-Pt-FG-LT-LP(C)
Nb Primes used :61
┌ Warning: At t=5.2133236571623796, dt was forced below floating point epsilon -7.873729703806967e-16, and step error estimate = 1.2144900378827428. Aborting. There is either an error in your model specification or the true solution is unstable (or the true solution can not be represented in the precision of Float64).
└ @ SciMLBase ~/.julia/packages/SciMLBase/u2Ue2/src/integrator_interface.jl:623
primes of bitsize 28
G-Q-Pt-FG-LT-LP(C)
Dimension of the quotient :2
Degree of the radical :2
Use last variable as separating element
Separating form: [0, 0, 0, 0, 0, 0, 0, 0, 0, 0, 0, 1]
Run Groebner learn
Test cyclic optimization
Apply cyclic optimization 
Multi-modular computation (1 threads): G-Q-Pt-FG-LT-LP(C)
5-9-13-17-21-25-29-33-37-41-45-49-53-61-
check-G-Q-Pt-FG-LT-LP(C)
Nb Primes used :61
┌ Warning: At t=3.295230475565866, dt was forced below floating point epsilon -3.8557588975306237e-16, and step error estimate = 1.5871243951024478. Aborting. There is either an error in your model specification or the true solution is unstable (or the true solution can not be represented in the precision of Float64).
└ @ SciMLBase ~/.julia/packages/SciMLBase/u2Ue2/src/integrator_interface.jl:623
primes of bitsize 28
G-Q-Pt-FG-LT-LP(C)
Dimension of the quotient :2
Degree of the radical :2
Use last variable as separating element
Separating form: [0, 0, 0, 0, 0, 0, 0, 0, 0, 0, 0, 1]
Run Groebner learn
Test cyclic optimization
Apply cyclic optimization 
Multi-modular computation (1 threads): G-Q-Pt-FG-LT-LP(C)
5-9-13-17-21-25-29-33-37-41-45-49-53-61-
check-G-Q-Pt-FG-LT-LP(C)
Nb Primes used :61
primes of bitsize 28
G-Q-Pt-FG-LT-LP(C)
Dimension of the quotient :2
Degree of the radical :2
Use last variable as separating element
Separating form: [0, 0, 0, 0, 0, 0, 0, 0, 0, 0, 0, 1]
Run Groebner learn
Test cyclic optimization
Apply cyclic optimization 
Multi-modular computation (1 threads): G-Q-Pt-FG-LT-LP(C)
5-9-13-17-21-25-29-33-37-41-45-49-53-61-
check-G-Q-Pt-FG-LT-LP(C)
Nb Primes used :61
primes of bitsize 28
G-Q-Pt-FG-LT-LP(C)
Dimension of the quotient :2
Degree of the radical :2
Use last variable as separating element
Separating form: [0, 0, 0, 0, 0, 0, 0, 0, 0, 0, 0, 1]
Run Groebner learn
Test cyclic optimization
Apply cyclic optimization 
Multi-modular computation (1 threads): G-Q-Pt-FG-LT-LP(C)
5-9-13-17-21-25-29-33-37-41-45-49-53-61-
check-G-Q-Pt-FG-LT-LP(C)
Nb Primes used :61
primes of bitsize 28
G-Q-Pt-FG-LT-LP(C)
Dimension of the quotient :2
Degree of the radical :2
Use last variable as separating element
Separating form: [0, 0, 0, 0, 0, 0, 0, 0, 0, 0, 0, 1]
Run Groebner learn
Test cyclic optimization
Apply cyclic optimization 
Multi-modular computation (1 threads): G-Q-Pt-FG-LT-LP(C)
5-9-13-17-21-25-29-33-37-41-45-49-53-61-
check-G-Q-Pt-FG-LT-LP(C)
Nb Primes used :61
primes of bitsize 28
G-Q-Pt-FG-LT-LP(C)
Dimension of the quotient :2
Degree of the radical :2
Use last variable as separating element
Separating form: [0, 0, 0, 0, 0, 0, 0, 0, 0, 0, 0, 1]
Run Groebner learn
Test cyclic optimization
Apply cyclic optimization 
Multi-modular computation (1 threads): G-Q-Pt-FG-LT-LP(C)
5-9-13-17-21-25-29-33-37-41-45-49-53-61-
check-G-Q-Pt-FG-LT-LP(C)
Nb Primes used :61
┌ Warning: At t=0.40830037118447304, dt was forced below floating point epsilon 5.551115123125783e-17, and step error estimate = 1.7216765148212396. Aborting. There is either an error in your model specification or the true solution is unstable (or the true solution can not be represented in the precision of Float64).
└ @ SciMLBase ~/.julia/packages/SciMLBase/u2Ue2/src/integrator_interface.jl:623
primes of bitsize 28
G-Q-┌ Warning: solve_with_rs failed: ErrorException("System has no solutions")
└ @ ODEParameterEstimation ~/.julia/dev/ODEParameterEstimation/src/core/homotopy_continuation.jl:288
primes of bitsize 28
G-Q-┌ Warning: solve_with_rs failed: ErrorException("System has no solutions")
└ @ ODEParameterEstimation ~/.julia/dev/ODEParameterEstimation/src/core/homotopy_continuation.jl:288
primes of bitsize 28
G-Q-┌ Warning: solve_with_rs failed: ErrorException("System has no solutions")
└ @ ODEParameterEstimation ~/.julia/dev/ODEParameterEstimation/src/core/homotopy_continuation.jl:288
primes of bitsize 28
G-Q-┌ Warning: solve_with_rs failed: ErrorException("System has no solutions")
└ @ ODEParameterEstimation ~/.julia/dev/ODEParameterEstimation/src/core/homotopy_continuation.jl:288
primes of bitsize 28
G-Q-┌ Warning: solve_with_rs failed: ErrorException("System has no solutions")
└ @ ODEParameterEstimation ~/.julia/dev/ODEParameterEstimation/src/core/homotopy_continuation.jl:288
primes of bitsize 28
G-Q-┌ Warning: solve_with_rs failed: ErrorException("System has no solutions")
└ @ ODEParameterEstimation ~/.julia/dev/ODEParameterEstimation/src/core/homotopy_continuation.jl:288
primes of bitsize 28
G-Q-┌ Warning: solve_with_rs failed: ErrorException("System has no solutions")
└ @ ODEParameterEstimation ~/.julia/dev/ODEParameterEstimation/src/core/homotopy_continuation.jl:288
primes of bitsize 28
G-Q-┌ Warning: solve_with_rs failed: ErrorException("System has no solutions")
└ @ ODEParameterEstimation ~/.julia/dev/ODEParameterEstimation/src/core/homotopy_continuation.jl:288
primes of bitsize 28
G-Q-┌ Warning: solve_with_rs failed: ErrorException("System has no solutions")
└ @ ODEParameterEstimation ~/.julia/dev/ODEParameterEstimation/src/core/homotopy_continuation.jl:288
primes of bitsize 28
G-Q-┌ Warning: solve_with_rs failed: ErrorException("System has no solutions")
└ @ ODEParameterEstimation ~/.julia/dev/ODEParameterEstimation/src/core/homotopy_continuation.jl:288
┌ Warning: No solutions found after 10 attempts
└ @ ODEParameterEstimation ~/.julia/dev/ODEParameterEstimation/src/core/multipoint_estimation.jl:88
primes of bitsize 28
G-Q-┌ Warning: solve_with_rs failed: ErrorException("System has no solutions")
└ @ ODEParameterEstimation ~/.julia/dev/ODEParameterEstimation/src/core/homotopy_continuation.jl:288
primes of bitsize 28
G-Q-┌ Warning: solve_with_rs failed: ErrorException("System has no solutions")
└ @ ODEParameterEstimation ~/.julia/dev/ODEParameterEstimation/src/core/homotopy_continuation.jl:288
primes of bitsize 28
G-Q-┌ Warning: solve_with_rs failed: ErrorException("System has no solutions")
└ @ ODEParameterEstimation ~/.julia/dev/ODEParameterEstimation/src/core/homotopy_continuation.jl:288
primes of bitsize 28
G-Q-┌ Warning: solve_with_rs failed: ErrorException("System has no solutions")
└ @ ODEParameterEstimation ~/.julia/dev/ODEParameterEstimation/src/core/homotopy_continuation.jl:288
primes of bitsize 28
G-Q-┌ Warning: solve_with_rs failed: ErrorException("System has no solutions")
└ @ ODEParameterEstimation ~/.julia/dev/ODEParameterEstimation/src/core/homotopy_continuation.jl:288
primes of bitsize 28
G-Q-┌ Warning: solve_with_rs failed: ErrorException("System has no solutions")
└ @ ODEParameterEstimation ~/.julia/dev/ODEParameterEstimation/src/core/homotopy_continuation.jl:288
primes of bitsize 28
G-Q-┌ Warning: solve_with_rs failed: ErrorException("System has no solutions")
└ @ ODEParameterEstimation ~/.julia/dev/ODEParameterEstimation/src/core/homotopy_continuation.jl:288
primes of bitsize 28
G-Q-┌ Warning: solve_with_rs failed: ErrorException("System has no solutions")
└ @ ODEParameterEstimation ~/.julia/dev/ODEParameterEstimation/src/core/homotopy_continuation.jl:288
primes of bitsize 28
G-Q-┌ Warning: solve_with_rs failed: ErrorException("System has no solutions")
└ @ ODEParameterEstimation ~/.julia/dev/ODEParameterEstimation/src/core/homotopy_continuation.jl:288
primes of bitsize 28
G-Q-┌ Warning: solve_with_rs failed: ErrorException("System has no solutions")
└ @ ODEParameterEstimation ~/.julia/dev/ODEParameterEstimation/src/core/homotopy_continuation.jl:288
┌ Warning: No solutions found after 10 attempts
└ @ ODEParameterEstimation ~/.julia/dev/ODEParameterEstimation/src/core/multipoint_estimation.jl:88
primes of bitsize 28
G-Q-┌ Warning: solve_with_rs failed: ErrorException("System has no solutions")
└ @ ODEParameterEstimation ~/.julia/dev/ODEParameterEstimation/src/core/homotopy_continuation.jl:288
primes of bitsize 28
G-Q-┌ Warning: solve_with_rs failed: ErrorException("System has no solutions")
└ @ ODEParameterEstimation ~/.julia/dev/ODEParameterEstimation/src/core/homotopy_continuation.jl:288
primes of bitsize 28
G-Q-┌ Warning: solve_with_rs failed: ErrorException("System has no solutions")
└ @ ODEParameterEstimation ~/.julia/dev/ODEParameterEstimation/src/core/homotopy_continuation.jl:288
primes of bitsize 28
G-Q-┌ Warning: solve_with_rs failed: ErrorException("System has no solutions")
└ @ ODEParameterEstimation ~/.julia/dev/ODEParameterEstimation/src/core/homotopy_continuation.jl:288
primes of bitsize 28
G-Q-┌ Warning: solve_with_rs failed: ErrorException("System has no solutions")
└ @ ODEParameterEstimation ~/.julia/dev/ODEParameterEstimation/src/core/homotopy_continuation.jl:288
primes of bitsize 28
G-Q-┌ Warning: solve_with_rs failed: ErrorException("System has no solutions")
└ @ ODEParameterEstimation ~/.julia/dev/ODEParameterEstimation/src/core/homotopy_continuation.jl:288
primes of bitsize 28
G-Q-┌ Warning: solve_with_rs failed: ErrorException("System has no solutions")
└ @ ODEParameterEstimation ~/.julia/dev/ODEParameterEstimation/src/core/homotopy_continuation.jl:288
primes of bitsize 28
G-Q-┌ Warning: solve_with_rs failed: ErrorException("System has no solutions")
└ @ ODEParameterEstimation ~/.julia/dev/ODEParameterEstimation/src/core/homotopy_continuation.jl:288
primes of bitsize 28
G-Q-┌ Warning: solve_with_rs failed: ErrorException("System has no solutions")
└ @ ODEParameterEstimation ~/.julia/dev/ODEParameterEstimation/src/core/homotopy_continuation.jl:288
primes of bitsize 28
G-Q-┌ Warning: solve_with_rs failed: ErrorException("System has no solutions")
└ @ ODEParameterEstimation ~/.julia/dev/ODEParameterEstimation/src/core/homotopy_continuation.jl:288
┌ Warning: No solutions found after 10 attempts
└ @ ODEParameterEstimation ~/.julia/dev/ODEParameterEstimation/src/core/multipoint_estimation.jl:88
primes of bitsize 28
G-Q-┌ Warning: solve_with_rs failed: ErrorException("System has no solutions")
└ @ ODEParameterEstimation ~/.julia/dev/ODEParameterEstimation/src/core/homotopy_continuation.jl:288
primes of bitsize 28
G-Q-┌ Warning: solve_with_rs failed: ErrorException("System has no solutions")
└ @ ODEParameterEstimation ~/.julia/dev/ODEParameterEstimation/src/core/homotopy_continuation.jl:288
primes of bitsize 28
G-Q-┌ Warning: solve_with_rs failed: ErrorException("System has no solutions")
└ @ ODEParameterEstimation ~/.julia/dev/ODEParameterEstimation/src/core/homotopy_continuation.jl:288
primes of bitsize 28
G-Q-┌ Warning: solve_with_rs failed: ErrorException("System has no solutions")
└ @ ODEParameterEstimation ~/.julia/dev/ODEParameterEstimation/src/core/homotopy_continuation.jl:288
primes of bitsize 28
G-Q-┌ Warning: solve_with_rs failed: ErrorException("System has no solutions")
└ @ ODEParameterEstimation ~/.julia/dev/ODEParameterEstimation/src/core/homotopy_continuation.jl:288
primes of bitsize 28
G-Q-┌ Warning: solve_with_rs failed: ErrorException("System has no solutions")
└ @ ODEParameterEstimation ~/.julia/dev/ODEParameterEstimation/src/core/homotopy_continuation.jl:288
primes of bitsize 28
G-Q-┌ Warning: solve_with_rs failed: ErrorException("System has no solutions")
└ @ ODEParameterEstimation ~/.julia/dev/ODEParameterEstimation/src/core/homotopy_continuation.jl:288
primes of bitsize 28
G-Q-┌ Warning: solve_with_rs failed: ErrorException("System has no solutions")
└ @ ODEParameterEstimation ~/.julia/dev/ODEParameterEstimation/src/core/homotopy_continuation.jl:288
primes of bitsize 28
G-Q-┌ Warning: solve_with_rs failed: ErrorException("System has no solutions")
└ @ ODEParameterEstimation ~/.julia/dev/ODEParameterEstimation/src/core/homotopy_continuation.jl:288
primes of bitsize 28
G-Q-┌ Warning: solve_with_rs failed: ErrorException("System has no solutions")
└ @ ODEParameterEstimation ~/.julia/dev/ODEParameterEstimation/src/core/homotopy_continuation.jl:288
┌ Warning: No solutions found after 10 attempts
└ @ ODEParameterEstimation ~/.julia/dev/ODEParameterEstimation/src/core/multipoint_estimation.jl:88
primes of bitsize 28
G-Q-┌ Warning: solve_with_rs failed: ErrorException("System has no solutions")
└ @ ODEParameterEstimation ~/.julia/dev/ODEParameterEstimation/src/core/homotopy_continuation.jl:288
primes of bitsize 28
G-Q-┌ Warning: solve_with_rs failed: ErrorException("System has no solutions")
└ @ ODEParameterEstimation ~/.julia/dev/ODEParameterEstimation/src/core/homotopy_continuation.jl:288
primes of bitsize 28
G-Q-┌ Warning: solve_with_rs failed: ErrorException("System has no solutions")
└ @ ODEParameterEstimation ~/.julia/dev/ODEParameterEstimation/src/core/homotopy_continuation.jl:288
primes of bitsize 28
G-Q-┌ Warning: solve_with_rs failed: ErrorException("System has no solutions")
└ @ ODEParameterEstimation ~/.julia/dev/ODEParameterEstimation/src/core/homotopy_continuation.jl:288
primes of bitsize 28
G-Q-┌ Warning: solve_with_rs failed: ErrorException("System has no solutions")
└ @ ODEParameterEstimation ~/.julia/dev/ODEParameterEstimation/src/core/homotopy_continuation.jl:288
primes of bitsize 28
G-Q-┌ Warning: solve_with_rs failed: ErrorException("System has no solutions")
└ @ ODEParameterEstimation ~/.julia/dev/ODEParameterEstimation/src/core/homotopy_continuation.jl:288
primes of bitsize 28
G-Q-┌ Warning: solve_with_rs failed: ErrorException("System has no solutions")
└ @ ODEParameterEstimation ~/.julia/dev/ODEParameterEstimation/src/core/homotopy_continuation.jl:288
primes of bitsize 28
G-Q-┌ Warning: solve_with_rs failed: ErrorException("System has no solutions")
└ @ ODEParameterEstimation ~/.julia/dev/ODEParameterEstimation/src/core/homotopy_continuation.jl:288
primes of bitsize 28
G-Q-┌ Warning: solve_with_rs failed: ErrorException("System has no solutions")
└ @ ODEParameterEstimation ~/.julia/dev/ODEParameterEstimation/src/core/homotopy_continuation.jl:288
primes of bitsize 28
G-Q-┌ Warning: solve_with_rs failed: ErrorException("System has no solutions")
└ @ ODEParameterEstimation ~/.julia/dev/ODEParameterEstimation/src/core/homotopy_continuation.jl:288
┌ Warning: No solutions found after 10 attempts
└ @ ODEParameterEstimation ~/.julia/dev/ODEParameterEstimation/src/core/multipoint_estimation.jl:88
primes of bitsize 28
G-Q-┌ Warning: solve_with_rs failed: ErrorException("System has no solutions")
└ @ ODEParameterEstimation ~/.julia/dev/ODEParameterEstimation/src/core/homotopy_continuation.jl:288
primes of bitsize 28
G-Q-┌ Warning: solve_with_rs failed: ErrorException("System has no solutions")
└ @ ODEParameterEstimation ~/.julia/dev/ODEParameterEstimation/src/core/homotopy_continuation.jl:288
primes of bitsize 28
G-Q-┌ Warning: solve_with_rs failed: ErrorException("System has no solutions")
└ @ ODEParameterEstimation ~/.julia/dev/ODEParameterEstimation/src/core/homotopy_continuation.jl:288
primes of bitsize 28
G-Q-┌ Warning: solve_with_rs failed: ErrorException("System has no solutions")
└ @ ODEParameterEstimation ~/.julia/dev/ODEParameterEstimation/src/core/homotopy_continuation.jl:288
primes of bitsize 28
G-Q-┌ Warning: solve_with_rs failed: ErrorException("System has no solutions")
└ @ ODEParameterEstimation ~/.julia/dev/ODEParameterEstimation/src/core/homotopy_continuation.jl:288
primes of bitsize 28
G-Q-┌ Warning: solve_with_rs failed: ErrorException("System has no solutions")
└ @ ODEParameterEstimation ~/.julia/dev/ODEParameterEstimation/src/core/homotopy_continuation.jl:288
primes of bitsize 28
G-Q-┌ Warning: solve_with_rs failed: ErrorException("System has no solutions")
└ @ ODEParameterEstimation ~/.julia/dev/ODEParameterEstimation/src/core/homotopy_continuation.jl:288
primes of bitsize 28
G-Q-┌ Warning: solve_with_rs failed: ErrorException("System has no solutions")
└ @ ODEParameterEstimation ~/.julia/dev/ODEParameterEstimation/src/core/homotopy_continuation.jl:288
primes of bitsize 28
G-Q-┌ Warning: solve_with_rs failed: ErrorException("System has no solutions")
└ @ ODEParameterEstimation ~/.julia/dev/ODEParameterEstimation/src/core/homotopy_continuation.jl:288
primes of bitsize 28
G-Q-┌ Warning: solve_with_rs failed: ErrorException("System has no solutions")
└ @ ODEParameterEstimation ~/.julia/dev/ODEParameterEstimation/src/core/homotopy_continuation.jl:288
┌ Warning: No solutions found after 10 attempts
└ @ ODEParameterEstimation ~/.julia/dev/ODEParameterEstimation/src/core/multipoint_estimation.jl:88
primes of bitsize 28
G-Q-┌ Warning: solve_with_rs failed: ErrorException("System has no solutions")
└ @ ODEParameterEstimation ~/.julia/dev/ODEParameterEstimation/src/core/homotopy_continuation.jl:288
primes of bitsize 28
G-Q-┌ Warning: solve_with_rs failed: ErrorException("System has no solutions")
└ @ ODEParameterEstimation ~/.julia/dev/ODEParameterEstimation/src/core/homotopy_continuation.jl:288
primes of bitsize 28
G-Q-┌ Warning: solve_with_rs failed: ErrorException("System has no solutions")
└ @ ODEParameterEstimation ~/.julia/dev/ODEParameterEstimation/src/core/homotopy_continuation.jl:288
primes of bitsize 28
G-Q-┌ Warning: solve_with_rs failed: ErrorException("System has no solutions")
└ @ ODEParameterEstimation ~/.julia/dev/ODEParameterEstimation/src/core/homotopy_continuation.jl:288
primes of bitsize 28
G-Q-┌ Warning: solve_with_rs failed: ErrorException("System has no solutions")
└ @ ODEParameterEstimation ~/.julia/dev/ODEParameterEstimation/src/core/homotopy_continuation.jl:288
primes of bitsize 28
G-Q-┌ Warning: solve_with_rs failed: ErrorException("System has no solutions")
└ @ ODEParameterEstimation ~/.julia/dev/ODEParameterEstimation/src/core/homotopy_continuation.jl:288
primes of bitsize 28
G-Q-┌ Warning: solve_with_rs failed: ErrorException("System has no solutions")
└ @ ODEParameterEstimation ~/.julia/dev/ODEParameterEstimation/src/core/homotopy_continuation.jl:288
primes of bitsize 28
G-Q-┌ Warning: solve_with_rs failed: ErrorException("System has no solutions")
└ @ ODEParameterEstimation ~/.julia/dev/ODEParameterEstimation/src/core/homotopy_continuation.jl:288
primes of bitsize 28
G-Q-┌ Warning: solve_with_rs failed: ErrorException("System has no solutions")
└ @ ODEParameterEstimation ~/.julia/dev/ODEParameterEstimation/src/core/homotopy_continuation.jl:288
primes of bitsize 28
G-Q-┌ Warning: solve_with_rs failed: ErrorException("System has no solutions")
└ @ ODEParameterEstimation ~/.julia/dev/ODEParameterEstimation/src/core/homotopy_continuation.jl:288
┌ Warning: No solutions found after 10 attempts
└ @ ODEParameterEstimation ~/.julia/dev/ODEParameterEstimation/src/core/multipoint_estimation.jl:88
primes of bitsize 28
G-Q-┌ Warning: solve_with_rs failed: ErrorException("System has no solutions")
└ @ ODEParameterEstimation ~/.julia/dev/ODEParameterEstimation/src/core/homotopy_continuation.jl:288
primes of bitsize 28
G-Q-┌ Warning: solve_with_rs failed: ErrorException("System has no solutions")
└ @ ODEParameterEstimation ~/.julia/dev/ODEParameterEstimation/src/core/homotopy_continuation.jl:288
primes of bitsize 28
G-Q-┌ Warning: solve_with_rs failed: ErrorException("System has no solutions")
└ @ ODEParameterEstimation ~/.julia/dev/ODEParameterEstimation/src/core/homotopy_continuation.jl:288
primes of bitsize 28
G-Q-┌ Warning: solve_with_rs failed: ErrorException("System has no solutions")
└ @ ODEParameterEstimation ~/.julia/dev/ODEParameterEstimation/src/core/homotopy_continuation.jl:288
primes of bitsize 28
G-Q-┌ Warning: solve_with_rs failed: ErrorException("System has no solutions")
└ @ ODEParameterEstimation ~/.julia/dev/ODEParameterEstimation/src/core/homotopy_continuation.jl:288
primes of bitsize 28
G-Q-┌ Warning: solve_with_rs failed: ErrorException("System has no solutions")
└ @ ODEParameterEstimation ~/.julia/dev/ODEParameterEstimation/src/core/homotopy_continuation.jl:288
primes of bitsize 28
G-Q-┌ Warning: solve_with_rs failed: ErrorException("System has no solutions")
└ @ ODEParameterEstimation ~/.julia/dev/ODEParameterEstimation/src/core/homotopy_continuation.jl:288
primes of bitsize 28
G-Q-┌ Warning: solve_with_rs failed: ErrorException("System has no solutions")
└ @ ODEParameterEstimation ~/.julia/dev/ODEParameterEstimation/src/core/homotopy_continuation.jl:288
primes of bitsize 28
G-Q-┌ Warning: solve_with_rs failed: ErrorException("System has no solutions")
└ @ ODEParameterEstimation ~/.julia/dev/ODEParameterEstimation/src/core/homotopy_continuation.jl:288
primes of bitsize 28
G-Q-┌ Warning: solve_with_rs failed: ErrorException("System has no solutions")
└ @ ODEParameterEstimation ~/.julia/dev/ODEParameterEstimation/src/core/homotopy_continuation.jl:288
┌ Warning: No solutions found after 10 attempts
└ @ ODEParameterEstimation ~/.julia/dev/ODEParameterEstimation/src/core/multipoint_estimation.jl:88
primes of bitsize 28
G-Q-┌ Warning: System is not zero-dimensional, adding a random linear equation.
└ @ ODEParameterEstimation ~/.julia/dev/ODEParameterEstimation/src/core/homotopy_continuation.jl:284
primes of bitsize 28
G-Q-Pt-FG-LT-LP(C)
Dimension of the quotient :5
Degree of the radical :5
Use last variable as separating element
Separating form: [0, 0, 0, 0, 0, 0, 0, 0, 0, 1]
Run Groebner learn
Test cyclic optimization
Apply cyclic optimization 
Multi-modular computation (1 threads): G-Q-Pt-FG-LT-LP(C)
5-9-13-17-21-25-29-33-37-41-45-49-53-61-69-
check-G-Q-Pt-FG-LT-LP(C)
Nb Primes used :69

Unidentifiability Analysis from multipoint_parameter_estimation:
All unidentifiable variables: Set{Any}()
Unidentifiable variables substitution dictionary: Dict{Any, Any}()
Trivially solvable variables: Dict{Any, Any}()

=== Model: lotka_volterra ===

Found 14 distinct solution clusters:

Cluster 1: 1 similar solutions
Best solution (Error: 0.023296):
--------------------------------------------------
Variable     | True Value  | Estimated   | Rel. Error
-----------------------------------------------------
r(t)         |   2.000000 |   0.040508 |   0.979746
w(t)         |   1.000000 |  13.303912 |  12.303912
k1           |   1.000000 | -83.972342 |  84.972342
k2           |   0.500000 |  -6.316405 |  13.632810
k3           |   0.300000 |  -0.256455 |   1.854849


Cluster 2: 1 similar solutions
Best solution (Error: 0.019862):
--------------------------------------------------
Variable     | True Value  | Estimated   | Rel. Error
-----------------------------------------------------
r(t)         |   2.000000 |   0.094327 |   0.952836
w(t)         |   1.000000 |   1.999260 |   0.999260
k1           |   1.000000 |  -1.648546 |   2.648546
k2           |   0.500000 |  -1.186961 |   3.373921
k3           |   0.300000 |  -0.219996 |   1.733321


Cluster 3: 1 similar solutions
Best solution (Error: 0.015994):
--------------------------------------------------
Variable     | True Value  | Estimated   | Rel. Error
-----------------------------------------------------
r(t)         |   2.000000 |   0.000099 |   0.999951
w(t)         |   1.000000 |  -0.000000 |   1.000000
k1           |   1.000000 |   0.731669 |   0.268331
k2           |   0.500000 |  -0.165076 |   1.330152
k3           |   0.300000 |  -1.836160 |   7.120533


Cluster 4: 1 similar solutions
Best solution (Error: 0.015993):
--------------------------------------------------
Variable     | True Value  | Estimated   | Rel. Error
-----------------------------------------------------
r(t)         |   2.000000 |   0.000099 |   0.999951
w(t)         |   1.000000 |  -0.000000 |   1.000000
k1           |   1.000000 |   0.731654 |   0.268346
k2           |   0.500000 |  -0.165389 |   1.330779
k3           |   0.300000 |  -1.836850 |   7.122833


Cluster 5: 1 similar solutions
Best solution (Error: 0.003873):
--------------------------------------------------
Variable     | True Value  | Estimated   | Rel. Error
-----------------------------------------------------
r(t)         |   2.000000 |   1.659680 |   0.170160
w(t)         |   1.000000 |   0.872025 |   0.127975
k1           |   1.000000 |   1.003382 |   0.003382
k2           |   0.500000 |   0.573884 |   0.147769
k3           |   0.300000 |   0.301978 |   0.006595


Cluster 6: 1 similar solutions
Best solution (Error: 0.001427):
--------------------------------------------------
Variable     | True Value  | Estimated   | Rel. Error
-----------------------------------------------------
r(t)         |   2.000000 |   1.903280 |   0.048360
w(t)         |   1.000000 |   1.000306 |   0.000306
k1           |   1.000000 |   1.008974 |   0.008974
k2           |   0.500000 |   0.517703 |   0.035406
k3           |   0.300000 |   0.296880 |   0.010402


Cluster 7: 1 similar solutions
Best solution (Error: 0.00041):
--------------------------------------------------
Variable     | True Value  | Estimated   | Rel. Error
-----------------------------------------------------
r(t)         |   2.000000 |   2.061410 |   0.030705
w(t)         |   1.000000 |   1.026212 |   0.026212
k1           |   1.000000 |   0.993922 |   0.006078
k2           |   0.500000 |   0.498100 |   0.003800
k3           |   0.300000 |   0.300646 |   0.002153


Cluster 8: 1 similar solutions
Best solution (Error: 0.000394):
--------------------------------------------------
Variable     | True Value  | Estimated   | Rel. Error
-----------------------------------------------------
r(t)         |   2.000000 |   1.950659 |   0.024670
w(t)         |   1.000000 |   0.948456 |   0.051544
k1           |   1.000000 |   0.996190 |   0.003810
k2           |   0.500000 |   0.505325 |   0.010651
k3           |   0.300000 |   0.303450 |   0.011499


Cluster 9: 1 similar solutions
Best solution (Error: 0.000284):
--------------------------------------------------
Variable     | True Value  | Estimated   | Rel. Error
-----------------------------------------------------
r(t)         |   2.000000 |   2.003415 |   0.001707
w(t)         |   1.000000 |   0.989939 |   0.010061
k1           |   1.000000 |   0.994127 |   0.005873
k2           |   0.500000 |   0.501301 |   0.002601
k3           |   0.300000 |   0.300793 |   0.002644


Cluster 10: 1 similar solutions
Best solution (Error: 0.000241):
--------------------------------------------------
Variable     | True Value  | Estimated   | Rel. Error
-----------------------------------------------------
r(t)         |   2.000000 |   2.021354 |   0.010677
w(t)         |   1.000000 |   1.023645 |   0.023645
k1           |   1.000000 |   1.006469 |   0.006469
k2           |   0.500000 |   0.493755 |   0.012491
k3           |   0.300000 |   0.298533 |   0.004889


Cluster 11: 1 similar solutions
Best solution (Error: 3.0e-5):
--------------------------------------------------
Variable     | True Value  | Estimated   | Rel. Error
-----------------------------------------------------
r(t)         |   2.000000 |   2.003191 |   0.001595
w(t)         |   1.000000 |   1.001815 |   0.001815
k1           |   1.000000 |   0.999865 |   0.000135
k2           |   0.500000 |   0.500078 |   0.000156
k3           |   0.300000 |   0.299955 |   0.000150


Cluster 12: 1 similar solutions
Best solution (Error: 1.7e-5):
--------------------------------------------------
Variable     | True Value  | Estimated   | Rel. Error
-----------------------------------------------------
r(t)         |   2.000000 |   1.997887 |   0.001057
w(t)         |   1.000000 |   0.999894 |   0.000106
k1           |   1.000000 |   1.000620 |   0.000620
k2           |   0.500000 |   0.499829 |   0.000343
k3           |   0.300000 |   0.299877 |   0.000411


Cluster 13: 1 similar solutions
Best solution (Error: 1.0e-5):
--------------------------------------------------
Variable     | True Value  | Estimated   | Rel. Error
-----------------------------------------------------
r(t)         |   2.000000 |   1.998531 |   0.000734
w(t)         |   1.000000 |   0.999246 |   0.000754
k1           |   1.000000 |   0.999998 |   0.000002
k2           |   0.500000 |   0.500175 |   0.000350
k3           |   0.300000 |   0.300008 |   0.000025


Cluster 14: 8 similar solutions
Best solution (Error: 0.0):
--------------------------------------------------
Variable     | True Value  | Estimated   | Rel. Error
-----------------------------------------------------
r(t)         |   2.000000 |   2.000000 |   0.000000
w(t)         |   1.000000 |   1.000000 |   0.000000
k1           |   1.000000 |   1.000000 |   0.000000
k2           |   0.500000 |   0.500000 |   0.000000
k3           |   0.300000 |   0.300000 |   0.000000


Best approximation error for lotka_volterra: 0.0

Best maximum relative error for lotka_volterra (excluding ALL unidentifiable parameters): 0.0
Best minimum relative error: 0.0
Best mean relative error: 0.0
Best median relative error: 0.0
Best maximum relative error: 0.0
Best RMS relative error: 0.0
SUCCESS
