Starting model: treatment
primes of bitsize 28
G-Q-Pt-FG-LT-LP(U)
G-Q-Pt-FG-LT-LP(C)
Dimension of the quotient :12
Degree of the radical :12
Use variable 26 as separating element
Separating form: [0, 0, 0, 0, 0, 0, 0, 0, 0, 0, 0, 0, 0, 0, 0, 0, 0, 0, 0, 0, 0, 0, 0, 0, 0, 1, 0]
Run Groebner learn
Maybe a problem with Groebner learn
Test cyclic optimization
Apply cyclic optimization 
Multi-modular computation (1 threads): G-Q-Pt-FG-LT-LP(C)
5-9-13-17-21-25-29-33-37-41-45-49-53-61-69-77-85-93-105-117-129-141-157-173-193-213-237-261-289-
check-G-Q-Pt-FG-LT-LP(C)
Nb Primes used :289
primes of bitsize 28
G-Q-Pt-FG-LT-LP(U)
G-Q-Pt-FG-LT-LP(C)
Dimension of the quotient :12
Degree of the radical :12
Use variable 26 as separating element
Separating form: [0, 0, 0, 0, 0, 0, 0, 0, 0, 0, 0, 0, 0, 0, 0, 0, 0, 0, 0, 0, 0, 0, 0, 0, 0, 1, 0]
Run Groebner learn
Maybe a problem with Groebner learn
Test cyclic optimization
Apply cyclic optimization 
Multi-modular computation (1 threads): G-Q-Pt-FG-LT-LP(C)
5-9-13-17-21-25-29-33-37-41-45-49-53-61-69-77-85-93-105-117-129-141-157-173-193-213-237-261-289-
check-G-Q-Pt-FG-LT-LP(C)
Nb Primes used :289
primes of bitsize 28
G-Q-Pt-FG-LT-LP(U)
G-Q-Pt-FG-LT-LP(C)
Dimension of the quotient :12
Degree of the radical :12
Use variable 26 as separating element
Separating form: [0, 0, 0, 0, 0, 0, 0, 0, 0, 0, 0, 0, 0, 0, 0, 0, 0, 0, 0, 0, 0, 0, 0, 0, 0, 1, 0]
Run Groebner learn
Maybe a problem with Groebner learn
Test cyclic optimization
Apply cyclic optimization 
Multi-modular computation (1 threads): G-Q-Pt-FG-LT-LP(C)
5-9-13-17-21-25-29-33-37-41-45-49-53-61-69-77-85-93-105-117-129-141-157-173-193-213-237-261-289-
check-G-Q-Pt-FG-LT-LP(C)
Nb Primes used :289
primes of bitsize 28
G-Q-Pt-FG-LT-LP(U)
G-Q-Pt-FG-LT-LP(C)
Dimension of the quotient :12
Degree of the radical :12
Use variable 26 as separating element
Separating form: [0, 0, 0, 0, 0, 0, 0, 0, 0, 0, 0, 0, 0, 0, 0, 0, 0, 0, 0, 0, 0, 0, 0, 0, 0, 1, 0]
Run Groebner learn
Maybe a problem with Groebner learn
Test cyclic optimization
Apply cyclic optimization 
Multi-modular computation (1 threads): G-Q-Pt-FG-LT-LP(C)
5-9-13-17-21-25-29-33-37-41-45-49-53-61-69-77-85-93-105-117-129-141-157-173-193-213-237-261-289-
check-G-Q-Pt-FG-LT-LP(C)
Nb Primes used :289
primes of bitsize 28
G-Q-Pt-FG-LT-LP(U)
G-Q-Pt-FG-LT-LP(C)
Dimension of the quotient :12
Degree of the radical :12
Use variable 26 as separating element
Separating form: [0, 0, 0, 0, 0, 0, 0, 0, 0, 0, 0, 0, 0, 0, 0, 0, 0, 0, 0, 0, 0, 0, 0, 0, 0, 1, 0]
Run Groebner learn
Test cyclic optimization
Apply cyclic optimization 
Multi-modular computation (1 threads): G-Q-Pt-FG-LT-LP(C)
5-9-13-17-21-25-29-33-37-41-45-49-53-61-69-77-85-93-105-117-129-141-157-173-193-213-237-261-289-
check-G-Q-Pt-FG-LT-LP(C)
Nb Primes used :289
primes of bitsize 28
G-Q-Pt-FG-LT-LP(U)
G-Q-Pt-FG-LT-LP(C)
Dimension of the quotient :12
Degree of the radical :12
Use variable 26 as separating element
Separating form: [0, 0, 0, 0, 0, 0, 0, 0, 0, 0, 0, 0, 0, 0, 0, 0, 0, 0, 0, 0, 0, 0, 0, 0, 0, 1, 0]
Run Groebner learn
Maybe a problem with Groebner learn
Test cyclic optimization
Apply cyclic optimization 
Multi-modular computation (1 threads): G-Q-Pt-FG-LT-LP(C)
5-9-13-17-21-25-29-33-37-41-45-49-53-61-69-77-85-93-105-117-129-141-157-173-193-213-237-261-289-
check-G-Q-Pt-FG-LT-LP(C)
Nb Primes used :289
primes of bitsize 28
G-Q-Pt-FG-LT-LP(U)
G-Q-Pt-FG-LT-LP(C)
Dimension of the quotient :12
Degree of the radical :12
Use variable 26 as separating element
Separating form: [0, 0, 0, 0, 0, 0, 0, 0, 0, 0, 0, 0, 0, 0, 0, 0, 0, 0, 0, 0, 0, 0, 0, 0, 0, 1, 0]
Run Groebner learn
Maybe a problem with Groebner learn
Test cyclic optimization
Apply cyclic optimization 
Multi-modular computation (1 threads): G-Q-Pt-FG-LT-LP(C)
5-9-13-17-21-25-29-33-37-41-45-49-53-61-69-77-85-93-105-117-129-141-157-173-193-213-237-261-289-
check-G-Q-Pt-FG-LT-LP(C)
Nb Primes used :289
primes of bitsize 28
G-Q-Pt-FG-LT-LP(U)
G-Q-Pt-FG-LT-LP(C)
Dimension of the quotient :12
Degree of the radical :12
Use variable 26 as separating element
Separating form: [0, 0, 0, 0, 0, 0, 0, 0, 0, 0, 0, 0, 0, 0, 0, 0, 0, 0, 0, 0, 0, 0, 0, 0, 0, 1, 0]
Run Groebner learn
Test cyclic optimization
Apply cyclic optimization 
Multi-modular computation (1 threads): G-Q-Pt-FG-LT-LP(C)
5-9-13-17-21-25-29-33-37-41-45-49-53-61-69-77-85-93-105-117-129-141-157-173-193-213-237-261-289-
check-G-Q-Pt-FG-LT-LP(C)
Nb Primes used :289
primes of bitsize 28
G-Q-Pt-FG-LT-LP(U)
G-Q-Pt-FG-LT-LP(C)
Dimension of the quotient :12
Degree of the radical :12
Use variable 26 as separating element
Separating form: [0, 0, 0, 0, 0, 0, 0, 0, 0, 0, 0, 0, 0, 0, 0, 0, 0, 0, 0, 0, 0, 0, 0, 0, 0, 1, 0]
Run Groebner learn
Maybe a problem with Groebner learn
Test cyclic optimization
Apply cyclic optimization 
Multi-modular computation (1 threads): G-Q-Pt-FG-LT-LP(C)
5-9-13-17-21-25-29-33-37-41-45-49-53-61-69-77-85-93-105-117-129-141-157-173-193-213-237-261-289-
check-G-Q-Pt-FG-LT-LP(C)
Nb Primes used :289
primes of bitsize 28
G-Q-Pt-FG-LT-LP(U)
G-Q-Pt-FG-LT-LP(C)
Dimension of the quotient :12
Degree of the radical :12
Use variable 26 as separating element
Separating form: [0, 0, 0, 0, 0, 0, 0, 0, 0, 0, 0, 0, 0, 0, 0, 0, 0, 0, 0, 0, 0, 0, 0, 0, 0, 1, 0]
Run Groebner learn
Maybe a problem with Groebner learn
Test cyclic optimization
Apply cyclic optimization 
Multi-modular computation (1 threads): G-Q-Pt-FG-LT-LP(C)
5-9-13-17-21-25-29-33-37-41-45-49-53-61-69-77-85-93-105-117-129-141-157-173-193-213-237-261-289-317-
check-G-Q-Pt-FG-LT-LP(C)
Nb Primes used :317
primes of bitsize 28
G-Q-Pt-FG-LT-LP(U)
G-Q-Pt-FG-LT-LP(C)
Dimension of the quotient :12
Degree of the radical :12
Use variable 26 as separating element
Separating form: [0, 0, 0, 0, 0, 0, 0, 0, 0, 0, 0, 0, 0, 0, 0, 0, 0, 0, 0, 0, 0, 0, 0, 0, 0, 1, 0]
Run Groebner learn
Maybe a problem with Groebner learn
Test cyclic optimization
Apply cyclic optimization 
Multi-modular computation (1 threads): G-Q-Pt-FG-LT-LP(C)
5-9-13-17-21-25-29-33-37-41-45-49-53-61-69-77-85-93-105-117-129-141-157-173-193-213-237-261-289-
check-G-Q-Pt-FG-LT-LP(C)
Nb Primes used :289
primes of bitsize 28
G-Q-Pt-FG-LT-LP(U)
G-Q-Pt-FG-LT-LP(C)
Dimension of the quotient :12
Degree of the radical :12
Use variable 26 as separating element
Separating form: [0, 0, 0, 0, 0, 0, 0, 0, 0, 0, 0, 0, 0, 0, 0, 0, 0, 0, 0, 0, 0, 0, 0, 0, 0, 1, 0]
Run Groebner learn
Maybe a problem with Groebner learn
Test cyclic optimization
Apply cyclic optimization 
Multi-modular computation (1 threads): G-Q-Pt-FG-LT-LP(C)
5-9-13-17-21-25-29-33-37-41-45-49-53-61-69-77-85-93-105-117-129-141-157-173-193-213-237-261-
check-G-Q-Pt-FG-LT-LP(C)
Nb Primes used :261
primes of bitsize 28
G-Q-┌ Warning: System is not zero-dimensional, adding a random linear equation.
└ @ ODEParameterEstimation ~/.julia/dev/ODEParameterEstimation/src/core/homotopy_continuation.jl:284
primes of bitsize 28
G-Q-┌ Warning: System is not zero-dimensional, adding a random linear equation.
└ @ ODEParameterEstimation ~/.julia/dev/ODEParameterEstimation/src/core/homotopy_continuation.jl:284
primes of bitsize 28
G-Q-Pt-FG-LT-LP(C)
Dimension of the quotient :27
Degree of the radical :27
Use last variable as separating element
Separating form: [0, 0, 0, 0, 0, 0, 0, 0, 0, 0, 0, 0, 0, 0, 0, 0, 0, 0, 1]
Run Groebner learn
Test cyclic optimization
Apply cyclic optimization 
Multi-modular computation (1 threads): G-Q-Pt-FG-LT-LP(C)
5-9-13-17-21-25-29-33-37-41-45-49-53-61-69-77-85-93-105-117-129-141-157-173-193-213-237-261-289-317-349-385-
check-G-Q-Pt-FG-LT-LP(C)
Nb Primes used :385
┌ Warning: At t=0.03137423813202843, dt was forced below floating point epsilon -6.241811657940917e-18, and step error estimate = 1.0029260150965806. Aborting. There is either an error in your model specification or the true solution is unstable (or the true solution can not be represented in the precision of Float64).
└ @ SciMLBase ~/.julia/packages/SciMLBase/u2Ue2/src/integrator_interface.jl:623
┌ Warning: At t=2.5939932540578075, dt was forced below floating point epsilon 4.440892098500626e-16, and step error estimate = NaN. Aborting. There is either an error in your model specification or the true solution is unstable (or the true solution can not be represented in the precision of Float64).
└ @ SciMLBase ~/.julia/packages/SciMLBase/u2Ue2/src/integrator_interface.jl:623
┌ Warning: At t=0.8525092459964697, dt was forced below floating point epsilon 1.1102230246251565e-16, and step error estimate = NaN. Aborting. There is either an error in your model specification or the true solution is unstable (or the true solution can not be represented in the precision of Float64).
└ @ SciMLBase ~/.julia/packages/SciMLBase/u2Ue2/src/integrator_interface.jl:623
┌ Warning: At t=1.449123935417444, dt was forced below floating point epsilon 2.220446049250313e-16, and step error estimate = NaN. Aborting. There is either an error in your model specification or the true solution is unstable (or the true solution can not be represented in the precision of Float64).
└ @ SciMLBase ~/.julia/packages/SciMLBase/u2Ue2/src/integrator_interface.jl:623
┌ Warning: At t=0.8820241633197398, dt was forced below floating point epsilon 1.1102230246251565e-16, and step error estimate = NaN. Aborting. There is either an error in your model specification or the true solution is unstable (or the true solution can not be represented in the precision of Float64).
└ @ SciMLBase ~/.julia/packages/SciMLBase/u2Ue2/src/integrator_interface.jl:623
┌ Warning: At t=3.5764199512954167, dt was forced below floating point epsilon 4.440892098500626e-16, and step error estimate = NaN. Aborting. There is either an error in your model specification or the true solution is unstable (or the true solution can not be represented in the precision of Float64).
└ @ SciMLBase ~/.julia/packages/SciMLBase/u2Ue2/src/integrator_interface.jl:623
┌ Warning: At t=0.7803878693342355, dt was forced below floating point epsilon 1.1102230246251565e-16, and step error estimate = 1.0017116725076523. Aborting. There is either an error in your model specification or the true solution is unstable (or the true solution can not be represented in the precision of Float64).
└ @ SciMLBase ~/.julia/packages/SciMLBase/u2Ue2/src/integrator_interface.jl:623
primes of bitsize 28
G-Q-Pt-FG-LT-LP(U)
G-Q-Pt-FG-LT-LP(C)
Dimension of the quotient :12
Degree of the radical :12
Use variable 26 as separating element
Separating form: [0, 0, 0, 0, 0, 0, 0, 0, 0, 0, 0, 0, 0, 0, 0, 0, 0, 0, 0, 0, 0, 0, 0, 0, 0, 1, 0]
Run Groebner learn
Maybe a problem with Groebner learn
Test cyclic optimization
Apply cyclic optimization 
Multi-modular computation (1 threads): G-Q-Pt-FG-LT-LP(C)
5-9-13-17-21-25-29-33-37-41-45-49-53-61-69-77-85-93-105-117-129-141-157-173-193-213-237-261-
check-G-Q-Pt-FG-LT-LP(C)
Nb Primes used :261
primes of bitsize 28
G-Q-Pt-FG-LT-LP(U)
G-Q-Pt-FG-LT-LP(C)
Dimension of the quotient :12
Degree of the radical :12
Use variable 26 as separating element
Separating form: [0, 0, 0, 0, 0, 0, 0, 0, 0, 0, 0, 0, 0, 0, 0, 0, 0, 0, 0, 0, 0, 0, 0, 0, 0, 1, 0]
Run Groebner learn
Maybe a problem with Groebner learn
Test cyclic optimization
Apply cyclic optimization 
Multi-modular computation (1 threads): G-Q-Pt-FG-LT-LP(C)
5-9-13-17-21-25-29-33-37-41-45-49-53-61-69-77-85-93-105-117-129-141-157-173-193-213-237-261-
check-G-Q-Pt-FG-LT-LP(C)
Nb Primes used :261
primes of bitsize 28
G-Q-Pt-FG-LT-LP(U)
G-Q-Pt-FG-LT-LP(C)
Dimension of the quotient :12
Degree of the radical :12
Use variable 26 as separating element
Separating form: [0, 0, 0, 0, 0, 0, 0, 0, 0, 0, 0, 0, 0, 0, 0, 0, 0, 0, 0, 0, 0, 0, 0, 0, 0, 1, 0]
Run Groebner learn
Maybe a problem with Groebner learn
Test cyclic optimization
Apply cyclic optimization 
Multi-modular computation (1 threads): G-Q-Pt-FG-LT-LP(C)
5-9-13-17-21-25-29-33-37-41-45-49-53-61-69-77-85-93-105-117-129-141-157-173-193-213-237-
check-G-Q-Pt-FG-LT-LP(C)
Nb Primes used :237
primes of bitsize 28
G-Q-Pt-FG-LT-LP(U)
G-Q-Pt-FG-LT-LP(C)
Dimension of the quotient :12
Degree of the radical :12
Use variable 26 as separating element
Separating form: [0, 0, 0, 0, 0, 0, 0, 0, 0, 0, 0, 0, 0, 0, 0, 0, 0, 0, 0, 0, 0, 0, 0, 0, 0, 1, 0]
Run Groebner learn
Maybe a problem with Groebner learn
Test cyclic optimization
Apply cyclic optimization 
Multi-modular computation (1 threads): G-Q-Pt-FG-LT-LP(C)
5-9-13-17-21-25-29-33-37-41-45-49-53-61-69-77-85-93-105-117-129-141-157-173-193-213-237-261-
check-G-Q-Pt-FG-LT-LP(C)
Nb Primes used :261
primes of bitsize 28
G-Q-Pt-FG-LT-LP(U)
G-Q-Pt-FG-LT-LP(C)
Dimension of the quotient :12
Degree of the radical :12
Use variable 26 as separating element
Separating form: [0, 0, 0, 0, 0, 0, 0, 0, 0, 0, 0, 0, 0, 0, 0, 0, 0, 0, 0, 0, 0, 0, 0, 0, 0, 1, 0]
Run Groebner learn
Maybe a problem with Groebner learn
Test cyclic optimization
Apply cyclic optimization 
Multi-modular computation (1 threads): G-Q-Pt-FG-LT-LP(C)
5-9-13-17-21-25-29-33-37-41-45-49-53-61-69-77-85-93-105-117-129-141-157-173-193-213-237-261-
check-G-Q-Pt-FG-LT-LP(C)
Nb Primes used :261
primes of bitsize 28
G-Q-Pt-FG-LT-LP(U)
G-Q-Pt-FG-LT-LP(C)
Dimension of the quotient :12
Degree of the radical :12
Use variable 26 as separating element
Separating form: [0, 0, 0, 0, 0, 0, 0, 0, 0, 0, 0, 0, 0, 0, 0, 0, 0, 0, 0, 0, 0, 0, 0, 0, 0, 1, 0]
Run Groebner learn
Maybe a problem with Groebner learn
Test cyclic optimization
Apply cyclic optimization 
Multi-modular computation (1 threads): G-Q-Pt-FG-LT-LP(C)
5-9-13-17-21-25-29-33-37-41-45-49-53-61-69-77-85-93-105-117-129-141-157-173-193-213-237-261-
check-G-Q-Pt-FG-LT-LP(C)
Nb Primes used :261
primes of bitsize 28
G-Q-Pt-FG-LT-LP(U)
G-Q-Pt-FG-LT-LP(C)
Dimension of the quotient :12
Degree of the radical :12
Use variable 26 as separating element
Separating form: [0, 0, 0, 0, 0, 0, 0, 0, 0, 0, 0, 0, 0, 0, 0, 0, 0, 0, 0, 0, 0, 0, 0, 0, 0, 1, 0]
Run Groebner learn
Maybe a problem with Groebner learn
Test cyclic optimization
Apply cyclic optimization 
Multi-modular computation (1 threads): G-Q-Pt-FG-LT-LP(C)
5-9-13-17-21-25-29-33-37-41-45-49-53-61-69-77-85-93-105-117-129-141-157-173-193-213-237-261-
check-G-Q-Pt-FG-LT-LP(C)
Nb Primes used :261
primes of bitsize 28
G-Q-Pt-FG-LT-LP(C)
Dimension of the quotient :16
Degree of the radical :16
Use last variable as separating element
Separating form: [0, 0, 0, 0, 0, 0, 0, 0, 0, 0, 0, 0, 0, 0, 0, 0, 0, 0, 0, 0, 0, 0, 0, 0, 0, 0, 0, 0, 0, 0, 0, 0, 0, 1]
Run Groebner learn
Test cyclic optimization
Apply cyclic optimization 
Multi-modular computation (1 threads): G-Q-Pt-FG-LT-LP(C)
5-9-13-17-21-25-29-33-37-41-45-49-53-61-69-77-85-93-105-117-129-141-157-173-193-213-237-261-289-317-349-385-425-
check-G-Q-Pt-FG-LT-LP(C)
Nb Primes used :425
primes of bitsize 28
G-Q-Pt-FG-LT-LP(C)
Dimension of the quotient :16
Degree of the radical :16
Use last variable as separating element
Separating form: [0, 0, 0, 0, 0, 0, 0, 0, 0, 0, 0, 0, 0, 0, 0, 0, 0, 0, 0, 0, 0, 0, 0, 0, 0, 0, 0, 0, 0, 0, 0, 0, 0, 1]
Run Groebner learn
Test cyclic optimization
Apply cyclic optimization 
Multi-modular computation (1 threads): G-Q-Pt-FG-LT-LP(C)
5-9-13-17-21-25-29-33-37-41-45-49-53-61-69-77-85-93-105-117-129-141-157-173-193-213-237-261-289-317-349-385-425-
check-G-Q-Pt-FG-LT-LP(C)
Nb Primes used :425
primes of bitsize 28
G-Q-Pt-FG-LT-LP(C)
Dimension of the quotient :16
Degree of the radical :16
Use last variable as separating element
Separating form: [0, 0, 0, 0, 0, 0, 0, 0, 0, 0, 0, 0, 0, 0, 0, 0, 0, 0, 0, 0, 0, 0, 0, 0, 0, 0, 0, 0, 0, 0, 0, 0, 0, 1]
Run Groebner learn
Test cyclic optimization
Apply cyclic optimization 
Multi-modular computation (1 threads): G-Q-Pt-FG-LT-LP(C)
5-9-13-17-21-25-29-33-37-41-45-49-53-61-69-77-85-93-105-117-129-141-157-173-193-213-237-261-289-317-349-385-425-
check-G-Q-Pt-FG-LT-LP(C)
Nb Primes used :425
primes of bitsize 28
G-Q-Pt-FG-LT-LP(C)
Dimension of the quotient :16
Degree of the radical :16
Use last variable as separating element
Separating form: [0, 0, 0, 0, 0, 0, 0, 0, 0, 0, 0, 0, 0, 0, 0, 0, 0, 0, 0, 0, 0, 0, 0, 0, 0, 0, 0, 0, 0, 0, 0, 0, 0, 1]
Run Groebner learn
Test cyclic optimization
Apply cyclic optimization 
Multi-modular computation (1 threads): G-Q-Pt-FG-LT-LP(C)
5-9-13-17-21-25-29-33-37-41-45-49-53-61-69-77-85-93-105-117-129-141-157-173-193-213-237-261-289-317-349-385-425-
check-G-Q-Pt-FG-LT-LP(C)
Nb Primes used :425
primes of bitsize 28
G-Q-Pt-FG-LT-LP(C)
Dimension of the quotient :16
Degree of the radical :16
Use last variable as separating element
Separating form: [0, 0, 0, 0, 0, 0, 0, 0, 0, 0, 0, 0, 0, 0, 0, 0, 0, 0, 0, 0, 0, 0, 0, 0, 0, 0, 0, 0, 0, 0, 0, 0, 0, 1]
Run Groebner learn
Test cyclic optimization
Apply cyclic optimization 
Multi-modular computation (1 threads): G-Q-Pt-FG-LT-LP(C)
5-9-13-17-21-25-29-33-37-41-45-49-53-61-69-77-85-93-105-117-129-141-157-173-193-213-237-261-289-317-349-385-425-469-
check-G-Q-Pt-FG-LT-LP(C)
Nb Primes used :469
primes of bitsize 28
G-Q-Pt-FG-LT-LP(C)
Dimension of the quotient :16
Degree of the radical :16
Use last variable as separating element
Separating form: [0, 0, 0, 0, 0, 0, 0, 0, 0, 0, 0, 0, 0, 0, 0, 0, 0, 0, 0, 0, 0, 0, 0, 0, 0, 0, 0, 0, 0, 0, 0, 0, 0, 1]
Run Groebner learn
Test cyclic optimization
Apply cyclic optimization 
Multi-modular computation (1 threads): G-Q-Pt-FG-LT-LP(C)
5-9-13-17-21-25-29-33-37-41-45-49-53-61-69-77-85-93-105-117-129-141-157-173-193-213-237-261-289-317-349-385-425-
check-G-Q-Pt-FG-LT-LP(C)
Nb Primes used :425
primes of bitsize 28
G-Q-Pt-FG-LT-LP(C)
Dimension of the quotient :16
Degree of the radical :16
Use last variable as separating element
Separating form: [0, 0, 0, 0, 0, 0, 0, 0, 0, 0, 0, 0, 0, 0, 0, 0, 0, 0, 0, 0, 0, 0, 0, 0, 0, 0, 0, 0, 0, 0, 0, 0, 0, 1]
Run Groebner learn
Test cyclic optimization
Apply cyclic optimization 
Multi-modular computation (1 threads): G-Q-Pt-FG-LT-LP(C)
5-9-13-17-21-25-29-33-37-41-45-49-53-61-69-77-85-93-105-117-129-141-157-173-193-213-237-261-289-317-349-385-425-
check-G-Q-Pt-FG-LT-LP(C)
Nb Primes used :425
primes of bitsize 28
G-Q-Pt-FG-LT-LP(C)
Dimension of the quotient :16
Degree of the radical :16
Use last variable as separating element
Separating form: [0, 0, 0, 0, 0, 0, 0, 0, 0, 0, 0, 0, 0, 0, 0, 0, 0, 0, 0, 0, 0, 0, 0, 0, 0, 0, 0, 0, 0, 0, 0, 0, 0, 1]
Run Groebner learn
Test cyclic optimization
Apply cyclic optimization 
Multi-modular computation (1 threads): G-Q-Pt-FG-LT-LP(C)
5-9-13-17-21-25-29-33-37-41-45-49-53-61-69-77-85-93-105-117-129-141-157-173-193-213-237-261-289-317-349-385-425-
check-G-Q-Pt-FG-LT-LP(C)
Nb Primes used :425
primes of bitsize 28
G-Q-┌ Warning: System is not zero-dimensional, adding a random linear equation.
└ @ ODEParameterEstimation ~/.julia/dev/ODEParameterEstimation/src/core/homotopy_continuation.jl:284
primes of bitsize 28
G-Q-┌ Warning: System is not zero-dimensional, adding a random linear equation.
└ @ ODEParameterEstimation ~/.julia/dev/ODEParameterEstimation/src/core/homotopy_continuation.jl:284
primes of bitsize 28
G-Q-Pt-FG-LT-LP(C)
Dimension of the quotient :27
Degree of the radical :27
Use last variable as separating element
Separating form: [0, 0, 0, 0, 0, 0, 0, 0, 0, 0, 0, 0, 0, 0, 0, 0, 0, 0, 1]
Run Groebner learn
Test cyclic optimization
Apply cyclic optimization 
Multi-modular computation (1 threads): G-Q-Pt-FG-LT-LP(C)
5-9-13-17-21-25-29-33-37-41-45-49-53-61-69-77-85-93-105-117-129-141-157-173-193-213-237-261-289-317-349-385-
check-G-Q-Pt-FG-LT-LP(C)
Nb Primes used :385
┌ Warning: At t=4.999555843473789, dt was forced below floating point epsilon -8.180303099073423e-16, and step error estimate = 4521.571264311084. Aborting. There is either an error in your model specification or the true solution is unstable (or the true solution can not be represented in the precision of Float64).
└ @ SciMLBase ~/.julia/packages/SciMLBase/u2Ue2/src/integrator_interface.jl:623
┌ Warning: At t=3.7360273012911227, dt was forced below floating point epsilon -1.0773907245141361e-16, and step error estimate = NaN. Aborting. There is either an error in your model specification or the true solution is unstable (or the true solution can not be represented in the precision of Float64).
└ @ SciMLBase ~/.julia/packages/SciMLBase/u2Ue2/src/integrator_interface.jl:623
┌ Warning: At t=2.7467860718989505, dt was forced below floating point epsilon -3.42824491124248e-16, and step error estimate = NaN. Aborting. There is either an error in your model specification or the true solution is unstable (or the true solution can not be represented in the precision of Float64).
└ @ SciMLBase ~/.julia/packages/SciMLBase/u2Ue2/src/integrator_interface.jl:623
┌ Warning: At t=4.6452439292158205, dt was forced below floating point epsilon -7.99071759183121e-16, and step error estimate = 1.0020667887955645. Aborting. There is either an error in your model specification or the true solution is unstable (or the true solution can not be represented in the precision of Float64).
└ @ SciMLBase ~/.julia/packages/SciMLBase/u2Ue2/src/integrator_interface.jl:623
┌ Warning: At t=4.422344648982793, dt was forced below floating point epsilon 8.881784197001252e-16, and step error estimate = 1.0001796404120162. Aborting. There is either an error in your model specification or the true solution is unstable (or the true solution can not be represented in the precision of Float64).
└ @ SciMLBase ~/.julia/packages/SciMLBase/u2Ue2/src/integrator_interface.jl:623
┌ Warning: At t=1.4713578754214818, dt was forced below floating point epsilon 2.220446049250313e-16, and step error estimate = 13571.286861433038. Aborting. There is either an error in your model specification or the true solution is unstable (or the true solution can not be represented in the precision of Float64).
└ @ SciMLBase ~/.julia/packages/SciMLBase/u2Ue2/src/integrator_interface.jl:623
┌ Warning: At t=0.0, dt was forced below floating point epsilon 5.0e-324, and step error estimate = NaN. Aborting. There is either an error in your model specification or the true solution is unstable (or the true solution can not be represented in the precision of Float64).
└ @ SciMLBase ~/.julia/packages/SciMLBase/u2Ue2/src/integrator_interface.jl:623
┌ Warning: At t=0.0, dt was forced below floating point epsilon 5.0e-324, and step error estimate = NaN. Aborting. There is either an error in your model specification or the true solution is unstable (or the true solution can not be represented in the precision of Float64).
└ @ SciMLBase ~/.julia/packages/SciMLBase/u2Ue2/src/integrator_interface.jl:623

Unidentifiability Analysis from multipoint_parameter_estimation:
All unidentifiable variables: Set(Any[a, S(t), d, In(t), g, b])
Unidentifiable variables substitution dictionary: Dict{Any, Any}(a => 0.07986266823085242)
Trivially solvable variables: Dict{Any, Any}()

=== Model: treatment ===

All structurally unidentifiable parameters:
--------------------------------------------------
These parameters cannot be uniquely determined from the data:
  • a
  • S(t)
  • d
  • g
  • b
  • In(t)


Minimal set of fixed values to make remaining parameters identifiable:
--------------------------------------------------
These parameters were fixed to make the system identifiable:
  • a = 0.425097


Found 104 distinct solution clusters:

Cluster 1: 1 similar solutions
Best solution (Error: 0.473054):
--------------------------------------------------
Variable     | True Value  | Estimated   | Rel. Error
-----------------------------------------------------
In(t)        |  50.000000 |  78.770975 |   0.575420
N(t)         | 1000.000000 | 1000.000000 |   0.000000
S(t)         | 950.000000 |  -5.530043 |   1.005821
Tr(t)        |   0.000000 |   0.000433 |   0.000433
a            |   0.100000 |   0.331947 |   2.319473
b            |   0.800000 | -21.589384 |  27.986730
d            |   2.000000 |  -0.784223 |   1.392112
g            |   0.300000 |   0.190378 |   0.365406
nu           |   0.100000 |  -0.664493 |   7.644928


Cluster 2: 1 similar solutions
Best solution (Error: 0.473054):
--------------------------------------------------
Variable     | True Value  | Estimated   | Rel. Error
-----------------------------------------------------
In(t)        |  50.000000 | -15.050375 |   1.301007
N(t)         | 1000.000000 | 1000.000000 |   0.000000
S(t)         | 950.000000 |   1.056561 |   0.998888
Tr(t)        |   0.000000 |   0.000433 |   0.000433
a            |   0.100000 |   0.331947 |   2.319473
b            |   0.800000 | 112.998851 | 140.248564
d            |   2.000000 |   1.340891 |   0.329555
g            |   0.300000 |  -0.996440 |   4.321467
nu           |   0.100000 |   0.522326 |   4.223255


Cluster 3: 1 similar solutions
Best solution (Error: 0.421764):
--------------------------------------------------
Variable     | True Value  | Estimated   | Rel. Error
-----------------------------------------------------
In(t)        |  50.000000 |  -0.019653 |   1.000393
N(t)         | 1000.000000 | 999.999987 |   0.000000
S(t)         | 950.000000 | -1606.952263 |   2.691529
Tr(t)        |   0.000000 |   0.660019 |   0.660019
a            |   0.100000 |   0.859728 |   7.597278
b            |   0.800000 | 377.664622 | 471.080777
d            |   2.000000 |   0.000010 |   0.999995
g            |   0.300000 | -607.996835 | 2027.656116
nu           |   0.100000 |  -0.490016 |   5.900164


Cluster 4: 1 similar solutions
Best solution (Error: 0.403557):
--------------------------------------------------
Variable     | True Value  | Estimated   | Rel. Error
-----------------------------------------------------
In(t)        |  50.000000 | 1160.036347 |  22.200727
N(t)         | 1000.000000 | 1000.000000 |   0.000000
S(t)         | 950.000000 | -530.897731 |   1.558840
Tr(t)        |   0.000000 |  -0.050452 |   0.050452
a            |   0.100000 |   0.859728 |   7.597278
b            |   0.800000 |  -0.765723 |   1.957154
d            |   2.000000 |  -7.910602 |   4.955301
g            |   0.300000 |   0.013157 |   0.956142
nu           |   0.100000 |  -0.668453 |   7.684535


Cluster 5: 1 similar solutions
Best solution (Error: 0.344672):
--------------------------------------------------
Variable     | True Value  | Estimated   | Rel. Error
-----------------------------------------------------
In(t)        |  50.000000 | -14.110125 |   1.282202
N(t)         | 1000.000000 | 1000.000000 |   0.000000
S(t)         | 950.000000 |   6.996020 |   0.992636
Tr(t)        |   0.000000 |  -0.125758 |   0.125758
a            |   0.100000 |   0.425097 |   3.250974
b            |   0.800000 |  64.747284 |  79.934106
d            |   2.000000 |   1.582728 |   0.208636
g            |   0.300000 |  -1.087325 |   4.624416
nu           |   0.100000 |   0.951257 |   8.512565


Cluster 6: 1 similar solutions
Best solution (Error: 0.344672):
--------------------------------------------------
Variable     | True Value  | Estimated   | Rel. Error
-----------------------------------------------------
In(t)        |  50.000000 |  29.544666 |   0.409107
N(t)         | 1000.000000 | 1000.000000 |   0.000000
S(t)         | 950.000000 | -14.457499 |   1.015218
Tr(t)        |   0.000000 |  -0.125758 |   0.125758
a            |   0.100000 |   0.425097 |   3.250974
b            |   0.800000 | -31.331372 |  40.164215
d            |   2.000000 |  -0.204226 |   1.102113
g            |   0.300000 |   0.526159 |   0.753864
nu           |   0.100000 |  -0.662227 |   7.622273


Cluster 7: 1 similar solutions
Best solution (Error: 0.344332):
--------------------------------------------------
Variable     | True Value  | Estimated   | Rel. Error
-----------------------------------------------------
In(t)        |  50.000000 |  61.169909 |   0.223398
N(t)         | 1000.000000 | 1000.000000 |   0.000000
S(t)         | 950.000000 | -30.218224 |   1.031809
Tr(t)        |   0.000000 |  -0.126438 |   0.126438
a            |   0.100000 |   0.700528 |   6.005279
b            |   0.800000 | -15.082946 |  19.853683
d            |   2.000000 |  -0.421853 |   1.210926
g            |   0.300000 |   0.254182 |   0.152728
nu           |   0.100000 |  -0.662318 |   7.623181


Cluster 8: 1 similar solutions
Best solution (Error: 0.344332):
--------------------------------------------------
Variable     | True Value  | Estimated   | Rel. Error
-----------------------------------------------------
In(t)        |  50.000000 | -11.258657 |   1.225173
N(t)         | 1000.000000 | 1000.000000 |   0.000000
S(t)         | 950.000000 |   5.635940 |   0.994067
Tr(t)        |   0.000000 |  -0.126438 |   0.126438
a            |   0.100000 |   0.700528 |   6.005279
b            |   0.800000 |  80.870244 | 100.087805
d            |   2.000000 |   1.265187 |   0.367407
g            |   0.300000 |  -1.362846 |   5.542820
nu           |   0.100000 |   0.954710 |   8.547095


Cluster 9: 1 similar solutions
Best solution (Error: 0.304985):
--------------------------------------------------
Variable     | True Value  | Estimated   | Rel. Error
-----------------------------------------------------
In(t)        |  50.000000 | -21.415882 |   1.428318
N(t)         | 1000.000000 | 1000.000000 |   0.000000
S(t)         | 950.000000 |   2.954869 |   0.996890
Tr(t)        |   0.000000 |  -0.000478 |   0.000478
a            |   0.100000 |   0.079863 |   0.201373
b            |   0.800000 |  65.629569 |  81.036961
d            |   2.000000 |   1.879956 |   0.060022
g            |   0.300000 |  -0.700595 |   3.335317
nu           |   0.100000 |   0.556536 |   4.565361


Cluster 10: 1 similar solutions
Best solution (Error: 0.304985):
--------------------------------------------------
Variable     | True Value  | Estimated   | Rel. Error
-----------------------------------------------------
In(t)        |  50.000000 |  31.477370 |   0.370453
N(t)         | 1000.000000 | 1000.000000 |   0.000000
S(t)         | 950.000000 |  -4.342946 |   1.004572
Tr(t)        |   0.000000 |  -0.000478 |   0.000478
a            |   0.100000 |   0.079863 |   0.201373
b            |   0.800000 | -44.653281 |  56.816601
d            |   2.000000 |  -0.293324 |   1.146662
g            |   0.300000 |   0.476673 |   0.588911
nu           |   0.100000 |  -0.620732 |   7.207325


Cluster 11: 1 similar solutions
Best solution (Error: 0.234801):
--------------------------------------------------
Variable     | True Value  | Estimated   | Rel. Error
-----------------------------------------------------
In(t)        |  50.000000 | -29.573344 |   1.591467
N(t)         | 1000.000000 | 1000.000000 |   0.000000
S(t)         | 950.000000 |   4.684772 |   0.995069
Tr(t)        |   0.000000 |   0.000047 |   0.000047
a            |   0.100000 |   0.003227 |   0.967730
b            |   0.800000 |  53.494503 |  65.868129
d            |   2.000000 |   2.448752 |   0.224376
g            |   0.300000 |  -0.507195 |   2.690650
nu           |   0.100000 |   0.494174 |   3.941741


Cluster 12: 1 similar solutions
Best solution (Error: 0.234801):
--------------------------------------------------
Variable     | True Value  | Estimated   | Rel. Error
-----------------------------------------------------
In(t)        |  50.000000 |  30.551978 |   0.388960
N(t)         | 1000.000000 | 1000.000000 |   0.000000
S(t)         | 950.000000 |  -4.839815 |   1.005095
Tr(t)        |   0.000000 |   0.000047 |   0.000047
a            |   0.100000 |   0.003227 |   0.967730
b            |   0.800000 | -51.780819 |  65.726024
d            |   2.000000 |  -0.496699 |   1.248349
g            |   0.300000 |   0.490947 |   0.636490
nu           |   0.100000 |  -0.503968 |   6.039679


Cluster 13: 1 similar solutions
Best solution (Error: 0.160203):
--------------------------------------------------
Variable     | True Value  | Estimated   | Rel. Error
-----------------------------------------------------
In(t)        |  50.000000 | -23.484961 |   1.469699
N(t)         | 1000.000000 | 1000.000000 |   0.000000
S(t)         | 950.000000 |   0.154421 |   0.999837
Tr(t)        |   0.000000 |   0.011174 |   0.011174
a            |   0.100000 |   0.079863 |   0.201373
b            |   0.800000 | 197.920684 | 246.400855
d            |   2.000000 |   2.013205 |   0.006603
g            |   0.300000 |  -0.634855 |   3.116183
nu           |   0.100000 |   0.283857 |   1.838569


Cluster 14: 1 similar solutions
Best solution (Error: 0.160203):
--------------------------------------------------
Variable     | True Value  | Estimated   | Rel. Error
-----------------------------------------------------
In(t)        |  50.000000 |  73.042121 |   0.460842
N(t)         | 1000.000000 | 1000.000000 |   0.000000
S(t)         | 950.000000 |  -0.480578 |   1.000506
Tr(t)        |   0.000000 |   0.011174 |   0.011174
a            |   0.100000 |   0.079863 |   0.201373
b            |   0.800000 | -63.596694 |  80.495867
d            |   2.000000 |  -2.153219 |   2.076610
g            |   0.300000 |   0.203994 |   0.320019
nu           |   0.100000 |  -0.554992 |   6.549922


Cluster 15: 1 similar solutions
Best solution (Error: 0.149011):
--------------------------------------------------
Variable     | True Value  | Estimated   | Rel. Error
-----------------------------------------------------
In(t)        |  50.000000 |  -9.682367 |   1.193647
N(t)         | 1000.000000 | 1000.000000 |   0.000000
S(t)         | 950.000000 |  58.672381 |   0.938240
Tr(t)        |   0.000000 |  -0.095189 |   0.095189
a            |   0.100000 |   0.933144 |   8.331443
b            |   0.800000 |  33.112864 |  40.391080
d            |   2.000000 |   1.994931 |   0.002534
g            |   0.300000 |  -1.571671 |   6.238904
nu           |   0.100000 |   2.440898 |  23.408976


Cluster 16: 1 similar solutions
Best solution (Error: 0.149011):
--------------------------------------------------
Variable     | True Value  | Estimated   | Rel. Error
-----------------------------------------------------
In(t)        |  50.000000 |  10.287242 |   0.794255
N(t)         | 1000.000000 | 1000.000000 |   0.000000
S(t)         | 950.000000 | -61.159664 |   1.064379
Tr(t)        |   0.000000 |  -0.095189 |   0.095189
a            |   0.100000 |   0.933144 |   8.331443
b            |   0.800000 | -31.766207 |  40.707759
d            |   2.000000 |  -0.037109 |   1.018555
g            |   0.300000 |   1.507753 |   4.025844
nu           |   0.100000 |  -0.638527 |   7.385269


Cluster 17: 1 similar solutions
Best solution (Error: 0.044228):
--------------------------------------------------
Variable     | True Value  | Estimated   | Rel. Error
-----------------------------------------------------
In(t)        |  50.000000 |  -1.072194 |   1.021444
N(t)         | 1000.000000 | 1000.000000 |   0.000000
S(t)         | 950.000000 | 549.640878 |   0.421431
Tr(t)        |   0.000000 |   8.860710 |   8.860710
a            |   0.100000 |   0.871462 |   7.714618
b            |   0.800000 |  -3.559537 |   5.449421
d            |   2.000000 |  -0.275378 |   1.137689
g            |   0.300000 |  -8.181576 |  28.271921
nu           |   0.100000 |   0.058023 |   0.419771


Cluster 18: 1 similar solutions
Best solution (Error: 0.044228):
--------------------------------------------------
Variable     | True Value  | Estimated   | Rel. Error
-----------------------------------------------------
In(t)        |  50.000000 |  69.476263 |   0.389525
N(t)         | 1000.000000 | 1000.000000 |   0.000000
S(t)         | 950.000000 | 5528.293337 |   4.819256
Tr(t)        |   0.000000 |   8.860710 |   8.860710
a            |   0.100000 |   0.871462 |   7.714618
b            |   0.800000 |  -0.353901 |   1.442376
d            |   2.000000 | -11.827760 |   6.913880
g            |   0.300000 |  -0.813439 |   3.711463
nu           |   0.100000 |  -7.310115 |  74.101145


Cluster 19: 1 similar solutions
Best solution (Error: 0.04145):
--------------------------------------------------
Variable     | True Value  | Estimated   | Rel. Error
-----------------------------------------------------
In(t)        |  50.000000 | 374.702094 |   6.494042
N(t)         | 1000.000000 | 1000.000000 |   0.000000
S(t)         | 950.000000 | 30622.858002 |  31.234587
Tr(t)        |   0.000000 |   8.522386 |   8.522386
a            |   0.100000 |   0.097483 |   0.025168
b            |   0.800000 |  -0.015515 |   1.019393
d            |   2.000000 | -136.531889 |  69.265945
g            |   0.300000 |  -0.071079 |   1.236931
nu           |   0.100000 |  -4.086047 |  41.860469


Cluster 20: 1 similar solutions
Best solution (Error: 0.04145):
--------------------------------------------------
Variable     | True Value  | Estimated   | Rel. Error
-----------------------------------------------------
In(t)        |  50.000000 |  -2.011299 |   1.040226
N(t)         | 1000.000000 | 1000.000000 |   0.000000
S(t)         | 950.000000 | 520.290524 |   0.452326
Tr(t)        |   0.000000 |   8.522382 |   8.522382
a            |   0.100000 |   0.097483 |   0.025168
b            |   0.800000 |  -0.913156 |   2.141445
d            |   2.000000 |  -1.336703 |   1.668352
g            |   0.300000 |  -4.183530 |  14.945100
nu           |   0.100000 |   0.026404 |   0.735961


Cluster 21: 1 similar solutions
Best solution (Error: 0.038453):
--------------------------------------------------
Variable     | True Value  | Estimated   | Rel. Error
-----------------------------------------------------
In(t)        |  50.000000 |  17.847161 |   0.643057
N(t)         | 1000.000000 | 1000.000000 |   0.000000
S(t)         | 950.000000 | 1625.105572 |   0.710637
Tr(t)        |   0.000000 |   8.120230 |   8.120230
a            |   0.100000 |   0.685058 |   5.850576
b            |   0.800000 |   0.102563 |   0.871797
d            |   2.000000 |  11.389879 |   4.694940
g            |   0.300000 |  -0.700244 |   3.334146
nu           |   0.100000 |  -2.543154 |  26.431542


Cluster 22: 1 similar solutions
Best solution (Error: 0.038453):
--------------------------------------------------
Variable     | True Value  | Estimated   | Rel. Error
-----------------------------------------------------
In(t)        |  50.000000 |  -2.487544 |   1.049751
N(t)         | 1000.000000 | 1000.000000 |   0.000000
S(t)         | 950.000000 | 352.507832 |   0.628939
Tr(t)        |   0.000000 |   8.120230 |   8.120230
a            |   0.100000 |   0.685058 |   5.850576
b            |   0.800000 |   0.472826 |   0.408967
d            |   2.000000 |   3.253708 |   0.626854
g            |   0.300000 |  -3.228212 |  11.760706
nu           |   0.100000 |  -0.015186 |   1.151861


Cluster 23: 1 similar solutions
Best solution (Error: 0.038103):
--------------------------------------------------
Variable     | True Value  | Estimated   | Rel. Error
-----------------------------------------------------
In(t)        |  50.000000 |  13.357766 |   0.732845
N(t)         | 1000.000000 | 1000.000000 |   0.000000
S(t)         | 950.000000 | 1245.246450 |   0.310786
Tr(t)        |   0.000000 |   8.071378 |   8.071378
a            |   0.100000 |   0.841711 |   7.417107
b            |   0.800000 |   0.165488 |   0.793140
d            |   2.000000 |   6.683552 |   2.341776
g            |   0.300000 |  -0.860869 |   3.869563
nu           |   0.100000 |  -2.434660 |  25.346601


Cluster 24: 1 similar solutions
Best solution (Error: 0.038103):
--------------------------------------------------
Variable     | True Value  | Estimated   | Rel. Error
-----------------------------------------------------
In(t)        |  50.000000 |  -2.440853 |   1.048817
N(t)         | 1000.000000 | 1000.000000 |   0.000000
S(t)         | 950.000000 | 327.189501 |   0.655590
Tr(t)        |   0.000000 |   8.071378 |   8.071378
a            |   0.100000 |   0.841711 |   7.417107
b            |   0.800000 |   0.629830 |   0.212713
d            |   2.000000 |   2.493358 |   0.246679
g            |   0.300000 |  -3.276371 |  11.921236
nu           |   0.100000 |  -0.019158 |   1.191583


Cluster 25: 1 similar solutions
Best solution (Error: 0.034943):
--------------------------------------------------
Variable     | True Value  | Estimated   | Rel. Error
-----------------------------------------------------
In(t)        |  50.000000 |  26.500638 |   0.469987
N(t)         | 1000.000000 | 1000.000000 |   0.000000
S(t)         | 950.000000 | 3386.395130 |   2.564626
Tr(t)        |   0.000000 |   7.623520 |   7.623520
a            |   0.100000 |   0.174736 |   0.747361
b            |   0.800000 |   0.117305 |   0.853369
d            |   2.000000 |   6.800667 |   2.400333
g            |   0.300000 |  -0.216613 |   1.722043
nu           |   0.100000 |  -1.821241 |  19.212415


Cluster 26: 1 similar solutions
Best solution (Error: 0.034943):
--------------------------------------------------
Variable     | True Value  | Estimated   | Rel. Error
-----------------------------------------------------
In(t)        |  50.000000 |  -3.920206 |   1.078404
N(t)         | 1000.000000 | 1000.000000 |   0.000000
S(t)         | 950.000000 | 367.507468 |   0.613150
Tr(t)        |   0.000000 |   7.623519 |   7.623519
a            |   0.100000 |   0.174736 |   0.747361
b            |   0.800000 |   1.080905 |   0.351131
d            |   2.000000 |   1.629516 |   0.185242
g            |   0.300000 |  -1.995978 |   7.653258
nu           |   0.100000 |  -0.041877 |   1.418768


Cluster 27: 1 similar solutions
Best solution (Error: 0.029366):
--------------------------------------------------
Variable     | True Value  | Estimated   | Rel. Error
-----------------------------------------------------
In(t)        |  50.000000 |  56.946183 |   0.138924
N(t)         | 1000.000000 | 1000.000000 |   0.000000
S(t)         | 950.000000 | 4681.646771 |   3.928049
Tr(t)        |   0.000000 |   6.343673 |   6.343673
a            |   0.100000 |   0.827848 |   7.278483
b            |   0.800000 |   0.409259 |   0.488426
d            |   2.000000 |  -0.304495 |   1.152248
g            |   0.300000 |   0.163588 |   0.454706
nu           |   0.100000 |   0.020533 |   0.794673


Cluster 28: 1 similar solutions
Best solution (Error: 0.029366):
--------------------------------------------------
Variable     | True Value  | Estimated   | Rel. Error
-----------------------------------------------------
In(t)        |  50.000000 | -19.168250 |   1.383365
N(t)         | 1000.000000 | 1000.000000 |   0.000000
S(t)         | 950.000000 | -948.653418 |   1.998583
Tr(t)        |   0.000000 |   6.343673 |   6.343673
a            |   0.100000 |   0.827848 |   7.278483
b            |   0.800000 |  -2.019713 |   3.524642
d            |   2.000000 |   1.264333 |   0.367833
g            |   0.300000 |  -0.807316 |   3.691052
nu           |   0.100000 |   0.991437 |   8.914367


Cluster 29: 1 similar solutions
Best solution (Error: 0.027682):
--------------------------------------------------
Variable     | True Value  | Estimated   | Rel. Error
-----------------------------------------------------
In(t)        |  50.000000 | -10.704013 |   1.214080
N(t)         | 1000.000000 | 1000.000000 |   0.000000
S(t)         | 950.000000 | 362.092815 |   0.618850
Tr(t)        |   0.000000 |   6.417414 |   6.417414
a            |   0.100000 |   0.017465 |   0.825346
b            |   0.800000 |   1.558420 |   0.948026
d            |   2.000000 |   0.901947 |   0.549026
g            |   0.300000 |  -0.360664 |   2.202215
nu           |   0.100000 |  -0.709417 |   8.094168


Cluster 30: 1 similar solutions
Best solution (Error: 0.027682):
--------------------------------------------------
Variable     | True Value  | Estimated   | Rel. Error
-----------------------------------------------------
In(t)        |  50.000000 |  -8.544339 |   1.170887
N(t)         | 1000.000000 | 1000.000000 |   0.000000
S(t)         | 950.000000 | 179.663222 |   0.810881
Tr(t)        |   0.000000 |   6.417414 |   6.417414
a            |   0.100000 |   0.017465 |   0.825346
b            |   0.800000 |   3.140837 |   2.926046
d            |   2.000000 |   0.951348 |   0.524326
g            |   0.300000 |  -0.726882 |   3.422941
nu           |   0.100000 |  -0.343199 |   4.431990


Cluster 31: 1 similar solutions
Best solution (Error: 0.027641):
--------------------------------------------------
Variable     | True Value  | Estimated   | Rel. Error
-----------------------------------------------------
In(t)        |  50.000000 |  -4.638408 |   1.092768
N(t)         | 1000.000000 | 1000.000000 |   0.000000
S(t)         | 950.000000 | 154.933978 |   0.836912
Tr(t)        |   0.000000 |   6.410396 |   6.410396
a            |   0.100000 |   0.493477 |   3.934774
b            |   0.800000 |   3.640140 |   3.550175
d            |   2.000000 |   0.389294 |   0.805353
g            |   0.300000 |  -0.838314 |   3.794379
nu           |   0.100000 |  -0.706139 |   8.061389


Cluster 32: 1 similar solutions
Best solution (Error: 0.027641):
--------------------------------------------------
Variable     | True Value  | Estimated   | Rel. Error
-----------------------------------------------------
In(t)        |  50.000000 |  -5.172099 |   1.103442
N(t)         | 1000.000000 | 1000.000000 |   0.000000
S(t)         | 950.000000 | 108.270671 |   0.886031
Tr(t)        |   0.000000 |   6.410396 |   6.410396
a            |   0.100000 |   0.493477 |   3.934774
b            |   0.800000 |   5.208995 |   5.511244
d            |   2.000000 |   0.573228 |   0.713386
g            |   0.300000 |  -1.199616 |   4.998721
nu           |   0.100000 |  -0.344836 |   4.448362


Cluster 33: 1 similar solutions
Best solution (Error: 0.027174):
--------------------------------------------------
Variable     | True Value  | Estimated   | Rel. Error
-----------------------------------------------------
In(t)        |  50.000000 | -27.319437 |   1.546389
N(t)         | 1000.000000 | 1000.000000 |   0.000000
S(t)         | 950.000000 | -2148.972372 |   3.262076
Tr(t)        |   0.000000 |   6.085455 |   6.085455
a            |   0.100000 |   0.685058 |   5.850576
b            |   0.800000 |  -1.320015 |   2.650018
d            |   2.000000 |   2.662579 |   0.331290
g            |   0.300000 |  -0.753314 |   3.511047
nu           |   0.100000 |   1.893832 |  17.938322


Cluster 34: 1 similar solutions
Best solution (Error: 0.027174):
--------------------------------------------------
Variable     | True Value  | Estimated   | Rel. Error
-----------------------------------------------------
In(t)        |  50.000000 |   7.147667 |   0.857047
N(t)         | 1000.000000 | 1000.000000 |   0.000000
S(t)         | 950.000000 | 1339.250109 |   0.409737
Tr(t)        |   0.000000 |   6.085455 |   6.085455
a            |   0.100000 |   0.685058 |   5.850576
b            |   0.800000 |   2.118107 |   1.647634
d            |   2.000000 |  -0.036127 |   1.018064
g            |   0.300000 |   1.208775 |   3.029249
nu           |   0.100000 |  -0.068257 |   1.682566


Cluster 35: 1 similar solutions
Best solution (Error: 0.026775):
--------------------------------------------------
Variable     | True Value  | Estimated   | Rel. Error
-----------------------------------------------------
In(t)        |  50.000000 |   7.358413 |   0.852832
N(t)         | 1000.000000 | 1000.000000 |   0.000000
S(t)         | 950.000000 | 1503.684363 |   0.582826
Tr(t)        |   0.000000 |   6.023213 |   6.023213
a            |   0.100000 |   0.841711 |   7.417107
b            |   0.800000 |   1.964182 |   1.455227
d            |   2.000000 |  -0.035410 |   1.017705
g            |   0.300000 |   1.172276 |   2.907587
nu           |   0.100000 |  -0.072947 |   1.729467


Cluster 36: 1 similar solutions
Best solution (Error: 0.026775):
--------------------------------------------------
Variable     | True Value  | Estimated   | Rel. Error
-----------------------------------------------------
In(t)        |  50.000000 | -23.173855 |   1.463477
N(t)         | 1000.000000 | 1000.000000 |   0.000000
S(t)         | 950.000000 | -1927.206023 |   3.028638
Tr(t)        |   0.000000 |   6.023213 |   6.023213
a            |   0.100000 |   0.841711 |   7.417107
b            |   0.800000 |  -1.532534 |   2.915668
d            |   2.000000 |   2.327039 |   0.163519
g            |   0.300000 |  -0.914657 |   4.048858
nu           |   0.100000 |   2.013987 |  19.139868


Cluster 37: 1 similar solutions
Best solution (Error: 0.026127):
--------------------------------------------------
Variable     | True Value  | Estimated   | Rel. Error
-----------------------------------------------------
In(t)        |  50.000000 |  -6.087610 |   1.121752
N(t)         | 1000.000000 | 1000.000000 |   0.000000
S(t)         | 950.000000 | 376.766934 |   0.603403
Tr(t)        |   0.000000 |   6.175586 |   6.175586
a            |   0.100000 |   0.383195 |   2.831948
b            |   0.800000 |   1.600252 |   1.000315
d            |   2.000000 |   0.527429 |   0.736285
g            |   0.300000 |  -0.566732 |   2.889108
nu           |   0.100000 |  -0.805250 |   9.052500


Cluster 38: 1 similar solutions
Best solution (Error: 0.026127):
--------------------------------------------------
Variable     | True Value  | Estimated   | Rel. Error
-----------------------------------------------------
In(t)        |  50.000000 |  -6.133633 |   1.122673
N(t)         | 1000.000000 | 1000.000000 |   0.000000
S(t)         | 950.000000 | 179.668436 |   0.810875
Tr(t)        |   0.000000 |   6.175586 |   6.175586
a            |   0.100000 |   0.383195 |   2.831948
b            |   0.800000 |   3.355748 |   3.194685
d            |   2.000000 |   0.774646 |   0.612677
g            |   0.300000 |  -1.188445 |   4.961483
nu           |   0.100000 |  -0.183538 |   2.835376


Cluster 39: 1 similar solutions
Best solution (Error: 0.025675):
--------------------------------------------------
Variable     | True Value  | Estimated   | Rel. Error
-----------------------------------------------------
In(t)        |  50.000000 | -127.520625 |   3.550412
N(t)         | 1000.000000 | 1000.000000 |   0.000000
S(t)         | 950.000000 | -13529.435168 |  15.241511
Tr(t)        |   0.000000 |   5.860240 |   5.860240
a            |   0.100000 |   0.097483 |   0.025168
b            |   0.800000 |  -0.264179 |   1.330223
d            |   2.000000 |  14.391745 |   6.195873
g            |   0.300000 |  -0.192570 |   1.641901
nu           |   0.100000 |   2.642419 |  25.424190


Cluster 40: 1 similar solutions
Best solution (Error: 0.025674):
--------------------------------------------------
Variable     | True Value  | Estimated   | Rel. Error
-----------------------------------------------------
In(t)        |  50.000000 |   3.345565 |   0.933089
N(t)         | 1000.000000 | 1000.000000 |   0.000000
S(t)         | 950.000000 | 1023.746100 |   0.077627
Tr(t)        |   0.000000 |   5.860227 |   5.860227
a            |   0.100000 |   0.097483 |   0.025168
b            |   0.800000 |   3.491285 |   3.364107
d            |   2.000000 |  -0.013327 |   1.006664
g            |   0.300000 |   2.544936 |   7.483119
nu           |   0.100000 |  -0.095087 |   1.950872


Cluster 41: 1 similar solutions
Best solution (Error: 0.02508):
--------------------------------------------------
Variable     | True Value  | Estimated   | Rel. Error
-----------------------------------------------------
In(t)        |  50.000000 | -103.453874 |   3.069077
N(t)         | 1000.000000 | 1000.000000 |   0.000000
S(t)         | 950.000000 | -14729.670560 |  16.504916
Tr(t)        |   0.000000 |   5.771311 |   5.771311
a            |   0.100000 |   0.174736 |   0.747361
b            |   0.800000 |  -0.309636 |   1.387045
d            |   2.000000 |  13.004883 |   5.502442
g            |   0.300000 |  -0.290545 |   1.968483
nu           |   0.100000 |   3.636506 |  35.365063


Cluster 42: 1 similar solutions
Best solution (Error: 0.02508):
--------------------------------------------------
Variable     | True Value  | Estimated   | Rel. Error
-----------------------------------------------------
In(t)        |  50.000000 |   2.427146 |   0.951457
N(t)         | 1000.000000 | 1000.000000 |   0.000000
S(t)         | 950.000000 | 1236.255250 |   0.301321
Tr(t)        |   0.000000 |   5.771310 |   5.771310
a            |   0.100000 |   0.174736 |   0.747361
b            |   0.800000 |   3.689240 |   3.611550
d            |   2.000000 |  -0.007565 |   1.003782
g            |   0.300000 |   3.461770 |  10.539234
nu           |   0.100000 |  -0.115809 |   2.158089


Cluster 43: 1 similar solutions
Best solution (Error: 0.024155):
--------------------------------------------------
Variable     | True Value  | Estimated   | Rel. Error
-----------------------------------------------------
In(t)        |  50.000000 |  -2.845820 |   1.056916
N(t)         | 1000.000000 | 1000.000000 |   0.000000
S(t)         | 950.000000 | -228.004001 |   1.240004
Tr(t)        |   0.000000 |   5.694578 |   5.694578
a            |   0.100000 |   0.017465 |   0.825346
b            |   0.800000 |   6.999832 |   7.749790
d            |   2.000000 |  -0.026458 |   1.013229
g            |   0.300000 |  -2.467416 |   9.224721
nu           |   0.100000 |  -0.328329 |   4.283292


Cluster 44: 1 similar solutions
Best solution (Error: 0.024155):
--------------------------------------------------
Variable     | True Value  | Estimated   | Rel. Error
-----------------------------------------------------
In(t)        |  50.000000 |  14.632725 |   0.707346
N(t)         | 1000.000000 | 1000.000000 |   0.000000
S(t)         | 950.000000 | -1626.921698 |   2.712549
Tr(t)        |   0.000000 |   5.694578 |   5.694578
a            |   0.100000 |   0.017465 |   0.825346
b            |   0.800000 |   0.980987 |   0.226234
d            |   2.000000 |  -6.324286 |   4.162143
g            |   0.300000 |  -0.345795 |   2.152649
nu           |   0.100000 |  -2.449951 |  25.499508


Cluster 45: 1 similar solutions
Best solution (Error: 0.02412):
--------------------------------------------------
Variable     | True Value  | Estimated   | Rel. Error
-----------------------------------------------------
In(t)        |  50.000000 |   5.989161 |   0.880217
N(t)         | 1000.000000 | 1000.000000 |   0.000000
S(t)         | 950.000000 | -668.300864 |   1.703475
Tr(t)        |   0.000000 |   5.688802 |   5.688802
a            |   0.100000 |   0.493477 |   3.934774
b            |   0.800000 |   2.358738 |   1.948423
d            |   2.000000 |  -2.632982 |   2.316491
g            |   0.300000 |  -0.822663 |   3.742211
nu           |   0.100000 |  -2.429322 |  25.293215


Cluster 46: 1 similar solutions
Best solution (Error: 0.02412):
--------------------------------------------------
Variable     | True Value  | Estimated   | Rel. Error
-----------------------------------------------------
In(t)        |  50.000000 |  -2.401873 |   1.048037
N(t)         | 1000.000000 | 1000.000000 |   0.000000
S(t)         | 950.000000 | -188.102796 |   1.198003
Tr(t)        |   0.000000 |   5.688802 |   5.688802
a            |   0.100000 |   0.493477 |   3.934774
b            |   0.800000 |   8.380241 |   9.475302
d            |   2.000000 |  -0.022554 |   1.011277
g            |   0.300000 |  -2.922799 |  10.742663
nu           |   0.100000 |  -0.329186 |   4.291860


Cluster 47: 1 similar solutions
Best solution (Error: 0.021129):
--------------------------------------------------
Variable     | True Value  | Estimated   | Rel. Error
-----------------------------------------------------
In(t)        |  50.000000 |  16.304694 |   0.673906
N(t)         | 1000.000000 | 1000.000000 |   0.000000
S(t)         | 950.000000 | -3212.142216 |   4.381202
Tr(t)        |   0.000000 |   5.125184 |   5.125184
a            |   0.100000 |   0.383195 |   2.831948
b            |   0.800000 |   0.898498 |   0.123123
d            |   2.000000 |  -5.793797 |   3.896898
g            |   0.300000 |  -0.610617 |   3.035391
nu           |   0.100000 |  -3.732286 |  38.322862


Cluster 48: 1 similar solutions
Best solution (Error: 0.021129):
--------------------------------------------------
Variable     | True Value  | Estimated   | Rel. Error
-----------------------------------------------------
In(t)        |  50.000000 |  -1.945615 |   1.038912
N(t)         | 1000.000000 | 1000.000000 |   0.000000
S(t)         | 950.000000 | -476.588243 |   1.501672
Tr(t)        |   0.000000 |   5.125183 |   5.125183
a            |   0.100000 |   0.383195 |   2.831948
b            |   0.800000 |   6.055760 |   6.569700
d            |   2.000000 |  -0.008001 |   1.004001
g            |   0.300000 |  -4.115481 |  14.718270
nu           |   0.100000 |  -0.227423 |   3.274226


Cluster 49: 1 similar solutions
Best solution (Error: 0.015643):
--------------------------------------------------
Variable     | True Value  | Estimated   | Rel. Error
-----------------------------------------------------
In(t)        |  50.000000 |  -1.399723 |   1.027994
N(t)         | 1000.000000 | 1000.000000 |   0.000000
S(t)         | 950.000000 | -924.948039 |   1.973630
Tr(t)        |   0.000000 |   3.923540 |   3.923540
a            |   0.100000 |   0.923107 |   8.231066
b            |   0.800000 |   5.823076 |   6.278845
d            |   2.000000 |   0.000730 |   0.999635
g            |   0.300000 |  -7.036712 |  24.455705
nu           |   0.100000 |  -0.079863 |   1.798628


Cluster 50: 1 similar solutions
Best solution (Error: 0.015643):
--------------------------------------------------
Variable     | True Value  | Estimated   | Rel. Error
-----------------------------------------------------
In(t)        |  50.000000 |  13.783239 |   0.724335
N(t)         | 1000.000000 | 1000.000000 |   0.000000
S(t)         | 950.000000 | -6489.323080 |   7.830866
Tr(t)        |   0.000000 |   3.923537 |   3.923537
a            |   0.100000 |   0.923107 |   8.231066
b            |   0.800000 |   0.829985 |   0.037482
d            |   2.000000 |  -6.010756 |   4.005378
g            |   0.300000 |  -1.002969 |   4.343231
nu           |   0.100000 |  -6.113605 |  62.136049


Cluster 51: 1 similar solutions
Best solution (Error: 0.009608):
--------------------------------------------------
Variable     | True Value  | Estimated   | Rel. Error
-----------------------------------------------------
In(t)        |  50.000000 | 325.935848 |   5.518717
N(t)         | 1000.000000 | 1000.000000 |   0.000000
S(t)         | 950.000000 | 15660.542760 |  15.484782
Tr(t)        |   0.000000 |   0.000000 |   0.000000
a            |   0.100000 |   0.003227 |   0.967730
b            |   0.800000 |   0.097611 |   0.877986
d            |   2.000000 | -18.390268 |  10.195134
g            |   0.300000 |   0.046021 |   0.846596
nu           |   0.100000 |   1.219387 |  11.193869


Cluster 52: 1 similar solutions
Best solution (Error: 0.009608):
--------------------------------------------------
Variable     | True Value  | Estimated   | Rel. Error
-----------------------------------------------------
In(t)        |  50.000000 |  12.333900 |   0.753322
N(t)         | 1000.000000 | 1000.000000 |   0.000000
S(t)         | 950.000000 | 592.618393 |   0.376191
Tr(t)        |   0.000000 |   0.000000 |   0.000000
a            |   0.100000 |   0.003227 |   0.967730
b            |   0.800000 |   2.579467 |   2.224334
d            |   2.000000 |   0.266243 |   0.866878
g            |   0.300000 |   1.216160 |   3.053866
nu           |   0.100000 |   0.049248 |   0.507517


Cluster 53: 1 similar solutions
Best solution (Error: 0.00351):
--------------------------------------------------
Variable     | True Value  | Estimated   | Rel. Error
-----------------------------------------------------
In(t)        |  50.000000 | -34.906597 |   1.698132
N(t)         | 1000.000000 | 1000.000000 |   0.000000
S(t)         | 950.000000 | -2482.862153 |   3.613539
Tr(t)        |   0.000000 |   0.000042 |   0.000042
a            |   0.100000 |   0.425097 |   3.250974
b            |   0.800000 |  -0.839575 |   2.049469
d            |   2.000000 |   3.683293 |   0.841647
g            |   0.300000 |  -0.429705 |   2.432352
nu           |   0.100000 |   1.828933 |  17.289334


Cluster 54: 1 similar solutions
Best solution (Error: 0.00351):
--------------------------------------------------
Variable     | True Value  | Estimated   | Rel. Error
-----------------------------------------------------
In(t)        |  50.000000 |  10.684638 |   0.786307
N(t)         | 1000.000000 | 1000.000000 |   0.000000
S(t)         | 950.000000 | 759.988651 |   0.200012
Tr(t)        |   0.000000 |   0.000042 |   0.000042
a            |   0.100000 |   0.425097 |   3.250974
b            |   0.800000 |   2.742869 |   2.428586
d            |   2.000000 |   0.178661 |   0.910670
g            |   0.300000 |   1.403836 |   3.679453
nu           |   0.100000 |  -0.004608 |   1.046081


Cluster 55: 1 similar solutions
Best solution (Error: 0.002557):
--------------------------------------------------
Variable     | True Value  | Estimated   | Rel. Error
-----------------------------------------------------
In(t)        |  50.000000 |  92.771299 |   0.855426
N(t)         | 1000.000000 | 1000.000000 |   0.000000
S(t)         | 950.000000 | 2005.062051 |   1.110592
Tr(t)        |   0.000000 |   0.000032 |   0.000032
a            |   0.100000 |   0.331947 |   2.319473
b            |   0.800000 |   0.420474 |   0.474408
d            |   2.000000 |   3.399050 |   0.699525
g            |   0.300000 |   0.161687 |   0.461043
nu           |   0.100000 |   0.089447 |   0.105535


Cluster 56: 1 similar solutions
Best solution (Error: 0.002557):
--------------------------------------------------
Variable     | True Value  | Estimated   | Rel. Error
-----------------------------------------------------
In(t)        |  50.000000 | -61.855213 |   2.237104
N(t)         | 1000.000000 | 1000.000000 |   0.000000
S(t)         | 950.000000 | -1336.872905 |   2.407235
Tr(t)        |   0.000000 |   0.000032 |   0.000032
a            |   0.100000 |   0.331947 |   2.319473
b            |   0.800000 |  -0.630633 |   1.788291
d            |   2.000000 |  -0.599564 |   1.299782
g            |   0.300000 |  -0.242501 |   1.808336
nu           |   0.100000 |   0.493634 |   3.936344


Cluster 57: 1 similar solutions
Best solution (Error: 0.001855):
--------------------------------------------------
Variable     | True Value  | Estimated   | Rel. Error
-----------------------------------------------------
In(t)        |  50.000000 | -51.854031 |   2.037081
N(t)         | 1000.000000 | 1000.000000 |   0.000000
S(t)         | 950.000000 | -1020.113434 |   2.073804
Tr(t)        |   0.000000 |   0.401187 |   0.401187
a            |   0.100000 |   0.685058 |   5.850576
b            |   0.800000 |  -0.762315 |   1.952894
d            |   2.000000 |  -2.017703 |   2.008852
g            |   0.300000 |  -0.282747 |   1.942489
nu           |   0.100000 |   0.101624 |   0.016244


Cluster 58: 1 similar solutions
Best solution (Error: 0.001855):
--------------------------------------------------
Variable     | True Value  | Estimated   | Rel. Error
-----------------------------------------------------
In(t)        |  50.000000 | -25.336562 |   1.506731
N(t)         | 1000.000000 | 1000.000000 |   0.000000
S(t)         | 950.000000 | -494.373279 |   1.520393
Tr(t)        |   0.000000 |   0.401186 |   0.401186
a            |   0.100000 |   0.685058 |   5.850576
b            |   0.800000 |  -1.572998 |   2.966248
d            |   2.000000 |  -0.462457 |   1.231228
g            |   0.300000 |  -0.583433 |   2.944777
nu           |   0.100000 |   0.402311 |   3.023108


Cluster 59: 1 similar solutions
Best solution (Error: 0.001797):
--------------------------------------------------
Variable     | True Value  | Estimated   | Rel. Error
-----------------------------------------------------
In(t)        |  50.000000 |  12.880932 |   0.742381
N(t)         | 1000.000000 | 1000.000000 |   0.000000
S(t)         | 950.000000 | 608.945455 |   0.359005
Tr(t)        |   0.000000 |  -0.003114 |   0.003114
a            |   0.100000 |   0.152965 |   0.529649
b            |   0.800000 |   2.596329 |   2.245411
d            |   2.000000 |   0.279247 |   0.860377
g            |   0.300000 |   1.165016 |   2.883387
nu           |   0.100000 |   0.003751 |   0.962490


Cluster 60: 1 similar solutions
Best solution (Error: 0.001797):
--------------------------------------------------
Variable     | True Value  | Estimated   | Rel. Error
-----------------------------------------------------
In(t)        |  50.000000 | -100.542829 |   3.010857
N(t)         | 1000.000000 | 1000.000000 |   0.000000
S(t)         | 950.000000 | -4754.454803 |   6.004689
Tr(t)        |   0.000000 |  -0.003118 |   0.003118
a            |   0.100000 |   0.152965 |   0.529649
b            |   0.800000 |  -0.332535 |   1.415669
d            |   2.000000 |   6.627417 |   2.313708
g            |   0.300000 |  -0.149214 |   1.497380
nu           |   0.100000 |   1.317981 |  12.179809


Cluster 61: 1 similar solutions
Best solution (Error: 0.001687):
--------------------------------------------------
Variable     | True Value  | Estimated   | Rel. Error
-----------------------------------------------------
In(t)        |  50.000000 | -198.108133 |   4.962163
N(t)         | 1000.000000 | 1000.000000 |   0.000000
S(t)         | 950.000000 | -9682.146683 |  11.191733
Tr(t)        |   0.000000 |   0.000000 |   0.000000
a            |   0.100000 |   0.079863 |   0.201373
b            |   0.800000 |  -0.166845 |   1.208556
d            |   2.000000 |  13.590861 |   5.795431
g            |   0.300000 |  -0.075716 |   1.252388
nu           |   0.100000 |   1.351280 |  12.512801


Cluster 62: 1 similar solutions
Best solution (Error: 0.001687):
--------------------------------------------------
Variable     | True Value  | Estimated   | Rel. Error
-----------------------------------------------------
In(t)        |  50.000000 |  11.797879 |   0.764042
N(t)         | 1000.000000 | 1000.000000 |   0.000000
S(t)         | 950.000000 | 576.598229 |   0.393054
Tr(t)        |   0.000000 |   0.000000 |   0.000000
a            |   0.100000 |   0.079863 |   0.201373
b            |   0.800000 |   2.801638 |   2.502047
d            |   2.000000 |   0.250180 |   0.874910
g            |   0.300000 |   1.271417 |   3.238058
nu           |   0.100000 |   0.004146 |   0.958537


Cluster 63: 1 similar solutions
Best solution (Error: 0.001254):
--------------------------------------------------
Variable     | True Value  | Estimated   | Rel. Error
-----------------------------------------------------
In(t)        |  50.000000 | -47.232733 |   1.944655
N(t)         | 1000.000000 | 1000.000000 |   0.000000
S(t)         | 950.000000 | -2599.010590 |   3.735801
Tr(t)        |   0.000000 |   0.000083 |   0.000083
a            |   0.100000 |   0.331947 |   2.319473
b            |   0.800000 |  -0.665060 |   1.831325
d            |   2.000000 |   3.601394 |   0.800697
g            |   0.300000 |  -0.317571 |   2.058568
nu           |   0.100000 |   1.454012 |  13.540120


Cluster 64: 1 similar solutions
Best solution (Error: 0.001254):
--------------------------------------------------
Variable     | True Value  | Estimated   | Rel. Error
-----------------------------------------------------
In(t)        |  50.000000 |  13.367859 |   0.732643
N(t)         | 1000.000000 | 1000.000000 |   0.000000
S(t)         | 950.000000 | 735.580679 |   0.225705
Tr(t)        |   0.000000 |   0.000083 |   0.000083
a            |   0.100000 |   0.331947 |   2.319473
b            |   0.800000 |   2.349842 |   1.937303
d            |   2.000000 |   0.263745 |   0.868128
g            |   0.300000 |   1.122065 |   2.740216
nu           |   0.100000 |   0.014377 |   0.856233


Cluster 65: 1 similar solutions
Best solution (Error: 0.000784):
--------------------------------------------------
Variable     | True Value  | Estimated   | Rel. Error
-----------------------------------------------------
In(t)        |  50.000000 | -16.364720 |   1.327294
N(t)         | 1000.000000 | 1000.000000 |   0.000000
S(t)         | 950.000000 | -595.690294 |   1.627042
Tr(t)        |   0.000000 |  -0.000237 |   0.000237
a            |   0.100000 |   0.933144 |   8.331443
b            |   0.800000 |  -2.187082 |   3.733852
d            |   2.000000 |   0.679656 |   0.660172
g            |   0.300000 |  -0.916655 |   4.055516
nu           |   0.100000 |   1.026578 |   9.265783


Cluster 66: 1 similar solutions
Best solution (Error: 0.000784):
--------------------------------------------------
Variable     | True Value  | Estimated   | Rel. Error
-----------------------------------------------------
In(t)        |  50.000000 | 160.552108 |   2.211042
N(t)         | 1000.000000 | 1000.000000 |   0.000000
S(t)         | 950.000000 | 5844.145675 |   5.151732
Tr(t)        |   0.000000 |  -0.000237 |   0.000237
a            |   0.100000 |   0.933144 |   8.331443
b            |   0.800000 |   0.222928 |   0.721340
d            |   2.000000 |   4.142803 |   1.071402
g            |   0.300000 |   0.093434 |   0.688553
nu           |   0.100000 |   0.016489 |   0.835107


Cluster 67: 1 similar solutions
Best solution (Error: 0.000579):
--------------------------------------------------
Variable     | True Value  | Estimated   | Rel. Error
-----------------------------------------------------
In(t)        |  50.000000 |  53.633513 |   0.072670
N(t)         | 1000.000000 | 1000.000000 |   0.000000
S(t)         | 950.000000 | 1857.989665 |   0.955779
Tr(t)        |   0.000000 |  -0.000808 |   0.000808
a            |   0.100000 |   0.700528 |   6.005279
b            |   0.800000 |   0.676746 |   0.154067
d            |   2.000000 |   1.431261 |   0.284370
g            |   0.300000 |   0.279727 |   0.067577
nu           |   0.100000 |   0.017638 |   0.823618


Cluster 68: 1 similar solutions
Best solution (Error: 0.000579):
--------------------------------------------------
Variable     | True Value  | Estimated   | Rel. Error
-----------------------------------------------------
In(t)        |  50.000000 | -21.968354 |   1.439367
N(t)         | 1000.000000 | 1000.000000 |   0.000000
S(t)         | 950.000000 | -761.074344 |   1.801131
Tr(t)        |   0.000000 |  -0.000808 |   0.000808
a            |   0.100000 |   0.700528 |   6.005279
b            |   0.800000 |  -1.652122 |   3.065153
d            |   2.000000 |   0.823346 |   0.588327
g            |   0.300000 |  -0.682890 |   3.276299
nu           |   0.100000 |   0.980255 |   8.802548


Cluster 69: 1 similar solutions
Best solution (Error: 0.000333):
--------------------------------------------------
Variable     | True Value  | Estimated   | Rel. Error
-----------------------------------------------------
In(t)        |  50.000000 |  79.780574 |   0.595611
N(t)         | 1000.000000 | 1000.000000 |   0.000000
S(t)         | 950.000000 | 2521.075886 |   1.653764
Tr(t)        |   0.000000 |  -0.000812 |   0.000812
a            |   0.100000 |   0.700528 |   6.005279
b            |   0.800000 |   0.464614 |   0.419232
d            |   2.000000 |   2.268034 |   0.134017
g            |   0.300000 |   0.188051 |   0.373165
nu           |   0.100000 |   0.023272 |   0.767280


Cluster 70: 1 similar solutions
Best solution (Error: 0.000333):
--------------------------------------------------
Variable     | True Value  | Estimated   | Rel. Error
-----------------------------------------------------
In(t)        |  50.000000 | -22.151269 |   1.443025
N(t)         | 1000.000000 | 1000.000000 |   0.000000
S(t)         | 950.000000 | -700.015595 |   1.736859
Tr(t)        |   0.000000 |  -0.000813 |   0.000813
a            |   0.100000 |   0.700528 |   6.005279
b            |   0.800000 |  -1.673288 |   3.091610
d            |   2.000000 |   0.647911 |   0.676045
g            |   0.300000 |  -0.677256 |   3.257519
nu           |   0.100000 |   0.888578 |   7.885784


Cluster 71: 1 similar solutions
Best solution (Error: 0.000217):
--------------------------------------------------
Variable     | True Value  | Estimated   | Rel. Error
-----------------------------------------------------
In(t)        |  50.000000 | -167.156191 |   4.343124
N(t)         | 1000.000000 | 1000.000000 |   0.000000
S(t)         | 950.000000 | -3167.538901 |   4.334251
Tr(t)        |   0.000000 |  -0.050705 |   0.050705
a            |   0.100000 |   0.493477 |   3.934774
b            |   0.800000 |  -0.239615 |   1.299519
d            |   2.000000 |  -6.720476 |   4.360238
g            |   0.300000 |  -0.090042 |   1.300141
nu           |   0.100000 |   0.098180 |   0.018202


Cluster 72: 1 similar solutions
Best solution (Error: 0.000217):
--------------------------------------------------
Variable     | True Value  | Estimated   | Rel. Error
-----------------------------------------------------
In(t)        |  50.000000 | -38.036317 |   1.760726
N(t)         | 1000.000000 | 1000.000000 |   0.000000
S(t)         | 950.000000 | -721.514077 |   1.759489
Tr(t)        |   0.000000 |  -0.050703 |   0.050703
a            |   0.100000 |   0.493477 |   3.934774
b            |   0.800000 |  -1.051942 |   2.314928
d            |   2.000000 |  -0.758599 |   1.379300
g            |   0.300000 |  -0.395298 |   2.317658
nu           |   0.100000 |   0.403435 |   3.034350


Cluster 73: 1 similar solutions
Best solution (Error: 0.000202):
--------------------------------------------------
Variable     | True Value  | Estimated   | Rel. Error
-----------------------------------------------------
In(t)        |  50.000000 |  36.357792 |   0.272844
N(t)         | 1000.000000 | 1000.000000 |   0.000000
S(t)         | 950.000000 | 842.406079 |   0.113257
Tr(t)        |   0.000000 |  -0.001815 |   0.001815
a            |   0.100000 |   0.188177 |   0.881765
b            |   0.800000 |   1.081152 |   0.351440
d            |   2.000000 |   1.285015 |   0.357492
g            |   0.300000 |   0.412694 |   0.375648
nu           |   0.100000 |   0.050589 |   0.494115


Cluster 74: 1 similar solutions
Best solution (Error: 0.000202):
--------------------------------------------------
Variable     | True Value  | Estimated   | Rel. Error
-----------------------------------------------------
In(t)        |  50.000000 | -109.047732 |   3.180955
N(t)         | 1000.000000 | 1000.000000 |   0.000000
S(t)         | 950.000000 | -2526.792154 |   3.659781
Tr(t)        |   0.000000 |  -0.001818 |   0.001818
a            |   0.100000 |   0.188177 |   0.881765
b            |   0.800000 |  -0.360445 |   1.450556
d            |   2.000000 |   0.145099 |   0.927451
g            |   0.300000 |  -0.137588 |   1.458627
nu           |   0.100000 |   0.600871 |   5.008709


Cluster 75: 1 similar solutions
Best solution (Error: 0.000186):
--------------------------------------------------
Variable     | True Value  | Estimated   | Rel. Error
-----------------------------------------------------
In(t)        |  50.000000 | -54.754654 |   2.095093
N(t)         | 1000.000000 | 1000.000000 |   0.000000
S(t)         | 950.000000 | -1008.111063 |   2.061170
Tr(t)        |   0.000000 |  -0.047303 |   0.047303
a            |   0.100000 |   0.383195 |   2.831948
b            |   0.800000 |  -0.732131 |   1.915164
d            |   2.000000 |  -1.279171 |   1.639586
g            |   0.300000 |  -0.274752 |   1.915839
nu           |   0.100000 |   0.373277 |   2.732772


Cluster 76: 1 similar solutions
Best solution (Error: 0.000186):
--------------------------------------------------
Variable     | True Value  | Estimated   | Rel. Error
-----------------------------------------------------
In(t)        |  50.000000 | -1518.163479 |  31.363270
N(t)         | 1000.000000 | 1000.000000 |   0.000000
S(t)         | 950.000000 | -27928.298538 |  30.398209
Tr(t)        |   0.000000 |  -0.047297 |   0.047297
a            |   0.100000 |   0.383195 |   2.831948
b            |   0.800000 |  -0.026427 |   1.033034
d            |   2.000000 | -62.141238 |  32.070619
g            |   0.300000 |  -0.009918 |   1.033059
nu           |   0.100000 |   0.108443 |   0.084430


Cluster 77: 1 similar solutions
Best solution (Error: 0.000157):
--------------------------------------------------
Variable     | True Value  | Estimated   | Rel. Error
-----------------------------------------------------
In(t)        |  50.000000 | -20.642339 |   1.412847
N(t)         | 1000.000000 | 1000.000000 |   0.000000
S(t)         | 950.000000 | -390.895355 |   1.411469
Tr(t)        |   0.000000 |  -0.033203 |   0.033203
a            |   0.100000 |   0.827848 |   7.278483
b            |   0.800000 |  -1.938615 |   3.423269
d            |   2.000000 |  -0.418584 |   1.209292
g            |   0.300000 |  -0.727482 |   3.424939
nu           |   0.100000 |   0.398398 |   2.983976


Cluster 78: 1 similar solutions
Best solution (Error: 0.000157):
--------------------------------------------------
Variable     | True Value  | Estimated   | Rel. Error
-----------------------------------------------------
In(t)        |  50.000000 | -34.990783 |   1.699816
N(t)         | 1000.000000 | 1000.000000 |   0.000000
S(t)         | 950.000000 | -662.169516 |   1.697021
Tr(t)        |   0.000000 |  -0.033203 |   0.033203
a            |   0.100000 |   0.827848 |   7.278483
b            |   0.800000 |  -1.144413 |   2.430517
d            |   2.000000 |  -1.403055 |   1.701527
g            |   0.300000 |  -0.429451 |   2.431502
nu           |   0.100000 |   0.100367 |   0.003668


Cluster 79: 1 similar solutions
Best solution (Error: 9.7e-5):
--------------------------------------------------
Variable     | True Value  | Estimated   | Rel. Error
-----------------------------------------------------
In(t)        |  50.000000 |  37.694408 |   0.246112
N(t)         | 1000.000000 | 1000.000000 |   0.000000
S(t)         | 950.000000 | 772.092169 |   0.187271
Tr(t)        |   0.000000 |  -0.000009 |   0.000009
a            |   0.100000 |   0.079863 |   0.201373
b            |   0.800000 |   1.055285 |   0.319106
d            |   2.000000 |   1.444285 |   0.277858
g            |   0.300000 |   0.397940 |   0.326467
nu           |   0.100000 |   0.077027 |   0.229732


Cluster 80: 1 similar solutions
Best solution (Error: 9.7e-5):
--------------------------------------------------
Variable     | True Value  | Estimated   | Rel. Error
-----------------------------------------------------
In(t)        |  50.000000 | -5289.330966 | 106.786619
N(t)         | 1000.000000 | 1000.000000 |   0.000000
S(t)         | 950.000000 | -108341.059554 | 115.043221
Tr(t)        |   0.000000 |  -0.000008 |   0.000008
a            |   0.100000 |   0.079863 |   0.201373
b            |   0.800000 |  -0.007520 |   1.009401
d            |   2.000000 | -61.342635 |  31.671317
g            |   0.300000 |  -0.002836 |   1.009453
nu           |   0.100000 |   0.477803 |   3.778027


Cluster 81: 1 similar solutions
Best solution (Error: 3.9e-5):
--------------------------------------------------
Variable     | True Value  | Estimated   | Rel. Error
-----------------------------------------------------
In(t)        |  50.000000 |  39.631640 |   0.207367
N(t)         | 1000.000000 | 1000.000000 |   0.000000
S(t)         | 950.000000 | 749.363611 |   0.211196
Tr(t)        |   0.000000 |  -0.009591 |   0.009591
a            |   0.100000 |   0.017465 |   0.825346
b            |   0.800000 |   1.009825 |   0.262281
d            |   2.000000 |   1.590863 |   0.204569
g            |   0.300000 |   0.378753 |   0.262510
nu           |   0.100000 |   0.101131 |   0.011307


Cluster 82: 1 similar solutions
Best solution (Error: 3.9e-5):
--------------------------------------------------
Variable     | True Value  | Estimated   | Rel. Error
-----------------------------------------------------
In(t)        |  50.000000 | 179.378696 |   2.587574
N(t)         | 1000.000000 | 1000.000000 |   0.000000
S(t)         | 950.000000 | 3392.370802 |   2.570917
Tr(t)        |   0.000000 |  -0.009590 |   0.009590
a            |   0.100000 |   0.017465 |   0.825346
b            |   0.800000 |   0.223067 |   0.721166
d            |   2.000000 |   3.674838 |   0.837419
g            |   0.300000 |   0.083665 |   0.721116
nu           |   0.100000 |   0.396218 |   2.962184


Cluster 83: 1 similar solutions
Best solution (Error: 2.7e-5):
--------------------------------------------------
Variable     | True Value  | Estimated   | Rel. Error
-----------------------------------------------------
In(t)        |  50.000000 | -35.989432 |   1.719789
N(t)         | 1000.000000 | 1000.000000 |   0.000000
S(t)         | 950.000000 | -651.241212 |   1.685517
Tr(t)        |   0.000000 |   0.000279 |   0.000279
a            |   0.100000 |   0.757464 |   6.574635
b            |   0.800000 |  -1.113583 |   2.391978
d            |   2.000000 |  -1.464059 |   1.732029
g            |   0.300000 |  -0.416766 |   2.389220
nu           |   0.100000 |   0.124361 |   0.243613


Cluster 84: 1 similar solutions
Best solution (Error: 2.7e-5):
--------------------------------------------------
Variable     | True Value  | Estimated   | Rel. Error
-----------------------------------------------------
In(t)        |  50.000000 | -23.691649 |   1.473833
N(t)         | 1000.000000 | 1000.000000 |   0.000000
S(t)         | 950.000000 | -428.706848 |   1.451270
Tr(t)        |   0.000000 |   0.000279 |   0.000279
a            |   0.100000 |   0.757464 |   6.574635
b            |   0.800000 |  -1.691624 |   3.114530
d            |   2.000000 |  -0.622070 |   1.311035
g            |   0.300000 |  -0.633102 |   3.110341
nu           |   0.100000 |   0.340697 |   2.406974


Cluster 85: 1 similar solutions
Best solution (Error: 9.0e-6):
--------------------------------------------------
Variable     | True Value  | Estimated   | Rel. Error
-----------------------------------------------------
In(t)        |  50.000000 | -34.853794 |   1.697076
N(t)         | 1000.000000 | 1000.000000 |   0.000000
S(t)         | 950.000000 | -646.753224 |   1.680793
Tr(t)        |   0.000000 |  -0.001026 |   0.001026
a            |   0.100000 |   0.540695 |   4.406947
b            |   0.800000 |  -1.148874 |   2.436092
d            |   2.000000 |  -0.798705 |   1.399352
g            |   0.300000 |  -0.430397 |   2.434656
nu           |   0.100000 |   0.372792 |   2.727915


Cluster 86: 1 similar solutions
Best solution (Error: 9.0e-6):
--------------------------------------------------
Variable     | True Value  | Estimated   | Rel. Error
-----------------------------------------------------
In(t)        |  50.000000 | -89.344497 |   2.786890
N(t)         | 1000.000000 | 1000.000000 |   0.000000
S(t)         | 950.000000 | -1657.863887 |   2.745120
Tr(t)        |   0.000000 |  -0.001009 |   0.001009
a            |   0.100000 |   0.540695 |   4.406947
b            |   0.800000 |  -0.448190 |   1.560237
d            |   2.000000 |  -3.610735 |   2.805368
g            |   0.300000 |  -0.167903 |   1.559677
nu           |   0.100000 |   0.110298 |   0.102978


Cluster 87: 1 similar solutions
Best solution (Error: 6.0e-6):
--------------------------------------------------
Variable     | True Value  | Estimated   | Rel. Error
-----------------------------------------------------
In(t)        |  50.000000 | -79.482190 |   2.589644
N(t)         | 1000.000000 | 1000.000000 |   0.000000
S(t)         | 950.000000 | -1521.432917 |   2.601508
Tr(t)        |   0.000000 |   0.000595 |   0.000595
a            |   0.100000 |   0.596393 |   4.963933
b            |   0.800000 |  -0.502984 |   1.628730
d            |   2.000000 |  -3.166340 |   2.583170
g            |   0.300000 |  -0.188707 |   1.629025
nu           |   0.100000 |   0.097465 |   0.025351


Cluster 88: 1 similar solutions
Best solution (Error: 6.0e-6):
--------------------------------------------------
Variable     | True Value  | Estimated   | Rel. Error
-----------------------------------------------------
In(t)        |  50.000000 | -30.062568 |   1.601251
N(t)         | 1000.000000 | 1000.000000 |   0.000000
S(t)         | 950.000000 | -575.444770 |   1.605731
Tr(t)        |   0.000000 |   0.000590 |   0.000590
a            |   0.100000 |   0.596393 |   4.963933
b            |   0.800000 |  -1.329852 |   2.662315
d            |   2.000000 |  -0.575816 |   1.287908
g            |   0.300000 |  -0.498928 |   2.663094
nu           |   0.100000 |   0.407686 |   3.076858


Cluster 89: 1 similar solutions
Best solution (Error: 5.0e-6):
--------------------------------------------------
Variable     | True Value  | Estimated   | Rel. Error
-----------------------------------------------------
In(t)        |  50.000000 | -39.396215 |   1.787924
N(t)         | 1000.000000 | 1000.000000 |   0.000000
S(t)         | 950.000000 | -750.633530 |   1.790141
Tr(t)        |   0.000000 |   0.001405 |   0.001405
a            |   0.100000 |   0.783369 |   6.833690
b            |   0.800000 |  -1.015090 |   2.268862
d            |   2.000000 |  -1.573109 |   1.786554
g            |   0.300000 |  -0.380699 |   2.268996
nu           |   0.100000 |   0.099151 |   0.008490


Cluster 90: 1 similar solutions
Best solution (Error: 5.0e-6):
--------------------------------------------------
Variable     | True Value  | Estimated   | Rel. Error
-----------------------------------------------------
In(t)        |  50.000000 | -21.920667 |   1.438413
N(t)         | 1000.000000 | 1000.000000 |   0.000000
S(t)         | 950.000000 | -417.652282 |   1.439634
Tr(t)        |   0.000000 |   0.001402 |   0.001402
a            |   0.100000 |   0.783369 |   6.833690
b            |   0.800000 |  -1.824389 |   3.280487
d            |   2.000000 |  -0.431677 |   1.215838
g            |   0.300000 |  -0.684218 |   3.280727
nu           |   0.100000 |   0.402670 |   3.026703


Cluster 91: 1 similar solutions
Best solution (Error: 3.0e-6):
--------------------------------------------------
Variable     | True Value  | Estimated   | Rel. Error
-----------------------------------------------------
In(t)        |  50.000000 | -166.570516 |   4.331410
N(t)         | 1000.000000 | 1000.000000 |   0.000000
S(t)         | 950.000000 | -3179.339005 |   4.346673
Tr(t)        |   0.000000 |  -0.000058 |   0.000058
a            |   0.100000 |   0.188177 |   0.881765
b            |   0.800000 |  -0.240090 |   1.300112
d            |   2.000000 |  -3.238482 |   2.619241
g            |   0.300000 |  -0.090053 |   1.300176
nu           |   0.100000 |   0.405226 |   3.052258


Cluster 92: 1 similar solutions
Best solution (Error: 3.0e-6):
--------------------------------------------------
Variable     | True Value  | Estimated   | Rel. Error
-----------------------------------------------------
In(t)        |  50.000000 |  69.109454 |   0.382189
N(t)         | 1000.000000 | 1000.000000 |   0.000000
S(t)         | 950.000000 | 1319.093377 |   0.388519
Tr(t)        |   0.000000 |  -0.000063 |   0.000063
a            |   0.100000 |   0.188177 |   0.881765
b            |   0.800000 |   0.578675 |   0.276656
d            |   2.000000 |   2.758527 |   0.379263
g            |   0.300000 |   0.217049 |   0.276502
nu           |   0.100000 |   0.098124 |   0.018762


Cluster 93: 1 similar solutions
Best solution (Error: 1.0e-6):
--------------------------------------------------
Variable     | True Value  | Estimated   | Rel. Error
-----------------------------------------------------
In(t)        |  50.000000 | 155.007053 |   2.100141
N(t)         | 1000.000000 | 1000.000000 |   0.000000
S(t)         | 950.000000 | 2945.097456 |   2.100103
Tr(t)        |   0.000000 |   0.000000 |   0.000000
a            |   0.100000 |   0.003227 |   0.967730
b            |   0.800000 |   0.258054 |   0.677433
d            |   2.000000 |   3.100211 |   0.550106
g            |   0.300000 |   0.096770 |   0.677434
nu           |   0.100000 |   0.399997 |   2.999968


Cluster 94: 1 similar solutions
Best solution (Error: 1.0e-6):
--------------------------------------------------
Variable     | True Value  | Estimated   | Rel. Error
-----------------------------------------------------
In(t)        |  50.000000 |  37.805299 |   0.243894
N(t)         | 1000.000000 | 1000.000000 |   0.000000
S(t)         | 950.000000 | 718.291768 |   0.243903
Tr(t)        |   0.000000 |   0.000000 |   0.000000
a            |   0.100000 |   0.003227 |   0.967730
b            |   0.800000 |   1.058057 |   0.322571
d            |   2.000000 |   1.512229 |   0.243885
g            |   0.300000 |   0.396770 |   0.322566
nu           |   0.100000 |   0.099997 |   0.000032


Cluster 95: 1 similar solutions
Best solution (Error: 0.0):
--------------------------------------------------
Variable     | True Value  | Estimated   | Rel. Error
-----------------------------------------------------
In(t)        |  50.000000 | -17.982475 |   1.359649
N(t)         | 1000.000000 | 1000.000000 |   0.000000
S(t)         | 950.000000 | -342.604804 |   1.360637
Tr(t)        |   0.000000 |   0.000017 |   0.000017
a            |   0.100000 |   0.933144 |   8.331443
b            |   0.800000 |  -2.223980 |   3.779975
d            |   2.000000 |  -0.353927 |   1.176963
g            |   0.300000 |  -0.834144 |   3.780479
nu           |   0.100000 |   0.402942 |   3.029421


Cluster 96: 1 similar solutions
Best solution (Error: 0.0):
--------------------------------------------------
Variable     | True Value  | Estimated   | Rel. Error
-----------------------------------------------------
In(t)        |  50.000000 | -28.291023 |   1.565820
N(t)         | 1000.000000 | 1000.000000 |   0.000000
S(t)         | 950.000000 | -539.004991 |   1.567374
Tr(t)        |   0.000000 |   0.000017 |   0.000017
a            |   0.100000 |   0.933144 |   8.331443
b            |   0.800000 |  -1.413616 |   2.767020
d            |   2.000000 |  -1.130073 |   1.565037
g            |   0.300000 |  -0.530202 |   2.767340
nu           |   0.100000 |   0.099001 |   0.009993


Cluster 97: 1 similar solutions
Best solution (Error: 0.0):
--------------------------------------------------
Variable     | True Value  | Estimated   | Rel. Error
-----------------------------------------------------
In(t)        |  50.000000 | -597.672609 |  12.953452
N(t)         | 1000.000000 | 1000.000000 |   0.000000
S(t)         | 950.000000 | -11355.782956 |  12.953456
Tr(t)        |   0.000000 |   0.000004 |   0.000004
a            |   0.100000 |   0.425097 |   3.250974
b            |   0.800000 |  -0.066926 |   1.083658
d            |   2.000000 | -23.906910 |  12.953455
g            |   0.300000 |  -0.025097 |   1.083658
nu           |   0.100000 |   0.100000 |   0.000000


Cluster 98: 1 similar solutions
Best solution (Error: 0.0):
--------------------------------------------------
Variable     | True Value  | Estimated   | Rel. Error
-----------------------------------------------------
In(t)        |  50.000000 | -19.268491 |   1.385370
N(t)         | 1000.000000 | 1000.000000 |   0.000000
S(t)         | 950.000000 | -366.188384 |   1.385461
Tr(t)        |   0.000000 |  -0.000007 |   0.000007
a            |   0.100000 |   0.878377 |   7.783766
b            |   0.800000 |  -2.075905 |   3.594881
d            |   2.000000 |  -0.384814 |   1.192407
g            |   0.300000 |  -0.778473 |   3.594910
nu           |   0.100000 |   0.400269 |   3.002690


Cluster 99: 1 similar solutions
Best solution (Error: 0.0):
--------------------------------------------------
Variable     | True Value  | Estimated   | Rel. Error
-----------------------------------------------------
In(t)        |  50.000000 | -31.373699 |   1.627474
N(t)         | 1000.000000 | 1000.000000 |   0.000000
S(t)         | 950.000000 | -596.241949 |   1.627623
Tr(t)        |   0.000000 |  -0.000007 |   0.000007
a            |   0.100000 |   0.878377 |   7.783766
b            |   0.800000 |  -1.274939 |   2.593674
d            |   2.000000 |  -1.254807 |   1.627403
g            |   0.300000 |  -0.478108 |   2.593692
nu           |   0.100000 |   0.099904 |   0.000965


Cluster 100: 1 similar solutions
Best solution (Error: 0.0):
--------------------------------------------------
Variable     | True Value  | Estimated   | Rel. Error
-----------------------------------------------------
In(t)        |  50.000000 | 254.978895 |   4.099578
N(t)         | 1000.000000 | 1000.000000 |   0.000000
S(t)         | 950.000000 | 4844.596754 |   4.099576
Tr(t)        |   0.000000 |  -0.000013 |   0.000013
a            |   0.100000 |   0.341172 |   2.411716
b            |   0.800000 |   0.156876 |   0.803905
d            |   2.000000 |  10.199150 |   4.099575
g            |   0.300000 |   0.058828 |   0.803905
nu           |   0.100000 |   0.100000 |   0.000000


Cluster 101: 1 similar solutions
Best solution (Error: 0.0):
--------------------------------------------------
Variable     | True Value  | Estimated   | Rel. Error
-----------------------------------------------------
In(t)        |  50.000000 | -20.223526 |   1.404471
N(t)         | 1000.000000 | 1000.000000 |   0.000000
S(t)         | 950.000000 | -384.246655 |   1.404470
Tr(t)        |   0.000000 |  -0.000004 |   0.000004
a            |   0.100000 |   0.841711 |   7.417107
b            |   0.800000 |  -1.977895 |   3.472368
d            |   2.000000 |  -0.404472 |   1.202236
g            |   0.300000 |  -0.741711 |   3.472369
nu           |   0.100000 |   0.399999 |   2.999994


Cluster 102: 1 similar solutions
Best solution (Error: 0.0):
--------------------------------------------------
Variable     | True Value  | Estimated   | Rel. Error
-----------------------------------------------------
In(t)        |  50.000000 | -33.958843 |   1.679177
N(t)         | 1000.000000 | 1000.000000 |   0.000000
S(t)         | 950.000000 | -645.217414 |   1.679176
Tr(t)        |   0.000000 |  -0.000004 |   0.000004
a            |   0.100000 |   0.841711 |   7.417107
b            |   0.800000 |  -1.177897 |   2.472371
d            |   2.000000 |  -1.358355 |   1.679177
g            |   0.300000 |  -0.441711 |   2.472371
nu           |   0.100000 |   0.100000 |   0.000001


Cluster 103: 1 similar solutions
Best solution (Error: 0.0):
--------------------------------------------------
Variable     | True Value  | Estimated   | Rel. Error
-----------------------------------------------------
In(t)        |  50.000000 | -62.196369 |   2.243927
N(t)         | 1000.000000 | 1000.000000 |   0.000000
S(t)         | 950.000000 | -1181.731077 |   2.243927
Tr(t)        |   0.000000 |   0.000001 |   0.000001
a            |   0.100000 |   0.341172 |   2.411716
b            |   0.800000 |  -0.643124 |   1.803905
d            |   2.000000 |  -1.243927 |   1.621964
g            |   0.300000 |  -0.241172 |   1.803905
nu           |   0.100000 |   0.400000 |   3.000000


Cluster 104: 1 similar solutions
Best solution (Error: 0.0):
--------------------------------------------------
Variable     | True Value  | Estimated   | Rel. Error
-----------------------------------------------------
In(t)        |  50.000000 | -46.140018 |   1.922800
N(t)         | 1000.000000 | 1000.000000 |   0.000000
S(t)         | 950.000000 | -876.660382 |   1.922800
Tr(t)        |   0.000000 |   0.000000 |   0.000000
a            |   0.100000 |   0.425097 |   3.250974
b            |   0.800000 |  -0.866926 |   2.083658
d            |   2.000000 |  -0.922800 |   1.461400
g            |   0.300000 |  -0.325097 |   2.083658
nu           |   0.100000 |   0.400000 |   3.000000


Best approximation error for treatment: 0.0

Best maximum relative error for treatment (excluding ALL unidentifiable parameters): 1.0e-6
Best minimum relative error: 0.0
Best mean relative error: 0.0
Best median relative error: 0.0
Best maximum relative error: 1.0e-6
Best RMS relative error: 0.0
SUCCESS
