Starting model: trivial_unident
primes of bitsize 28
G-Q-Pt-FG-LT-LP(C)
Dimension of the quotient :1
Degree of the radical :1
Use last variable as separating element
Separating form: [0, 0, 1]
Run Groebner learn
Test cyclic optimization
Apply cyclic optimization 
Multi-modular computation (1 threads): G-Q-Pt-FG-LT-LP(C)
5-9-
check-G-Q-Pt-FG-LT-LP(C)
Nb Primes used :9
primes of bitsize 28
G-Q-Pt-FG-LT-LP(C)
Dimension of the quotient :1
Degree of the radical :1
Use last variable as separating element
Separating form: [0, 0, 1]
Run Groebner learn
Test cyclic optimization
Apply cyclic optimization 
Multi-modular computation (1 threads): G-Q-Pt-FG-LT-LP(C)
5-9-
check-G-Q-Pt-FG-LT-LP(C)
Nb Primes used :9
primes of bitsize 28
G-Q-Pt-FG-LT-LP(C)
Dimension of the quotient :1
Degree of the radical :1
Use last variable as separating element
Separating form: [0, 0, 1]
Run Groebner learn
Test cyclic optimization
Apply cyclic optimization 
Multi-modular computation (1 threads): G-Q-Pt-FG-LT-LP(C)
5-9-
check-G-Q-Pt-FG-LT-LP(C)
Nb Primes used :9
primes of bitsize 28
G-Q-Pt-FG-LT-LP(C)
Dimension of the quotient :1
Degree of the radical :1
Use last variable as separating element
Separating form: [0, 0, 1]
Run Groebner learn
Test cyclic optimization
Apply cyclic optimization 
Multi-modular computation (1 threads): G-Q-Pt-FG-LT-LP(C)
5-9-
check-G-Q-Pt-FG-LT-LP(C)
Nb Primes used :9
primes of bitsize 28
G-Q-Pt-FG-LT-LP(C)
Dimension of the quotient :1
Degree of the radical :1
Use last variable as separating element
Separating form: [0, 0, 1]
Run Groebner learn
Test cyclic optimization
Apply cyclic optimization 
Multi-modular computation (1 threads): G-Q-Pt-FG-LT-LP(C)
5-9-
check-G-Q-Pt-FG-LT-LP(C)
Nb Primes used :9
primes of bitsize 28
G-Q-Pt-FG-LT-LP(C)
Dimension of the quotient :1
Degree of the radical :1
Use last variable as separating element
Separating form: [0, 0, 1]
Run Groebner learn
Test cyclic optimization
Apply cyclic optimization 
Multi-modular computation (1 threads): G-Q-Pt-FG-LT-LP(C)
5-9-
check-G-Q-Pt-FG-LT-LP(C)
Nb Primes used :9
primes of bitsize 28
G-Q-Pt-FG-LT-LP(C)
Dimension of the quotient :1
Degree of the radical :1
Use last variable as separating element
Separating form: [0, 0, 1]
Run Groebner learn
Test cyclic optimization
Apply cyclic optimization 
Multi-modular computation (1 threads): G-Q-Pt-FG-LT-LP(C)
5-9-
check-G-Q-Pt-FG-LT-LP(C)
Nb Primes used :9
primes of bitsize 28
G-Q-Pt-FG-LT-LP(C)
Dimension of the quotient :1
Degree of the radical :1
Use last variable as separating element
Separating form: [0, 0, 1]
Run Groebner learn
Test cyclic optimization
Apply cyclic optimization 
Multi-modular computation (1 threads): G-Q-Pt-FG-LT-LP(C)
5-9-
check-G-Q-Pt-FG-LT-LP(C)
Nb Primes used :9
primes of bitsize 28
G-Q-Pt-FG-LT-LP(C)
Dimension of the quotient :1
Degree of the radical :1
Use last variable as separating element
Separating form: [0, 0, 1]
Run Groebner learn
Test cyclic optimization
Apply cyclic optimization 
Multi-modular computation (1 threads): G-Q-Pt-FG-LT-LP(C)
5-9-
check-G-Q-Pt-FG-LT-LP(C)
Nb Primes used :9
primes of bitsize 28
G-Q-Pt-FG-LT-LP(C)
Dimension of the quotient :1
Degree of the radical :1
Use last variable as separating element
Separating form: [0, 0, 1]
Run Groebner learn
Test cyclic optimization
Apply cyclic optimization 
Multi-modular computation (1 threads): G-Q-Pt-FG-LT-LP(C)
5-9-
check-G-Q-Pt-FG-LT-LP(C)
Nb Primes used :9
primes of bitsize 28
G-Q-Pt-FG-LT-LP(C)
Dimension of the quotient :1
Degree of the radical :1
Use last variable as separating element
Separating form: [0, 0, 1]
Run Groebner learn
Test cyclic optimization
Apply cyclic optimization 
Multi-modular computation (1 threads): G-Q-Pt-FG-LT-LP(C)
5-9-
check-G-Q-Pt-FG-LT-LP(C)
Nb Primes used :9
primes of bitsize 28
G-Q-Pt-FG-LT-LP(C)
Dimension of the quotient :1
Degree of the radical :1
Use last variable as separating element
Separating form: [0, 0, 1]
Run Groebner learn
Test cyclic optimization
Apply cyclic optimization 
Multi-modular computation (1 threads): G-Q-Pt-FG-LT-LP(C)
5-9-
check-G-Q-Pt-FG-LT-LP(C)
Nb Primes used :9
primes of bitsize 28
G-Q-Pt-FG-LT-LP(C)
Dimension of the quotient :1
Degree of the radical :1
Use last variable as separating element
Separating form: [0, 0, 1]
Run Groebner learn
Test cyclic optimization
Apply cyclic optimization 
Multi-modular computation (1 threads): G-Q-Pt-FG-LT-LP(C)
5-9-
check-G-Q-Pt-FG-LT-LP(C)
Nb Primes used :9
primes of bitsize 28
G-Q-Pt-FG-LT-LP(C)
Dimension of the quotient :1
Degree of the radical :1
Use last variable as separating element
Separating form: [0, 0, 1]
Run Groebner learn
Test cyclic optimization
Apply cyclic optimization 
Multi-modular computation (1 threads): G-Q-Pt-FG-LT-LP(C)
5-9-
check-G-Q-Pt-FG-LT-LP(C)
Nb Primes used :9
primes of bitsize 28
G-Q-Pt-FG-LT-LP(C)
Dimension of the quotient :1
Degree of the radical :1
Use last variable as separating element
Separating form: [0, 0, 1]
Run Groebner learn
Test cyclic optimization
Apply cyclic optimization 
Multi-modular computation (1 threads): G-Q-Pt-FG-LT-LP(C)
5-9-
check-G-Q-Pt-FG-LT-LP(C)
Nb Primes used :9
primes of bitsize 28
G-Q-Pt-FG-LT-LP(C)
Dimension of the quotient :1
Degree of the radical :1
Use last variable as separating element
Separating form: [0, 0, 1]
Run Groebner learn
Test cyclic optimization
Apply cyclic optimization 
Multi-modular computation (1 threads): G-Q-Pt-FG-LT-LP(C)
5-9-
check-G-Q-Pt-FG-LT-LP(C)
Nb Primes used :9
primes of bitsize 28
G-Q-Pt-FG-LT-LP(C)
Dimension of the quotient :1
Degree of the radical :1
Use last variable as separating element
Separating form: [0, 0, 1]
Run Groebner learn
Test cyclic optimization
Apply cyclic optimization 
Multi-modular computation (1 threads): G-Q-Pt-FG-LT-LP(C)
5-9-
check-G-Q-Pt-FG-LT-LP(C)
Nb Primes used :9
primes of bitsize 28
G-Q-Pt-FG-LT-LP(C)
Dimension of the quotient :1
Degree of the radical :1
Use last variable as separating element
Separating form: [0, 0, 1]
Run Groebner learn
Test cyclic optimization
Apply cyclic optimization 
Multi-modular computation (1 threads): G-Q-Pt-FG-LT-LP(C)
5-9-
check-G-Q-Pt-FG-LT-LP(C)
Nb Primes used :9
primes of bitsize 28
G-Q-Pt-FG-LT-LP(C)
Dimension of the quotient :1
Degree of the radical :1
Use last variable as separating element
Separating form: [0, 0, 1]
Run Groebner learn
Test cyclic optimization
Apply cyclic optimization 
Multi-modular computation (1 threads): G-Q-Pt-FG-LT-LP(C)
5-9-
check-G-Q-Pt-FG-LT-LP(C)
Nb Primes used :9
primes of bitsize 28
G-Q-Pt-FG-LT-LP(C)
Dimension of the quotient :1
Degree of the radical :1
Use last variable as separating element
Separating form: [0, 0, 1]
Run Groebner learn
Test cyclic optimization
Apply cyclic optimization 
Multi-modular computation (1 threads): G-Q-Pt-FG-LT-LP(C)
5-9-
check-G-Q-Pt-FG-LT-LP(C)
Nb Primes used :9
primes of bitsize 28
G-Q-Pt-FG-LT-LP(C)
Dimension of the quotient :1
Degree of the radical :1
Use last variable as separating element
Separating form: [0, 0, 1]
Run Groebner learn
Test cyclic optimization
Apply cyclic optimization 
Multi-modular computation (1 threads): G-Q-Pt-FG-LT-LP(C)
5-9-
check-G-Q-Pt-FG-LT-LP(C)
Nb Primes used :9
primes of bitsize 28
G-Q-Pt-FG-LT-LP(C)
Dimension of the quotient :1
Degree of the radical :1
Use last variable as separating element
Separating form: [0, 0, 1]
Run Groebner learn
Test cyclic optimization
Apply cyclic optimization 
Multi-modular computation (1 threads): G-Q-Pt-FG-LT-LP(C)
5-9-
check-G-Q-Pt-FG-LT-LP(C)
Nb Primes used :9
primes of bitsize 28
G-Q-Pt-FG-LT-LP(C)
Dimension of the quotient :1
Degree of the radical :1
Use last variable as separating element
Separating form: [0, 0, 1]
Run Groebner learn
Test cyclic optimization
Apply cyclic optimization 
Multi-modular computation (1 threads): G-Q-Pt-FG-LT-LP(C)
5-9-
check-G-Q-Pt-FG-LT-LP(C)
Nb Primes used :9
primes of bitsize 28
G-Q-Pt-FG-LT-LP(C)
Dimension of the quotient :1
Degree of the radical :1
Use last variable as separating element
Separating form: [0, 0, 1]
Run Groebner learn
Test cyclic optimization
Apply cyclic optimization 
Multi-modular computation (1 threads): G-Q-Pt-FG-LT-LP(C)
5-9-
check-G-Q-Pt-FG-LT-LP(C)
Nb Primes used :9
primes of bitsize 28
G-Q-Pt-FG-LT-LP(C)
Dimension of the quotient :1
Degree of the radical :1
Use last variable as separating element
Separating form: [0, 0, 1]
Run Groebner learn
Test cyclic optimization
Apply cyclic optimization 
Multi-modular computation (1 threads): G-Q-Pt-FG-LT-LP(C)
5-9-
check-G-Q-Pt-FG-LT-LP(C)
Nb Primes used :9
primes of bitsize 28
G-Q-Pt-FG-LT-LP(C)
Dimension of the quotient :1
Degree of the radical :1
Use last variable as separating element
Separating form: [0, 0, 1]
Run Groebner learn
Test cyclic optimization
Apply cyclic optimization 
Multi-modular computation (1 threads): G-Q-Pt-FG-LT-LP(C)
5-9-
check-G-Q-Pt-FG-LT-LP(C)
Nb Primes used :9
primes of bitsize 28
G-Q-Pt-FG-LT-LP(C)
Dimension of the quotient :1
Degree of the radical :1
Use last variable as separating element
Separating form: [0, 0, 1]
Run Groebner learn
Test cyclic optimization
Apply cyclic optimization 
Multi-modular computation (1 threads): G-Q-Pt-FG-LT-LP(C)
5-9-
check-G-Q-Pt-FG-LT-LP(C)
Nb Primes used :9

Unidentifiability Analysis from multipoint_parameter_estimation:
All unidentifiable variables: Set(Any[a, b])
Unidentifiable variables substitution dictionary: Dict{Any, Any}(a => 0.5386813829975993)
Trivially solvable variables: Dict{Any, Any}()

=== Model: trivial_unident ===

All structurally unidentifiable parameters:
--------------------------------------------------
These parameters cannot be uniquely determined from the data:
  • a
  • b


Minimal set of fixed values to make remaining parameters identifiable:
--------------------------------------------------
These parameters were fixed to make the system identifiable:
  • a = 0.506757


Found 27 distinct solution clusters:

Cluster 1: 1 similar solutions
Best solution (Error: 8.5e-5):
--------------------------------------------------
Variable     | True Value  | Estimated   | Rel. Error
-----------------------------------------------------
x1(t)        |   2.000000 |   1.999995 |   0.000002
a            |   0.600000 |   0.433055 |   0.278242
b            |   0.600000 |   0.766949 |   0.278248


Cluster 2: 1 similar solutions
Best solution (Error: 5.4e-5):
--------------------------------------------------
Variable     | True Value  | Estimated   | Rel. Error
-----------------------------------------------------
x1(t)        |   2.000000 |   2.000005 |   0.000002
a            |   0.600000 |   0.523928 |   0.126787
b            |   0.600000 |   0.676069 |   0.126782


Cluster 3: 1 similar solutions
Best solution (Error: 5.1e-5):
--------------------------------------------------
Variable     | True Value  | Estimated   | Rel. Error
-----------------------------------------------------
x1(t)        |   2.000000 |   2.000012 |   0.000006
a            |   0.600000 |   0.247824 |   0.586960
b            |   0.600000 |   0.952172 |   0.586954


Cluster 4: 1 similar solutions
Best solution (Error: 4.3e-5):
--------------------------------------------------
Variable     | True Value  | Estimated   | Rel. Error
-----------------------------------------------------
x1(t)        |   2.000000 |   2.000004 |   0.000002
a            |   0.600000 |   0.538681 |   0.102198
b            |   0.600000 |   0.661316 |   0.102194


Cluster 5: 1 similar solutions
Best solution (Error: 3.3e-5):
--------------------------------------------------
Variable     | True Value  | Estimated   | Rel. Error
-----------------------------------------------------
x1(t)        |   2.000000 |   2.000007 |   0.000004
a            |   0.600000 |   0.184743 |   0.692095
b            |   0.600000 |   1.015255 |   0.692091


Cluster 6: 1 similar solutions
Best solution (Error: 3.0e-5):
--------------------------------------------------
Variable     | True Value  | Estimated   | Rel. Error
-----------------------------------------------------
x1(t)        |   2.000000 |   2.000101 |   0.000050
a            |   0.600000 |   0.278125 |   0.536459
b            |   0.600000 |   0.921865 |   0.536442


Cluster 7: 1 similar solutions
Best solution (Error: 2.6e-5):
--------------------------------------------------
Variable     | True Value  | Estimated   | Rel. Error
-----------------------------------------------------
x1(t)        |   2.000000 |   2.000086 |   0.000043
a            |   0.600000 |   0.892776 |   0.487960
b            |   0.600000 |   0.307215 |   0.487974


Cluster 8: 1 similar solutions
Best solution (Error: 2.4e-5):
--------------------------------------------------
Variable     | True Value  | Estimated   | Rel. Error
-----------------------------------------------------
x1(t)        |   2.000000 |   2.000003 |   0.000001
a            |   0.600000 |   0.168693 |   0.718845
b            |   0.600000 |   1.031305 |   0.718842


Cluster 9: 1 similar solutions
Best solution (Error: 7.0e-6):
--------------------------------------------------
Variable     | True Value  | Estimated   | Rel. Error
-----------------------------------------------------
x1(t)        |   2.000000 |   1.999995 |   0.000003
a            |   0.600000 |   0.655235 |   0.092058
b            |   0.600000 |   0.544766 |   0.092056


Cluster 10: 1 similar solutions
Best solution (Error: 5.0e-6):
--------------------------------------------------
Variable     | True Value  | Estimated   | Rel. Error
-----------------------------------------------------
x1(t)        |   2.000000 |   2.000001 |   0.000001
a            |   0.600000 |   0.520470 |   0.132551
b            |   0.600000 |   0.679530 |   0.132550


Cluster 11: 1 similar solutions
Best solution (Error: 3.0e-6):
--------------------------------------------------
Variable     | True Value  | Estimated   | Rel. Error
-----------------------------------------------------
x1(t)        |   2.000000 |   2.000002 |   0.000001
a            |   0.600000 |   0.190924 |   0.681794
b            |   0.600000 |   1.009076 |   0.681794


Cluster 12: 1 similar solutions
Best solution (Error: 3.0e-6):
--------------------------------------------------
Variable     | True Value  | Estimated   | Rel. Error
-----------------------------------------------------
x1(t)        |   2.000000 |   1.999994 |   0.000003
a            |   0.600000 |   0.891956 |   0.486594
b            |   0.600000 |   0.308044 |   0.486593


Cluster 13: 1 similar solutions
Best solution (Error: 2.0e-6):
--------------------------------------------------
Variable     | True Value  | Estimated   | Rel. Error
-----------------------------------------------------
x1(t)        |   2.000000 |   1.999999 |   0.000000
a            |   0.600000 |   0.886618 |   0.477697
b            |   0.600000 |   0.313382 |   0.477697


Cluster 14: 1 similar solutions
Best solution (Error: 1.0e-6):
--------------------------------------------------
Variable     | True Value  | Estimated   | Rel. Error
-----------------------------------------------------
x1(t)        |   2.000000 |   1.999997 |   0.000002
a            |   0.600000 |   0.986775 |   0.644625
b            |   0.600000 |   0.213226 |   0.644624


Cluster 15: 1 similar solutions
Best solution (Error: 1.0e-6):
--------------------------------------------------
Variable     | True Value  | Estimated   | Rel. Error
-----------------------------------------------------
x1(t)        |   2.000000 |   2.000003 |   0.000001
a            |   0.600000 |   0.807557 |   0.345928
b            |   0.600000 |   0.392443 |   0.345928


Cluster 16: 1 similar solutions
Best solution (Error: 1.0e-6):
--------------------------------------------------
Variable     | True Value  | Estimated   | Rel. Error
-----------------------------------------------------
x1(t)        |   2.000000 |   1.999998 |   0.000001
a            |   0.600000 |   0.796395 |   0.327325
b            |   0.600000 |   0.403605 |   0.327325


Cluster 17: 1 similar solutions
Best solution (Error: 0.0):
--------------------------------------------------
Variable     | True Value  | Estimated   | Rel. Error
-----------------------------------------------------
x1(t)        |   2.000000 |   2.000000 |   0.000000
a            |   0.600000 |   0.679416 |   0.132360
b            |   0.600000 |   0.520584 |   0.132361


Cluster 18: 1 similar solutions
Best solution (Error: 0.0):
--------------------------------------------------
Variable     | True Value  | Estimated   | Rel. Error
-----------------------------------------------------
x1(t)        |   2.000000 |   2.000000 |   0.000000
a            |   0.600000 |   0.123179 |   0.794702
b            |   0.600000 |   1.076821 |   0.794702


Cluster 19: 1 similar solutions
Best solution (Error: 0.0):
--------------------------------------------------
Variable     | True Value  | Estimated   | Rel. Error
-----------------------------------------------------
x1(t)        |   2.000000 |   2.000000 |   0.000000
a            |   0.600000 |   0.710121 |   0.183535
b            |   0.600000 |   0.489879 |   0.183535


Cluster 20: 1 similar solutions
Best solution (Error: 0.0):
--------------------------------------------------
Variable     | True Value  | Estimated   | Rel. Error
-----------------------------------------------------
x1(t)        |   2.000000 |   2.000000 |   0.000000
a            |   0.600000 |   0.477025 |   0.204958
b            |   0.600000 |   0.722975 |   0.204958


Cluster 21: 1 similar solutions
Best solution (Error: 0.0):
--------------------------------------------------
Variable     | True Value  | Estimated   | Rel. Error
-----------------------------------------------------
x1(t)        |   2.000000 |   2.000000 |   0.000000
a            |   0.600000 |   0.392746 |   0.345424
b            |   0.600000 |   0.807254 |   0.345424


Cluster 22: 1 similar solutions
Best solution (Error: 0.0):
--------------------------------------------------
Variable     | True Value  | Estimated   | Rel. Error
-----------------------------------------------------
x1(t)        |   2.000000 |   2.000000 |   0.000000
a            |   0.600000 |   0.556574 |   0.072377
b            |   0.600000 |   0.643426 |   0.072377


Cluster 23: 1 similar solutions
Best solution (Error: 0.0):
--------------------------------------------------
Variable     | True Value  | Estimated   | Rel. Error
-----------------------------------------------------
x1(t)        |   2.000000 |   2.000000 |   0.000000
a            |   0.600000 |   0.875587 |   0.459311
b            |   0.600000 |   0.324413 |   0.459311


Cluster 24: 1 similar solutions
Best solution (Error: 0.0):
--------------------------------------------------
Variable     | True Value  | Estimated   | Rel. Error
-----------------------------------------------------
x1(t)        |   2.000000 |   2.000000 |   0.000000
a            |   0.600000 |   0.403800 |   0.327001
b            |   0.600000 |   0.796200 |   0.327001


Cluster 25: 1 similar solutions
Best solution (Error: 0.0):
--------------------------------------------------
Variable     | True Value  | Estimated   | Rel. Error
-----------------------------------------------------
x1(t)        |   2.000000 |   2.000000 |   0.000000
a            |   0.600000 |   0.882550 |   0.470917
b            |   0.600000 |   0.317450 |   0.470917


Cluster 26: 1 similar solutions
Best solution (Error: 0.0):
--------------------------------------------------
Variable     | True Value  | Estimated   | Rel. Error
-----------------------------------------------------
x1(t)        |   2.000000 |   2.000000 |   0.000000
a            |   0.600000 |   0.048958 |   0.918404
b            |   0.600000 |   1.151042 |   0.918404


Cluster 27: 1 similar solutions
Best solution (Error: 0.0):
--------------------------------------------------
Variable     | True Value  | Estimated   | Rel. Error
-----------------------------------------------------
x1(t)        |   2.000000 |   2.000000 |   0.000000
a            |   0.600000 |   0.506757 |   0.155405
b            |   0.600000 |   0.693243 |   0.155405


Best approximation error for trivial_unident: 0.0

Best maximum relative error for trivial_unident (excluding ALL unidentifiable parameters): 0.0
Best minimum relative error: 0.0
Best mean relative error: 0.0
Best median relative error: 0.0
Best maximum relative error: 0.0
Best RMS relative error: 0.0
SUCCESS
