Starting model: two_compartment_pk
primes of bitsize 28
G-Q-Pt-FG-LT-LP(C)
Dimension of the quotient :2
Degree of the radical :2
Use last variable as separating element
Separating form: [0, 0, 0, 0, 0, 0, 0, 0, 1]
Run Groebner learn
Test cyclic optimization
Apply cyclic optimization 
Multi-modular computation (1 threads): G-Q-Pt-FG-LT-LP(C)
5-9-13-17-21-25-29-33-37-
check-G-Q-Pt-FG-LT-LP(C)
Nb Primes used :37
primes of bitsize 28
G-Q-Pt-FG-LT-LP(C)
Dimension of the quotient :2
Degree of the radical :2
Use last variable as separating element
Separating form: [0, 0, 0, 0, 0, 0, 0, 0, 1]
Run Groebner learn
Test cyclic optimization
Apply cyclic optimization 
Multi-modular computation (1 threads): G-Q-Pt-FG-LT-LP(C)
5-9-13-17-21-25-29-33-37-
check-G-Q-Pt-FG-LT-LP(C)
Nb Primes used :37
primes of bitsize 28
G-Q-Pt-FG-LT-LP(C)
Dimension of the quotient :2
Degree of the radical :2
Use last variable as separating element
Separating form: [0, 0, 0, 0, 0, 0, 0, 0, 1]
Run Groebner learn
Test cyclic optimization
Apply cyclic optimization 
Multi-modular computation (1 threads): G-Q-Pt-FG-LT-LP(C)
5-9-13-17-21-25-29-33-
check-G-Q-Pt-FG-LT-LP(C)
Nb Primes used :33
primes of bitsize 28
G-Q-Pt-FG-LT-LP(C)
Dimension of the quotient :2
Degree of the radical :2
Use last variable as separating element
Separating form: [0, 0, 0, 0, 0, 0, 0, 0, 1]
Run Groebner learn
Test cyclic optimization
Apply cyclic optimization 
Multi-modular computation (1 threads): G-Q-Pt-FG-LT-LP(C)
5-9-13-17-21-25-29-33-
check-G-Q-Pt-FG-LT-LP(C)
Nb Primes used :33
primes of bitsize 28
G-Q-Pt-FG-LT-LP(C)
Dimension of the quotient :2
Degree of the radical :2
Use last variable as separating element
Separating form: [0, 0, 0, 0, 0, 0, 0, 0, 1]
Run Groebner learn
Test cyclic optimization
Apply cyclic optimization 
Multi-modular computation (1 threads): G-Q-Pt-FG-LT-LP(C)
5-9-13-17-21-25-29-33-
check-G-Q-Pt-FG-LT-LP(C)
Nb Primes used :33
┌ Warning: Interrupted. Larger maxiters is needed. If you are using an integrator for non-stiff ODEs or an automatic switching algorithm (the default), you may want to consider using a method for stiff equations. See the solver pages for more details (e.g. https://docs.sciml.ai/DiffEqDocs/stable/solvers/ode_solve/#Stiff-Problems).
└ @ SciMLBase ~/.julia/packages/SciMLBase/u2Ue2/src/integrator_interface.jl:589
┌ Warning: Interrupted. Larger maxiters is needed. If you are using an integrator for non-stiff ODEs or an automatic switching algorithm (the default), you may want to consider using a method for stiff equations. See the solver pages for more details (e.g. https://docs.sciml.ai/DiffEqDocs/stable/solvers/ode_solve/#Stiff-Problems).
└ @ SciMLBase ~/.julia/packages/SciMLBase/u2Ue2/src/integrator_interface.jl:589
primes of bitsize 28
G-Q-Pt-FG-LT-LP(C)
Dimension of the quotient :2
Degree of the radical :2
Use last variable as separating element
Separating form: [0, 0, 0, 0, 0, 0, 0, 0, 1]
Run Groebner learn
Test cyclic optimization
Apply cyclic optimization 
Multi-modular computation (1 threads): G-Q-Pt-FG-LT-LP(C)
5-9-13-17-21-25-29-33-
check-G-Q-Pt-FG-LT-LP(C)
Nb Primes used :33
primes of bitsize 28
G-Q-Pt-FG-LT-LP(C)
Dimension of the quotient :2
Degree of the radical :2
Use last variable as separating element
Separating form: [0, 0, 0, 0, 0, 0, 0, 0, 1]
Run Groebner learn
Test cyclic optimization
Apply cyclic optimization 
Multi-modular computation (1 threads): G-Q-Pt-FG-LT-LP(C)
5-9-13-17-21-25-29-33-
check-G-Q-Pt-FG-LT-LP(C)
Nb Primes used :33
primes of bitsize 28
G-Q-Pt-FG-LT-LP(C)
Dimension of the quotient :2
Degree of the radical :2
Use last variable as separating element
Separating form: [0, 0, 0, 0, 0, 0, 0, 0, 1]
Run Groebner learn
Test cyclic optimization
Apply cyclic optimization 
Multi-modular computation (1 threads): G-Q-Pt-FG-LT-LP(C)
5-9-13-17-21-25-29-
check-G-Q-Pt-FG-LT-LP(C)
Nb Primes used :29
primes of bitsize 28
G-Q-Pt-FG-LT-LP(C)
Dimension of the quotient :2
Degree of the radical :2
Use last variable as separating element
Separating form: [0, 0, 0, 0, 0, 0, 0, 0, 1]
Run Groebner learn
Test cyclic optimization
Apply cyclic optimization 
Multi-modular computation (1 threads): G-Q-Pt-FG-LT-LP(C)
5-9-13-17-21-25-29-33-
check-G-Q-Pt-FG-LT-LP(C)
Nb Primes used :33
primes of bitsize 28
G-Q-Pt-FG-LT-LP(C)
Dimension of the quotient :2
Degree of the radical :2
Use last variable as separating element
Separating form: [0, 0, 0, 0, 0, 0, 0, 0, 1]
Run Groebner learn
Test cyclic optimization
Apply cyclic optimization 
Multi-modular computation (1 threads): G-Q-Pt-FG-LT-LP(C)
5-9-13-17-21-25-29-33-
check-G-Q-Pt-FG-LT-LP(C)
Nb Primes used :33
primes of bitsize 28
G-Q-Pt-FG-LT-LP(C)
Dimension of the quotient :2
Degree of the radical :2
Use last variable as separating element
Separating form: [0, 0, 0, 0, 0, 0, 0, 0, 1]
Run Groebner learn
Test cyclic optimization
Apply cyclic optimization 
Multi-modular computation (1 threads): G-Q-Pt-FG-LT-LP(C)
5-9-13-17-21-25-29-33-
check-G-Q-Pt-FG-LT-LP(C)
Nb Primes used :33
primes of bitsize 28
G-Q-Pt-FG-LT-LP(C)
Dimension of the quotient :2
Degree of the radical :2
Use last variable as separating element
Separating form: [0, 0, 0, 0, 0, 0, 0, 0, 1]
Run Groebner learn
Test cyclic optimization
Apply cyclic optimization 
Multi-modular computation (1 threads): G-Q-Pt-FG-LT-LP(C)
5-9-13-17-21-25-29-33-
check-G-Q-Pt-FG-LT-LP(C)
Nb Primes used :33
primes of bitsize 28
G-Q-Pt-FG-LT-LP(C)
Dimension of the quotient :2
Degree of the radical :2
Use last variable as separating element
Separating form: [0, 0, 0, 0, 0, 0, 0, 0, 1]
Run Groebner learn
Test cyclic optimization
Apply cyclic optimization 
Multi-modular computation (1 threads): G-Q-Pt-FG-LT-LP(C)
5-9-13-17-21-25-29-33-
check-G-Q-Pt-FG-LT-LP(C)
Nb Primes used :33
primes of bitsize 28
G-Q-Pt-FG-LT-LP(C)
Dimension of the quotient :2
Degree of the radical :2
Use last variable as separating element
Separating form: [0, 0, 0, 0, 0, 0, 0, 0, 1]
Run Groebner learn
Test cyclic optimization
Apply cyclic optimization 
Multi-modular computation (1 threads): G-Q-Pt-FG-LT-LP(C)
5-9-13-17-21-25-29-33-
check-G-Q-Pt-FG-LT-LP(C)
Nb Primes used :33
primes of bitsize 28
G-Q-Pt-FG-LT-LP(C)
Dimension of the quotient :2
Degree of the radical :2
Use last variable as separating element
Separating form: [0, 0, 0, 0, 0, 0, 0, 0, 1]
Run Groebner learn
Test cyclic optimization
Apply cyclic optimization 
Multi-modular computation (1 threads): G-Q-Pt-FG-LT-LP(C)
5-9-13-17-21-25-29-33-
check-G-Q-Pt-FG-LT-LP(C)
Nb Primes used :33
primes of bitsize 28
G-Q-Pt-FG-LT-LP(C)
Dimension of the quotient :2
Degree of the radical :2
Use last variable as separating element
Separating form: [0, 0, 0, 0, 0, 0, 0, 0, 1]
Run Groebner learn
Test cyclic optimization
Apply cyclic optimization 
Multi-modular computation (1 threads): G-Q-Pt-FG-LT-LP(C)
5-9-13-17-21-25-29-
check-G-Q-Pt-FG-LT-LP(C)
Nb Primes used :29
primes of bitsize 28
G-Q-Pt-FG-LT-LP(C)
Dimension of the quotient :2
Degree of the radical :2
Use last variable as separating element
Separating form: [0, 0, 0, 0, 0, 0, 0, 0, 1]
Run Groebner learn
Test cyclic optimization
Apply cyclic optimization 
Multi-modular computation (1 threads): G-Q-Pt-FG-LT-LP(C)
5-9-13-17-21-25-29-33-
check-G-Q-Pt-FG-LT-LP(C)
Nb Primes used :33
primes of bitsize 28
G-Q-Pt-FG-LT-LP(C)
Dimension of the quotient :2
Degree of the radical :2
Use last variable as separating element
Separating form: [0, 0, 0, 0, 0, 0, 0, 0, 1]
Run Groebner learn
Test cyclic optimization
Apply cyclic optimization 
Multi-modular computation (1 threads): G-Q-Pt-FG-LT-LP(C)
5-9-13-17-21-25-29-
check-G-Q-Pt-FG-LT-LP(C)
Nb Primes used :29
primes of bitsize 28
G-Q-Pt-FG-LT-LP(C)
Dimension of the quotient :2
Degree of the radical :2
Use last variable as separating element
Separating form: [0, 0, 0, 0, 0, 0, 0, 0, 1]
Run Groebner learn
Test cyclic optimization
Apply cyclic optimization 
Multi-modular computation (1 threads): G-Q-Pt-FG-LT-LP(C)
5-9-13-17-21-25-29-
check-G-Q-Pt-FG-LT-LP(C)
Nb Primes used :29
primes of bitsize 28
G-Q-Pt-FG-LT-LP(C)
Dimension of the quotient :2
Degree of the radical :2
Use last variable as separating element
Separating form: [0, 0, 0, 0, 0, 0, 0, 0, 1]
Run Groebner learn
Test cyclic optimization
Apply cyclic optimization 
Multi-modular computation (1 threads): G-Q-Pt-FG-LT-LP(C)
5-9-13-17-21-25-29-
check-G-Q-Pt-FG-LT-LP(C)
Nb Primes used :29
primes of bitsize 28
G-Q-Pt-FG-LT-LP(C)
Dimension of the quotient :2
Degree of the radical :2
Use last variable as separating element
Separating form: [0, 0, 0, 0, 0, 0, 0, 0, 1]
Run Groebner learn
Test cyclic optimization
Apply cyclic optimization 
Multi-modular computation (1 threads): G-Q-Pt-FG-LT-LP(C)
5-9-13-17-21-25-29-
check-G-Q-Pt-FG-LT-LP(C)
Nb Primes used :29
primes of bitsize 28
G-Q-Pt-FG-LT-LP(C)
Dimension of the quotient :2
Degree of the radical :2
Use last variable as separating element
Separating form: [0, 0, 0, 0, 0, 0, 0, 0, 1]
Run Groebner learn
Test cyclic optimization
Apply cyclic optimization 
Multi-modular computation (1 threads): G-Q-Pt-FG-LT-LP(C)
5-9-13-17-21-25-29-
check-G-Q-Pt-FG-LT-LP(C)
Nb Primes used :29
primes of bitsize 28
G-Q-Pt-FG-LT-LP(C)
Dimension of the quotient :2
Degree of the radical :2
Use last variable as separating element
Separating form: [0, 0, 0, 0, 0, 0, 0, 0, 1]
Run Groebner learn
Test cyclic optimization
Apply cyclic optimization 
Multi-modular computation (1 threads): G-Q-Pt-FG-LT-LP(C)
5-9-13-17-21-25-29-
check-G-Q-Pt-FG-LT-LP(C)
Nb Primes used :29
primes of bitsize 28
G-Q-Pt-FG-LT-LP(C)
Dimension of the quotient :2
Degree of the radical :2
Use last variable as separating element
Separating form: [0, 0, 0, 0, 0, 0, 0, 0, 0, 0, 0, 1]
Run Groebner learn
Test cyclic optimization
Apply cyclic optimization 
Multi-modular computation (1 threads): G-Q-Pt-FG-LT-LP(C)
5-9-13-17-21-25-29-33-37-
check-G-Q-Pt-FG-LT-LP(C)
Nb Primes used :37
primes of bitsize 28
G-Q-Pt-FG-LT-LP(C)
Dimension of the quotient :2
Degree of the radical :2
Use last variable as separating element
Separating form: [0, 0, 0, 0, 0, 0, 0, 0, 0, 0, 0, 1]
Run Groebner learn
Test cyclic optimization
Apply cyclic optimization 
Multi-modular computation (1 threads): G-Q-Pt-FG-LT-LP(C)
5-9-13-17-21-25-29-33-
check-G-Q-Pt-FG-LT-LP(C)
Nb Primes used :33
primes of bitsize 28
G-Q-Pt-FG-LT-LP(C)
Dimension of the quotient :2
Degree of the radical :2
Use last variable as separating element
Separating form: [0, 0, 0, 0, 0, 0, 0, 0, 0, 0, 0, 1]
Run Groebner learn
Test cyclic optimization
Apply cyclic optimization 
Multi-modular computation (1 threads): G-Q-Pt-FG-LT-LP(C)
5-9-13-17-21-25-29-33-
check-G-Q-Pt-FG-LT-LP(C)
Nb Primes used :33
primes of bitsize 28
G-Q-Pt-FG-LT-LP(C)
Dimension of the quotient :2
Degree of the radical :2
Use last variable as separating element
Separating form: [0, 0, 0, 0, 0, 0, 0, 0, 0, 0, 0, 1]
Run Groebner learn
Test cyclic optimization
Apply cyclic optimization 
Multi-modular computation (1 threads): G-Q-Pt-FG-LT-LP(C)
5-9-13-17-21-25-29-
check-G-Q-Pt-FG-LT-LP(C)
Nb Primes used :29
primes of bitsize 28
G-Q-Pt-FG-LT-LP(C)
Dimension of the quotient :2
Degree of the radical :2
Use last variable as separating element
Separating form: [0, 0, 0, 0, 0, 0, 0, 0, 0, 0, 0, 1]
Run Groebner learn
Test cyclic optimization
Apply cyclic optimization 
Multi-modular computation (1 threads): G-Q-Pt-FG-LT-LP(C)
5-9-13-17-21-25-29-33-
check-G-Q-Pt-FG-LT-LP(C)
Nb Primes used :33
primes of bitsize 28
G-Q-Pt-FG-LT-LP(C)
Dimension of the quotient :2
Degree of the radical :2
Use last variable as separating element
Separating form: [0, 0, 0, 0, 0, 0, 0, 0, 0, 0, 0, 1]
Run Groebner learn
Test cyclic optimization
Apply cyclic optimization 
Multi-modular computation (1 threads): G-Q-Pt-FG-LT-LP(C)
5-9-13-17-21-25-29-33-
check-G-Q-Pt-FG-LT-LP(C)
Nb Primes used :33
primes of bitsize 28
G-Q-Pt-FG-LT-LP(C)
Dimension of the quotient :2
Degree of the radical :2
Use last variable as separating element
Separating form: [0, 0, 0, 0, 0, 0, 0, 0, 0, 0, 0, 1]
Run Groebner learn
Test cyclic optimization
Apply cyclic optimization 
Multi-modular computation (1 threads): G-Q-Pt-FG-LT-LP(C)
5-9-13-17-21-25-29-
check-G-Q-Pt-FG-LT-LP(C)
Nb Primes used :29
primes of bitsize 28
G-Q-Pt-FG-LT-LP(C)
Dimension of the quotient :2
Degree of the radical :2
Use last variable as separating element
Separating form: [0, 0, 0, 0, 0, 0, 0, 0, 0, 0, 0, 1]
Run Groebner learn
Test cyclic optimization
Apply cyclic optimization 
Multi-modular computation (1 threads): G-Q-Pt-FG-LT-LP(C)
5-9-13-17-21-25-29-
check-G-Q-Pt-FG-LT-LP(C)
Nb Primes used :29
primes of bitsize 28
G-Q-Pt-FG-LT-LP(C)
Dimension of the quotient :2
Degree of the radical :2
Use last variable as separating element
Separating form: [0, 0, 0, 0, 0, 0, 0, 0, 0, 0, 0, 1]
Run Groebner learn
Test cyclic optimization
Apply cyclic optimization 
Multi-modular computation (1 threads): G-Q-Pt-FG-LT-LP(C)
5-9-13-17-21-25-29-33-
check-G-Q-Pt-FG-LT-LP(C)
Nb Primes used :33
primes of bitsize 28
G-Q-Pt-FG-LT-LP(C)
Dimension of the quotient :2
Degree of the radical :2
Use last variable as separating element
Separating form: [0, 0, 0, 0, 0, 0, 0, 0, 0, 0, 0, 1]
Run Groebner learn
Test cyclic optimization
Apply cyclic optimization 
Multi-modular computation (1 threads): G-Q-Pt-FG-LT-LP(C)
5-9-13-17-21-25-29-33-
check-G-Q-Pt-FG-LT-LP(C)
Nb Primes used :33
┌ Warning: Interrupted. Larger maxiters is needed. If you are using an integrator for non-stiff ODEs or an automatic switching algorithm (the default), you may want to consider using a method for stiff equations. See the solver pages for more details (e.g. https://docs.sciml.ai/DiffEqDocs/stable/solvers/ode_solve/#Stiff-Problems).
└ @ SciMLBase ~/.julia/packages/SciMLBase/u2Ue2/src/integrator_interface.jl:589
primes of bitsize 28
G-Q-Pt-FG-LT-LP(C)
Dimension of the quotient :2
Degree of the radical :2
Use last variable as separating element
Separating form: [0, 0, 0, 0, 0, 0, 0, 0, 0, 0, 0, 1]
Run Groebner learn
Test cyclic optimization
Apply cyclic optimization 
Multi-modular computation (1 threads): G-Q-Pt-FG-LT-LP(C)
5-9-13-17-21-25-29-33-
check-G-Q-Pt-FG-LT-LP(C)
Nb Primes used :33
┌ Warning: Interrupted. Larger maxiters is needed. If you are using an integrator for non-stiff ODEs or an automatic switching algorithm (the default), you may want to consider using a method for stiff equations. See the solver pages for more details (e.g. https://docs.sciml.ai/DiffEqDocs/stable/solvers/ode_solve/#Stiff-Problems).
└ @ SciMLBase ~/.julia/packages/SciMLBase/u2Ue2/src/integrator_interface.jl:589
┌ Warning: Interrupted. Larger maxiters is needed. If you are using an integrator for non-stiff ODEs or an automatic switching algorithm (the default), you may want to consider using a method for stiff equations. See the solver pages for more details (e.g. https://docs.sciml.ai/DiffEqDocs/stable/solvers/ode_solve/#Stiff-Problems).
└ @ SciMLBase ~/.julia/packages/SciMLBase/u2Ue2/src/integrator_interface.jl:589
primes of bitsize 28
G-Q-┌ Warning: System is not zero-dimensional, adding a random linear equation.
└ @ ODEParameterEstimation ~/.julia/dev/ODEParameterEstimation/src/core/homotopy_continuation.jl:284
primes of bitsize 28
G-Q-Pt-FG-LT-LP(C)
Dimension of the quotient :3
Degree of the radical :3
Use last variable as separating element
Separating form: [0, 0, 0, 0, 0, 0, 1]
Run Groebner learn
Test cyclic optimization
Apply cyclic optimization 
Multi-modular computation (1 threads): G-Q-Pt-FG-LT-LP(C)
5-9-13-17-21-25-29-33-
check-G-Q-Pt-FG-LT-LP(C)
Nb Primes used :33

Unidentifiability Analysis from multipoint_parameter_estimation:
All unidentifiable variables: Set(Any[k21, V1, C2(t), ke, k12, V2])
Unidentifiable variables substitution dictionary: Dict{Any, Any}(k12 => 0.4659559012995541, V1 => 0.40141274409082084, V2 => 0.4717402948976608)
Trivially solvable variables: Dict{Any, Any}()

=== Model: two_compartment_pk ===

All structurally unidentifiable parameters:
--------------------------------------------------
These parameters cannot be uniquely determined from the data:
  • k12
  • k21
  • V1
  • C2(t)
  • V2
  • ke


Minimal set of fixed values to make remaining parameters identifiable:
--------------------------------------------------
These parameters were fixed to make the system identifiable:
  • k12 = 0.007403
  • V1 = 0.455603
  • V2 = 0.483434


Found 27 distinct solution clusters:

Cluster 1: 1 similar solutions
Best solution (Error: 0.336214):
--------------------------------------------------
Variable     | True Value  | Estimated   | Rel. Error
-----------------------------------------------------
C1(t)        |  10.000000 | 155.943719 |  14.594372
C2(t)        |   0.000000 | -509.390654 | 509.390654
k12          |   0.500000 |   0.103649 |   0.792702
k21          |   0.250000 |   0.961746 |   2.846984
ke           |   0.150000 |   0.048744 |   0.675038
V1           |   1.000000 |   0.789751 |   0.210249
V2           |   2.000000 |   0.226562 |   0.886719


Cluster 2: 1 similar solutions
Best solution (Error: 0.336184):
--------------------------------------------------
Variable     | True Value  | Estimated   | Rel. Error
-----------------------------------------------------
C1(t)        |  10.000000 | 155.930978 |  14.593098
C2(t)        |   0.000000 | 131.183225 | 131.183225
k12          |   0.500000 |   0.103649 |   0.792702
k21          |   0.250000 |   0.048744 |   0.805023
ke           |   0.150000 |   0.961746 |   5.411641
V1           |   1.000000 |   0.789751 |   0.210249
V2           |   2.000000 |   0.226562 |   0.886719


Cluster 3: 1 similar solutions
Best solution (Error: 0.135374):
--------------------------------------------------
Variable     | True Value  | Estimated   | Rel. Error
-----------------------------------------------------
C1(t)        |  10.000000 | -42.659647 |   5.265965
C2(t)        |   0.000000 |  60.833209 |  60.833209
k12          |   0.500000 |   0.233201 |   0.533599
k21          |   0.250000 |   0.062217 |   0.751130
ke           |   0.150000 |   0.598309 |   2.988729
V1           |   1.000000 |   0.757794 |   0.242206
V2           |   2.000000 |   0.566984 |   0.716508


Cluster 4: 1 similar solutions
Best solution (Error: 0.019127):
--------------------------------------------------
Variable     | True Value  | Estimated   | Rel. Error
-----------------------------------------------------
C1(t)        |  10.000000 |   2.538177 |   0.746182
C2(t)        |   0.000000 | -17.350771 |  17.350771
k12          |   0.500000 |   0.395141 |   0.209719
k21          |   0.250000 |  -0.847744 |   4.390975
ke           |   0.150000 |   0.024386 |   0.837424
V1           |   1.000000 |   0.376234 |   0.623766
V2           |   2.000000 |   0.024393 |   0.987803


Cluster 5: 1 similar solutions
Best solution (Error: 0.019127):
--------------------------------------------------
Variable     | True Value  | Estimated   | Rel. Error
-----------------------------------------------------
C1(t)        |  10.000000 |   2.538177 |   0.746182
C2(t)        |   0.000000 | -796.882529 | 796.882529
k12          |   0.500000 |   0.395141 |   0.209719
k21          |   0.250000 |   0.024386 |   0.902454
ke           |   0.150000 |  -0.847744 |   6.651625
V1           |   1.000000 |   0.376234 |   0.623766
V2           |   2.000000 |   0.024393 |   0.987803


Cluster 6: 1 similar solutions
Best solution (Error: 0.018811):
--------------------------------------------------
Variable     | True Value  | Estimated   | Rel. Error
-----------------------------------------------------
C1(t)        |  10.000000 |   2.609141 |   0.739086
C2(t)        |   0.000000 | -602.883693 | 602.883693
k12          |   0.500000 |   0.318558 |   0.362883
k21          |   0.250000 |   0.000144 |   0.999424
ke           |   0.150000 |  -0.274813 |   2.832090
V1           |   1.000000 |   0.740016 |   0.259984
V2           |   2.000000 |   0.020383 |   0.989809


Cluster 7: 1 similar solutions
Best solution (Error: 0.00673):
--------------------------------------------------
Variable     | True Value  | Estimated   | Rel. Error
-----------------------------------------------------
C1(t)        |  10.000000 |   7.289677 |   0.271032
C2(t)        |   0.000000 |  -1.406355 |   1.406355
k12          |   0.500000 |   0.193875 |   0.612249
k21          |   0.250000 |   0.614220 |   1.456882
ke           |   0.150000 |   0.058684 |   0.608772
V1           |   1.000000 |   0.115611 |   0.884389
V2           |   2.000000 |   0.291833 |   0.854083


Cluster 8: 1 similar solutions
Best solution (Error: 0.00673):
--------------------------------------------------
Variable     | True Value  | Estimated   | Rel. Error
-----------------------------------------------------
C1(t)        |  10.000000 |   7.289814 |   0.271019
C2(t)        |   0.000000 |  12.618126 |  12.618126
k12          |   0.500000 |   0.193875 |   0.612249
k21          |   0.250000 |   0.058684 |   0.765263
ke           |   0.150000 |   0.614220 |   3.094803
V1           |   1.000000 |   0.115611 |   0.884389
V2           |   2.000000 |   0.291833 |   0.854083


Cluster 9: 1 similar solutions
Best solution (Error: 0.002836):
--------------------------------------------------
Variable     | True Value  | Estimated   | Rel. Error
-----------------------------------------------------
C1(t)        |  10.000000 |   8.872325 |   0.112767
C2(t)        |   0.000000 |  -6.419444 |   6.419444
k12          |   0.500000 |   0.233201 |   0.533599
k21          |   0.250000 |   0.598309 |   1.393238
ke           |   0.150000 |   0.062217 |   0.585217
V1           |   1.000000 |   0.757794 |   0.242206
V2           |   2.000000 |   0.566984 |   0.716508


Cluster 10: 1 similar solutions
Best solution (Error: 0.000689):
--------------------------------------------------
Variable     | True Value  | Estimated   | Rel. Error
-----------------------------------------------------
C1(t)        |  10.000000 |  10.269351 |   0.026935
C2(t)        |   0.000000 |   7.377951 |   7.377951
k12          |   0.500000 |   0.342188 |   0.315623
k21          |   0.250000 |   0.078176 |   0.687297
ke           |   0.150000 |   0.479754 |   2.198361
V1           |   1.000000 |   0.257581 |   0.742419
V2           |   2.000000 |   0.763343 |   0.618329


Cluster 11: 1 similar solutions
Best solution (Error: 0.000318):
--------------------------------------------------
Variable     | True Value  | Estimated   | Rel. Error
-----------------------------------------------------
C1(t)        |  10.000000 |   9.867785 |   0.013221
C2(t)        |   0.000000 |  55.061813 |  55.061813
k12          |   0.500000 |   0.307261 |   0.385478
k21          |   0.250000 |   0.072150 |   0.711402
ke           |   0.150000 |   0.518434 |   2.456228
V1           |   1.000000 |   0.919005 |   0.080995
V2           |   2.000000 |   0.411017 |   0.794491


Cluster 12: 1 similar solutions
Best solution (Error: 0.000318):
--------------------------------------------------
Variable     | True Value  | Estimated   | Rel. Error
-----------------------------------------------------
C1(t)        |  10.000000 |   9.867787 |   0.013221
C2(t)        |   0.000000 | -11.330242 |  11.330242
k12          |   0.500000 |   0.307261 |   0.385478
k21          |   0.250000 |   0.518434 |   1.073737
ke           |   0.150000 |   0.072150 |   0.519003
V1           |   1.000000 |   0.919005 |   0.080995
V2           |   2.000000 |   0.411017 |   0.794491


Cluster 13: 1 similar solutions
Best solution (Error: 0.000191):
--------------------------------------------------
Variable     | True Value  | Estimated   | Rel. Error
-----------------------------------------------------
C1(t)        |  10.000000 |  10.078752 |   0.007875
C2(t)        |   0.000000 |  -8.752010 |   8.752010
k12          |   0.500000 |   0.343652 |   0.312697
k21          |   0.250000 |   0.479069 |   0.916276
ke           |   0.150000 |   0.078377 |   0.477487
V1           |   1.000000 |   0.847930 |   0.152070
V2           |   2.000000 |   0.469625 |   0.765187


Cluster 14: 1 similar solutions
Best solution (Error: 0.000191):
--------------------------------------------------
Variable     | True Value  | Estimated   | Rel. Error
-----------------------------------------------------
C1(t)        |  10.000000 |  10.078751 |   0.007875
C2(t)        |   0.000000 |  39.537719 |  39.537719
k12          |   0.500000 |   0.343652 |   0.312697
k21          |   0.250000 |   0.078377 |   0.686492
ke           |   0.150000 |   0.479069 |   2.193793
V1           |   1.000000 |   0.847930 |   0.152070
V2           |   2.000000 |   0.469625 |   0.765187


Cluster 15: 1 similar solutions
Best solution (Error: 4.6e-5):
--------------------------------------------------
Variable     | True Value  | Estimated   | Rel. Error
-----------------------------------------------------
C1(t)        |  10.000000 |  10.018340 |   0.001834
C2(t)        |   0.000000 |  -1.621404 |   1.621404
k12          |   0.500000 |   0.342188 |   0.315623
k21          |   0.250000 |   0.479754 |   0.919017
ke           |   0.150000 |   0.078176 |   0.478828
V1           |   1.000000 |   0.257581 |   0.742419
V2           |   2.000000 |   0.763343 |   0.618329


Cluster 16: 1 similar solutions
Best solution (Error: 3.0e-6):
--------------------------------------------------
Variable     | True Value  | Estimated   | Rel. Error
-----------------------------------------------------
C1(t)        |  10.000000 |  10.001351 |   0.000135
C2(t)        |   0.000000 |  -8.174051 |   8.174051
k12          |   0.500000 |   0.474570 |   0.050861
k21          |   0.250000 |   0.300807 |   0.203228
ke           |   0.150000 |   0.124674 |   0.168841
V1           |   1.000000 |   0.944128 |   0.055872
V2           |   2.000000 |   0.195165 |   0.902418


Cluster 17: 1 similar solutions
Best solution (Error: 3.0e-6):
--------------------------------------------------
Variable     | True Value  | Estimated   | Rel. Error
-----------------------------------------------------
C1(t)        |  10.000000 |  10.001351 |   0.000135
C2(t)        |   0.000000 |  48.630503 |  48.630503
k12          |   0.500000 |   0.474570 |   0.050861
k21          |   0.250000 |   0.124674 |   0.501305
ke           |   0.150000 |   0.300807 |   1.005380
V1           |   1.000000 |   0.944128 |   0.055872
V2           |   2.000000 |   0.195165 |   0.902418


Cluster 18: 1 similar solutions
Best solution (Error: 3.0e-6):
--------------------------------------------------
Variable     | True Value  | Estimated   | Rel. Error
-----------------------------------------------------
C1(t)        |  10.000000 |   9.998717 |   0.000128
C2(t)        |   0.000000 |  -1.753885 |   1.753885
k12          |   0.500000 |   0.465956 |   0.068088
k21          |   0.250000 |   0.314938 |   0.259753
ke           |   0.150000 |   0.119065 |   0.206230
V1           |   1.000000 |   0.401413 |   0.598587
V2           |   2.000000 |   0.471740 |   0.764130


Cluster 19: 1 similar solutions
Best solution (Error: 3.0e-6):
--------------------------------------------------
Variable     | True Value  | Estimated   | Rel. Error
-----------------------------------------------------
C1(t)        |  10.000000 |   9.998717 |   0.000128
C2(t)        |   0.000000 |   9.357370 |   9.357370
k12          |   0.500000 |   0.465956 |   0.068088
k21          |   0.250000 |   0.119065 |   0.523738
ke           |   0.150000 |   0.314938 |   1.099589
V1           |   1.000000 |   0.401413 |   0.598587
V2           |   2.000000 |   0.471740 |   0.764130


Cluster 20: 1 similar solutions
Best solution (Error: 0.0):
--------------------------------------------------
Variable     | True Value  | Estimated   | Rel. Error
-----------------------------------------------------
C1(t)        |  10.000000 |   9.999847 |   0.000015
C2(t)        |   0.000000 |  -3.728146 |   3.728146
k12          |   0.500000 |   0.371303 |   0.257394
k21          |   0.250000 |   0.444292 |   0.777167
ke           |   0.150000 |   0.084404 |   0.437308
V1           |   1.000000 |   0.446092 |   0.553908
V2           |   2.000000 |   0.523245 |   0.738377


Cluster 21: 1 similar solutions
Best solution (Error: 0.0):
--------------------------------------------------
Variable     | True Value  | Estimated   | Rel. Error
-----------------------------------------------------
C1(t)        |  10.000000 |  10.000069 |   0.000007
C2(t)        |   0.000000 |  16.726528 |  16.726528
k12          |   0.500000 |   0.371303 |   0.257394
k21          |   0.250000 |   0.084404 |   0.662385
ke           |   0.150000 |   0.444292 |   1.961945
V1           |   1.000000 |   0.446092 |   0.553908
V2           |   2.000000 |   0.523245 |   0.738377


Cluster 22: 1 similar solutions
Best solution (Error: 0.0):
--------------------------------------------------
Variable     | True Value  | Estimated   | Rel. Error
-----------------------------------------------------
C1(t)        |  10.000000 |  10.000032 |   0.000003
C2(t)        |   0.000000 |  10.169663 |  10.169663
k12          |   0.500000 |   0.051892 |   0.896217
k21          |   0.250000 |   0.046798 |   0.812807
ke           |   0.150000 |   0.801310 |   4.342066
V1           |   1.000000 |   0.151252 |   0.848748
V2           |   2.000000 |   0.645792 |   0.677104


Cluster 23: 1 similar solutions
Best solution (Error: 0.0):
--------------------------------------------------
Variable     | True Value  | Estimated   | Rel. Error
-----------------------------------------------------
C1(t)        |  10.000000 |  10.000001 |   0.000000
C2(t)        |   0.000000 |   6.824793 |   6.824793
k12          |   0.500000 |   0.372941 |   0.254117
k21          |   0.250000 |   0.084790 |   0.660840
ke           |   0.150000 |   0.442269 |   1.948457
V1           |   1.000000 |   0.036209 |   0.963791
V2           |   2.000000 |   0.103375 |   0.948312


Cluster 24: 1 similar solutions
Best solution (Error: 0.0):
--------------------------------------------------
Variable     | True Value  | Estimated   | Rel. Error
-----------------------------------------------------
C1(t)        |  10.000000 |  10.000000 |   0.000000
C2(t)        |   0.000000 |  -1.611408 |   1.611408
k12          |   0.500000 |   0.051892 |   0.896217
k21          |   0.250000 |   0.801310 |   2.205240
ke           |   0.150000 |   0.046798 |   0.688011
V1           |   1.000000 |   0.151252 |   0.848748
V2           |   2.000000 |   0.645792 |   0.677104


Cluster 25: 1 similar solutions
Best solution (Error: 0.0):
--------------------------------------------------
Variable     | True Value  | Estimated   | Rel. Error
-----------------------------------------------------
C1(t)        |  10.000000 |  10.000000 |   0.000000
C2(t)        |   0.000000 |  43.879312 |  43.879312
k12          |   0.500000 |   0.007403 |   0.985194
k21          |   0.250000 |   0.044201 |   0.823196
ke           |   0.150000 |   0.848396 |   4.655972
V1           |   1.000000 |   0.455603 |   0.544397
V2           |   2.000000 |   0.483434 |   0.758283


Cluster 26: 1 similar solutions
Best solution (Error: 0.0):
--------------------------------------------------
Variable     | True Value  | Estimated   | Rel. Error
-----------------------------------------------------
C1(t)        |  10.000000 |  10.000000 |   0.000000
C2(t)        |   0.000000 |  -1.522723 |   1.522723
k12          |   0.500000 |   0.372941 |   0.254117
k21          |   0.250000 |   0.442269 |   0.769074
ke           |   0.150000 |   0.084790 |   0.434733
V1           |   1.000000 |   0.036209 |   0.963791
V2           |   2.000000 |   0.103375 |   0.948312


Cluster 27: 1 similar solutions
Best solution (Error: 0.0):
--------------------------------------------------
Variable     | True Value  | Estimated   | Rel. Error
-----------------------------------------------------
C1(t)        |  10.000000 |  10.000000 |   0.000000
C2(t)        |   0.000000 |  -6.647211 |   6.647211
k12          |   0.500000 |   0.007403 |   0.985194
k21          |   0.250000 |   0.848396 |   2.393583
ke           |   0.150000 |   0.044201 |   0.705326
V1           |   1.000000 |   0.455603 |   0.544397
V2           |   2.000000 |   0.483434 |   0.758283


Best approximation error for two_compartment_pk: 0.0

Best maximum relative error for two_compartment_pk (excluding ALL unidentifiable parameters): 0.0
Best minimum relative error: 0.0
Best mean relative error: 0.0
Best median relative error: 0.0
Best maximum relative error: 0.0
Best RMS relative error: 0.0
SUCCESS
